|--- feature_0 <= 0.72
|   |--- feature_4 <= 0.07
|   |   |--- feature_1 <= 0.97
|   |   |   |--- feature_3 <= 0.72
|   |   |   |   |--- feature_4 <= 0.07
|   |   |   |   |   |--- feature_3 <= 0.61
|   |   |   |   |   |   |--- feature_1 <= 0.95
|   |   |   |   |   |   |   |--- feature_5 <= 5.50
|   |   |   |   |   |   |   |   |--- class: 0
|   |   |   |   |   |   |   |--- feature_5 >  5.50
|   |   |   |   |   |   |   |   |--- class: 4
|   |   |   |   |   |   |--- feature_1 >  0.95
|   |   |   |   |   |   |   |--- feature_0 <= 0.50
|   |   |   |   |   |   |   |   |--- feature_1 <= 0.96
|   |   |   |   |   |   |   |   |   |--- feature_1 <= 0.96
|   |   |   |   |   |   |   |   |   |   |--- feature_2 <= 0.61
|   |   |   |   |   |   |   |   |   |   |   |--- class: 0
|   |   |   |   |   |   |   |   |   |   |--- feature_2 >  0.61
|   |   |   |   |   |   |   |   |   |   |   |--- class: 0
|   |   |   |   |   |   |   |   |   |--- feature_1 >  0.96
|   |   |   |   |   |   |   |   |   |   |--- feature_3 <= 0.50
|   |   |   |   |   |   |   |   |   |   |   |--- class: 0
|   |   |   |   |   |   |   |   |   |   |--- feature_3 >  0.50
|   |   |   |   |   |   |   |   |   |   |   |--- class: 0
|   |   |   |   |   |   |   |   |--- feature_1 >  0.96
|   |   |   |   |   |   |   |   |   |--- feature_6 <= 0.50
|   |   |   |   |   |   |   |   |   |   |--- feature_2 <= 0.50
|   |   |   |   |   |   |   |   |   |   |   |--- class: 0
|   |   |   |   |   |   |   |   |   |   |--- feature_2 >  0.50
|   |   |   |   |   |   |   |   |   |   |   |--- class: 1
|   |   |   |   |   |   |   |   |   |--- feature_6 >  0.50
|   |   |   |   |   |   |   |   |   |   |--- feature_4 <= 0.03
|   |   |   |   |   |   |   |   |   |   |   |--- class: 0
|   |   |   |   |   |   |   |   |   |   |--- feature_4 >  0.03
|   |   |   |   |   |   |   |   |   |   |   |--- class: 0
|   |   |   |   |   |   |   |--- feature_0 >  0.50
|   |   |   |   |   |   |   |   |--- feature_2 <= 0.28
|   |   |   |   |   |   |   |   |   |--- feature_2 <= 0.11
|   |   |   |   |   |   |   |   |   |   |--- class: 0
|   |   |   |   |   |   |   |   |   |--- feature_2 >  0.11
|   |   |   |   |   |   |   |   |   |   |--- class: 4
|   |   |   |   |   |   |   |   |--- feature_2 >  0.28
|   |   |   |   |   |   |   |   |   |--- feature_1 <= 0.95
|   |   |   |   |   |   |   |   |   |   |--- feature_3 <= 0.33
|   |   |   |   |   |   |   |   |   |   |   |--- class: 0
|   |   |   |   |   |   |   |   |   |   |--- feature_3 >  0.33
|   |   |   |   |   |   |   |   |   |   |   |--- class: 1
|   |   |   |   |   |   |   |   |   |--- feature_1 >  0.95
|   |   |   |   |   |   |   |   |   |   |--- feature_1 <= 0.96
|   |   |   |   |   |   |   |   |   |   |   |--- class: 0
|   |   |   |   |   |   |   |   |   |   |--- feature_1 >  0.96
|   |   |   |   |   |   |   |   |   |   |   |--- class: 0
|   |   |   |   |   |--- feature_3 >  0.61
|   |   |   |   |   |   |--- feature_1 <= 0.97
|   |   |   |   |   |   |   |--- feature_1 <= 0.96
|   |   |   |   |   |   |   |   |--- feature_2 <= 0.72
|   |   |   |   |   |   |   |   |   |--- class: 0
|   |   |   |   |   |   |   |   |--- feature_2 >  0.72
|   |   |   |   |   |   |   |   |   |--- feature_6 <= 3.00
|   |   |   |   |   |   |   |   |   |   |--- class: 0
|   |   |   |   |   |   |   |   |   |--- feature_6 >  3.00
|   |   |   |   |   |   |   |   |   |   |--- class: 2
|   |   |   |   |   |   |   |--- feature_1 >  0.96
|   |   |   |   |   |   |   |   |--- feature_4 <= 0.00
|   |   |   |   |   |   |   |   |   |--- feature_5 <= 0.50
|   |   |   |   |   |   |   |   |   |   |--- class: 0
|   |   |   |   |   |   |   |   |   |--- feature_5 >  0.50
|   |   |   |   |   |   |   |   |   |   |--- class: 2
|   |   |   |   |   |   |   |   |--- feature_4 >  0.00
|   |   |   |   |   |   |   |   |   |--- feature_0 <= 0.61
|   |   |   |   |   |   |   |   |   |   |--- feature_1 <= 0.96
|   |   |   |   |   |   |   |   |   |   |   |--- class: 0
|   |   |   |   |   |   |   |   |   |   |--- feature_1 >  0.96
|   |   |   |   |   |   |   |   |   |   |   |--- class: 0
|   |   |   |   |   |   |   |   |   |--- feature_0 >  0.61
|   |   |   |   |   |   |   |   |   |   |--- feature_5 <= 2.50
|   |   |   |   |   |   |   |   |   |   |   |--- class: 0
|   |   |   |   |   |   |   |   |   |   |--- feature_5 >  2.50
|   |   |   |   |   |   |   |   |   |   |   |--- class: 0
|   |   |   |   |   |   |--- feature_1 >  0.97
|   |   |   |   |   |   |   |--- feature_1 <= 0.97
|   |   |   |   |   |   |   |   |--- class: 0
|   |   |   |   |   |   |   |--- feature_1 >  0.97
|   |   |   |   |   |   |   |   |--- feature_2 <= 0.72
|   |   |   |   |   |   |   |   |   |--- class: 0
|   |   |   |   |   |   |   |   |--- feature_2 >  0.72
|   |   |   |   |   |   |   |   |   |--- class: 2
|   |   |   |   |--- feature_4 >  0.07
|   |   |   |   |   |--- feature_6 <= 3.00
|   |   |   |   |   |   |--- class: 2
|   |   |   |   |   |--- feature_6 >  3.00
|   |   |   |   |   |   |--- class: 0
|   |   |   |--- feature_3 >  0.72
|   |   |   |   |--- feature_6 <= 3.50
|   |   |   |   |   |--- feature_0 <= 0.61
|   |   |   |   |   |   |--- feature_5 <= 3.50
|   |   |   |   |   |   |   |--- feature_2 <= 0.61
|   |   |   |   |   |   |   |   |--- feature_6 <= 1.00
|   |   |   |   |   |   |   |   |   |--- feature_4 <= 0.00
|   |   |   |   |   |   |   |   |   |   |--- class: 0
|   |   |   |   |   |   |   |   |   |--- feature_4 >  0.00
|   |   |   |   |   |   |   |   |   |   |--- feature_5 <= 2.00
|   |   |   |   |   |   |   |   |   |   |   |--- class: 2
|   |   |   |   |   |   |   |   |   |   |--- feature_5 >  2.00
|   |   |   |   |   |   |   |   |   |   |   |--- class: 0
|   |   |   |   |   |   |   |   |--- feature_6 >  1.00
|   |   |   |   |   |   |   |   |   |--- class: 0
|   |   |   |   |   |   |   |--- feature_2 >  0.61
|   |   |   |   |   |   |   |   |--- class: 0
|   |   |   |   |   |   |--- feature_5 >  3.50
|   |   |   |   |   |   |   |--- feature_2 <= 0.72
|   |   |   |   |   |   |   |   |--- feature_4 <= 0.00
|   |   |   |   |   |   |   |   |   |--- feature_4 <= 0.00
|   |   |   |   |   |   |   |   |   |   |--- class: 0
|   |   |   |   |   |   |   |   |   |--- feature_4 >  0.00
|   |   |   |   |   |   |   |   |   |   |--- class: 2
|   |   |   |   |   |   |   |   |--- feature_4 >  0.00
|   |   |   |   |   |   |   |   |   |--- class: 0
|   |   |   |   |   |   |   |--- feature_2 >  0.72
|   |   |   |   |   |   |   |   |--- class: 2
|   |   |   |   |   |--- feature_0 >  0.61
|   |   |   |   |   |   |--- feature_1 <= 0.96
|   |   |   |   |   |   |   |--- class: 0
|   |   |   |   |   |   |--- feature_1 >  0.96
|   |   |   |   |   |   |   |--- feature_1 <= 0.96
|   |   |   |   |   |   |   |   |--- feature_2 <= 0.61
|   |   |   |   |   |   |   |   |   |--- class: 0
|   |   |   |   |   |   |   |   |--- feature_2 >  0.61
|   |   |   |   |   |   |   |   |   |--- class: 2
|   |   |   |   |   |   |   |--- feature_1 >  0.96
|   |   |   |   |   |   |   |   |--- feature_2 <= 0.72
|   |   |   |   |   |   |   |   |   |--- class: 0
|   |   |   |   |   |   |   |   |--- feature_2 >  0.72
|   |   |   |   |   |   |   |   |   |--- feature_1 <= 0.97
|   |   |   |   |   |   |   |   |   |   |--- feature_4 <= 0.00
|   |   |   |   |   |   |   |   |   |   |   |--- class: 0
|   |   |   |   |   |   |   |   |   |   |--- feature_4 >  0.00
|   |   |   |   |   |   |   |   |   |   |   |--- class: 2
|   |   |   |   |   |   |   |   |   |--- feature_1 >  0.97
|   |   |   |   |   |   |   |   |   |   |--- class: 0
|   |   |   |   |--- feature_6 >  3.50
|   |   |   |   |   |--- feature_1 <= 0.96
|   |   |   |   |   |   |--- feature_1 <= 0.96
|   |   |   |   |   |   |   |--- feature_4 <= 0.00
|   |   |   |   |   |   |   |   |--- class: 2
|   |   |   |   |   |   |   |--- feature_4 >  0.00
|   |   |   |   |   |   |   |   |--- class: 0
|   |   |   |   |   |   |--- feature_1 >  0.96
|   |   |   |   |   |   |   |--- class: 2
|   |   |   |   |   |--- feature_1 >  0.96
|   |   |   |   |   |   |--- feature_3 <= 0.83
|   |   |   |   |   |   |   |--- feature_4 <= 0.00
|   |   |   |   |   |   |   |   |--- feature_1 <= 0.96
|   |   |   |   |   |   |   |   |   |--- feature_1 <= 0.96
|   |   |   |   |   |   |   |   |   |   |--- class: 0
|   |   |   |   |   |   |   |   |   |--- feature_1 >  0.96
|   |   |   |   |   |   |   |   |   |   |--- class: 2
|   |   |   |   |   |   |   |   |--- feature_1 >  0.96
|   |   |   |   |   |   |   |   |   |--- class: 0
|   |   |   |   |   |   |   |--- feature_4 >  0.00
|   |   |   |   |   |   |   |   |--- feature_6 <= 4.50
|   |   |   |   |   |   |   |   |   |--- class: 0
|   |   |   |   |   |   |   |   |--- feature_6 >  4.50
|   |   |   |   |   |   |   |   |   |--- feature_4 <= 0.01
|   |   |   |   |   |   |   |   |   |   |--- class: 2
|   |   |   |   |   |   |   |   |   |--- feature_4 >  0.01
|   |   |   |   |   |   |   |   |   |   |--- feature_1 <= 0.96
|   |   |   |   |   |   |   |   |   |   |   |--- class: 0
|   |   |   |   |   |   |   |   |   |   |--- feature_1 >  0.96
|   |   |   |   |   |   |   |   |   |   |   |--- class: 2
|   |   |   |   |   |   |--- feature_3 >  0.83
|   |   |   |   |   |   |   |--- feature_4 <= 0.00
|   |   |   |   |   |   |   |   |--- class: 2
|   |   |   |   |   |   |   |--- feature_4 >  0.00
|   |   |   |   |   |   |   |   |--- feature_4 <= 0.00
|   |   |   |   |   |   |   |   |   |--- class: 1
|   |   |   |   |   |   |   |   |--- feature_4 >  0.00
|   |   |   |   |   |   |   |   |   |--- class: 0
|   |   |--- feature_1 >  0.97
|   |   |   |--- feature_0 <= 0.61
|   |   |   |   |--- feature_2 <= 0.61
|   |   |   |   |   |--- feature_4 <= 0.01
|   |   |   |   |   |   |--- feature_5 <= 4.50
|   |   |   |   |   |   |   |--- feature_1 <= 0.98
|   |   |   |   |   |   |   |   |--- feature_0 <= 0.39
|   |   |   |   |   |   |   |   |   |--- feature_1 <= 0.98
|   |   |   |   |   |   |   |   |   |   |--- class: 0
|   |   |   |   |   |   |   |   |   |--- feature_1 >  0.98
|   |   |   |   |   |   |   |   |   |   |--- class: 4
|   |   |   |   |   |   |   |   |--- feature_0 >  0.39
|   |   |   |   |   |   |   |   |   |--- feature_4 <= 0.00
|   |   |   |   |   |   |   |   |   |   |--- feature_5 <= 2.50
|   |   |   |   |   |   |   |   |   |   |   |--- class: 0
|   |   |   |   |   |   |   |   |   |   |--- feature_5 >  2.50
|   |   |   |   |   |   |   |   |   |   |   |--- class: 0
|   |   |   |   |   |   |   |   |   |--- feature_4 >  0.00
|   |   |   |   |   |   |   |   |   |   |--- feature_4 <= 0.00
|   |   |   |   |   |   |   |   |   |   |   |--- class: 2
|   |   |   |   |   |   |   |   |   |   |--- feature_4 >  0.00
|   |   |   |   |   |   |   |   |   |   |   |--- class: 0
|   |   |   |   |   |   |   |--- feature_1 >  0.98
|   |   |   |   |   |   |   |   |--- feature_1 <= 0.98
|   |   |   |   |   |   |   |   |   |--- feature_6 <= 4.50
|   |   |   |   |   |   |   |   |   |   |--- feature_3 <= 0.72
|   |   |   |   |   |   |   |   |   |   |   |--- class: 0
|   |   |   |   |   |   |   |   |   |   |--- feature_3 >  0.72
|   |   |   |   |   |   |   |   |   |   |   |--- class: 0
|   |   |   |   |   |   |   |   |   |--- feature_6 >  4.50
|   |   |   |   |   |   |   |   |   |   |--- feature_1 <= 0.98
|   |   |   |   |   |   |   |   |   |   |   |--- class: 2
|   |   |   |   |   |   |   |   |   |   |--- feature_1 >  0.98
|   |   |   |   |   |   |   |   |   |   |   |--- class: 1
|   |   |   |   |   |   |   |   |--- feature_1 >  0.98
|   |   |   |   |   |   |   |   |   |--- feature_4 <= 0.00
|   |   |   |   |   |   |   |   |   |   |--- feature_0 <= 0.28
|   |   |   |   |   |   |   |   |   |   |   |--- class: 0
|   |   |   |   |   |   |   |   |   |   |--- feature_0 >  0.28
|   |   |   |   |   |   |   |   |   |   |   |--- class: 1
|   |   |   |   |   |   |   |   |   |--- feature_4 >  0.00
|   |   |   |   |   |   |   |   |   |   |--- feature_0 <= 0.39
|   |   |   |   |   |   |   |   |   |   |   |--- class: 2
|   |   |   |   |   |   |   |   |   |   |--- feature_0 >  0.39
|   |   |   |   |   |   |   |   |   |   |   |--- class: 0
|   |   |   |   |   |   |--- feature_5 >  4.50
|   |   |   |   |   |   |   |--- feature_4 <= 0.00
|   |   |   |   |   |   |   |   |--- feature_1 <= 0.98
|   |   |   |   |   |   |   |   |   |--- class: 2
|   |   |   |   |   |   |   |   |--- feature_1 >  0.98
|   |   |   |   |   |   |   |   |   |--- class: 0
|   |   |   |   |   |   |   |--- feature_4 >  0.00
|   |   |   |   |   |   |   |   |--- feature_4 <= 0.00
|   |   |   |   |   |   |   |   |   |--- class: 4
|   |   |   |   |   |   |   |   |--- feature_4 >  0.00
|   |   |   |   |   |   |   |   |   |--- feature_1 <= 0.98
|   |   |   |   |   |   |   |   |   |   |--- class: 0
|   |   |   |   |   |   |   |   |   |--- feature_1 >  0.98
|   |   |   |   |   |   |   |   |   |   |--- feature_1 <= 0.98
|   |   |   |   |   |   |   |   |   |   |   |--- class: 2
|   |   |   |   |   |   |   |   |   |   |--- feature_1 >  0.98
|   |   |   |   |   |   |   |   |   |   |   |--- class: 0
|   |   |   |   |   |--- feature_4 >  0.01
|   |   |   |   |   |   |--- feature_4 <= 0.01
|   |   |   |   |   |   |   |--- class: 2
|   |   |   |   |   |   |--- feature_4 >  0.01
|   |   |   |   |   |   |   |--- feature_1 <= 0.99
|   |   |   |   |   |   |   |   |--- feature_1 <= 0.97
|   |   |   |   |   |   |   |   |   |--- feature_0 <= 0.50
|   |   |   |   |   |   |   |   |   |   |--- class: 4
|   |   |   |   |   |   |   |   |   |--- feature_0 >  0.50
|   |   |   |   |   |   |   |   |   |   |--- feature_6 <= 3.00
|   |   |   |   |   |   |   |   |   |   |   |--- class: 1
|   |   |   |   |   |   |   |   |   |   |--- feature_6 >  3.00
|   |   |   |   |   |   |   |   |   |   |   |--- class: 0
|   |   |   |   |   |   |   |   |--- feature_1 >  0.97
|   |   |   |   |   |   |   |   |   |--- feature_1 <= 0.98
|   |   |   |   |   |   |   |   |   |   |--- feature_4 <= 0.07
|   |   |   |   |   |   |   |   |   |   |   |--- class: 0
|   |   |   |   |   |   |   |   |   |   |--- feature_4 >  0.07
|   |   |   |   |   |   |   |   |   |   |   |--- class: 0
|   |   |   |   |   |   |   |   |   |--- feature_1 >  0.98
|   |   |   |   |   |   |   |   |   |   |--- feature_1 <= 0.99
|   |   |   |   |   |   |   |   |   |   |   |--- class: 2
|   |   |   |   |   |   |   |   |   |   |--- feature_1 >  0.99
|   |   |   |   |   |   |   |   |   |   |   |--- class: 0
|   |   |   |   |   |   |   |--- feature_1 >  0.99
|   |   |   |   |   |   |   |   |--- class: 4
|   |   |   |   |--- feature_2 >  0.61
|   |   |   |   |   |--- feature_6 <= 5.50
|   |   |   |   |   |   |--- feature_5 <= 2.50
|   |   |   |   |   |   |   |--- feature_3 <= 0.61
|   |   |   |   |   |   |   |   |--- feature_5 <= 1.50
|   |   |   |   |   |   |   |   |   |--- feature_1 <= 0.98
|   |   |   |   |   |   |   |   |   |   |--- class: 0
|   |   |   |   |   |   |   |   |   |--- feature_1 >  0.98
|   |   |   |   |   |   |   |   |   |   |--- class: 1
|   |   |   |   |   |   |   |   |--- feature_5 >  1.50
|   |   |   |   |   |   |   |   |   |--- class: 4
|   |   |   |   |   |   |   |--- feature_3 >  0.61
|   |   |   |   |   |   |   |   |--- feature_4 <= 0.04
|   |   |   |   |   |   |   |   |   |--- feature_4 <= 0.01
|   |   |   |   |   |   |   |   |   |   |--- feature_6 <= 4.50
|   |   |   |   |   |   |   |   |   |   |   |--- class: 0
|   |   |   |   |   |   |   |   |   |   |--- feature_6 >  4.50
|   |   |   |   |   |   |   |   |   |   |   |--- class: 0
|   |   |   |   |   |   |   |   |   |--- feature_4 >  0.01
|   |   |   |   |   |   |   |   |   |   |--- feature_5 <= 1.50
|   |   |   |   |   |   |   |   |   |   |   |--- class: 0
|   |   |   |   |   |   |   |   |   |   |--- feature_5 >  1.50
|   |   |   |   |   |   |   |   |   |   |   |--- class: 2
|   |   |   |   |   |   |   |   |--- feature_4 >  0.04
|   |   |   |   |   |   |   |   |   |--- class: 0
|   |   |   |   |   |   |--- feature_5 >  2.50
|   |   |   |   |   |   |   |--- feature_5 <= 4.50
|   |   |   |   |   |   |   |   |--- feature_4 <= 0.01
|   |   |   |   |   |   |   |   |   |--- feature_1 <= 0.97
|   |   |   |   |   |   |   |   |   |   |--- feature_1 <= 0.97
|   |   |   |   |   |   |   |   |   |   |   |--- class: 4
|   |   |   |   |   |   |   |   |   |   |--- feature_1 >  0.97
|   |   |   |   |   |   |   |   |   |   |   |--- class: 2
|   |   |   |   |   |   |   |   |   |--- feature_1 >  0.97
|   |   |   |   |   |   |   |   |   |   |--- feature_1 <= 0.99
|   |   |   |   |   |   |   |   |   |   |   |--- class: 0
|   |   |   |   |   |   |   |   |   |   |--- feature_1 >  0.99
|   |   |   |   |   |   |   |   |   |   |   |--- class: 4
|   |   |   |   |   |   |   |   |--- feature_4 >  0.01
|   |   |   |   |   |   |   |   |   |--- feature_1 <= 0.98
|   |   |   |   |   |   |   |   |   |   |--- feature_6 <= 1.00
|   |   |   |   |   |   |   |   |   |   |   |--- class: 2
|   |   |   |   |   |   |   |   |   |   |--- feature_6 >  1.00
|   |   |   |   |   |   |   |   |   |   |   |--- class: 0
|   |   |   |   |   |   |   |   |   |--- feature_1 >  0.98
|   |   |   |   |   |   |   |   |   |   |--- feature_1 <= 0.98
|   |   |   |   |   |   |   |   |   |   |   |--- class: 0
|   |   |   |   |   |   |   |   |   |   |--- feature_1 >  0.98
|   |   |   |   |   |   |   |   |   |   |   |--- class: 0
|   |   |   |   |   |   |   |--- feature_5 >  4.50
|   |   |   |   |   |   |   |   |--- feature_5 <= 5.50
|   |   |   |   |   |   |   |   |   |--- feature_1 <= 0.98
|   |   |   |   |   |   |   |   |   |   |--- feature_4 <= 0.00
|   |   |   |   |   |   |   |   |   |   |   |--- class: 1
|   |   |   |   |   |   |   |   |   |   |--- feature_4 >  0.00
|   |   |   |   |   |   |   |   |   |   |   |--- class: 0
|   |   |   |   |   |   |   |   |   |--- feature_1 >  0.98
|   |   |   |   |   |   |   |   |   |   |--- feature_4 <= 0.02
|   |   |   |   |   |   |   |   |   |   |   |--- class: 0
|   |   |   |   |   |   |   |   |   |   |--- feature_4 >  0.02
|   |   |   |   |   |   |   |   |   |   |   |--- class: 2
|   |   |   |   |   |   |   |   |--- feature_5 >  5.50
|   |   |   |   |   |   |   |   |   |--- feature_5 <= 6.50
|   |   |   |   |   |   |   |   |   |   |--- feature_1 <= 0.98
|   |   |   |   |   |   |   |   |   |   |   |--- class: 2
|   |   |   |   |   |   |   |   |   |   |--- feature_1 >  0.98
|   |   |   |   |   |   |   |   |   |   |   |--- class: 0
|   |   |   |   |   |   |   |   |   |--- feature_5 >  6.50
|   |   |   |   |   |   |   |   |   |   |--- feature_2 <= 0.83
|   |   |   |   |   |   |   |   |   |   |   |--- class: 0
|   |   |   |   |   |   |   |   |   |   |--- feature_2 >  0.83
|   |   |   |   |   |   |   |   |   |   |   |--- class: 2
|   |   |   |   |   |--- feature_6 >  5.50
|   |   |   |   |   |   |--- feature_3 <= 0.72
|   |   |   |   |   |   |   |--- class: 4
|   |   |   |   |   |   |--- feature_3 >  0.72
|   |   |   |   |   |   |   |--- feature_4 <= 0.06
|   |   |   |   |   |   |   |   |--- feature_5 <= 5.00
|   |   |   |   |   |   |   |   |   |--- class: 2
|   |   |   |   |   |   |   |   |--- feature_5 >  5.00
|   |   |   |   |   |   |   |   |   |--- class: 0
|   |   |   |   |   |   |   |--- feature_4 >  0.06
|   |   |   |   |   |   |   |   |--- class: 0
|   |   |   |--- feature_0 >  0.61
|   |   |   |   |--- feature_3 <= 0.72
|   |   |   |   |   |--- feature_4 <= 0.02
|   |   |   |   |   |   |--- feature_3 <= 0.61
|   |   |   |   |   |   |   |--- feature_4 <= 0.00
|   |   |   |   |   |   |   |   |--- feature_6 <= 7.00
|   |   |   |   |   |   |   |   |   |--- feature_1 <= 0.98
|   |   |   |   |   |   |   |   |   |   |--- feature_1 <= 0.97
|   |   |   |   |   |   |   |   |   |   |   |--- class: 0
|   |   |   |   |   |   |   |   |   |   |--- feature_1 >  0.97
|   |   |   |   |   |   |   |   |   |   |   |--- class: 0
|   |   |   |   |   |   |   |   |   |--- feature_1 >  0.98
|   |   |   |   |   |   |   |   |   |   |--- feature_1 <= 0.98
|   |   |   |   |   |   |   |   |   |   |   |--- class: 2
|   |   |   |   |   |   |   |   |   |   |--- feature_1 >  0.98
|   |   |   |   |   |   |   |   |   |   |   |--- class: 0
|   |   |   |   |   |   |   |   |--- feature_6 >  7.00
|   |   |   |   |   |   |   |   |   |--- class: 1
|   |   |   |   |   |   |   |--- feature_4 >  0.00
|   |   |   |   |   |   |   |   |--- feature_1 <= 0.99
|   |   |   |   |   |   |   |   |   |--- feature_5 <= 3.50
|   |   |   |   |   |   |   |   |   |   |--- feature_1 <= 0.97
|   |   |   |   |   |   |   |   |   |   |   |--- class: 2
|   |   |   |   |   |   |   |   |   |   |--- feature_1 >  0.97
|   |   |   |   |   |   |   |   |   |   |   |--- class: 0
|   |   |   |   |   |   |   |   |   |--- feature_5 >  3.50
|   |   |   |   |   |   |   |   |   |   |--- feature_4 <= 0.00
|   |   |   |   |   |   |   |   |   |   |   |--- class: 0
|   |   |   |   |   |   |   |   |   |   |--- feature_4 >  0.00
|   |   |   |   |   |   |   |   |   |   |   |--- class: 0
|   |   |   |   |   |   |   |   |--- feature_1 >  0.99
|   |   |   |   |   |   |   |   |   |--- feature_5 <= 3.00
|   |   |   |   |   |   |   |   |   |   |--- class: 1
|   |   |   |   |   |   |   |   |   |--- feature_5 >  3.00
|   |   |   |   |   |   |   |   |   |   |--- class: 2
|   |   |   |   |   |   |--- feature_3 >  0.61
|   |   |   |   |   |   |   |--- feature_2 <= 0.72
|   |   |   |   |   |   |   |   |--- feature_4 <= 0.00
|   |   |   |   |   |   |   |   |   |--- feature_4 <= 0.00
|   |   |   |   |   |   |   |   |   |   |--- feature_1 <= 0.98
|   |   |   |   |   |   |   |   |   |   |   |--- class: 0
|   |   |   |   |   |   |   |   |   |   |--- feature_1 >  0.98
|   |   |   |   |   |   |   |   |   |   |   |--- class: 0
|   |   |   |   |   |   |   |   |   |--- feature_4 >  0.00
|   |   |   |   |   |   |   |   |   |   |--- feature_1 <= 0.99
|   |   |   |   |   |   |   |   |   |   |   |--- class: 0
|   |   |   |   |   |   |   |   |   |   |--- feature_1 >  0.99
|   |   |   |   |   |   |   |   |   |   |   |--- class: 0
|   |   |   |   |   |   |   |   |--- feature_4 >  0.00
|   |   |   |   |   |   |   |   |   |--- feature_4 <= 0.01
|   |   |   |   |   |   |   |   |   |   |--- class: 1
|   |   |   |   |   |   |   |   |   |--- feature_4 >  0.01
|   |   |   |   |   |   |   |   |   |   |--- feature_1 <= 0.97
|   |   |   |   |   |   |   |   |   |   |   |--- class: 0
|   |   |   |   |   |   |   |   |   |   |--- feature_1 >  0.97
|   |   |   |   |   |   |   |   |   |   |   |--- class: 0
|   |   |   |   |   |   |   |--- feature_2 >  0.72
|   |   |   |   |   |   |   |   |--- feature_1 <= 0.97
|   |   |   |   |   |   |   |   |   |--- class: 2
|   |   |   |   |   |   |   |   |--- feature_1 >  0.97
|   |   |   |   |   |   |   |   |   |--- feature_4 <= 0.00
|   |   |   |   |   |   |   |   |   |   |--- class: 1
|   |   |   |   |   |   |   |   |   |--- feature_4 >  0.00
|   |   |   |   |   |   |   |   |   |   |--- feature_5 <= 1.50
|   |   |   |   |   |   |   |   |   |   |   |--- class: 4
|   |   |   |   |   |   |   |   |   |   |--- feature_5 >  1.50
|   |   |   |   |   |   |   |   |   |   |   |--- class: 0
|   |   |   |   |   |--- feature_4 >  0.02
|   |   |   |   |   |   |--- feature_4 <= 0.02
|   |   |   |   |   |   |   |--- feature_6 <= 4.50
|   |   |   |   |   |   |   |   |--- class: 2
|   |   |   |   |   |   |   |--- feature_6 >  4.50
|   |   |   |   |   |   |   |   |--- class: 4
|   |   |   |   |   |   |--- feature_4 >  0.02
|   |   |   |   |   |   |   |--- feature_4 <= 0.07
|   |   |   |   |   |   |   |   |--- feature_1 <= 0.99
|   |   |   |   |   |   |   |   |   |--- feature_4 <= 0.05
|   |   |   |   |   |   |   |   |   |   |--- feature_5 <= 4.50
|   |   |   |   |   |   |   |   |   |   |   |--- class: 0
|   |   |   |   |   |   |   |   |   |   |--- feature_5 >  4.50
|   |   |   |   |   |   |   |   |   |   |   |--- class: 0
|   |   |   |   |   |   |   |   |   |--- feature_4 >  0.05
|   |   |   |   |   |   |   |   |   |   |--- feature_4 <= 0.06
|   |   |   |   |   |   |   |   |   |   |   |--- class: 0
|   |   |   |   |   |   |   |   |   |   |--- feature_4 >  0.06
|   |   |   |   |   |   |   |   |   |   |   |--- class: 0
|   |   |   |   |   |   |   |   |--- feature_1 >  0.99
|   |   |   |   |   |   |   |   |   |--- class: 2
|   |   |   |   |   |   |   |--- feature_4 >  0.07
|   |   |   |   |   |   |   |   |--- feature_4 <= 0.07
|   |   |   |   |   |   |   |   |   |--- class: 1
|   |   |   |   |   |   |   |   |--- feature_4 >  0.07
|   |   |   |   |   |   |   |   |   |--- feature_2 <= 0.72
|   |   |   |   |   |   |   |   |   |   |--- feature_6 <= 5.50
|   |   |   |   |   |   |   |   |   |   |   |--- class: 0
|   |   |   |   |   |   |   |   |   |   |--- feature_6 >  5.50
|   |   |   |   |   |   |   |   |   |   |   |--- class: 1
|   |   |   |   |   |   |   |   |   |--- feature_2 >  0.72
|   |   |   |   |   |   |   |   |   |   |--- class: 4
|   |   |   |   |--- feature_3 >  0.72
|   |   |   |   |   |--- feature_1 <= 1.00
|   |   |   |   |   |   |--- feature_3 <= 0.83
|   |   |   |   |   |   |   |--- feature_4 <= 0.00
|   |   |   |   |   |   |   |   |--- feature_4 <= 0.00
|   |   |   |   |   |   |   |   |   |--- feature_4 <= 0.00
|   |   |   |   |   |   |   |   |   |   |--- feature_5 <= 6.50
|   |   |   |   |   |   |   |   |   |   |   |--- class: 0
|   |   |   |   |   |   |   |   |   |   |--- feature_5 >  6.50
|   |   |   |   |   |   |   |   |   |   |   |--- class: 0
|   |   |   |   |   |   |   |   |   |--- feature_4 >  0.00
|   |   |   |   |   |   |   |   |   |   |--- feature_4 <= 0.00
|   |   |   |   |   |   |   |   |   |   |   |--- class: 0
|   |   |   |   |   |   |   |   |   |   |--- feature_4 >  0.00
|   |   |   |   |   |   |   |   |   |   |   |--- class: 0
|   |   |   |   |   |   |   |   |--- feature_4 >  0.00
|   |   |   |   |   |   |   |   |   |--- class: 2
|   |   |   |   |   |   |   |--- feature_4 >  0.00
|   |   |   |   |   |   |   |   |--- feature_4 <= 0.01
|   |   |   |   |   |   |   |   |   |--- class: 0
|   |   |   |   |   |   |   |   |--- feature_4 >  0.01
|   |   |   |   |   |   |   |   |   |--- feature_4 <= 0.01
|   |   |   |   |   |   |   |   |   |   |--- class: 1
|   |   |   |   |   |   |   |   |   |--- feature_4 >  0.01
|   |   |   |   |   |   |   |   |   |   |--- feature_1 <= 0.97
|   |   |   |   |   |   |   |   |   |   |   |--- class: 2
|   |   |   |   |   |   |   |   |   |   |--- feature_1 >  0.97
|   |   |   |   |   |   |   |   |   |   |   |--- class: 0
|   |   |   |   |   |   |--- feature_3 >  0.83
|   |   |   |   |   |   |   |--- feature_6 <= 5.50
|   |   |   |   |   |   |   |   |--- feature_4 <= 0.01
|   |   |   |   |   |   |   |   |   |--- feature_5 <= 6.50
|   |   |   |   |   |   |   |   |   |   |--- feature_5 <= 4.50
|   |   |   |   |   |   |   |   |   |   |   |--- class: 0
|   |   |   |   |   |   |   |   |   |   |--- feature_5 >  4.50
|   |   |   |   |   |   |   |   |   |   |   |--- class: 0
|   |   |   |   |   |   |   |   |   |--- feature_5 >  6.50
|   |   |   |   |   |   |   |   |   |   |--- feature_6 <= 3.50
|   |   |   |   |   |   |   |   |   |   |   |--- class: 2
|   |   |   |   |   |   |   |   |   |   |--- feature_6 >  3.50
|   |   |   |   |   |   |   |   |   |   |   |--- class: 0
|   |   |   |   |   |   |   |   |--- feature_4 >  0.01
|   |   |   |   |   |   |   |   |   |--- feature_4 <= 0.01
|   |   |   |   |   |   |   |   |   |   |--- feature_5 <= 5.50
|   |   |   |   |   |   |   |   |   |   |   |--- class: 2
|   |   |   |   |   |   |   |   |   |   |--- feature_5 >  5.50
|   |   |   |   |   |   |   |   |   |   |   |--- class: 0
|   |   |   |   |   |   |   |   |   |--- feature_4 >  0.01
|   |   |   |   |   |   |   |   |   |   |--- feature_1 <= 0.98
|   |   |   |   |   |   |   |   |   |   |   |--- class: 2
|   |   |   |   |   |   |   |   |   |   |--- feature_1 >  0.98
|   |   |   |   |   |   |   |   |   |   |   |--- class: 0
|   |   |   |   |   |   |   |--- feature_6 >  5.50
|   |   |   |   |   |   |   |   |--- class: 2
|   |   |   |   |   |--- feature_1 >  1.00
|   |   |   |   |   |   |--- feature_1 <= 1.00
|   |   |   |   |   |   |   |--- feature_5 <= 1.50
|   |   |   |   |   |   |   |   |--- feature_4 <= 0.03
|   |   |   |   |   |   |   |   |   |--- class: 2
|   |   |   |   |   |   |   |   |--- feature_4 >  0.03
|   |   |   |   |   |   |   |   |   |--- class: 0
|   |   |   |   |   |   |   |--- feature_5 >  1.50
|   |   |   |   |   |   |   |   |--- class: 2
|   |   |   |   |   |   |--- feature_1 >  1.00
|   |   |   |   |   |   |   |--- feature_5 <= 4.50
|   |   |   |   |   |   |   |   |--- feature_5 <= 1.50
|   |   |   |   |   |   |   |   |   |--- class: 2
|   |   |   |   |   |   |   |   |--- feature_5 >  1.50
|   |   |   |   |   |   |   |   |   |--- class: 0
|   |   |   |   |   |   |   |--- feature_5 >  4.50
|   |   |   |   |   |   |   |   |--- feature_3 <= 0.94
|   |   |   |   |   |   |   |   |   |--- class: 2
|   |   |   |   |   |   |   |   |--- feature_3 >  0.94
|   |   |   |   |   |   |   |   |   |--- class: 0
|   |--- feature_4 >  0.07
|   |   |--- feature_1 <= 0.98
|   |   |   |--- feature_4 <= 0.24
|   |   |   |   |--- feature_0 <= 0.50
|   |   |   |   |   |--- feature_1 <= 0.98
|   |   |   |   |   |   |--- feature_5 <= 2.50
|   |   |   |   |   |   |   |--- class: 0
|   |   |   |   |   |   |--- feature_5 >  2.50
|   |   |   |   |   |   |   |--- feature_3 <= 0.50
|   |   |   |   |   |   |   |   |--- class: 4
|   |   |   |   |   |   |   |--- feature_3 >  0.50
|   |   |   |   |   |   |   |   |--- feature_4 <= 0.11
|   |   |   |   |   |   |   |   |   |--- class: 0
|   |   |   |   |   |   |   |   |--- feature_4 >  0.11
|   |   |   |   |   |   |   |   |   |--- feature_1 <= 0.97
|   |   |   |   |   |   |   |   |   |   |--- class: 1
|   |   |   |   |   |   |   |   |   |--- feature_1 >  0.97
|   |   |   |   |   |   |   |   |   |   |--- class: 0
|   |   |   |   |   |--- feature_1 >  0.98
|   |   |   |   |   |   |--- feature_5 <= 2.50
|   |   |   |   |   |   |   |--- feature_3 <= 0.61
|   |   |   |   |   |   |   |   |--- feature_0 <= 0.22
|   |   |   |   |   |   |   |   |   |--- class: 1
|   |   |   |   |   |   |   |   |--- feature_0 >  0.22
|   |   |   |   |   |   |   |   |   |--- class: 4
|   |   |   |   |   |   |   |--- feature_3 >  0.61
|   |   |   |   |   |   |   |   |--- feature_4 <= 0.11
|   |   |   |   |   |   |   |   |   |--- feature_1 <= 0.98
|   |   |   |   |   |   |   |   |   |   |--- class: 0
|   |   |   |   |   |   |   |   |   |--- feature_1 >  0.98
|   |   |   |   |   |   |   |   |   |   |--- feature_1 <= 0.98
|   |   |   |   |   |   |   |   |   |   |   |--- class: 4
|   |   |   |   |   |   |   |   |   |   |--- feature_1 >  0.98
|   |   |   |   |   |   |   |   |   |   |   |--- class: 0
|   |   |   |   |   |   |   |   |--- feature_4 >  0.11
|   |   |   |   |   |   |   |   |   |--- feature_2 <= 0.50
|   |   |   |   |   |   |   |   |   |   |--- feature_4 <= 0.12
|   |   |   |   |   |   |   |   |   |   |   |--- class: 2
|   |   |   |   |   |   |   |   |   |   |--- feature_4 >  0.12
|   |   |   |   |   |   |   |   |   |   |   |--- class: 0
|   |   |   |   |   |   |   |   |   |--- feature_2 >  0.50
|   |   |   |   |   |   |   |   |   |   |--- class: 4
|   |   |   |   |   |   |--- feature_5 >  2.50
|   |   |   |   |   |   |   |--- feature_2 <= 0.61
|   |   |   |   |   |   |   |   |--- feature_2 <= 0.39
|   |   |   |   |   |   |   |   |   |--- class: 4
|   |   |   |   |   |   |   |   |--- feature_2 >  0.39
|   |   |   |   |   |   |   |   |   |--- feature_4 <= 0.18
|   |   |   |   |   |   |   |   |   |   |--- class: 0
|   |   |   |   |   |   |   |   |   |--- feature_4 >  0.18
|   |   |   |   |   |   |   |   |   |   |--- class: 4
|   |   |   |   |   |   |   |--- feature_2 >  0.61
|   |   |   |   |   |   |   |   |--- feature_4 <= 0.15
|   |   |   |   |   |   |   |   |   |--- feature_6 <= 5.50
|   |   |   |   |   |   |   |   |   |   |--- feature_1 <= 0.98
|   |   |   |   |   |   |   |   |   |   |   |--- class: 4
|   |   |   |   |   |   |   |   |   |   |--- feature_1 >  0.98
|   |   |   |   |   |   |   |   |   |   |   |--- class: 0
|   |   |   |   |   |   |   |   |   |--- feature_6 >  5.50
|   |   |   |   |   |   |   |   |   |   |--- class: 0
|   |   |   |   |   |   |   |   |--- feature_4 >  0.15
|   |   |   |   |   |   |   |   |   |--- class: 4
|   |   |   |   |--- feature_0 >  0.50
|   |   |   |   |   |--- feature_4 <= 0.11
|   |   |   |   |   |   |--- feature_4 <= 0.09
|   |   |   |   |   |   |   |--- feature_3 <= 0.72
|   |   |   |   |   |   |   |   |--- feature_2 <= 0.61
|   |   |   |   |   |   |   |   |   |--- feature_3 <= 0.61
|   |   |   |   |   |   |   |   |   |   |--- class: 0
|   |   |   |   |   |   |   |   |   |--- feature_3 >  0.61
|   |   |   |   |   |   |   |   |   |   |--- feature_4 <= 0.08
|   |   |   |   |   |   |   |   |   |   |   |--- class: 0
|   |   |   |   |   |   |   |   |   |   |--- feature_4 >  0.08
|   |   |   |   |   |   |   |   |   |   |   |--- class: 0
|   |   |   |   |   |   |   |   |--- feature_2 >  0.61
|   |   |   |   |   |   |   |   |   |--- feature_5 <= 1.50
|   |   |   |   |   |   |   |   |   |   |--- class: 0
|   |   |   |   |   |   |   |   |   |--- feature_5 >  1.50
|   |   |   |   |   |   |   |   |   |   |--- feature_5 <= 3.50
|   |   |   |   |   |   |   |   |   |   |   |--- class: 4
|   |   |   |   |   |   |   |   |   |   |--- feature_5 >  3.50
|   |   |   |   |   |   |   |   |   |   |   |--- class: 0
|   |   |   |   |   |   |   |--- feature_3 >  0.72
|   |   |   |   |   |   |   |   |--- feature_4 <= 0.07
|   |   |   |   |   |   |   |   |   |--- feature_4 <= 0.07
|   |   |   |   |   |   |   |   |   |   |--- class: 0
|   |   |   |   |   |   |   |   |   |--- feature_4 >  0.07
|   |   |   |   |   |   |   |   |   |   |--- class: 4
|   |   |   |   |   |   |   |   |--- feature_4 >  0.07
|   |   |   |   |   |   |   |   |   |--- class: 0
|   |   |   |   |   |   |--- feature_4 >  0.09
|   |   |   |   |   |   |   |--- feature_1 <= 0.96
|   |   |   |   |   |   |   |   |--- class: 4
|   |   |   |   |   |   |   |--- feature_1 >  0.96
|   |   |   |   |   |   |   |   |--- feature_1 <= 0.98
|   |   |   |   |   |   |   |   |   |--- feature_6 <= 5.50
|   |   |   |   |   |   |   |   |   |   |--- feature_5 <= 1.50
|   |   |   |   |   |   |   |   |   |   |   |--- class: 2
|   |   |   |   |   |   |   |   |   |   |--- feature_5 >  1.50
|   |   |   |   |   |   |   |   |   |   |   |--- class: 0
|   |   |   |   |   |   |   |   |   |--- feature_6 >  5.50
|   |   |   |   |   |   |   |   |   |   |--- feature_4 <= 0.10
|   |   |   |   |   |   |   |   |   |   |   |--- class: 2
|   |   |   |   |   |   |   |   |   |   |--- feature_4 >  0.10
|   |   |   |   |   |   |   |   |   |   |   |--- class: 0
|   |   |   |   |   |   |   |   |--- feature_1 >  0.98
|   |   |   |   |   |   |   |   |   |--- feature_3 <= 0.72
|   |   |   |   |   |   |   |   |   |   |--- class: 0
|   |   |   |   |   |   |   |   |   |--- feature_3 >  0.72
|   |   |   |   |   |   |   |   |   |   |--- feature_4 <= 0.10
|   |   |   |   |   |   |   |   |   |   |   |--- class: 4
|   |   |   |   |   |   |   |   |   |   |--- feature_4 >  0.10
|   |   |   |   |   |   |   |   |   |   |   |--- class: 0
|   |   |   |   |   |--- feature_4 >  0.11
|   |   |   |   |   |   |--- feature_4 <= 0.22
|   |   |   |   |   |   |   |--- feature_5 <= 4.50
|   |   |   |   |   |   |   |   |--- feature_1 <= 0.98
|   |   |   |   |   |   |   |   |   |--- feature_3 <= 0.50
|   |   |   |   |   |   |   |   |   |   |--- feature_6 <= 4.00
|   |   |   |   |   |   |   |   |   |   |   |--- class: 0
|   |   |   |   |   |   |   |   |   |   |--- feature_6 >  4.00
|   |   |   |   |   |   |   |   |   |   |   |--- class: 2
|   |   |   |   |   |   |   |   |   |--- feature_3 >  0.50
|   |   |   |   |   |   |   |   |   |   |--- feature_5 <= 3.50
|   |   |   |   |   |   |   |   |   |   |   |--- class: 0
|   |   |   |   |   |   |   |   |   |   |--- feature_5 >  3.50
|   |   |   |   |   |   |   |   |   |   |   |--- class: 0
|   |   |   |   |   |   |   |   |--- feature_1 >  0.98
|   |   |   |   |   |   |   |   |   |--- feature_5 <= 3.00
|   |   |   |   |   |   |   |   |   |   |--- class: 0
|   |   |   |   |   |   |   |   |   |--- feature_5 >  3.00
|   |   |   |   |   |   |   |   |   |   |--- feature_3 <= 0.61
|   |   |   |   |   |   |   |   |   |   |   |--- class: 0
|   |   |   |   |   |   |   |   |   |   |--- feature_3 >  0.61
|   |   |   |   |   |   |   |   |   |   |   |--- class: 4
|   |   |   |   |   |   |   |--- feature_5 >  4.50
|   |   |   |   |   |   |   |   |--- feature_1 <= 0.98
|   |   |   |   |   |   |   |   |   |--- feature_0 <= 0.61
|   |   |   |   |   |   |   |   |   |   |--- feature_3 <= 0.61
|   |   |   |   |   |   |   |   |   |   |   |--- class: 4
|   |   |   |   |   |   |   |   |   |   |--- feature_3 >  0.61
|   |   |   |   |   |   |   |   |   |   |   |--- class: 0
|   |   |   |   |   |   |   |   |   |--- feature_0 >  0.61
|   |   |   |   |   |   |   |   |   |   |--- feature_3 <= 0.72
|   |   |   |   |   |   |   |   |   |   |   |--- class: 0
|   |   |   |   |   |   |   |   |   |   |--- feature_3 >  0.72
|   |   |   |   |   |   |   |   |   |   |   |--- class: 0
|   |   |   |   |   |   |   |   |--- feature_1 >  0.98
|   |   |   |   |   |   |   |   |   |--- feature_1 <= 0.98
|   |   |   |   |   |   |   |   |   |   |--- class: 2
|   |   |   |   |   |   |   |   |   |--- feature_1 >  0.98
|   |   |   |   |   |   |   |   |   |   |--- feature_4 <= 0.11
|   |   |   |   |   |   |   |   |   |   |   |--- class: 4
|   |   |   |   |   |   |   |   |   |   |--- feature_4 >  0.11
|   |   |   |   |   |   |   |   |   |   |   |--- class: 0
|   |   |   |   |   |   |--- feature_4 >  0.22
|   |   |   |   |   |   |   |--- feature_4 <= 0.23
|   |   |   |   |   |   |   |   |--- feature_6 <= 5.50
|   |   |   |   |   |   |   |   |   |--- feature_3 <= 0.50
|   |   |   |   |   |   |   |   |   |   |--- class: 1
|   |   |   |   |   |   |   |   |   |--- feature_3 >  0.50
|   |   |   |   |   |   |   |   |   |   |--- feature_5 <= 3.50
|   |   |   |   |   |   |   |   |   |   |   |--- class: 0
|   |   |   |   |   |   |   |   |   |   |--- feature_5 >  3.50
|   |   |   |   |   |   |   |   |   |   |   |--- class: 2
|   |   |   |   |   |   |   |   |--- feature_6 >  5.50
|   |   |   |   |   |   |   |   |   |--- feature_5 <= 2.50
|   |   |   |   |   |   |   |   |   |   |--- class: 1
|   |   |   |   |   |   |   |   |   |--- feature_5 >  2.50
|   |   |   |   |   |   |   |   |   |   |--- class: 4
|   |   |   |   |   |   |   |--- feature_4 >  0.23
|   |   |   |   |   |   |   |   |--- class: 0
|   |   |   |--- feature_4 >  0.24
|   |   |   |   |--- feature_4 <= 0.49
|   |   |   |   |   |--- feature_4 <= 0.46
|   |   |   |   |   |   |--- feature_6 <= 5.50
|   |   |   |   |   |   |   |--- feature_5 <= 2.50
|   |   |   |   |   |   |   |   |--- class: 2
|   |   |   |   |   |   |   |--- feature_5 >  2.50
|   |   |   |   |   |   |   |   |--- feature_4 <= 0.35
|   |   |   |   |   |   |   |   |   |--- class: 0
|   |   |   |   |   |   |   |   |--- feature_4 >  0.35
|   |   |   |   |   |   |   |   |   |--- feature_4 <= 0.36
|   |   |   |   |   |   |   |   |   |   |--- class: 4
|   |   |   |   |   |   |   |   |   |--- feature_4 >  0.36
|   |   |   |   |   |   |   |   |   |   |--- feature_2 <= 0.83
|   |   |   |   |   |   |   |   |   |   |   |--- class: 0
|   |   |   |   |   |   |   |   |   |   |--- feature_2 >  0.83
|   |   |   |   |   |   |   |   |   |   |   |--- class: 0
|   |   |   |   |   |   |--- feature_6 >  5.50
|   |   |   |   |   |   |   |--- feature_5 <= 5.50
|   |   |   |   |   |   |   |   |--- feature_5 <= 3.00
|   |   |   |   |   |   |   |   |   |--- feature_4 <= 0.29
|   |   |   |   |   |   |   |   |   |   |--- feature_3 <= 0.61
|   |   |   |   |   |   |   |   |   |   |   |--- class: 0
|   |   |   |   |   |   |   |   |   |   |--- feature_3 >  0.61
|   |   |   |   |   |   |   |   |   |   |   |--- class: 0
|   |   |   |   |   |   |   |   |   |--- feature_4 >  0.29
|   |   |   |   |   |   |   |   |   |   |--- feature_4 <= 0.45
|   |   |   |   |   |   |   |   |   |   |   |--- class: 4
|   |   |   |   |   |   |   |   |   |   |--- feature_4 >  0.45
|   |   |   |   |   |   |   |   |   |   |   |--- class: 1
|   |   |   |   |   |   |   |   |--- feature_5 >  3.00
|   |   |   |   |   |   |   |   |   |--- feature_3 <= 0.61
|   |   |   |   |   |   |   |   |   |   |--- feature_5 <= 4.50
|   |   |   |   |   |   |   |   |   |   |   |--- class: 4
|   |   |   |   |   |   |   |   |   |   |--- feature_5 >  4.50
|   |   |   |   |   |   |   |   |   |   |   |--- class: 2
|   |   |   |   |   |   |   |   |   |--- feature_3 >  0.61
|   |   |   |   |   |   |   |   |   |   |--- feature_1 <= 0.98
|   |   |   |   |   |   |   |   |   |   |   |--- class: 0
|   |   |   |   |   |   |   |   |   |   |--- feature_1 >  0.98
|   |   |   |   |   |   |   |   |   |   |   |--- class: 2
|   |   |   |   |   |   |   |--- feature_5 >  5.50
|   |   |   |   |   |   |   |   |--- class: 0
|   |   |   |   |   |--- feature_4 >  0.46
|   |   |   |   |   |   |--- feature_0 <= 0.61
|   |   |   |   |   |   |   |--- feature_3 <= 0.61
|   |   |   |   |   |   |   |   |--- feature_4 <= 0.47
|   |   |   |   |   |   |   |   |   |--- class: 2
|   |   |   |   |   |   |   |   |--- feature_4 >  0.47
|   |   |   |   |   |   |   |   |   |--- class: 0
|   |   |   |   |   |   |   |--- feature_3 >  0.61
|   |   |   |   |   |   |   |   |--- class: 2
|   |   |   |   |   |   |--- feature_0 >  0.61
|   |   |   |   |   |   |   |--- feature_5 <= 5.50
|   |   |   |   |   |   |   |   |--- feature_1 <= 0.98
|   |   |   |   |   |   |   |   |   |--- feature_4 <= 0.46
|   |   |   |   |   |   |   |   |   |   |--- class: 1
|   |   |   |   |   |   |   |   |   |--- feature_4 >  0.46
|   |   |   |   |   |   |   |   |   |   |--- feature_4 <= 0.47
|   |   |   |   |   |   |   |   |   |   |   |--- class: 0
|   |   |   |   |   |   |   |   |   |   |--- feature_4 >  0.47
|   |   |   |   |   |   |   |   |   |   |   |--- class: 0
|   |   |   |   |   |   |   |   |--- feature_1 >  0.98
|   |   |   |   |   |   |   |   |   |--- class: 0
|   |   |   |   |   |   |   |--- feature_5 >  5.50
|   |   |   |   |   |   |   |   |--- class: 4
|   |   |   |   |--- feature_4 >  0.49
|   |   |   |   |   |--- feature_4 <= 0.65
|   |   |   |   |   |   |--- feature_1 <= 0.98
|   |   |   |   |   |   |   |--- feature_4 <= 0.49
|   |   |   |   |   |   |   |   |--- class: 4
|   |   |   |   |   |   |   |--- feature_4 >  0.49
|   |   |   |   |   |   |   |   |--- feature_4 <= 0.52
|   |   |   |   |   |   |   |   |   |--- feature_1 <= 0.98
|   |   |   |   |   |   |   |   |   |   |--- class: 4
|   |   |   |   |   |   |   |   |   |--- feature_1 >  0.98
|   |   |   |   |   |   |   |   |   |   |--- feature_5 <= 3.00
|   |   |   |   |   |   |   |   |   |   |   |--- class: 0
|   |   |   |   |   |   |   |   |   |   |--- feature_5 >  3.00
|   |   |   |   |   |   |   |   |   |   |   |--- class: 0
|   |   |   |   |   |   |   |   |--- feature_4 >  0.52
|   |   |   |   |   |   |   |   |   |--- class: 4
|   |   |   |   |   |   |--- feature_1 >  0.98
|   |   |   |   |   |   |   |--- class: 2
|   |   |   |   |   |--- feature_4 >  0.65
|   |   |   |   |   |   |--- feature_6 <= 5.50
|   |   |   |   |   |   |   |--- class: 2
|   |   |   |   |   |   |--- feature_6 >  5.50
|   |   |   |   |   |   |   |--- feature_5 <= 3.00
|   |   |   |   |   |   |   |   |--- class: 4
|   |   |   |   |   |   |   |--- feature_5 >  3.00
|   |   |   |   |   |   |   |   |--- feature_3 <= 0.56
|   |   |   |   |   |   |   |   |   |--- class: 1
|   |   |   |   |   |   |   |   |--- feature_3 >  0.56
|   |   |   |   |   |   |   |   |   |--- class: 0
|   |   |--- feature_1 >  0.98
|   |   |   |--- feature_1 <= 0.99
|   |   |   |   |--- feature_3 <= 0.72
|   |   |   |   |   |--- feature_1 <= 0.99
|   |   |   |   |   |   |--- feature_4 <= 0.09
|   |   |   |   |   |   |   |--- feature_1 <= 0.98
|   |   |   |   |   |   |   |   |--- class: 0
|   |   |   |   |   |   |   |--- feature_1 >  0.98
|   |   |   |   |   |   |   |   |--- feature_1 <= 0.98
|   |   |   |   |   |   |   |   |   |--- feature_0 <= 0.61
|   |   |   |   |   |   |   |   |   |   |--- class: 4
|   |   |   |   |   |   |   |   |   |--- feature_0 >  0.61
|   |   |   |   |   |   |   |   |   |   |--- feature_4 <= 0.08
|   |   |   |   |   |   |   |   |   |   |   |--- class: 0
|   |   |   |   |   |   |   |   |   |   |--- feature_4 >  0.08
|   |   |   |   |   |   |   |   |   |   |   |--- class: 4
|   |   |   |   |   |   |   |   |--- feature_1 >  0.98
|   |   |   |   |   |   |   |   |   |--- class: 2
|   |   |   |   |   |   |--- feature_4 >  0.09
|   |   |   |   |   |   |   |--- feature_1 <= 0.98
|   |   |   |   |   |   |   |   |--- feature_5 <= 3.00
|   |   |   |   |   |   |   |   |   |--- feature_5 <= 1.50
|   |   |   |   |   |   |   |   |   |   |--- class: 4
|   |   |   |   |   |   |   |   |   |--- feature_5 >  1.50
|   |   |   |   |   |   |   |   |   |   |--- class: 0
|   |   |   |   |   |   |   |   |--- feature_5 >  3.00
|   |   |   |   |   |   |   |   |   |--- feature_4 <= 0.13
|   |   |   |   |   |   |   |   |   |   |--- feature_2 <= 0.72
|   |   |   |   |   |   |   |   |   |   |   |--- class: 2
|   |   |   |   |   |   |   |   |   |   |--- feature_2 >  0.72
|   |   |   |   |   |   |   |   |   |   |   |--- class: 2
|   |   |   |   |   |   |   |   |   |--- feature_4 >  0.13
|   |   |   |   |   |   |   |   |   |   |--- class: 2
|   |   |   |   |   |   |   |--- feature_1 >  0.98
|   |   |   |   |   |   |   |   |--- feature_4 <= 0.20
|   |   |   |   |   |   |   |   |   |--- feature_2 <= 0.72
|   |   |   |   |   |   |   |   |   |   |--- feature_1 <= 0.98
|   |   |   |   |   |   |   |   |   |   |   |--- class: 0
|   |   |   |   |   |   |   |   |   |   |--- feature_1 >  0.98
|   |   |   |   |   |   |   |   |   |   |   |--- class: 1
|   |   |   |   |   |   |   |   |   |--- feature_2 >  0.72
|   |   |   |   |   |   |   |   |   |   |--- feature_4 <= 0.15
|   |   |   |   |   |   |   |   |   |   |   |--- class: 0
|   |   |   |   |   |   |   |   |   |   |--- feature_4 >  0.15
|   |   |   |   |   |   |   |   |   |   |   |--- class: 0
|   |   |   |   |   |   |   |   |--- feature_4 >  0.20
|   |   |   |   |   |   |   |   |   |--- class: 4
|   |   |   |   |   |--- feature_1 >  0.99
|   |   |   |   |   |   |--- class: 0
|   |   |   |   |--- feature_3 >  0.72
|   |   |   |   |   |--- feature_4 <= 0.11
|   |   |   |   |   |   |--- feature_5 <= 5.50
|   |   |   |   |   |   |   |--- feature_5 <= 4.50
|   |   |   |   |   |   |   |   |--- feature_2 <= 0.72
|   |   |   |   |   |   |   |   |   |--- feature_0 <= 0.50
|   |   |   |   |   |   |   |   |   |   |--- class: 2
|   |   |   |   |   |   |   |   |   |--- feature_0 >  0.50
|   |   |   |   |   |   |   |   |   |   |--- feature_4 <= 0.08
|   |   |   |   |   |   |   |   |   |   |   |--- class: 2
|   |   |   |   |   |   |   |   |   |   |--- feature_4 >  0.08
|   |   |   |   |   |   |   |   |   |   |   |--- class: 0
|   |   |   |   |   |   |   |   |--- feature_2 >  0.72
|   |   |   |   |   |   |   |   |   |--- feature_4 <= 0.08
|   |   |   |   |   |   |   |   |   |   |--- feature_6 <= 5.50
|   |   |   |   |   |   |   |   |   |   |   |--- class: 0
|   |   |   |   |   |   |   |   |   |   |--- feature_6 >  5.50
|   |   |   |   |   |   |   |   |   |   |   |--- class: 2
|   |   |   |   |   |   |   |   |   |--- feature_4 >  0.08
|   |   |   |   |   |   |   |   |   |   |--- class: 2
|   |   |   |   |   |   |   |--- feature_5 >  4.50
|   |   |   |   |   |   |   |   |--- feature_4 <= 0.10
|   |   |   |   |   |   |   |   |   |--- class: 0
|   |   |   |   |   |   |   |   |--- feature_4 >  0.10
|   |   |   |   |   |   |   |   |   |--- class: 2
|   |   |   |   |   |   |--- feature_5 >  5.50
|   |   |   |   |   |   |   |--- feature_4 <= 0.11
|   |   |   |   |   |   |   |   |--- feature_1 <= 0.98
|   |   |   |   |   |   |   |   |   |--- class: 0
|   |   |   |   |   |   |   |   |--- feature_1 >  0.98
|   |   |   |   |   |   |   |   |   |--- feature_2 <= 0.61
|   |   |   |   |   |   |   |   |   |   |--- feature_4 <= 0.08
|   |   |   |   |   |   |   |   |   |   |   |--- class: 2
|   |   |   |   |   |   |   |   |   |   |--- feature_4 >  0.08
|   |   |   |   |   |   |   |   |   |   |   |--- class: 0
|   |   |   |   |   |   |   |   |   |--- feature_2 >  0.61
|   |   |   |   |   |   |   |   |   |   |--- feature_4 <= 0.07
|   |   |   |   |   |   |   |   |   |   |   |--- class: 2
|   |   |   |   |   |   |   |   |   |   |--- feature_4 >  0.07
|   |   |   |   |   |   |   |   |   |   |   |--- class: 2
|   |   |   |   |   |   |   |--- feature_4 >  0.11
|   |   |   |   |   |   |   |   |--- class: 0
|   |   |   |   |   |--- feature_4 >  0.11
|   |   |   |   |   |   |--- feature_4 <= 0.23
|   |   |   |   |   |   |   |--- feature_0 <= 0.61
|   |   |   |   |   |   |   |   |--- class: 2
|   |   |   |   |   |   |   |--- feature_0 >  0.61
|   |   |   |   |   |   |   |   |--- feature_2 <= 0.72
|   |   |   |   |   |   |   |   |   |--- class: 0
|   |   |   |   |   |   |   |   |--- feature_2 >  0.72
|   |   |   |   |   |   |   |   |   |--- feature_4 <= 0.18
|   |   |   |   |   |   |   |   |   |   |--- feature_4 <= 0.14
|   |   |   |   |   |   |   |   |   |   |   |--- class: 2
|   |   |   |   |   |   |   |   |   |   |--- feature_4 >  0.14
|   |   |   |   |   |   |   |   |   |   |   |--- class: 0
|   |   |   |   |   |   |   |   |   |--- feature_4 >  0.18
|   |   |   |   |   |   |   |   |   |   |--- class: 2
|   |   |   |   |   |   |--- feature_4 >  0.23
|   |   |   |   |   |   |   |--- class: 0
|   |   |   |--- feature_1 >  0.99
|   |   |   |   |--- feature_0 <= 0.50
|   |   |   |   |   |--- class: 2
|   |   |   |   |--- feature_0 >  0.50
|   |   |   |   |   |--- feature_1 <= 1.00
|   |   |   |   |   |   |--- feature_1 <= 0.99
|   |   |   |   |   |   |   |--- feature_3 <= 0.72
|   |   |   |   |   |   |   |   |--- feature_5 <= 3.50
|   |   |   |   |   |   |   |   |   |--- class: 0
|   |   |   |   |   |   |   |   |--- feature_5 >  3.50
|   |   |   |   |   |   |   |   |   |--- feature_2 <= 0.72
|   |   |   |   |   |   |   |   |   |   |--- feature_0 <= 0.61
|   |   |   |   |   |   |   |   |   |   |   |--- class: 4
|   |   |   |   |   |   |   |   |   |   |--- feature_0 >  0.61
|   |   |   |   |   |   |   |   |   |   |   |--- class: 0
|   |   |   |   |   |   |   |   |   |--- feature_2 >  0.72
|   |   |   |   |   |   |   |   |   |   |--- class: 2
|   |   |   |   |   |   |   |--- feature_3 >  0.72
|   |   |   |   |   |   |   |   |--- feature_4 <= 0.08
|   |   |   |   |   |   |   |   |   |--- feature_4 <= 0.08
|   |   |   |   |   |   |   |   |   |   |--- class: 0
|   |   |   |   |   |   |   |   |   |--- feature_4 >  0.08
|   |   |   |   |   |   |   |   |   |   |--- class: 2
|   |   |   |   |   |   |   |   |--- feature_4 >  0.08
|   |   |   |   |   |   |   |   |   |--- class: 0
|   |   |   |   |   |   |--- feature_1 >  0.99
|   |   |   |   |   |   |   |--- class: 0
|   |   |   |   |   |--- feature_1 >  1.00
|   |   |   |   |   |   |--- class: 2
|--- feature_0 >  0.72
|   |--- feature_3 <= 0.72
|   |   |--- feature_4 <= 0.02
|   |   |   |--- feature_1 <= 0.98
|   |   |   |   |--- feature_0 <= 0.94
|   |   |   |   |   |--- feature_4 <= 0.00
|   |   |   |   |   |   |--- feature_6 <= 4.50
|   |   |   |   |   |   |   |--- feature_4 <= 0.00
|   |   |   |   |   |   |   |   |--- feature_1 <= 0.96
|   |   |   |   |   |   |   |   |   |--- feature_1 <= 0.95
|   |   |   |   |   |   |   |   |   |   |--- class: 0
|   |   |   |   |   |   |   |   |   |--- feature_1 >  0.95
|   |   |   |   |   |   |   |   |   |   |--- class: 1
|   |   |   |   |   |   |   |   |--- feature_1 >  0.96
|   |   |   |   |   |   |   |   |   |--- feature_1 <= 0.96
|   |   |   |   |   |   |   |   |   |   |--- class: 0
|   |   |   |   |   |   |   |   |   |--- feature_1 >  0.96
|   |   |   |   |   |   |   |   |   |   |--- feature_1 <= 0.97
|   |   |   |   |   |   |   |   |   |   |   |--- class: 0
|   |   |   |   |   |   |   |   |   |   |--- feature_1 >  0.97
|   |   |   |   |   |   |   |   |   |   |   |--- class: 0
|   |   |   |   |   |   |   |--- feature_4 >  0.00
|   |   |   |   |   |   |   |   |--- feature_5 <= 3.50
|   |   |   |   |   |   |   |   |   |--- class: 0
|   |   |   |   |   |   |   |   |--- feature_5 >  3.50
|   |   |   |   |   |   |   |   |   |--- class: 1
|   |   |   |   |   |   |--- feature_6 >  4.50
|   |   |   |   |   |   |   |--- feature_1 <= 0.98
|   |   |   |   |   |   |   |   |--- feature_4 <= 0.00
|   |   |   |   |   |   |   |   |   |--- feature_1 <= 0.97
|   |   |   |   |   |   |   |   |   |   |--- feature_1 <= 0.96
|   |   |   |   |   |   |   |   |   |   |   |--- class: 0
|   |   |   |   |   |   |   |   |   |   |--- feature_1 >  0.96
|   |   |   |   |   |   |   |   |   |   |   |--- class: 1
|   |   |   |   |   |   |   |   |   |--- feature_1 >  0.97
|   |   |   |   |   |   |   |   |   |   |--- feature_4 <= 0.00
|   |   |   |   |   |   |   |   |   |   |   |--- class: 0
|   |   |   |   |   |   |   |   |   |   |--- feature_4 >  0.00
|   |   |   |   |   |   |   |   |   |   |   |--- class: 0
|   |   |   |   |   |   |   |   |--- feature_4 >  0.00
|   |   |   |   |   |   |   |   |   |--- feature_4 <= 0.00
|   |   |   |   |   |   |   |   |   |   |--- class: 1
|   |   |   |   |   |   |   |   |   |--- feature_4 >  0.00
|   |   |   |   |   |   |   |   |   |   |--- feature_5 <= 6.00
|   |   |   |   |   |   |   |   |   |   |   |--- class: 0
|   |   |   |   |   |   |   |   |   |   |--- feature_5 >  6.00
|   |   |   |   |   |   |   |   |   |   |   |--- class: 0
|   |   |   |   |   |   |   |--- feature_1 >  0.98
|   |   |   |   |   |   |   |   |--- feature_5 <= 2.50
|   |   |   |   |   |   |   |   |   |--- class: 0
|   |   |   |   |   |   |   |   |--- feature_5 >  2.50
|   |   |   |   |   |   |   |   |   |--- class: 1
|   |   |   |   |   |--- feature_4 >  0.00
|   |   |   |   |   |   |--- feature_1 <= 0.98
|   |   |   |   |   |   |   |--- feature_0 <= 0.83
|   |   |   |   |   |   |   |   |--- class: 0
|   |   |   |   |   |   |   |--- feature_0 >  0.83
|   |   |   |   |   |   |   |   |--- feature_3 <= 0.50
|   |   |   |   |   |   |   |   |   |--- class: 1
|   |   |   |   |   |   |   |   |--- feature_3 >  0.50
|   |   |   |   |   |   |   |   |   |--- feature_4 <= 0.00
|   |   |   |   |   |   |   |   |   |   |--- feature_5 <= 2.00
|   |   |   |   |   |   |   |   |   |   |   |--- class: 0
|   |   |   |   |   |   |   |   |   |   |--- feature_5 >  2.00
|   |   |   |   |   |   |   |   |   |   |   |--- class: 1
|   |   |   |   |   |   |   |   |   |--- feature_4 >  0.00
|   |   |   |   |   |   |   |   |   |   |--- class: 0
|   |   |   |   |   |   |--- feature_1 >  0.98
|   |   |   |   |   |   |   |--- feature_4 <= 0.01
|   |   |   |   |   |   |   |   |--- class: 0
|   |   |   |   |   |   |   |--- feature_4 >  0.01
|   |   |   |   |   |   |   |   |--- feature_5 <= 2.00
|   |   |   |   |   |   |   |   |   |--- class: 2
|   |   |   |   |   |   |   |   |--- feature_5 >  2.00
|   |   |   |   |   |   |   |   |   |--- class: 1
|   |   |   |   |--- feature_0 >  0.94
|   |   |   |   |   |--- feature_5 <= 2.00
|   |   |   |   |   |   |--- class: 0
|   |   |   |   |   |--- feature_5 >  2.00
|   |   |   |   |   |   |--- class: 1
|   |   |   |--- feature_1 >  0.98
|   |   |   |   |--- feature_3 <= 0.50
|   |   |   |   |   |--- feature_5 <= 4.00
|   |   |   |   |   |   |--- class: 1
|   |   |   |   |   |--- feature_5 >  4.00
|   |   |   |   |   |   |--- class: 0
|   |   |   |   |--- feature_3 >  0.50
|   |   |   |   |   |--- feature_5 <= 8.00
|   |   |   |   |   |   |--- feature_4 <= 0.00
|   |   |   |   |   |   |   |--- feature_1 <= 0.98
|   |   |   |   |   |   |   |   |--- feature_4 <= 0.00
|   |   |   |   |   |   |   |   |   |--- feature_4 <= 0.00
|   |   |   |   |   |   |   |   |   |   |--- feature_1 <= 0.98
|   |   |   |   |   |   |   |   |   |   |   |--- class: 1
|   |   |   |   |   |   |   |   |   |   |--- feature_1 >  0.98
|   |   |   |   |   |   |   |   |   |   |   |--- class: 0
|   |   |   |   |   |   |   |   |   |--- feature_4 >  0.00
|   |   |   |   |   |   |   |   |   |   |--- class: 2
|   |   |   |   |   |   |   |   |--- feature_4 >  0.00
|   |   |   |   |   |   |   |   |   |--- feature_4 <= 0.00
|   |   |   |   |   |   |   |   |   |   |--- class: 0
|   |   |   |   |   |   |   |   |   |--- feature_4 >  0.00
|   |   |   |   |   |   |   |   |   |   |--- feature_4 <= 0.00
|   |   |   |   |   |   |   |   |   |   |   |--- class: 0
|   |   |   |   |   |   |   |   |   |   |--- feature_4 >  0.00
|   |   |   |   |   |   |   |   |   |   |   |--- class: 0
|   |   |   |   |   |   |   |--- feature_1 >  0.98
|   |   |   |   |   |   |   |   |--- feature_5 <= 3.50
|   |   |   |   |   |   |   |   |   |--- feature_4 <= 0.00
|   |   |   |   |   |   |   |   |   |   |--- feature_1 <= 0.99
|   |   |   |   |   |   |   |   |   |   |   |--- class: 0
|   |   |   |   |   |   |   |   |   |   |--- feature_1 >  0.99
|   |   |   |   |   |   |   |   |   |   |   |--- class: 0
|   |   |   |   |   |   |   |   |   |--- feature_4 >  0.00
|   |   |   |   |   |   |   |   |   |   |--- feature_4 <= 0.00
|   |   |   |   |   |   |   |   |   |   |   |--- class: 4
|   |   |   |   |   |   |   |   |   |   |--- feature_4 >  0.00
|   |   |   |   |   |   |   |   |   |   |   |--- class: 0
|   |   |   |   |   |   |   |   |--- feature_5 >  3.50
|   |   |   |   |   |   |   |   |   |--- feature_1 <= 0.98
|   |   |   |   |   |   |   |   |   |   |--- feature_4 <= 0.00
|   |   |   |   |   |   |   |   |   |   |   |--- class: 0
|   |   |   |   |   |   |   |   |   |   |--- feature_4 >  0.00
|   |   |   |   |   |   |   |   |   |   |   |--- class: 0
|   |   |   |   |   |   |   |   |   |--- feature_1 >  0.98
|   |   |   |   |   |   |   |   |   |   |--- feature_6 <= 1.00
|   |   |   |   |   |   |   |   |   |   |   |--- class: 1
|   |   |   |   |   |   |   |   |   |   |--- feature_6 >  1.00
|   |   |   |   |   |   |   |   |   |   |   |--- class: 0
|   |   |   |   |   |   |--- feature_4 >  0.00
|   |   |   |   |   |   |   |--- feature_1 <= 0.99
|   |   |   |   |   |   |   |   |--- feature_4 <= 0.00
|   |   |   |   |   |   |   |   |   |--- feature_0 <= 0.83
|   |   |   |   |   |   |   |   |   |   |--- class: 2
|   |   |   |   |   |   |   |   |   |--- feature_0 >  0.83
|   |   |   |   |   |   |   |   |   |   |--- feature_1 <= 0.98
|   |   |   |   |   |   |   |   |   |   |   |--- class: 0
|   |   |   |   |   |   |   |   |   |   |--- feature_1 >  0.98
|   |   |   |   |   |   |   |   |   |   |   |--- class: 1
|   |   |   |   |   |   |   |   |--- feature_4 >  0.00
|   |   |   |   |   |   |   |   |   |--- feature_3 <= 0.61
|   |   |   |   |   |   |   |   |   |   |--- feature_1 <= 0.98
|   |   |   |   |   |   |   |   |   |   |   |--- class: 0
|   |   |   |   |   |   |   |   |   |   |--- feature_1 >  0.98
|   |   |   |   |   |   |   |   |   |   |   |--- class: 1
|   |   |   |   |   |   |   |   |   |--- feature_3 >  0.61
|   |   |   |   |   |   |   |   |   |   |--- feature_5 <= 6.50
|   |   |   |   |   |   |   |   |   |   |   |--- class: 0
|   |   |   |   |   |   |   |   |   |   |--- feature_5 >  6.50
|   |   |   |   |   |   |   |   |   |   |   |--- class: 0
|   |   |   |   |   |   |   |--- feature_1 >  0.99
|   |   |   |   |   |   |   |   |--- feature_1 <= 0.99
|   |   |   |   |   |   |   |   |   |--- feature_4 <= 0.00
|   |   |   |   |   |   |   |   |   |   |--- feature_4 <= 0.00
|   |   |   |   |   |   |   |   |   |   |   |--- class: 0
|   |   |   |   |   |   |   |   |   |   |--- feature_4 >  0.00
|   |   |   |   |   |   |   |   |   |   |   |--- class: 1
|   |   |   |   |   |   |   |   |   |--- feature_4 >  0.00
|   |   |   |   |   |   |   |   |   |   |--- class: 2
|   |   |   |   |   |   |   |   |--- feature_1 >  0.99
|   |   |   |   |   |   |   |   |   |--- feature_4 <= 0.01
|   |   |   |   |   |   |   |   |   |   |--- feature_4 <= 0.00
|   |   |   |   |   |   |   |   |   |   |   |--- class: 0
|   |   |   |   |   |   |   |   |   |   |--- feature_4 >  0.00
|   |   |   |   |   |   |   |   |   |   |   |--- class: 0
|   |   |   |   |   |   |   |   |   |--- feature_4 >  0.01
|   |   |   |   |   |   |   |   |   |   |--- feature_2 <= 0.83
|   |   |   |   |   |   |   |   |   |   |   |--- class: 1
|   |   |   |   |   |   |   |   |   |   |--- feature_2 >  0.83
|   |   |   |   |   |   |   |   |   |   |   |--- class: 0
|   |   |   |   |   |--- feature_5 >  8.00
|   |   |   |   |   |   |--- class: 1
|   |   |--- feature_4 >  0.02
|   |   |   |--- feature_3 <= 0.61
|   |   |   |   |--- feature_4 <= 0.02
|   |   |   |   |   |--- class: 4
|   |   |   |   |--- feature_4 >  0.02
|   |   |   |   |   |--- feature_1 <= 0.98
|   |   |   |   |   |   |--- feature_1 <= 0.96
|   |   |   |   |   |   |   |--- feature_1 <= 0.96
|   |   |   |   |   |   |   |   |--- feature_1 <= 0.95
|   |   |   |   |   |   |   |   |   |--- class: 0
|   |   |   |   |   |   |   |   |--- feature_1 >  0.95
|   |   |   |   |   |   |   |   |   |--- class: 2
|   |   |   |   |   |   |   |--- feature_1 >  0.96
|   |   |   |   |   |   |   |   |--- feature_4 <= 0.03
|   |   |   |   |   |   |   |   |   |--- class: 1
|   |   |   |   |   |   |   |   |--- feature_4 >  0.03
|   |   |   |   |   |   |   |   |   |--- feature_5 <= 2.00
|   |   |   |   |   |   |   |   |   |   |--- class: 0
|   |   |   |   |   |   |   |   |   |--- feature_5 >  2.00
|   |   |   |   |   |   |   |   |   |   |--- feature_0 <= 0.83
|   |   |   |   |   |   |   |   |   |   |   |--- class: 0
|   |   |   |   |   |   |   |   |   |   |--- feature_0 >  0.83
|   |   |   |   |   |   |   |   |   |   |   |--- class: 1
|   |   |   |   |   |   |--- feature_1 >  0.96
|   |   |   |   |   |   |   |--- feature_4 <= 0.31
|   |   |   |   |   |   |   |   |--- feature_6 <= 5.50
|   |   |   |   |   |   |   |   |   |--- feature_3 <= 0.50
|   |   |   |   |   |   |   |   |   |   |--- feature_4 <= 0.12
|   |   |   |   |   |   |   |   |   |   |   |--- class: 1
|   |   |   |   |   |   |   |   |   |   |--- feature_4 >  0.12
|   |   |   |   |   |   |   |   |   |   |   |--- class: 0
|   |   |   |   |   |   |   |   |   |--- feature_3 >  0.50
|   |   |   |   |   |   |   |   |   |   |--- class: 0
|   |   |   |   |   |   |   |   |--- feature_6 >  5.50
|   |   |   |   |   |   |   |   |   |--- feature_5 <= 4.50
|   |   |   |   |   |   |   |   |   |   |--- feature_5 <= 3.50
|   |   |   |   |   |   |   |   |   |   |   |--- class: 2
|   |   |   |   |   |   |   |   |   |   |--- feature_5 >  3.50
|   |   |   |   |   |   |   |   |   |   |   |--- class: 4
|   |   |   |   |   |   |   |   |   |--- feature_5 >  4.50
|   |   |   |   |   |   |   |   |   |   |--- feature_4 <= 0.13
|   |   |   |   |   |   |   |   |   |   |   |--- class: 0
|   |   |   |   |   |   |   |   |   |   |--- feature_4 >  0.13
|   |   |   |   |   |   |   |   |   |   |   |--- class: 0
|   |   |   |   |   |   |   |--- feature_4 >  0.31
|   |   |   |   |   |   |   |   |--- feature_1 <= 0.98
|   |   |   |   |   |   |   |   |   |--- class: 4
|   |   |   |   |   |   |   |   |--- feature_1 >  0.98
|   |   |   |   |   |   |   |   |   |--- feature_2 <= 0.61
|   |   |   |   |   |   |   |   |   |   |--- class: 1
|   |   |   |   |   |   |   |   |   |--- feature_2 >  0.61
|   |   |   |   |   |   |   |   |   |   |--- class: 0
|   |   |   |   |   |--- feature_1 >  0.98
|   |   |   |   |   |   |--- feature_5 <= 2.50
|   |   |   |   |   |   |   |--- class: 0
|   |   |   |   |   |   |--- feature_5 >  2.50
|   |   |   |   |   |   |   |--- feature_1 <= 0.98
|   |   |   |   |   |   |   |   |--- feature_1 <= 0.98
|   |   |   |   |   |   |   |   |   |--- feature_4 <= 0.06
|   |   |   |   |   |   |   |   |   |   |--- feature_6 <= 4.50
|   |   |   |   |   |   |   |   |   |   |   |--- class: 4
|   |   |   |   |   |   |   |   |   |   |--- feature_6 >  4.50
|   |   |   |   |   |   |   |   |   |   |   |--- class: 1
|   |   |   |   |   |   |   |   |   |--- feature_4 >  0.06
|   |   |   |   |   |   |   |   |   |   |--- class: 4
|   |   |   |   |   |   |   |   |--- feature_1 >  0.98
|   |   |   |   |   |   |   |   |   |--- class: 2
|   |   |   |   |   |   |   |--- feature_1 >  0.98
|   |   |   |   |   |   |   |   |--- feature_4 <= 0.05
|   |   |   |   |   |   |   |   |   |--- feature_6 <= 7.00
|   |   |   |   |   |   |   |   |   |   |--- class: 0
|   |   |   |   |   |   |   |   |   |--- feature_6 >  7.00
|   |   |   |   |   |   |   |   |   |   |--- class: 1
|   |   |   |   |   |   |   |   |--- feature_4 >  0.05
|   |   |   |   |   |   |   |   |   |--- class: 1
|   |   |   |--- feature_3 >  0.61
|   |   |   |   |--- feature_1 <= 0.97
|   |   |   |   |   |--- feature_4 <= 0.02
|   |   |   |   |   |   |--- class: 1
|   |   |   |   |   |--- feature_4 >  0.02
|   |   |   |   |   |   |--- feature_4 <= 0.03
|   |   |   |   |   |   |   |--- feature_4 <= 0.03
|   |   |   |   |   |   |   |   |--- feature_5 <= 3.50
|   |   |   |   |   |   |   |   |   |--- feature_4 <= 0.03
|   |   |   |   |   |   |   |   |   |   |--- class: 0
|   |   |   |   |   |   |   |   |   |--- feature_4 >  0.03
|   |   |   |   |   |   |   |   |   |   |--- feature_0 <= 0.83
|   |   |   |   |   |   |   |   |   |   |   |--- class: 0
|   |   |   |   |   |   |   |   |   |   |--- feature_0 >  0.83
|   |   |   |   |   |   |   |   |   |   |   |--- class: 2
|   |   |   |   |   |   |   |   |--- feature_5 >  3.50
|   |   |   |   |   |   |   |   |   |--- feature_1 <= 0.97
|   |   |   |   |   |   |   |   |   |   |--- class: 0
|   |   |   |   |   |   |   |   |   |--- feature_1 >  0.97
|   |   |   |   |   |   |   |   |   |   |--- class: 1
|   |   |   |   |   |   |   |--- feature_4 >  0.03
|   |   |   |   |   |   |   |   |--- class: 1
|   |   |   |   |   |   |--- feature_4 >  0.03
|   |   |   |   |   |   |   |--- class: 0
|   |   |   |   |--- feature_1 >  0.97
|   |   |   |   |   |--- feature_4 <= 0.37
|   |   |   |   |   |   |--- feature_4 <= 0.22
|   |   |   |   |   |   |   |--- feature_2 <= 0.94
|   |   |   |   |   |   |   |   |--- feature_1 <= 0.98
|   |   |   |   |   |   |   |   |   |--- feature_1 <= 0.98
|   |   |   |   |   |   |   |   |   |   |--- feature_4 <= 0.12
|   |   |   |   |   |   |   |   |   |   |   |--- class: 0
|   |   |   |   |   |   |   |   |   |   |--- feature_4 >  0.12
|   |   |   |   |   |   |   |   |   |   |   |--- class: 1
|   |   |   |   |   |   |   |   |   |--- feature_1 >  0.98
|   |   |   |   |   |   |   |   |   |   |--- feature_1 <= 0.98
|   |   |   |   |   |   |   |   |   |   |   |--- class: 0
|   |   |   |   |   |   |   |   |   |   |--- feature_1 >  0.98
|   |   |   |   |   |   |   |   |   |   |   |--- class: 0
|   |   |   |   |   |   |   |   |--- feature_1 >  0.98
|   |   |   |   |   |   |   |   |   |--- feature_4 <= 0.02
|   |   |   |   |   |   |   |   |   |   |--- feature_5 <= 3.00
|   |   |   |   |   |   |   |   |   |   |   |--- class: 0
|   |   |   |   |   |   |   |   |   |   |--- feature_5 >  3.00
|   |   |   |   |   |   |   |   |   |   |   |--- class: 1
|   |   |   |   |   |   |   |   |   |--- feature_4 >  0.02
|   |   |   |   |   |   |   |   |   |   |--- feature_5 <= 1.50
|   |   |   |   |   |   |   |   |   |   |   |--- class: 1
|   |   |   |   |   |   |   |   |   |   |--- feature_5 >  1.50
|   |   |   |   |   |   |   |   |   |   |   |--- class: 0
|   |   |   |   |   |   |   |--- feature_2 >  0.94
|   |   |   |   |   |   |   |   |--- class: 1
|   |   |   |   |   |   |--- feature_4 >  0.22
|   |   |   |   |   |   |   |--- feature_1 <= 0.98
|   |   |   |   |   |   |   |   |--- feature_1 <= 0.97
|   |   |   |   |   |   |   |   |   |--- class: 4
|   |   |   |   |   |   |   |   |--- feature_1 >  0.97
|   |   |   |   |   |   |   |   |   |--- feature_6 <= 5.50
|   |   |   |   |   |   |   |   |   |   |--- feature_4 <= 0.33
|   |   |   |   |   |   |   |   |   |   |   |--- class: 1
|   |   |   |   |   |   |   |   |   |   |--- feature_4 >  0.33
|   |   |   |   |   |   |   |   |   |   |   |--- class: 0
|   |   |   |   |   |   |   |   |   |--- feature_6 >  5.50
|   |   |   |   |   |   |   |   |   |   |--- class: 1
|   |   |   |   |   |   |   |--- feature_1 >  0.98
|   |   |   |   |   |   |   |   |--- feature_1 <= 0.98
|   |   |   |   |   |   |   |   |   |--- feature_2 <= 0.61
|   |   |   |   |   |   |   |   |   |   |--- class: 1
|   |   |   |   |   |   |   |   |   |--- feature_2 >  0.61
|   |   |   |   |   |   |   |   |   |   |--- feature_4 <= 0.27
|   |   |   |   |   |   |   |   |   |   |   |--- class: 0
|   |   |   |   |   |   |   |   |   |   |--- feature_4 >  0.27
|   |   |   |   |   |   |   |   |   |   |   |--- class: 0
|   |   |   |   |   |   |   |   |--- feature_1 >  0.98
|   |   |   |   |   |   |   |   |   |--- class: 2
|   |   |   |   |   |--- feature_4 >  0.37
|   |   |   |   |   |   |--- class: 0
|   |--- feature_3 >  0.72
|   |   |--- feature_4 <= 0.05
|   |   |   |--- feature_3 <= 0.83
|   |   |   |   |--- feature_1 <= 0.95
|   |   |   |   |   |--- feature_5 <= 7.50
|   |   |   |   |   |   |--- class: 0
|   |   |   |   |   |--- feature_5 >  7.50
|   |   |   |   |   |   |--- class: 2
|   |   |   |   |--- feature_1 >  0.95
|   |   |   |   |   |--- feature_2 <= 0.72
|   |   |   |   |   |   |--- feature_4 <= 0.02
|   |   |   |   |   |   |   |--- class: 0
|   |   |   |   |   |   |--- feature_4 >  0.02
|   |   |   |   |   |   |   |--- feature_4 <= 0.02
|   |   |   |   |   |   |   |   |--- class: 1
|   |   |   |   |   |   |   |--- feature_4 >  0.02
|   |   |   |   |   |   |   |   |--- class: 0
|   |   |   |   |   |--- feature_2 >  0.72
|   |   |   |   |   |   |--- feature_0 <= 0.94
|   |   |   |   |   |   |   |--- feature_5 <= 4.50
|   |   |   |   |   |   |   |   |--- feature_2 <= 0.83
|   |   |   |   |   |   |   |   |   |--- feature_1 <= 0.99
|   |   |   |   |   |   |   |   |   |   |--- feature_1 <= 0.98
|   |   |   |   |   |   |   |   |   |   |   |--- class: 0
|   |   |   |   |   |   |   |   |   |   |--- feature_1 >  0.98
|   |   |   |   |   |   |   |   |   |   |   |--- class: 0
|   |   |   |   |   |   |   |   |   |--- feature_1 >  0.99
|   |   |   |   |   |   |   |   |   |   |--- feature_4 <= 0.00
|   |   |   |   |   |   |   |   |   |   |   |--- class: 0
|   |   |   |   |   |   |   |   |   |   |--- feature_4 >  0.00
|   |   |   |   |   |   |   |   |   |   |   |--- class: 0
|   |   |   |   |   |   |   |   |--- feature_2 >  0.83
|   |   |   |   |   |   |   |   |   |--- feature_4 <= 0.00
|   |   |   |   |   |   |   |   |   |   |--- feature_1 <= 0.99
|   |   |   |   |   |   |   |   |   |   |   |--- class: 0
|   |   |   |   |   |   |   |   |   |   |--- feature_1 >  0.99
|   |   |   |   |   |   |   |   |   |   |   |--- class: 0
|   |   |   |   |   |   |   |   |   |--- feature_4 >  0.00
|   |   |   |   |   |   |   |   |   |   |--- feature_4 <= 0.00
|   |   |   |   |   |   |   |   |   |   |   |--- class: 1
|   |   |   |   |   |   |   |   |   |   |--- feature_4 >  0.00
|   |   |   |   |   |   |   |   |   |   |   |--- class: 0
|   |   |   |   |   |   |   |--- feature_5 >  4.50
|   |   |   |   |   |   |   |   |--- feature_1 <= 1.00
|   |   |   |   |   |   |   |   |   |--- feature_4 <= 0.00
|   |   |   |   |   |   |   |   |   |   |--- feature_1 <= 0.99
|   |   |   |   |   |   |   |   |   |   |   |--- class: 0
|   |   |   |   |   |   |   |   |   |   |--- feature_1 >  0.99
|   |   |   |   |   |   |   |   |   |   |   |--- class: 0
|   |   |   |   |   |   |   |   |   |--- feature_4 >  0.00
|   |   |   |   |   |   |   |   |   |   |--- feature_4 <= 0.04
|   |   |   |   |   |   |   |   |   |   |   |--- class: 0
|   |   |   |   |   |   |   |   |   |   |--- feature_4 >  0.04
|   |   |   |   |   |   |   |   |   |   |   |--- class: 0
|   |   |   |   |   |   |   |   |--- feature_1 >  1.00
|   |   |   |   |   |   |   |   |   |--- feature_5 <= 6.50
|   |   |   |   |   |   |   |   |   |   |--- feature_0 <= 0.83
|   |   |   |   |   |   |   |   |   |   |   |--- class: 0
|   |   |   |   |   |   |   |   |   |   |--- feature_0 >  0.83
|   |   |   |   |   |   |   |   |   |   |   |--- class: 0
|   |   |   |   |   |   |   |   |   |--- feature_5 >  6.50
|   |   |   |   |   |   |   |   |   |   |--- class: 2
|   |   |   |   |   |   |--- feature_0 >  0.94
|   |   |   |   |   |   |   |--- feature_1 <= 0.99
|   |   |   |   |   |   |   |   |--- feature_6 <= 7.00
|   |   |   |   |   |   |   |   |   |--- class: 0
|   |   |   |   |   |   |   |   |--- feature_6 >  7.00
|   |   |   |   |   |   |   |   |   |--- class: 1
|   |   |   |   |   |   |   |--- feature_1 >  0.99
|   |   |   |   |   |   |   |   |--- feature_5 <= 3.50
|   |   |   |   |   |   |   |   |   |--- class: 0
|   |   |   |   |   |   |   |   |--- feature_5 >  3.50
|   |   |   |   |   |   |   |   |   |--- class: 1
|   |   |   |--- feature_3 >  0.83
|   |   |   |   |--- feature_4 <= 0.03
|   |   |   |   |   |--- feature_1 <= 0.99
|   |   |   |   |   |   |--- feature_4 <= 0.00
|   |   |   |   |   |   |   |--- feature_1 <= 0.99
|   |   |   |   |   |   |   |   |--- feature_4 <= 0.00
|   |   |   |   |   |   |   |   |   |--- feature_4 <= 0.00
|   |   |   |   |   |   |   |   |   |   |--- feature_6 <= 3.00
|   |   |   |   |   |   |   |   |   |   |   |--- class: 0
|   |   |   |   |   |   |   |   |   |   |--- feature_6 >  3.00
|   |   |   |   |   |   |   |   |   |   |   |--- class: 0
|   |   |   |   |   |   |   |   |   |--- feature_4 >  0.00
|   |   |   |   |   |   |   |   |   |   |--- class: 2
|   |   |   |   |   |   |   |   |--- feature_4 >  0.00
|   |   |   |   |   |   |   |   |   |--- feature_1 <= 0.98
|   |   |   |   |   |   |   |   |   |   |--- feature_1 <= 0.97
|   |   |   |   |   |   |   |   |   |   |   |--- class: 0
|   |   |   |   |   |   |   |   |   |   |--- feature_1 >  0.97
|   |   |   |   |   |   |   |   |   |   |   |--- class: 1
|   |   |   |   |   |   |   |   |   |--- feature_1 >  0.98
|   |   |   |   |   |   |   |   |   |   |--- class: 0
|   |   |   |   |   |   |   |--- feature_1 >  0.99
|   |   |   |   |   |   |   |   |--- feature_0 <= 0.83
|   |   |   |   |   |   |   |   |   |--- feature_4 <= 0.00
|   |   |   |   |   |   |   |   |   |   |--- class: 0
|   |   |   |   |   |   |   |   |   |--- feature_4 >  0.00
|   |   |   |   |   |   |   |   |   |   |--- feature_4 <= 0.00
|   |   |   |   |   |   |   |   |   |   |   |--- class: 2
|   |   |   |   |   |   |   |   |   |   |--- feature_4 >  0.00
|   |   |   |   |   |   |   |   |   |   |   |--- class: 0
|   |   |   |   |   |   |   |   |--- feature_0 >  0.83
|   |   |   |   |   |   |   |   |   |--- class: 0
|   |   |   |   |   |   |--- feature_4 >  0.00
|   |   |   |   |   |   |   |--- feature_1 <= 0.98
|   |   |   |   |   |   |   |   |--- feature_2 <= 0.72
|   |   |   |   |   |   |   |   |   |--- feature_4 <= 0.00
|   |   |   |   |   |   |   |   |   |   |--- class: 2
|   |   |   |   |   |   |   |   |   |--- feature_4 >  0.00
|   |   |   |   |   |   |   |   |   |   |--- class: 0
|   |   |   |   |   |   |   |   |--- feature_2 >  0.72
|   |   |   |   |   |   |   |   |   |--- class: 0
|   |   |   |   |   |   |   |--- feature_1 >  0.98
|   |   |   |   |   |   |   |   |--- feature_1 <= 0.98
|   |   |   |   |   |   |   |   |   |--- feature_4 <= 0.01
|   |   |   |   |   |   |   |   |   |   |--- feature_6 <= 3.00
|   |   |   |   |   |   |   |   |   |   |   |--- class: 0
|   |   |   |   |   |   |   |   |   |   |--- feature_6 >  3.00
|   |   |   |   |   |   |   |   |   |   |   |--- class: 2
|   |   |   |   |   |   |   |   |   |--- feature_4 >  0.01
|   |   |   |   |   |   |   |   |   |   |--- class: 0
|   |   |   |   |   |   |   |   |--- feature_1 >  0.98
|   |   |   |   |   |   |   |   |   |--- feature_4 <= 0.01
|   |   |   |   |   |   |   |   |   |   |--- feature_1 <= 0.98
|   |   |   |   |   |   |   |   |   |   |   |--- class: 0
|   |   |   |   |   |   |   |   |   |   |--- feature_1 >  0.98
|   |   |   |   |   |   |   |   |   |   |   |--- class: 0
|   |   |   |   |   |   |   |   |   |--- feature_4 >  0.01
|   |   |   |   |   |   |   |   |   |   |--- feature_5 <= 4.50
|   |   |   |   |   |   |   |   |   |   |   |--- class: 0
|   |   |   |   |   |   |   |   |   |   |--- feature_5 >  4.50
|   |   |   |   |   |   |   |   |   |   |   |--- class: 0
|   |   |   |   |   |--- feature_1 >  0.99
|   |   |   |   |   |   |--- feature_4 <= 0.00
|   |   |   |   |   |   |   |--- feature_1 <= 1.00
|   |   |   |   |   |   |   |   |--- feature_4 <= 0.00
|   |   |   |   |   |   |   |   |   |--- class: 0
|   |   |   |   |   |   |   |   |--- feature_4 >  0.00
|   |   |   |   |   |   |   |   |   |--- feature_1 <= 1.00
|   |   |   |   |   |   |   |   |   |   |--- class: 0
|   |   |   |   |   |   |   |   |   |--- feature_1 >  1.00
|   |   |   |   |   |   |   |   |   |   |--- feature_5 <= 3.00
|   |   |   |   |   |   |   |   |   |   |   |--- class: 1
|   |   |   |   |   |   |   |   |   |   |--- feature_5 >  3.00
|   |   |   |   |   |   |   |   |   |   |   |--- class: 0
|   |   |   |   |   |   |   |--- feature_1 >  1.00
|   |   |   |   |   |   |   |   |--- feature_0 <= 0.94
|   |   |   |   |   |   |   |   |   |--- class: 1
|   |   |   |   |   |   |   |   |--- feature_0 >  0.94
|   |   |   |   |   |   |   |   |   |--- class: 0
|   |   |   |   |   |   |--- feature_4 >  0.00
|   |   |   |   |   |   |   |--- feature_5 <= 5.50
|   |   |   |   |   |   |   |   |--- feature_4 <= 0.02
|   |   |   |   |   |   |   |   |   |--- feature_6 <= 1.00
|   |   |   |   |   |   |   |   |   |   |--- feature_1 <= 0.99
|   |   |   |   |   |   |   |   |   |   |   |--- class: 2
|   |   |   |   |   |   |   |   |   |   |--- feature_1 >  0.99
|   |   |   |   |   |   |   |   |   |   |   |--- class: 0
|   |   |   |   |   |   |   |   |   |--- feature_6 >  1.00
|   |   |   |   |   |   |   |   |   |   |--- feature_1 <= 0.99
|   |   |   |   |   |   |   |   |   |   |   |--- class: 0
|   |   |   |   |   |   |   |   |   |   |--- feature_1 >  0.99
|   |   |   |   |   |   |   |   |   |   |   |--- class: 0
|   |   |   |   |   |   |   |   |--- feature_4 >  0.02
|   |   |   |   |   |   |   |   |   |--- feature_4 <= 0.02
|   |   |   |   |   |   |   |   |   |   |--- feature_4 <= 0.02
|   |   |   |   |   |   |   |   |   |   |   |--- class: 0
|   |   |   |   |   |   |   |   |   |   |--- feature_4 >  0.02
|   |   |   |   |   |   |   |   |   |   |   |--- class: 2
|   |   |   |   |   |   |   |   |   |--- feature_4 >  0.02
|   |   |   |   |   |   |   |   |   |   |--- feature_1 <= 0.99
|   |   |   |   |   |   |   |   |   |   |   |--- class: 0
|   |   |   |   |   |   |   |   |   |   |--- feature_1 >  0.99
|   |   |   |   |   |   |   |   |   |   |   |--- class: 0
|   |   |   |   |   |   |   |--- feature_5 >  5.50
|   |   |   |   |   |   |   |   |--- feature_4 <= 0.00
|   |   |   |   |   |   |   |   |   |--- class: 0
|   |   |   |   |   |   |   |   |--- feature_4 >  0.00
|   |   |   |   |   |   |   |   |   |--- feature_4 <= 0.00
|   |   |   |   |   |   |   |   |   |   |--- feature_0 <= 0.83
|   |   |   |   |   |   |   |   |   |   |   |--- class: 2
|   |   |   |   |   |   |   |   |   |   |--- feature_0 >  0.83
|   |   |   |   |   |   |   |   |   |   |   |--- class: 0
|   |   |   |   |   |   |   |   |   |--- feature_4 >  0.00
|   |   |   |   |   |   |   |   |   |   |--- feature_4 <= 0.00
|   |   |   |   |   |   |   |   |   |   |   |--- class: 0
|   |   |   |   |   |   |   |   |   |   |--- feature_4 >  0.00
|   |   |   |   |   |   |   |   |   |   |   |--- class: 0
|   |   |   |   |--- feature_4 >  0.03
|   |   |   |   |   |--- feature_4 <= 0.04
|   |   |   |   |   |   |--- feature_4 <= 0.04
|   |   |   |   |   |   |   |--- feature_1 <= 0.99
|   |   |   |   |   |   |   |   |--- feature_5 <= 1.50
|   |   |   |   |   |   |   |   |   |--- feature_2 <= 0.83
|   |   |   |   |   |   |   |   |   |   |--- feature_4 <= 0.04
|   |   |   |   |   |   |   |   |   |   |   |--- class: 0
|   |   |   |   |   |   |   |   |   |   |--- feature_4 >  0.04
|   |   |   |   |   |   |   |   |   |   |   |--- class: 2
|   |   |   |   |   |   |   |   |   |--- feature_2 >  0.83
|   |   |   |   |   |   |   |   |   |   |--- class: 2
|   |   |   |   |   |   |   |   |--- feature_5 >  1.50
|   |   |   |   |   |   |   |   |   |--- feature_5 <= 5.50
|   |   |   |   |   |   |   |   |   |   |--- feature_2 <= 0.83
|   |   |   |   |   |   |   |   |   |   |   |--- class: 0
|   |   |   |   |   |   |   |   |   |   |--- feature_2 >  0.83
|   |   |   |   |   |   |   |   |   |   |   |--- class: 0
|   |   |   |   |   |   |   |   |   |--- feature_5 >  5.50
|   |   |   |   |   |   |   |   |   |   |--- feature_4 <= 0.04
|   |   |   |   |   |   |   |   |   |   |   |--- class: 0
|   |   |   |   |   |   |   |   |   |   |--- feature_4 >  0.04
|   |   |   |   |   |   |   |   |   |   |   |--- class: 2
|   |   |   |   |   |   |   |--- feature_1 >  0.99
|   |   |   |   |   |   |   |   |--- feature_4 <= 0.03
|   |   |   |   |   |   |   |   |   |--- feature_5 <= 5.50
|   |   |   |   |   |   |   |   |   |   |--- feature_0 <= 0.83
|   |   |   |   |   |   |   |   |   |   |   |--- class: 0
|   |   |   |   |   |   |   |   |   |   |--- feature_0 >  0.83
|   |   |   |   |   |   |   |   |   |   |   |--- class: 2
|   |   |   |   |   |   |   |   |   |--- feature_5 >  5.50
|   |   |   |   |   |   |   |   |   |   |--- class: 0
|   |   |   |   |   |   |   |   |--- feature_4 >  0.03
|   |   |   |   |   |   |   |   |   |--- feature_4 <= 0.04
|   |   |   |   |   |   |   |   |   |   |--- feature_4 <= 0.04
|   |   |   |   |   |   |   |   |   |   |   |--- class: 0
|   |   |   |   |   |   |   |   |   |   |--- feature_4 >  0.04
|   |   |   |   |   |   |   |   |   |   |   |--- class: 2
|   |   |   |   |   |   |   |   |   |--- feature_4 >  0.04
|   |   |   |   |   |   |   |   |   |   |--- class: 0
|   |   |   |   |   |   |--- feature_4 >  0.04
|   |   |   |   |   |   |   |--- feature_4 <= 0.04
|   |   |   |   |   |   |   |   |--- feature_1 <= 0.98
|   |   |   |   |   |   |   |   |   |--- class: 0
|   |   |   |   |   |   |   |   |--- feature_1 >  0.98
|   |   |   |   |   |   |   |   |   |--- feature_1 <= 0.99
|   |   |   |   |   |   |   |   |   |   |--- class: 2
|   |   |   |   |   |   |   |   |   |--- feature_1 >  0.99
|   |   |   |   |   |   |   |   |   |   |--- feature_0 <= 0.83
|   |   |   |   |   |   |   |   |   |   |   |--- class: 0
|   |   |   |   |   |   |   |   |   |   |--- feature_0 >  0.83
|   |   |   |   |   |   |   |   |   |   |   |--- class: 2
|   |   |   |   |   |   |   |--- feature_4 >  0.04
|   |   |   |   |   |   |   |   |--- feature_1 <= 1.00
|   |   |   |   |   |   |   |   |   |--- feature_1 <= 1.00
|   |   |   |   |   |   |   |   |   |   |--- class: 0
|   |   |   |   |   |   |   |   |   |--- feature_1 >  1.00
|   |   |   |   |   |   |   |   |   |   |--- feature_1 <= 1.00
|   |   |   |   |   |   |   |   |   |   |   |--- class: 0
|   |   |   |   |   |   |   |   |   |   |--- feature_1 >  1.00
|   |   |   |   |   |   |   |   |   |   |   |--- class: 0
|   |   |   |   |   |   |   |   |--- feature_1 >  1.00
|   |   |   |   |   |   |   |   |   |--- feature_6 <= 7.00
|   |   |   |   |   |   |   |   |   |   |--- feature_4 <= 0.04
|   |   |   |   |   |   |   |   |   |   |   |--- class: 0
|   |   |   |   |   |   |   |   |   |   |--- feature_4 >  0.04
|   |   |   |   |   |   |   |   |   |   |   |--- class: 0
|   |   |   |   |   |   |   |   |   |--- feature_6 >  7.00
|   |   |   |   |   |   |   |   |   |   |--- class: 2
|   |   |   |   |   |--- feature_4 >  0.04
|   |   |   |   |   |   |--- feature_5 <= 1.50
|   |   |   |   |   |   |   |--- feature_1 <= 1.00
|   |   |   |   |   |   |   |   |--- class: 0
|   |   |   |   |   |   |   |--- feature_1 >  1.00
|   |   |   |   |   |   |   |   |--- feature_2 <= 0.94
|   |   |   |   |   |   |   |   |   |--- class: 1
|   |   |   |   |   |   |   |   |--- feature_2 >  0.94
|   |   |   |   |   |   |   |   |   |--- class: 0
|   |   |   |   |   |   |--- feature_5 >  1.50
|   |   |   |   |   |   |   |--- feature_1 <= 0.99
|   |   |   |   |   |   |   |   |--- feature_1 <= 0.99
|   |   |   |   |   |   |   |   |   |--- class: 0
|   |   |   |   |   |   |   |   |--- feature_1 >  0.99
|   |   |   |   |   |   |   |   |   |--- feature_4 <= 0.05
|   |   |   |   |   |   |   |   |   |   |--- class: 1
|   |   |   |   |   |   |   |   |   |--- feature_4 >  0.05
|   |   |   |   |   |   |   |   |   |   |--- class: 0
|   |   |   |   |   |   |   |--- feature_1 >  0.99
|   |   |   |   |   |   |   |   |--- class: 0
|   |   |--- feature_4 >  0.05
|   |   |   |--- feature_0 <= 0.83
|   |   |   |   |--- feature_1 <= 0.98
|   |   |   |   |   |--- feature_5 <= 5.50
|   |   |   |   |   |   |--- feature_4 <= 0.30
|   |   |   |   |   |   |   |--- class: 0
|   |   |   |   |   |   |--- feature_4 >  0.30
|   |   |   |   |   |   |   |--- feature_4 <= 0.34
|   |   |   |   |   |   |   |   |--- class: 4
|   |   |   |   |   |   |   |--- feature_4 >  0.34
|   |   |   |   |   |   |   |   |--- class: 0
|   |   |   |   |   |--- feature_5 >  5.50
|   |   |   |   |   |   |--- feature_1 <= 0.98
|   |   |   |   |   |   |   |--- feature_2 <= 0.89
|   |   |   |   |   |   |   |   |--- class: 1
|   |   |   |   |   |   |   |--- feature_2 >  0.89
|   |   |   |   |   |   |   |   |--- class: 0
|   |   |   |   |   |   |--- feature_1 >  0.98
|   |   |   |   |   |   |   |--- class: 0
|   |   |   |   |--- feature_1 >  0.98
|   |   |   |   |   |--- feature_1 <= 0.99
|   |   |   |   |   |   |--- feature_4 <= 0.15
|   |   |   |   |   |   |   |--- feature_4 <= 0.10
|   |   |   |   |   |   |   |   |--- feature_5 <= 4.50
|   |   |   |   |   |   |   |   |   |--- feature_4 <= 0.09
|   |   |   |   |   |   |   |   |   |   |--- feature_1 <= 0.99
|   |   |   |   |   |   |   |   |   |   |   |--- class: 0
|   |   |   |   |   |   |   |   |   |   |--- feature_1 >  0.99
|   |   |   |   |   |   |   |   |   |   |   |--- class: 0
|   |   |   |   |   |   |   |   |   |--- feature_4 >  0.09
|   |   |   |   |   |   |   |   |   |   |--- feature_1 <= 0.99
|   |   |   |   |   |   |   |   |   |   |   |--- class: 2
|   |   |   |   |   |   |   |   |   |   |--- feature_1 >  0.99
|   |   |   |   |   |   |   |   |   |   |   |--- class: 0
|   |   |   |   |   |   |   |   |--- feature_5 >  4.50
|   |   |   |   |   |   |   |   |   |--- feature_6 <= 5.50
|   |   |   |   |   |   |   |   |   |   |--- feature_4 <= 0.07
|   |   |   |   |   |   |   |   |   |   |   |--- class: 0
|   |   |   |   |   |   |   |   |   |   |--- feature_4 >  0.07
|   |   |   |   |   |   |   |   |   |   |   |--- class: 0
|   |   |   |   |   |   |   |   |   |--- feature_6 >  5.50
|   |   |   |   |   |   |   |   |   |   |--- feature_4 <= 0.08
|   |   |   |   |   |   |   |   |   |   |   |--- class: 2
|   |   |   |   |   |   |   |   |   |   |--- feature_4 >  0.08
|   |   |   |   |   |   |   |   |   |   |   |--- class: 0
|   |   |   |   |   |   |   |--- feature_4 >  0.10
|   |   |   |   |   |   |   |   |--- feature_4 <= 0.11
|   |   |   |   |   |   |   |   |   |--- feature_4 <= 0.11
|   |   |   |   |   |   |   |   |   |   |--- feature_1 <= 0.99
|   |   |   |   |   |   |   |   |   |   |   |--- class: 0
|   |   |   |   |   |   |   |   |   |   |--- feature_1 >  0.99
|   |   |   |   |   |   |   |   |   |   |   |--- class: 0
|   |   |   |   |   |   |   |   |   |--- feature_4 >  0.11
|   |   |   |   |   |   |   |   |   |   |--- class: 2
|   |   |   |   |   |   |   |   |--- feature_4 >  0.11
|   |   |   |   |   |   |   |   |   |--- class: 0
|   |   |   |   |   |   |--- feature_4 >  0.15
|   |   |   |   |   |   |   |--- feature_6 <= 5.50
|   |   |   |   |   |   |   |   |--- feature_4 <= 0.17
|   |   |   |   |   |   |   |   |   |--- feature_4 <= 0.17
|   |   |   |   |   |   |   |   |   |   |--- feature_2 <= 0.72
|   |   |   |   |   |   |   |   |   |   |   |--- class: 4
|   |   |   |   |   |   |   |   |   |   |--- feature_2 >  0.72
|   |   |   |   |   |   |   |   |   |   |   |--- class: 2
|   |   |   |   |   |   |   |   |   |--- feature_4 >  0.17
|   |   |   |   |   |   |   |   |   |   |--- class: 1
|   |   |   |   |   |   |   |   |--- feature_4 >  0.17
|   |   |   |   |   |   |   |   |   |--- feature_1 <= 0.98
|   |   |   |   |   |   |   |   |   |   |--- feature_1 <= 0.98
|   |   |   |   |   |   |   |   |   |   |   |--- class: 0
|   |   |   |   |   |   |   |   |   |   |--- feature_1 >  0.98
|   |   |   |   |   |   |   |   |   |   |   |--- class: 2
|   |   |   |   |   |   |   |   |   |--- feature_1 >  0.98
|   |   |   |   |   |   |   |   |   |   |--- class: 0
|   |   |   |   |   |   |   |--- feature_6 >  5.50
|   |   |   |   |   |   |   |   |--- feature_4 <= 0.22
|   |   |   |   |   |   |   |   |   |--- class: 2
|   |   |   |   |   |   |   |   |--- feature_4 >  0.22
|   |   |   |   |   |   |   |   |   |--- feature_4 <= 0.23
|   |   |   |   |   |   |   |   |   |   |--- class: 0
|   |   |   |   |   |   |   |   |   |--- feature_4 >  0.23
|   |   |   |   |   |   |   |   |   |   |--- feature_2 <= 0.67
|   |   |   |   |   |   |   |   |   |   |   |--- class: 0
|   |   |   |   |   |   |   |   |   |   |--- feature_2 >  0.67
|   |   |   |   |   |   |   |   |   |   |   |--- class: 2
|   |   |   |   |   |--- feature_1 >  0.99
|   |   |   |   |   |   |--- feature_4 <= 0.05
|   |   |   |   |   |   |   |--- class: 1
|   |   |   |   |   |   |--- feature_4 >  0.05
|   |   |   |   |   |   |   |--- feature_4 <= 0.14
|   |   |   |   |   |   |   |   |--- feature_2 <= 0.94
|   |   |   |   |   |   |   |   |   |--- feature_4 <= 0.09
|   |   |   |   |   |   |   |   |   |   |--- feature_4 <= 0.09
|   |   |   |   |   |   |   |   |   |   |   |--- class: 0
|   |   |   |   |   |   |   |   |   |   |--- feature_4 >  0.09
|   |   |   |   |   |   |   |   |   |   |   |--- class: 2
|   |   |   |   |   |   |   |   |   |--- feature_4 >  0.09
|   |   |   |   |   |   |   |   |   |   |--- feature_5 <= 2.50
|   |   |   |   |   |   |   |   |   |   |   |--- class: 0
|   |   |   |   |   |   |   |   |   |   |--- feature_5 >  2.50
|   |   |   |   |   |   |   |   |   |   |   |--- class: 0
|   |   |   |   |   |   |   |   |--- feature_2 >  0.94
|   |   |   |   |   |   |   |   |   |--- feature_4 <= 0.09
|   |   |   |   |   |   |   |   |   |   |--- class: 0
|   |   |   |   |   |   |   |   |   |--- feature_4 >  0.09
|   |   |   |   |   |   |   |   |   |   |--- class: 1
|   |   |   |   |   |   |   |--- feature_4 >  0.14
|   |   |   |   |   |   |   |   |--- feature_4 <= 0.15
|   |   |   |   |   |   |   |   |   |--- feature_4 <= 0.14
|   |   |   |   |   |   |   |   |   |   |--- feature_1 <= 0.99
|   |   |   |   |   |   |   |   |   |   |   |--- class: 0
|   |   |   |   |   |   |   |   |   |   |--- feature_1 >  0.99
|   |   |   |   |   |   |   |   |   |   |   |--- class: 2
|   |   |   |   |   |   |   |   |   |--- feature_4 >  0.14
|   |   |   |   |   |   |   |   |   |   |--- feature_2 <= 0.83
|   |   |   |   |   |   |   |   |   |   |   |--- class: 0
|   |   |   |   |   |   |   |   |   |   |--- feature_2 >  0.83
|   |   |   |   |   |   |   |   |   |   |   |--- class: 1
|   |   |   |   |   |   |   |   |--- feature_4 >  0.15
|   |   |   |   |   |   |   |   |   |--- feature_4 <= 0.19
|   |   |   |   |   |   |   |   |   |   |--- class: 0
|   |   |   |   |   |   |   |   |   |--- feature_4 >  0.19
|   |   |   |   |   |   |   |   |   |   |--- feature_4 <= 0.21
|   |   |   |   |   |   |   |   |   |   |   |--- class: 2
|   |   |   |   |   |   |   |   |   |   |--- feature_4 >  0.21
|   |   |   |   |   |   |   |   |   |   |   |--- class: 0
|   |   |   |--- feature_0 >  0.83
|   |   |   |   |--- feature_2 <= 0.61
|   |   |   |   |   |--- feature_1 <= 0.98
|   |   |   |   |   |   |--- class: 2
|   |   |   |   |   |--- feature_1 >  0.98
|   |   |   |   |   |   |--- class: 0
|   |   |   |   |--- feature_2 >  0.61
|   |   |   |   |   |--- feature_1 <= 1.00
|   |   |   |   |   |   |--- feature_1 <= 1.00
|   |   |   |   |   |   |   |--- feature_4 <= 0.06
|   |   |   |   |   |   |   |   |--- feature_4 <= 0.06
|   |   |   |   |   |   |   |   |   |--- class: 0
|   |   |   |   |   |   |   |   |--- feature_4 >  0.06
|   |   |   |   |   |   |   |   |   |--- feature_5 <= 3.50
|   |   |   |   |   |   |   |   |   |   |--- class: 1
|   |   |   |   |   |   |   |   |   |--- feature_5 >  3.50
|   |   |   |   |   |   |   |   |   |   |--- feature_4 <= 0.06
|   |   |   |   |   |   |   |   |   |   |   |--- class: 1
|   |   |   |   |   |   |   |   |   |   |--- feature_4 >  0.06
|   |   |   |   |   |   |   |   |   |   |   |--- class: 0
|   |   |   |   |   |   |   |--- feature_4 >  0.06
|   |   |   |   |   |   |   |   |--- feature_3 <= 0.83
|   |   |   |   |   |   |   |   |   |--- feature_1 <= 0.99
|   |   |   |   |   |   |   |   |   |   |--- feature_4 <= 0.28
|   |   |   |   |   |   |   |   |   |   |   |--- class: 0
|   |   |   |   |   |   |   |   |   |   |--- feature_4 >  0.28
|   |   |   |   |   |   |   |   |   |   |   |--- class: 0
|   |   |   |   |   |   |   |   |   |--- feature_1 >  0.99
|   |   |   |   |   |   |   |   |   |   |--- feature_4 <= 0.09
|   |   |   |   |   |   |   |   |   |   |   |--- class: 0
|   |   |   |   |   |   |   |   |   |   |--- feature_4 >  0.09
|   |   |   |   |   |   |   |   |   |   |   |--- class: 0
|   |   |   |   |   |   |   |   |--- feature_3 >  0.83
|   |   |   |   |   |   |   |   |   |--- feature_6 <= 4.50
|   |   |   |   |   |   |   |   |   |   |--- feature_3 <= 0.94
|   |   |   |   |   |   |   |   |   |   |   |--- class: 0
|   |   |   |   |   |   |   |   |   |   |--- feature_3 >  0.94
|   |   |   |   |   |   |   |   |   |   |   |--- class: 2
|   |   |   |   |   |   |   |   |   |--- feature_6 >  4.50
|   |   |   |   |   |   |   |   |   |   |--- feature_4 <= 0.08
|   |   |   |   |   |   |   |   |   |   |   |--- class: 0
|   |   |   |   |   |   |   |   |   |   |--- feature_4 >  0.08
|   |   |   |   |   |   |   |   |   |   |   |--- class: 0
|   |   |   |   |   |   |--- feature_1 >  1.00
|   |   |   |   |   |   |   |--- feature_4 <= 0.10
|   |   |   |   |   |   |   |   |--- feature_1 <= 1.00
|   |   |   |   |   |   |   |   |   |--- class: 0
|   |   |   |   |   |   |   |   |--- feature_1 >  1.00
|   |   |   |   |   |   |   |   |   |--- feature_4 <= 0.06
|   |   |   |   |   |   |   |   |   |   |--- class: 0
|   |   |   |   |   |   |   |   |   |--- feature_4 >  0.06
|   |   |   |   |   |   |   |   |   |   |--- feature_5 <= 2.00
|   |   |   |   |   |   |   |   |   |   |   |--- class: 2
|   |   |   |   |   |   |   |   |   |   |--- feature_5 >  2.00
|   |   |   |   |   |   |   |   |   |   |   |--- class: 0
|   |   |   |   |   |   |   |--- feature_4 >  0.10
|   |   |   |   |   |   |   |   |--- feature_4 <= 0.12
|   |   |   |   |   |   |   |   |   |--- feature_5 <= 5.50
|   |   |   |   |   |   |   |   |   |   |--- class: 0
|   |   |   |   |   |   |   |   |   |--- feature_5 >  5.50
|   |   |   |   |   |   |   |   |   |   |--- class: 1
|   |   |   |   |   |   |   |   |--- feature_4 >  0.12
|   |   |   |   |   |   |   |   |   |--- feature_1 <= 1.00
|   |   |   |   |   |   |   |   |   |   |--- feature_4 <= 0.14
|   |   |   |   |   |   |   |   |   |   |   |--- class: 1
|   |   |   |   |   |   |   |   |   |   |--- feature_4 >  0.14
|   |   |   |   |   |   |   |   |   |   |   |--- class: 0
|   |   |   |   |   |   |   |   |   |--- feature_1 >  1.00
|   |   |   |   |   |   |   |   |   |   |--- feature_1 <= 1.00
|   |   |   |   |   |   |   |   |   |   |   |--- class: 0
|   |   |   |   |   |   |   |   |   |   |--- feature_1 >  1.00
|   |   |   |   |   |   |   |   |   |   |   |--- class: 0
|   |   |   |   |   |--- feature_1 >  1.00
|   |   |   |   |   |   |--- feature_4 <= 0.40
|   |   |   |   |   |   |   |--- feature_4 <= 0.08
|   |   |   |   |   |   |   |   |--- class: 0
|   |   |   |   |   |   |   |--- feature_4 >  0.08
|   |   |   |   |   |   |   |   |--- feature_4 <= 0.08
|   |   |   |   |   |   |   |   |   |--- feature_5 <= 3.00
|   |   |   |   |   |   |   |   |   |   |--- class: 0
|   |   |   |   |   |   |   |   |   |--- feature_5 >  3.00
|   |   |   |   |   |   |   |   |   |   |--- feature_0 <= 0.94
|   |   |   |   |   |   |   |   |   |   |   |--- class: 0
|   |   |   |   |   |   |   |   |   |   |--- feature_0 >  0.94
|   |   |   |   |   |   |   |   |   |   |   |--- class: 1
|   |   |   |   |   |   |   |   |--- feature_4 >  0.08
|   |   |   |   |   |   |   |   |   |--- feature_2 <= 0.94
|   |   |   |   |   |   |   |   |   |   |--- feature_4 <= 0.14
|   |   |   |   |   |   |   |   |   |   |   |--- class: 0
|   |   |   |   |   |   |   |   |   |   |--- feature_4 >  0.14
|   |   |   |   |   |   |   |   |   |   |   |--- class: 0
|   |   |   |   |   |   |   |   |   |--- feature_2 >  0.94
|   |   |   |   |   |   |   |   |   |   |--- feature_1 <= 1.00
|   |   |   |   |   |   |   |   |   |   |   |--- class: 0
|   |   |   |   |   |   |   |   |   |   |--- feature_1 >  1.00
|   |   |   |   |   |   |   |   |   |   |   |--- class: 0
|   |   |   |   |   |   |--- feature_4 >  0.40
|   |   |   |   |   |   |   |--- class: 1
