|--- feature_3 <= 0.72
|   |--- feature_4 <= 0.03
|   |   |--- feature_1 <= 1.00
|   |   |   |--- feature_1 <= 0.97
|   |   |   |   |--- feature_1 <= 0.93
|   |   |   |   |   |--- feature_4 <= 0.00
|   |   |   |   |   |   |--- feature_3 <= 0.61
|   |   |   |   |   |   |   |--- feature_4 <= 0.00
|   |   |   |   |   |   |   |   |--- class: 0
|   |   |   |   |   |   |   |--- feature_4 >  0.00
|   |   |   |   |   |   |   |   |--- class: 4
|   |   |   |   |   |   |--- feature_3 >  0.61
|   |   |   |   |   |   |   |--- class: 2
|   |   |   |   |   |--- feature_4 >  0.00
|   |   |   |   |   |   |--- class: 0
|   |   |   |   |--- feature_1 >  0.93
|   |   |   |   |   |--- feature_2 <= 0.83
|   |   |   |   |   |   |--- feature_0 <= 0.83
|   |   |   |   |   |   |   |--- feature_4 <= 0.01
|   |   |   |   |   |   |   |   |--- feature_5 <= 7.50
|   |   |   |   |   |   |   |   |   |--- feature_1 <= 0.96
|   |   |   |   |   |   |   |   |   |   |--- feature_2 <= 0.50
|   |   |   |   |   |   |   |   |   |   |   |--- truncated branch of depth 13
|   |   |   |   |   |   |   |   |   |   |--- feature_2 >  0.50
|   |   |   |   |   |   |   |   |   |   |   |--- truncated branch of depth 13
|   |   |   |   |   |   |   |   |   |--- feature_1 >  0.96
|   |   |   |   |   |   |   |   |   |   |--- feature_6 <= 5.50
|   |   |   |   |   |   |   |   |   |   |   |--- truncated branch of depth 12
|   |   |   |   |   |   |   |   |   |   |--- feature_6 >  5.50
|   |   |   |   |   |   |   |   |   |   |   |--- truncated branch of depth 2
|   |   |   |   |   |   |   |   |--- feature_5 >  7.50
|   |   |   |   |   |   |   |   |   |--- feature_4 <= 0.00
|   |   |   |   |   |   |   |   |   |   |--- class: 0
|   |   |   |   |   |   |   |   |   |--- feature_4 >  0.00
|   |   |   |   |   |   |   |   |   |   |--- class: 2
|   |   |   |   |   |   |   |--- feature_4 >  0.01
|   |   |   |   |   |   |   |   |--- feature_4 <= 0.01
|   |   |   |   |   |   |   |   |   |--- class: 3
|   |   |   |   |   |   |   |   |--- feature_4 >  0.01
|   |   |   |   |   |   |   |   |   |--- feature_5 <= 3.50
|   |   |   |   |   |   |   |   |   |   |--- feature_6 <= 5.50
|   |   |   |   |   |   |   |   |   |   |   |--- truncated branch of depth 4
|   |   |   |   |   |   |   |   |   |   |--- feature_6 >  5.50
|   |   |   |   |   |   |   |   |   |   |   |--- class: 3
|   |   |   |   |   |   |   |   |   |--- feature_5 >  3.50
|   |   |   |   |   |   |   |   |   |   |--- feature_1 <= 0.96
|   |   |   |   |   |   |   |   |   |   |   |--- truncated branch of depth 3
|   |   |   |   |   |   |   |   |   |   |--- feature_1 >  0.96
|   |   |   |   |   |   |   |   |   |   |   |--- truncated branch of depth 7
|   |   |   |   |   |   |--- feature_0 >  0.83
|   |   |   |   |   |   |   |--- feature_1 <= 0.97
|   |   |   |   |   |   |   |   |--- feature_5 <= 6.00
|   |   |   |   |   |   |   |   |   |--- feature_4 <= 0.01
|   |   |   |   |   |   |   |   |   |   |--- feature_1 <= 0.95
|   |   |   |   |   |   |   |   |   |   |   |--- truncated branch of depth 3
|   |   |   |   |   |   |   |   |   |   |--- feature_1 >  0.95
|   |   |   |   |   |   |   |   |   |   |   |--- class: 0
|   |   |   |   |   |   |   |   |   |--- feature_4 >  0.01
|   |   |   |   |   |   |   |   |   |   |--- feature_1 <= 0.96
|   |   |   |   |   |   |   |   |   |   |   |--- class: 0
|   |   |   |   |   |   |   |   |   |   |--- feature_1 >  0.96
|   |   |   |   |   |   |   |   |   |   |   |--- truncated branch of depth 2
|   |   |   |   |   |   |   |   |--- feature_5 >  6.00
|   |   |   |   |   |   |   |   |   |--- feature_4 <= 0.01
|   |   |   |   |   |   |   |   |   |   |--- class: 2
|   |   |   |   |   |   |   |   |   |--- feature_4 >  0.01
|   |   |   |   |   |   |   |   |   |   |--- class: 0
|   |   |   |   |   |   |   |--- feature_1 >  0.97
|   |   |   |   |   |   |   |   |--- class: 2
|   |   |   |   |   |--- feature_2 >  0.83
|   |   |   |   |   |   |--- feature_4 <= 0.02
|   |   |   |   |   |   |   |--- feature_6 <= 3.50
|   |   |   |   |   |   |   |   |--- feature_6 <= 2.50
|   |   |   |   |   |   |   |   |   |--- feature_5 <= 3.50
|   |   |   |   |   |   |   |   |   |   |--- class: 0
|   |   |   |   |   |   |   |   |   |--- feature_5 >  3.50
|   |   |   |   |   |   |   |   |   |   |--- feature_6 <= 1.00
|   |   |   |   |   |   |   |   |   |   |   |--- truncated branch of depth 2
|   |   |   |   |   |   |   |   |   |   |--- feature_6 >  1.00
|   |   |   |   |   |   |   |   |   |   |   |--- class: 0
|   |   |   |   |   |   |   |   |--- feature_6 >  2.50
|   |   |   |   |   |   |   |   |   |--- class: 4
|   |   |   |   |   |   |   |--- feature_6 >  3.50
|   |   |   |   |   |   |   |   |--- feature_3 <= 0.61
|   |   |   |   |   |   |   |   |   |--- feature_1 <= 0.96
|   |   |   |   |   |   |   |   |   |   |--- feature_1 <= 0.96
|   |   |   |   |   |   |   |   |   |   |   |--- class: 0
|   |   |   |   |   |   |   |   |   |   |--- feature_1 >  0.96
|   |   |   |   |   |   |   |   |   |   |   |--- class: 4
|   |   |   |   |   |   |   |   |   |--- feature_1 >  0.96
|   |   |   |   |   |   |   |   |   |   |--- class: 0
|   |   |   |   |   |   |   |   |--- feature_3 >  0.61
|   |   |   |   |   |   |   |   |   |--- feature_0 <= 0.83
|   |   |   |   |   |   |   |   |   |   |--- feature_5 <= 4.50
|   |   |   |   |   |   |   |   |   |   |   |--- class: 4
|   |   |   |   |   |   |   |   |   |   |--- feature_5 >  4.50
|   |   |   |   |   |   |   |   |   |   |   |--- class: 0
|   |   |   |   |   |   |   |   |   |--- feature_0 >  0.83
|   |   |   |   |   |   |   |   |   |   |--- feature_1 <= 0.96
|   |   |   |   |   |   |   |   |   |   |   |--- truncated branch of depth 3
|   |   |   |   |   |   |   |   |   |   |--- feature_1 >  0.96
|   |   |   |   |   |   |   |   |   |   |   |--- class: 0
|   |   |   |   |   |   |--- feature_4 >  0.02
|   |   |   |   |   |   |   |--- class: 4
|   |   |   |--- feature_1 >  0.97
|   |   |   |   |--- feature_0 <= 0.50
|   |   |   |   |   |--- feature_4 <= 0.01
|   |   |   |   |   |   |--- feature_2 <= 0.83
|   |   |   |   |   |   |   |--- feature_4 <= 0.00
|   |   |   |   |   |   |   |   |--- feature_2 <= 0.72
|   |   |   |   |   |   |   |   |   |--- feature_5 <= 6.00
|   |   |   |   |   |   |   |   |   |   |--- feature_2 <= 0.50
|   |   |   |   |   |   |   |   |   |   |   |--- class: 0
|   |   |   |   |   |   |   |   |   |   |--- feature_2 >  0.50
|   |   |   |   |   |   |   |   |   |   |   |--- truncated branch of depth 2
|   |   |   |   |   |   |   |   |   |--- feature_5 >  6.00
|   |   |   |   |   |   |   |   |   |   |--- feature_1 <= 0.98
|   |   |   |   |   |   |   |   |   |   |   |--- class: 0
|   |   |   |   |   |   |   |   |   |   |--- feature_1 >  0.98
|   |   |   |   |   |   |   |   |   |   |   |--- class: 3
|   |   |   |   |   |   |   |   |--- feature_2 >  0.72
|   |   |   |   |   |   |   |   |   |--- feature_4 <= 0.00
|   |   |   |   |   |   |   |   |   |   |--- class: 0
|   |   |   |   |   |   |   |   |   |--- feature_4 >  0.00
|   |   |   |   |   |   |   |   |   |   |--- class: 2
|   |   |   |   |   |   |   |--- feature_4 >  0.00
|   |   |   |   |   |   |   |   |--- feature_4 <= 0.00
|   |   |   |   |   |   |   |   |   |--- class: 3
|   |   |   |   |   |   |   |   |--- feature_4 >  0.00
|   |   |   |   |   |   |   |   |   |--- feature_6 <= 4.50
|   |   |   |   |   |   |   |   |   |   |--- feature_3 <= 0.61
|   |   |   |   |   |   |   |   |   |   |   |--- truncated branch of depth 2
|   |   |   |   |   |   |   |   |   |   |--- feature_3 >  0.61
|   |   |   |   |   |   |   |   |   |   |   |--- truncated branch of depth 2
|   |   |   |   |   |   |   |   |   |--- feature_6 >  4.50
|   |   |   |   |   |   |   |   |   |   |--- feature_1 <= 0.97
|   |   |   |   |   |   |   |   |   |   |   |--- truncated branch of depth 2
|   |   |   |   |   |   |   |   |   |   |--- feature_1 >  0.97
|   |   |   |   |   |   |   |   |   |   |   |--- truncated branch of depth 9
|   |   |   |   |   |   |--- feature_2 >  0.83
|   |   |   |   |   |   |   |--- class: 3
|   |   |   |   |   |--- feature_4 >  0.01
|   |   |   |   |   |   |--- feature_4 <= 0.02
|   |   |   |   |   |   |   |--- feature_1 <= 0.98
|   |   |   |   |   |   |   |   |--- feature_5 <= 4.50
|   |   |   |   |   |   |   |   |   |--- class: 0
|   |   |   |   |   |   |   |   |--- feature_5 >  4.50
|   |   |   |   |   |   |   |   |   |--- class: 3
|   |   |   |   |   |   |   |--- feature_1 >  0.98
|   |   |   |   |   |   |   |   |--- feature_1 <= 0.98
|   |   |   |   |   |   |   |   |   |--- feature_0 <= 0.39
|   |   |   |   |   |   |   |   |   |   |--- class: 0
|   |   |   |   |   |   |   |   |   |--- feature_0 >  0.39
|   |   |   |   |   |   |   |   |   |   |--- class: 3
|   |   |   |   |   |   |   |   |--- feature_1 >  0.98
|   |   |   |   |   |   |   |   |   |--- feature_3 <= 0.50
|   |   |   |   |   |   |   |   |   |   |--- class: 3
|   |   |   |   |   |   |   |   |   |--- feature_3 >  0.50
|   |   |   |   |   |   |   |   |   |   |--- class: 0
|   |   |   |   |   |   |--- feature_4 >  0.02
|   |   |   |   |   |   |   |--- feature_3 <= 0.50
|   |   |   |   |   |   |   |   |--- feature_3 <= 0.39
|   |   |   |   |   |   |   |   |   |--- class: 0
|   |   |   |   |   |   |   |   |--- feature_3 >  0.39
|   |   |   |   |   |   |   |   |   |--- class: 2
|   |   |   |   |   |   |   |--- feature_3 >  0.50
|   |   |   |   |   |   |   |   |--- class: 0
|   |   |   |   |--- feature_0 >  0.50
|   |   |   |   |   |--- feature_3 <= 0.61
|   |   |   |   |   |   |--- feature_4 <= 0.00
|   |   |   |   |   |   |   |--- feature_6 <= 4.50
|   |   |   |   |   |   |   |   |--- feature_4 <= 0.00
|   |   |   |   |   |   |   |   |   |--- feature_1 <= 0.97
|   |   |   |   |   |   |   |   |   |   |--- feature_5 <= 1.50
|   |   |   |   |   |   |   |   |   |   |   |--- class: 0
|   |   |   |   |   |   |   |   |   |   |--- feature_5 >  1.50
|   |   |   |   |   |   |   |   |   |   |   |--- truncated branch of depth 2
|   |   |   |   |   |   |   |   |   |--- feature_1 >  0.97
|   |   |   |   |   |   |   |   |   |   |--- feature_6 <= 2.50
|   |   |   |   |   |   |   |   |   |   |   |--- truncated branch of depth 10
|   |   |   |   |   |   |   |   |   |   |--- feature_6 >  2.50
|   |   |   |   |   |   |   |   |   |   |   |--- truncated branch of depth 13
|   |   |   |   |   |   |   |   |--- feature_4 >  0.00
|   |   |   |   |   |   |   |   |   |--- feature_2 <= 0.61
|   |   |   |   |   |   |   |   |   |   |--- feature_1 <= 0.98
|   |   |   |   |   |   |   |   |   |   |   |--- class: 0
|   |   |   |   |   |   |   |   |   |   |--- feature_1 >  0.98
|   |   |   |   |   |   |   |   |   |   |   |--- truncated branch of depth 2
|   |   |   |   |   |   |   |   |   |--- feature_2 >  0.61
|   |   |   |   |   |   |   |   |   |   |--- feature_3 <= 0.39
|   |   |   |   |   |   |   |   |   |   |   |--- class: 4
|   |   |   |   |   |   |   |   |   |   |--- feature_3 >  0.39
|   |   |   |   |   |   |   |   |   |   |   |--- truncated branch of depth 5
|   |   |   |   |   |   |   |--- feature_6 >  4.50
|   |   |   |   |   |   |   |   |--- feature_1 <= 0.98
|   |   |   |   |   |   |   |   |   |--- class: 4
|   |   |   |   |   |   |   |   |--- feature_1 >  0.98
|   |   |   |   |   |   |   |   |   |--- feature_5 <= 6.00
|   |   |   |   |   |   |   |   |   |   |--- feature_2 <= 0.83
|   |   |   |   |   |   |   |   |   |   |   |--- truncated branch of depth 13
|   |   |   |   |   |   |   |   |   |   |--- feature_2 >  0.83
|   |   |   |   |   |   |   |   |   |   |   |--- truncated branch of depth 9
|   |   |   |   |   |   |   |   |   |--- feature_5 >  6.00
|   |   |   |   |   |   |   |   |   |   |--- class: 4
|   |   |   |   |   |   |--- feature_4 >  0.00
|   |   |   |   |   |   |   |--- feature_1 <= 0.99
|   |   |   |   |   |   |   |   |--- feature_2 <= 0.61
|   |   |   |   |   |   |   |   |   |--- feature_1 <= 0.98
|   |   |   |   |   |   |   |   |   |   |--- feature_1 <= 0.97
|   |   |   |   |   |   |   |   |   |   |   |--- truncated branch of depth 2
|   |   |   |   |   |   |   |   |   |   |--- feature_1 >  0.97
|   |   |   |   |   |   |   |   |   |   |   |--- truncated branch of depth 5
|   |   |   |   |   |   |   |   |   |--- feature_1 >  0.98
|   |   |   |   |   |   |   |   |   |   |--- feature_4 <= 0.02
|   |   |   |   |   |   |   |   |   |   |   |--- truncated branch of depth 6
|   |   |   |   |   |   |   |   |   |   |--- feature_4 >  0.02
|   |   |   |   |   |   |   |   |   |   |   |--- class: 3
|   |   |   |   |   |   |   |   |--- feature_2 >  0.61
|   |   |   |   |   |   |   |   |   |--- feature_1 <= 0.98
|   |   |   |   |   |   |   |   |   |   |--- feature_5 <= 4.50
|   |   |   |   |   |   |   |   |   |   |   |--- truncated branch of depth 10
|   |   |   |   |   |   |   |   |   |   |--- feature_5 >  4.50
|   |   |   |   |   |   |   |   |   |   |   |--- truncated branch of depth 4
|   |   |   |   |   |   |   |   |   |--- feature_1 >  0.98
|   |   |   |   |   |   |   |   |   |   |--- feature_4 <= 0.02
|   |   |   |   |   |   |   |   |   |   |   |--- truncated branch of depth 5
|   |   |   |   |   |   |   |   |   |   |--- feature_4 >  0.02
|   |   |   |   |   |   |   |   |   |   |   |--- truncated branch of depth 2
|   |   |   |   |   |   |   |--- feature_1 >  0.99
|   |   |   |   |   |   |   |   |--- feature_4 <= 0.00
|   |   |   |   |   |   |   |   |   |--- class: 0
|   |   |   |   |   |   |   |   |--- feature_4 >  0.00
|   |   |   |   |   |   |   |   |   |--- class: 4
|   |   |   |   |   |--- feature_3 >  0.61
|   |   |   |   |   |   |--- feature_0 <= 0.83
|   |   |   |   |   |   |   |--- feature_5 <= 6.50
|   |   |   |   |   |   |   |   |--- feature_1 <= 0.98
|   |   |   |   |   |   |   |   |   |--- feature_4 <= 0.02
|   |   |   |   |   |   |   |   |   |   |--- feature_5 <= 4.50
|   |   |   |   |   |   |   |   |   |   |   |--- truncated branch of depth 12
|   |   |   |   |   |   |   |   |   |   |--- feature_5 >  4.50
|   |   |   |   |   |   |   |   |   |   |   |--- truncated branch of depth 10
|   |   |   |   |   |   |   |   |   |--- feature_4 >  0.02
|   |   |   |   |   |   |   |   |   |   |--- feature_2 <= 0.61
|   |   |   |   |   |   |   |   |   |   |   |--- truncated branch of depth 4
|   |   |   |   |   |   |   |   |   |   |--- feature_2 >  0.61
|   |   |   |   |   |   |   |   |   |   |   |--- truncated branch of depth 5
|   |   |   |   |   |   |   |   |--- feature_1 >  0.98
|   |   |   |   |   |   |   |   |   |--- feature_1 <= 0.98
|   |   |   |   |   |   |   |   |   |   |--- feature_2 <= 0.61
|   |   |   |   |   |   |   |   |   |   |   |--- truncated branch of depth 7
|   |   |   |   |   |   |   |   |   |   |--- feature_2 >  0.61
|   |   |   |   |   |   |   |   |   |   |   |--- truncated branch of depth 13
|   |   |   |   |   |   |   |   |   |--- feature_1 >  0.98
|   |   |   |   |   |   |   |   |   |   |--- feature_1 <= 0.98
|   |   |   |   |   |   |   |   |   |   |   |--- truncated branch of depth 6
|   |   |   |   |   |   |   |   |   |   |--- feature_1 >  0.98
|   |   |   |   |   |   |   |   |   |   |   |--- truncated branch of depth 13
|   |   |   |   |   |   |   |--- feature_5 >  6.50
|   |   |   |   |   |   |   |   |--- feature_4 <= 0.00
|   |   |   |   |   |   |   |   |   |--- class: 3
|   |   |   |   |   |   |   |   |--- feature_4 >  0.00
|   |   |   |   |   |   |   |   |   |--- class: 0
|   |   |   |   |   |   |--- feature_0 >  0.83
|   |   |   |   |   |   |   |--- feature_4 <= 0.02
|   |   |   |   |   |   |   |   |--- feature_4 <= 0.00
|   |   |   |   |   |   |   |   |   |--- feature_4 <= 0.00
|   |   |   |   |   |   |   |   |   |   |--- feature_6 <= 3.50
|   |   |   |   |   |   |   |   |   |   |   |--- truncated branch of depth 8
|   |   |   |   |   |   |   |   |   |   |--- feature_6 >  3.50
|   |   |   |   |   |   |   |   |   |   |   |--- truncated branch of depth 9
|   |   |   |   |   |   |   |   |   |--- feature_4 >  0.00
|   |   |   |   |   |   |   |   |   |   |--- feature_2 <= 0.61
|   |   |   |   |   |   |   |   |   |   |   |--- class: 2
|   |   |   |   |   |   |   |   |   |   |--- feature_2 >  0.61
|   |   |   |   |   |   |   |   |   |   |   |--- truncated branch of depth 3
|   |   |   |   |   |   |   |   |--- feature_4 >  0.00
|   |   |   |   |   |   |   |   |   |--- feature_2 <= 0.61
|   |   |   |   |   |   |   |   |   |   |--- feature_4 <= 0.00
|   |   |   |   |   |   |   |   |   |   |   |--- class: 0
|   |   |   |   |   |   |   |   |   |   |--- feature_4 >  0.00
|   |   |   |   |   |   |   |   |   |   |   |--- class: 4
|   |   |   |   |   |   |   |   |   |--- feature_2 >  0.61
|   |   |   |   |   |   |   |   |   |   |--- class: 0
|   |   |   |   |   |   |   |--- feature_4 >  0.02
|   |   |   |   |   |   |   |   |--- feature_4 <= 0.02
|   |   |   |   |   |   |   |   |   |--- feature_2 <= 0.72
|   |   |   |   |   |   |   |   |   |   |--- class: 4
|   |   |   |   |   |   |   |   |   |--- feature_2 >  0.72
|   |   |   |   |   |   |   |   |   |   |--- feature_2 <= 0.94
|   |   |   |   |   |   |   |   |   |   |   |--- class: 0
|   |   |   |   |   |   |   |   |   |   |--- feature_2 >  0.94
|   |   |   |   |   |   |   |   |   |   |   |--- class: 4
|   |   |   |   |   |   |   |   |--- feature_4 >  0.02
|   |   |   |   |   |   |   |   |   |--- feature_5 <= 2.50
|   |   |   |   |   |   |   |   |   |   |--- class: 4
|   |   |   |   |   |   |   |   |   |--- feature_5 >  2.50
|   |   |   |   |   |   |   |   |   |   |--- feature_4 <= 0.03
|   |   |   |   |   |   |   |   |   |   |   |--- class: 0
|   |   |   |   |   |   |   |   |   |   |--- feature_4 >  0.03
|   |   |   |   |   |   |   |   |   |   |   |--- truncated branch of depth 2
|   |   |--- feature_1 >  1.00
|   |   |   |--- feature_0 <= 0.83
|   |   |   |   |--- class: 2
|   |   |   |--- feature_0 >  0.83
|   |   |   |   |--- class: 4
|   |--- feature_4 >  0.03
|   |   |--- feature_4 <= 0.10
|   |   |   |--- feature_4 <= 0.03
|   |   |   |   |--- class: 4
|   |   |   |--- feature_4 >  0.03
|   |   |   |   |--- feature_0 <= 0.50
|   |   |   |   |   |--- feature_4 <= 0.06
|   |   |   |   |   |   |--- feature_1 <= 0.97
|   |   |   |   |   |   |   |--- feature_1 <= 0.95
|   |   |   |   |   |   |   |   |--- class: 2
|   |   |   |   |   |   |   |--- feature_1 >  0.95
|   |   |   |   |   |   |   |   |--- feature_4 <= 0.05
|   |   |   |   |   |   |   |   |   |--- feature_3 <= 0.39
|   |   |   |   |   |   |   |   |   |   |--- feature_2 <= 0.50
|   |   |   |   |   |   |   |   |   |   |   |--- class: 3
|   |   |   |   |   |   |   |   |   |   |--- feature_2 >  0.50
|   |   |   |   |   |   |   |   |   |   |   |--- class: 0
|   |   |   |   |   |   |   |   |   |--- feature_3 >  0.39
|   |   |   |   |   |   |   |   |   |   |--- feature_4 <= 0.04
|   |   |   |   |   |   |   |   |   |   |   |--- class: 0
|   |   |   |   |   |   |   |   |   |   |--- feature_4 >  0.04
|   |   |   |   |   |   |   |   |   |   |   |--- truncated branch of depth 5
|   |   |   |   |   |   |   |   |--- feature_4 >  0.05
|   |   |   |   |   |   |   |   |   |--- feature_4 <= 0.06
|   |   |   |   |   |   |   |   |   |   |--- class: 3
|   |   |   |   |   |   |   |   |   |--- feature_4 >  0.06
|   |   |   |   |   |   |   |   |   |   |--- class: 0
|   |   |   |   |   |   |--- feature_1 >  0.97
|   |   |   |   |   |   |   |--- feature_1 <= 0.97
|   |   |   |   |   |   |   |   |--- class: 3
|   |   |   |   |   |   |   |--- feature_1 >  0.97
|   |   |   |   |   |   |   |   |--- feature_6 <= 5.50
|   |   |   |   |   |   |   |   |   |--- feature_0 <= 0.39
|   |   |   |   |   |   |   |   |   |   |--- feature_4 <= 0.04
|   |   |   |   |   |   |   |   |   |   |   |--- class: 0
|   |   |   |   |   |   |   |   |   |   |--- feature_4 >  0.04
|   |   |   |   |   |   |   |   |   |   |   |--- class: 2
|   |   |   |   |   |   |   |   |   |--- feature_0 >  0.39
|   |   |   |   |   |   |   |   |   |   |--- feature_1 <= 0.98
|   |   |   |   |   |   |   |   |   |   |   |--- truncated branch of depth 3
|   |   |   |   |   |   |   |   |   |   |--- feature_1 >  0.98
|   |   |   |   |   |   |   |   |   |   |   |--- truncated branch of depth 3
|   |   |   |   |   |   |   |   |--- feature_6 >  5.50
|   |   |   |   |   |   |   |   |   |--- feature_3 <= 0.44
|   |   |   |   |   |   |   |   |   |   |--- class: 2
|   |   |   |   |   |   |   |   |   |--- feature_3 >  0.44
|   |   |   |   |   |   |   |   |   |   |--- feature_4 <= 0.03
|   |   |   |   |   |   |   |   |   |   |   |--- class: 0
|   |   |   |   |   |   |   |   |   |   |--- feature_4 >  0.03
|   |   |   |   |   |   |   |   |   |   |   |--- truncated branch of depth 5
|   |   |   |   |   |--- feature_4 >  0.06
|   |   |   |   |   |   |--- feature_1 <= 0.98
|   |   |   |   |   |   |   |--- feature_1 <= 0.98
|   |   |   |   |   |   |   |   |--- feature_1 <= 0.96
|   |   |   |   |   |   |   |   |   |--- class: 0
|   |   |   |   |   |   |   |   |--- feature_1 >  0.96
|   |   |   |   |   |   |   |   |   |--- feature_3 <= 0.61
|   |   |   |   |   |   |   |   |   |   |--- feature_4 <= 0.09
|   |   |   |   |   |   |   |   |   |   |   |--- class: 3
|   |   |   |   |   |   |   |   |   |   |--- feature_4 >  0.09
|   |   |   |   |   |   |   |   |   |   |   |--- class: 0
|   |   |   |   |   |   |   |   |   |--- feature_3 >  0.61
|   |   |   |   |   |   |   |   |   |   |--- class: 0
|   |   |   |   |   |   |   |--- feature_1 >  0.98
|   |   |   |   |   |   |   |   |--- class: 4
|   |   |   |   |   |   |--- feature_1 >  0.98
|   |   |   |   |   |   |   |--- class: 0
|   |   |   |   |--- feature_0 >  0.50
|   |   |   |   |   |--- feature_6 <= 5.50
|   |   |   |   |   |   |--- feature_4 <= 0.03
|   |   |   |   |   |   |   |--- feature_1 <= 0.98
|   |   |   |   |   |   |   |   |--- feature_4 <= 0.03
|   |   |   |   |   |   |   |   |   |--- feature_4 <= 0.03
|   |   |   |   |   |   |   |   |   |   |--- feature_0 <= 0.61
|   |   |   |   |   |   |   |   |   |   |   |--- truncated branch of depth 2
|   |   |   |   |   |   |   |   |   |   |--- feature_0 >  0.61
|   |   |   |   |   |   |   |   |   |   |   |--- truncated branch of depth 3
|   |   |   |   |   |   |   |   |   |--- feature_4 >  0.03
|   |   |   |   |   |   |   |   |   |   |--- feature_3 <= 0.50
|   |   |   |   |   |   |   |   |   |   |   |--- truncated branch of depth 2
|   |   |   |   |   |   |   |   |   |   |--- feature_3 >  0.50
|   |   |   |   |   |   |   |   |   |   |   |--- class: 0
|   |   |   |   |   |   |   |   |--- feature_4 >  0.03
|   |   |   |   |   |   |   |   |   |--- class: 2
|   |   |   |   |   |   |   |--- feature_1 >  0.98
|   |   |   |   |   |   |   |   |--- feature_5 <= 4.50
|   |   |   |   |   |   |   |   |   |--- feature_5 <= 3.50
|   |   |   |   |   |   |   |   |   |   |--- feature_4 <= 0.03
|   |   |   |   |   |   |   |   |   |   |   |--- class: 4
|   |   |   |   |   |   |   |   |   |   |--- feature_4 >  0.03
|   |   |   |   |   |   |   |   |   |   |   |--- class: 2
|   |   |   |   |   |   |   |   |   |--- feature_5 >  3.50
|   |   |   |   |   |   |   |   |   |   |--- class: 2
|   |   |   |   |   |   |   |   |--- feature_5 >  4.50
|   |   |   |   |   |   |   |   |   |--- class: 4
|   |   |   |   |   |   |--- feature_4 >  0.03
|   |   |   |   |   |   |   |--- feature_5 <= 4.50
|   |   |   |   |   |   |   |   |--- feature_1 <= 0.94
|   |   |   |   |   |   |   |   |   |--- feature_1 <= 0.94
|   |   |   |   |   |   |   |   |   |   |--- class: 0
|   |   |   |   |   |   |   |   |   |--- feature_1 >  0.94
|   |   |   |   |   |   |   |   |   |   |--- feature_2 <= 0.61
|   |   |   |   |   |   |   |   |   |   |   |--- class: 4
|   |   |   |   |   |   |   |   |   |   |--- feature_2 >  0.61
|   |   |   |   |   |   |   |   |   |   |   |--- class: 3
|   |   |   |   |   |   |   |   |--- feature_1 >  0.94
|   |   |   |   |   |   |   |   |   |--- feature_0 <= 0.94
|   |   |   |   |   |   |   |   |   |   |--- feature_2 <= 0.39
|   |   |   |   |   |   |   |   |   |   |   |--- truncated branch of depth 2
|   |   |   |   |   |   |   |   |   |   |--- feature_2 >  0.39
|   |   |   |   |   |   |   |   |   |   |   |--- truncated branch of depth 13
|   |   |   |   |   |   |   |   |   |--- feature_0 >  0.94
|   |   |   |   |   |   |   |   |   |   |--- class: 4
|   |   |   |   |   |   |   |--- feature_5 >  4.50
|   |   |   |   |   |   |   |   |--- feature_0 <= 0.72
|   |   |   |   |   |   |   |   |   |--- feature_4 <= 0.05
|   |   |   |   |   |   |   |   |   |   |--- feature_0 <= 0.61
|   |   |   |   |   |   |   |   |   |   |   |--- truncated branch of depth 4
|   |   |   |   |   |   |   |   |   |   |--- feature_0 >  0.61
|   |   |   |   |   |   |   |   |   |   |   |--- class: 0
|   |   |   |   |   |   |   |   |   |--- feature_4 >  0.05
|   |   |   |   |   |   |   |   |   |   |--- feature_1 <= 0.97
|   |   |   |   |   |   |   |   |   |   |   |--- class: 3
|   |   |   |   |   |   |   |   |   |   |--- feature_1 >  0.97
|   |   |   |   |   |   |   |   |   |   |   |--- truncated branch of depth 5
|   |   |   |   |   |   |   |   |--- feature_0 >  0.72
|   |   |   |   |   |   |   |   |   |--- feature_2 <= 0.61
|   |   |   |   |   |   |   |   |   |   |--- feature_3 <= 0.61
|   |   |   |   |   |   |   |   |   |   |   |--- class: 4
|   |   |   |   |   |   |   |   |   |   |--- feature_3 >  0.61
|   |   |   |   |   |   |   |   |   |   |   |--- truncated branch of depth 2
|   |   |   |   |   |   |   |   |   |--- feature_2 >  0.61
|   |   |   |   |   |   |   |   |   |   |--- feature_0 <= 0.94
|   |   |   |   |   |   |   |   |   |   |   |--- truncated branch of depth 4
|   |   |   |   |   |   |   |   |   |   |--- feature_0 >  0.94
|   |   |   |   |   |   |   |   |   |   |   |--- truncated branch of depth 2
|   |   |   |   |   |--- feature_6 >  5.50
|   |   |   |   |   |   |--- feature_4 <= 0.03
|   |   |   |   |   |   |   |--- feature_0 <= 0.72
|   |   |   |   |   |   |   |   |--- class: 4
|   |   |   |   |   |   |   |--- feature_0 >  0.72
|   |   |   |   |   |   |   |   |--- class: 0
|   |   |   |   |   |   |--- feature_4 >  0.03
|   |   |   |   |   |   |   |--- feature_1 <= 0.98
|   |   |   |   |   |   |   |   |--- feature_5 <= 2.50
|   |   |   |   |   |   |   |   |   |--- class: 4
|   |   |   |   |   |   |   |   |--- feature_5 >  2.50
|   |   |   |   |   |   |   |   |   |--- feature_4 <= 0.04
|   |   |   |   |   |   |   |   |   |   |--- feature_4 <= 0.03
|   |   |   |   |   |   |   |   |   |   |   |--- class: 0
|   |   |   |   |   |   |   |   |   |   |--- feature_4 >  0.03
|   |   |   |   |   |   |   |   |   |   |   |--- class: 4
|   |   |   |   |   |   |   |   |   |--- feature_4 >  0.04
|   |   |   |   |   |   |   |   |   |   |--- feature_4 <= 0.06
|   |   |   |   |   |   |   |   |   |   |   |--- class: 0
|   |   |   |   |   |   |   |   |   |   |--- feature_4 >  0.06
|   |   |   |   |   |   |   |   |   |   |   |--- truncated branch of depth 2
|   |   |   |   |   |   |   |--- feature_1 >  0.98
|   |   |   |   |   |   |   |   |--- feature_4 <= 0.04
|   |   |   |   |   |   |   |   |   |--- feature_0 <= 0.61
|   |   |   |   |   |   |   |   |   |   |--- feature_1 <= 0.98
|   |   |   |   |   |   |   |   |   |   |   |--- class: 0
|   |   |   |   |   |   |   |   |   |   |--- feature_1 >  0.98
|   |   |   |   |   |   |   |   |   |   |   |--- truncated branch of depth 2
|   |   |   |   |   |   |   |   |   |--- feature_0 >  0.61
|   |   |   |   |   |   |   |   |   |   |--- class: 0
|   |   |   |   |   |   |   |   |--- feature_4 >  0.04
|   |   |   |   |   |   |   |   |   |--- feature_4 <= 0.04
|   |   |   |   |   |   |   |   |   |   |--- feature_1 <= 0.98
|   |   |   |   |   |   |   |   |   |   |   |--- class: 0
|   |   |   |   |   |   |   |   |   |   |--- feature_1 >  0.98
|   |   |   |   |   |   |   |   |   |   |   |--- class: 2
|   |   |   |   |   |   |   |   |   |--- feature_4 >  0.04
|   |   |   |   |   |   |   |   |   |   |--- feature_4 <= 0.05
|   |   |   |   |   |   |   |   |   |   |   |--- truncated branch of depth 3
|   |   |   |   |   |   |   |   |   |   |--- feature_4 >  0.05
|   |   |   |   |   |   |   |   |   |   |   |--- class: 0
|   |   |--- feature_4 >  0.10
|   |   |   |--- feature_1 <= 0.98
|   |   |   |   |--- feature_0 <= 0.72
|   |   |   |   |   |--- feature_4 <= 0.11
|   |   |   |   |   |   |--- class: 3
|   |   |   |   |   |--- feature_4 >  0.11
|   |   |   |   |   |   |--- feature_1 <= 0.97
|   |   |   |   |   |   |   |--- feature_1 <= 0.97
|   |   |   |   |   |   |   |   |--- feature_1 <= 0.97
|   |   |   |   |   |   |   |   |   |--- feature_3 <= 0.50
|   |   |   |   |   |   |   |   |   |   |--- class: 4
|   |   |   |   |   |   |   |   |   |--- feature_3 >  0.50
|   |   |   |   |   |   |   |   |   |   |--- feature_1 <= 0.96
|   |   |   |   |   |   |   |   |   |   |   |--- truncated branch of depth 5
|   |   |   |   |   |   |   |   |   |   |--- feature_1 >  0.96
|   |   |   |   |   |   |   |   |   |   |   |--- truncated branch of depth 3
|   |   |   |   |   |   |   |   |--- feature_1 >  0.97
|   |   |   |   |   |   |   |   |   |--- feature_5 <= 2.00
|   |   |   |   |   |   |   |   |   |   |--- class: 0
|   |   |   |   |   |   |   |   |   |--- feature_5 >  2.00
|   |   |   |   |   |   |   |   |   |   |--- class: 2
|   |   |   |   |   |   |   |--- feature_1 >  0.97
|   |   |   |   |   |   |   |   |--- feature_4 <= 0.22
|   |   |   |   |   |   |   |   |   |--- feature_0 <= 0.61
|   |   |   |   |   |   |   |   |   |   |--- feature_4 <= 0.20
|   |   |   |   |   |   |   |   |   |   |   |--- truncated branch of depth 7
|   |   |   |   |   |   |   |   |   |   |--- feature_4 >  0.20
|   |   |   |   |   |   |   |   |   |   |   |--- truncated branch of depth 2
|   |   |   |   |   |   |   |   |   |--- feature_0 >  0.61
|   |   |   |   |   |   |   |   |   |   |--- feature_4 <= 0.14
|   |   |   |   |   |   |   |   |   |   |   |--- class: 0
|   |   |   |   |   |   |   |   |   |   |--- feature_4 >  0.14
|   |   |   |   |   |   |   |   |   |   |   |--- truncated branch of depth 4
|   |   |   |   |   |   |   |   |--- feature_4 >  0.22
|   |   |   |   |   |   |   |   |   |--- feature_5 <= 1.50
|   |   |   |   |   |   |   |   |   |   |--- class: 3
|   |   |   |   |   |   |   |   |   |--- feature_5 >  1.50
|   |   |   |   |   |   |   |   |   |   |--- feature_5 <= 4.50
|   |   |   |   |   |   |   |   |   |   |   |--- truncated branch of depth 3
|   |   |   |   |   |   |   |   |   |   |--- feature_5 >  4.50
|   |   |   |   |   |   |   |   |   |   |   |--- truncated branch of depth 3
|   |   |   |   |   |   |--- feature_1 >  0.97
|   |   |   |   |   |   |   |--- feature_1 <= 0.98
|   |   |   |   |   |   |   |   |--- class: 0
|   |   |   |   |   |   |   |--- feature_1 >  0.98
|   |   |   |   |   |   |   |   |--- feature_3 <= 0.61
|   |   |   |   |   |   |   |   |   |--- feature_2 <= 0.61
|   |   |   |   |   |   |   |   |   |   |--- class: 4
|   |   |   |   |   |   |   |   |   |--- feature_2 >  0.61
|   |   |   |   |   |   |   |   |   |   |--- class: 0
|   |   |   |   |   |   |   |   |--- feature_3 >  0.61
|   |   |   |   |   |   |   |   |   |--- feature_4 <= 0.25
|   |   |   |   |   |   |   |   |   |   |--- class: 0
|   |   |   |   |   |   |   |   |   |--- feature_4 >  0.25
|   |   |   |   |   |   |   |   |   |   |--- feature_4 <= 0.32
|   |   |   |   |   |   |   |   |   |   |   |--- class: 3
|   |   |   |   |   |   |   |   |   |   |--- feature_4 >  0.32
|   |   |   |   |   |   |   |   |   |   |   |--- class: 0
|   |   |   |   |--- feature_0 >  0.72
|   |   |   |   |   |--- feature_5 <= 4.50
|   |   |   |   |   |   |--- feature_4 <= 0.23
|   |   |   |   |   |   |   |--- class: 0
|   |   |   |   |   |   |--- feature_4 >  0.23
|   |   |   |   |   |   |   |--- feature_4 <= 0.25
|   |   |   |   |   |   |   |   |--- class: 4
|   |   |   |   |   |   |   |--- feature_4 >  0.25
|   |   |   |   |   |   |   |   |--- feature_6 <= 5.50
|   |   |   |   |   |   |   |   |   |--- class: 0
|   |   |   |   |   |   |   |   |--- feature_6 >  5.50
|   |   |   |   |   |   |   |   |   |--- class: 4
|   |   |   |   |   |--- feature_5 >  4.50
|   |   |   |   |   |   |--- feature_1 <= 0.98
|   |   |   |   |   |   |   |--- feature_4 <= 0.22
|   |   |   |   |   |   |   |   |--- feature_3 <= 0.61
|   |   |   |   |   |   |   |   |   |--- feature_6 <= 2.50
|   |   |   |   |   |   |   |   |   |   |--- feature_2 <= 0.72
|   |   |   |   |   |   |   |   |   |   |   |--- class: 0
|   |   |   |   |   |   |   |   |   |   |--- feature_2 >  0.72
|   |   |   |   |   |   |   |   |   |   |   |--- class: 3
|   |   |   |   |   |   |   |   |   |--- feature_6 >  2.50
|   |   |   |   |   |   |   |   |   |   |--- feature_3 <= 0.50
|   |   |   |   |   |   |   |   |   |   |   |--- class: 0
|   |   |   |   |   |   |   |   |   |   |--- feature_3 >  0.50
|   |   |   |   |   |   |   |   |   |   |   |--- truncated branch of depth 3
|   |   |   |   |   |   |   |   |--- feature_3 >  0.61
|   |   |   |   |   |   |   |   |   |--- feature_2 <= 0.61
|   |   |   |   |   |   |   |   |   |   |--- class: 2
|   |   |   |   |   |   |   |   |   |--- feature_2 >  0.61
|   |   |   |   |   |   |   |   |   |   |--- feature_4 <= 0.20
|   |   |   |   |   |   |   |   |   |   |   |--- class: 0
|   |   |   |   |   |   |   |   |   |   |--- feature_4 >  0.20
|   |   |   |   |   |   |   |   |   |   |   |--- truncated branch of depth 2
|   |   |   |   |   |   |   |--- feature_4 >  0.22
|   |   |   |   |   |   |   |   |--- feature_4 <= 0.24
|   |   |   |   |   |   |   |   |   |--- class: 0
|   |   |   |   |   |   |   |   |--- feature_4 >  0.24
|   |   |   |   |   |   |   |   |   |--- feature_4 <= 0.25
|   |   |   |   |   |   |   |   |   |   |--- class: 2
|   |   |   |   |   |   |   |   |   |--- feature_4 >  0.25
|   |   |   |   |   |   |   |   |   |   |--- feature_4 <= 0.26
|   |   |   |   |   |   |   |   |   |   |   |--- truncated branch of depth 2
|   |   |   |   |   |   |   |   |   |   |--- feature_4 >  0.26
|   |   |   |   |   |   |   |   |   |   |   |--- truncated branch of depth 4
|   |   |   |   |   |   |--- feature_1 >  0.98
|   |   |   |   |   |   |   |--- class: 2
|   |   |   |--- feature_1 >  0.98
|   |   |   |   |--- feature_1 <= 0.98
|   |   |   |   |   |--- feature_4 <= 0.17
|   |   |   |   |   |   |--- feature_5 <= 5.00
|   |   |   |   |   |   |   |--- class: 4
|   |   |   |   |   |   |--- feature_5 >  5.00
|   |   |   |   |   |   |   |--- class: 0
|   |   |   |   |   |--- feature_4 >  0.17
|   |   |   |   |   |   |--- class: 0
|   |   |   |   |--- feature_1 >  0.98
|   |   |   |   |   |--- feature_1 <= 0.98
|   |   |   |   |   |   |--- feature_4 <= 0.27
|   |   |   |   |   |   |   |--- feature_0 <= 0.61
|   |   |   |   |   |   |   |   |--- class: 0
|   |   |   |   |   |   |   |--- feature_0 >  0.61
|   |   |   |   |   |   |   |   |--- feature_1 <= 0.98
|   |   |   |   |   |   |   |   |   |--- feature_4 <= 0.11
|   |   |   |   |   |   |   |   |   |   |--- class: 4
|   |   |   |   |   |   |   |   |   |--- feature_4 >  0.11
|   |   |   |   |   |   |   |   |   |   |--- class: 0
|   |   |   |   |   |   |   |   |--- feature_1 >  0.98
|   |   |   |   |   |   |   |   |   |--- feature_0 <= 0.72
|   |   |   |   |   |   |   |   |   |   |--- feature_4 <= 0.23
|   |   |   |   |   |   |   |   |   |   |   |--- truncated branch of depth 2
|   |   |   |   |   |   |   |   |   |   |--- feature_4 >  0.23
|   |   |   |   |   |   |   |   |   |   |   |--- class: 2
|   |   |   |   |   |   |   |   |   |--- feature_0 >  0.72
|   |   |   |   |   |   |   |   |   |   |--- feature_1 <= 0.98
|   |   |   |   |   |   |   |   |   |   |   |--- class: 3
|   |   |   |   |   |   |   |   |   |   |--- feature_1 >  0.98
|   |   |   |   |   |   |   |   |   |   |   |--- class: 4
|   |   |   |   |   |   |--- feature_4 >  0.27
|   |   |   |   |   |   |   |--- class: 0
|   |   |   |   |   |--- feature_1 >  0.98
|   |   |   |   |   |   |--- feature_5 <= 4.50
|   |   |   |   |   |   |   |--- class: 0
|   |   |   |   |   |   |--- feature_5 >  4.50
|   |   |   |   |   |   |   |--- class: 4
|--- feature_3 >  0.72
|   |--- feature_2 <= 0.72
|   |   |--- feature_2 <= 0.61
|   |   |   |--- feature_5 <= 5.50
|   |   |   |   |--- feature_4 <= 0.03
|   |   |   |   |   |--- feature_2 <= 0.39
|   |   |   |   |   |   |--- feature_5 <= 1.50
|   |   |   |   |   |   |   |--- feature_0 <= 0.39
|   |   |   |   |   |   |   |   |--- class: 3
|   |   |   |   |   |   |   |--- feature_0 >  0.39
|   |   |   |   |   |   |   |   |--- feature_1 <= 0.98
|   |   |   |   |   |   |   |   |   |--- class: 0
|   |   |   |   |   |   |   |   |--- feature_1 >  0.98
|   |   |   |   |   |   |   |   |   |--- class: 2
|   |   |   |   |   |   |--- feature_5 >  1.50
|   |   |   |   |   |   |   |--- feature_4 <= 0.01
|   |   |   |   |   |   |   |   |--- feature_0 <= 0.72
|   |   |   |   |   |   |   |   |   |--- class: 0
|   |   |   |   |   |   |   |   |--- feature_0 >  0.72
|   |   |   |   |   |   |   |   |   |--- feature_4 <= 0.00
|   |   |   |   |   |   |   |   |   |   |--- class: 0
|   |   |   |   |   |   |   |   |   |--- feature_4 >  0.00
|   |   |   |   |   |   |   |   |   |   |--- class: 2
|   |   |   |   |   |   |   |--- feature_4 >  0.01
|   |   |   |   |   |   |   |   |--- feature_1 <= 0.98
|   |   |   |   |   |   |   |   |   |--- feature_2 <= 0.28
|   |   |   |   |   |   |   |   |   |   |--- feature_1 <= 0.97
|   |   |   |   |   |   |   |   |   |   |   |--- class: 0
|   |   |   |   |   |   |   |   |   |   |--- feature_1 >  0.97
|   |   |   |   |   |   |   |   |   |   |   |--- class: 4
|   |   |   |   |   |   |   |   |   |--- feature_2 >  0.28
|   |   |   |   |   |   |   |   |   |   |--- class: 0
|   |   |   |   |   |   |   |   |--- feature_1 >  0.98
|   |   |   |   |   |   |   |   |   |--- feature_4 <= 0.02
|   |   |   |   |   |   |   |   |   |   |--- class: 2
|   |   |   |   |   |   |   |   |   |--- feature_4 >  0.02
|   |   |   |   |   |   |   |   |   |   |--- class: 0
|   |   |   |   |   |--- feature_2 >  0.39
|   |   |   |   |   |   |--- feature_1 <= 0.99
|   |   |   |   |   |   |   |--- feature_0 <= 0.94
|   |   |   |   |   |   |   |   |--- feature_0 <= 0.50
|   |   |   |   |   |   |   |   |   |--- feature_2 <= 0.50
|   |   |   |   |   |   |   |   |   |   |--- feature_3 <= 0.83
|   |   |   |   |   |   |   |   |   |   |   |--- truncated branch of depth 4
|   |   |   |   |   |   |   |   |   |   |--- feature_3 >  0.83
|   |   |   |   |   |   |   |   |   |   |   |--- truncated branch of depth 2
|   |   |   |   |   |   |   |   |   |--- feature_2 >  0.50
|   |   |   |   |   |   |   |   |   |   |--- feature_1 <= 0.96
|   |   |   |   |   |   |   |   |   |   |   |--- class: 2
|   |   |   |   |   |   |   |   |   |   |--- feature_1 >  0.96
|   |   |   |   |   |   |   |   |   |   |   |--- truncated branch of depth 6
|   |   |   |   |   |   |   |   |--- feature_0 >  0.50
|   |   |   |   |   |   |   |   |   |--- feature_0 <= 0.72
|   |   |   |   |   |   |   |   |   |   |--- feature_2 <= 0.50
|   |   |   |   |   |   |   |   |   |   |   |--- truncated branch of depth 5
|   |   |   |   |   |   |   |   |   |   |--- feature_2 >  0.50
|   |   |   |   |   |   |   |   |   |   |   |--- truncated branch of depth 4
|   |   |   |   |   |   |   |   |   |--- feature_0 >  0.72
|   |   |   |   |   |   |   |   |   |   |--- feature_4 <= 0.00
|   |   |   |   |   |   |   |   |   |   |   |--- class: 0
|   |   |   |   |   |   |   |   |   |   |--- feature_4 >  0.00
|   |   |   |   |   |   |   |   |   |   |   |--- truncated branch of depth 6
|   |   |   |   |   |   |   |--- feature_0 >  0.94
|   |   |   |   |   |   |   |   |--- feature_1 <= 0.97
|   |   |   |   |   |   |   |   |   |--- class: 0
|   |   |   |   |   |   |   |   |--- feature_1 >  0.97
|   |   |   |   |   |   |   |   |   |--- class: 2
|   |   |   |   |   |   |--- feature_1 >  0.99
|   |   |   |   |   |   |   |--- feature_6 <= 1.00
|   |   |   |   |   |   |   |   |--- class: 2
|   |   |   |   |   |   |   |--- feature_6 >  1.00
|   |   |   |   |   |   |   |   |--- feature_4 <= 0.00
|   |   |   |   |   |   |   |   |   |--- feature_1 <= 0.99
|   |   |   |   |   |   |   |   |   |   |--- class: 2
|   |   |   |   |   |   |   |   |   |--- feature_1 >  0.99
|   |   |   |   |   |   |   |   |   |   |--- feature_0 <= 0.83
|   |   |   |   |   |   |   |   |   |   |   |--- truncated branch of depth 3
|   |   |   |   |   |   |   |   |   |   |--- feature_0 >  0.83
|   |   |   |   |   |   |   |   |   |   |   |--- class: 2
|   |   |   |   |   |   |   |   |--- feature_4 >  0.00
|   |   |   |   |   |   |   |   |   |--- class: 0
|   |   |   |   |--- feature_4 >  0.03
|   |   |   |   |   |--- feature_1 <= 0.98
|   |   |   |   |   |   |--- feature_2 <= 0.33
|   |   |   |   |   |   |   |--- class: 2
|   |   |   |   |   |   |--- feature_2 >  0.33
|   |   |   |   |   |   |   |--- feature_4 <= 0.03
|   |   |   |   |   |   |   |   |--- feature_0 <= 0.50
|   |   |   |   |   |   |   |   |   |--- class: 0
|   |   |   |   |   |   |   |   |--- feature_0 >  0.50
|   |   |   |   |   |   |   |   |   |--- class: 2
|   |   |   |   |   |   |   |--- feature_4 >  0.03
|   |   |   |   |   |   |   |   |--- feature_0 <= 0.83
|   |   |   |   |   |   |   |   |   |--- feature_1 <= 0.97
|   |   |   |   |   |   |   |   |   |   |--- feature_1 <= 0.97
|   |   |   |   |   |   |   |   |   |   |   |--- truncated branch of depth 3
|   |   |   |   |   |   |   |   |   |   |--- feature_1 >  0.97
|   |   |   |   |   |   |   |   |   |   |   |--- class: 4
|   |   |   |   |   |   |   |   |   |--- feature_1 >  0.97
|   |   |   |   |   |   |   |   |   |   |--- class: 0
|   |   |   |   |   |   |   |   |--- feature_0 >  0.83
|   |   |   |   |   |   |   |   |   |--- feature_3 <= 0.83
|   |   |   |   |   |   |   |   |   |   |--- class: 0
|   |   |   |   |   |   |   |   |   |--- feature_3 >  0.83
|   |   |   |   |   |   |   |   |   |   |--- class: 0
|   |   |   |   |   |--- feature_1 >  0.98
|   |   |   |   |   |   |--- feature_2 <= 0.50
|   |   |   |   |   |   |   |--- feature_2 <= 0.33
|   |   |   |   |   |   |   |   |--- class: 0
|   |   |   |   |   |   |   |--- feature_2 >  0.33
|   |   |   |   |   |   |   |   |--- feature_1 <= 0.98
|   |   |   |   |   |   |   |   |   |--- feature_5 <= 4.50
|   |   |   |   |   |   |   |   |   |   |--- class: 4
|   |   |   |   |   |   |   |   |   |--- feature_5 >  4.50
|   |   |   |   |   |   |   |   |   |   |--- class: 3
|   |   |   |   |   |   |   |   |--- feature_1 >  0.98
|   |   |   |   |   |   |   |   |   |--- feature_6 <= 5.50
|   |   |   |   |   |   |   |   |   |   |--- class: 2
|   |   |   |   |   |   |   |   |   |--- feature_6 >  5.50
|   |   |   |   |   |   |   |   |   |   |--- class: 3
|   |   |   |   |   |   |--- feature_2 >  0.50
|   |   |   |   |   |   |   |--- feature_1 <= 0.99
|   |   |   |   |   |   |   |   |--- feature_0 <= 0.61
|   |   |   |   |   |   |   |   |   |--- feature_1 <= 0.98
|   |   |   |   |   |   |   |   |   |   |--- feature_4 <= 0.04
|   |   |   |   |   |   |   |   |   |   |   |--- truncated branch of depth 3
|   |   |   |   |   |   |   |   |   |   |--- feature_4 >  0.04
|   |   |   |   |   |   |   |   |   |   |   |--- class: 0
|   |   |   |   |   |   |   |   |   |--- feature_1 >  0.98
|   |   |   |   |   |   |   |   |   |   |--- class: 2
|   |   |   |   |   |   |   |   |--- feature_0 >  0.61
|   |   |   |   |   |   |   |   |   |--- class: 0
|   |   |   |   |   |   |   |--- feature_1 >  0.99
|   |   |   |   |   |   |   |   |--- feature_4 <= 0.03
|   |   |   |   |   |   |   |   |   |--- class: 2
|   |   |   |   |   |   |   |   |--- feature_4 >  0.03
|   |   |   |   |   |   |   |   |   |--- feature_1 <= 0.99
|   |   |   |   |   |   |   |   |   |   |--- feature_4 <= 0.05
|   |   |   |   |   |   |   |   |   |   |   |--- class: 0
|   |   |   |   |   |   |   |   |   |   |--- feature_4 >  0.05
|   |   |   |   |   |   |   |   |   |   |   |--- class: 2
|   |   |   |   |   |   |   |   |   |--- feature_1 >  0.99
|   |   |   |   |   |   |   |   |   |   |--- class: 0
|   |   |   |--- feature_5 >  5.50
|   |   |   |   |--- feature_4 <= 0.07
|   |   |   |   |   |--- feature_1 <= 0.98
|   |   |   |   |   |   |--- class: 2
|   |   |   |   |   |--- feature_1 >  0.98
|   |   |   |   |   |   |--- class: 0
|   |   |   |   |--- feature_4 >  0.07
|   |   |   |   |   |--- class: 0
|   |   |--- feature_2 >  0.61
|   |   |   |--- feature_4 <= 0.01
|   |   |   |   |--- feature_1 <= 0.98
|   |   |   |   |   |--- feature_1 <= 0.98
|   |   |   |   |   |   |--- feature_1 <= 0.98
|   |   |   |   |   |   |   |--- feature_1 <= 0.98
|   |   |   |   |   |   |   |   |--- feature_3 <= 0.83
|   |   |   |   |   |   |   |   |   |--- feature_0 <= 0.83
|   |   |   |   |   |   |   |   |   |   |--- feature_4 <= 0.01
|   |   |   |   |   |   |   |   |   |   |   |--- truncated branch of depth 9
|   |   |   |   |   |   |   |   |   |   |--- feature_4 >  0.01
|   |   |   |   |   |   |   |   |   |   |   |--- truncated branch of depth 2
|   |   |   |   |   |   |   |   |   |--- feature_0 >  0.83
|   |   |   |   |   |   |   |   |   |   |--- feature_1 <= 0.98
|   |   |   |   |   |   |   |   |   |   |   |--- truncated branch of depth 2
|   |   |   |   |   |   |   |   |   |   |--- feature_1 >  0.98
|   |   |   |   |   |   |   |   |   |   |   |--- truncated branch of depth 2
|   |   |   |   |   |   |   |   |--- feature_3 >  0.83
|   |   |   |   |   |   |   |   |   |--- feature_4 <= 0.00
|   |   |   |   |   |   |   |   |   |   |--- feature_6 <= 3.50
|   |   |   |   |   |   |   |   |   |   |   |--- truncated branch of depth 3
|   |   |   |   |   |   |   |   |   |   |--- feature_6 >  3.50
|   |   |   |   |   |   |   |   |   |   |   |--- truncated branch of depth 3
|   |   |   |   |   |   |   |   |   |--- feature_4 >  0.00
|   |   |   |   |   |   |   |   |   |   |--- class: 2
|   |   |   |   |   |   |   |--- feature_1 >  0.98
|   |   |   |   |   |   |   |   |--- class: 0
|   |   |   |   |   |   |--- feature_1 >  0.98
|   |   |   |   |   |   |   |--- feature_0 <= 0.72
|   |   |   |   |   |   |   |   |--- feature_0 <= 0.61
|   |   |   |   |   |   |   |   |   |--- feature_4 <= 0.00
|   |   |   |   |   |   |   |   |   |   |--- class: 2
|   |   |   |   |   |   |   |   |   |--- feature_4 >  0.00
|   |   |   |   |   |   |   |   |   |   |--- class: 0
|   |   |   |   |   |   |   |   |--- feature_0 >  0.61
|   |   |   |   |   |   |   |   |   |--- feature_4 <= 0.00
|   |   |   |   |   |   |   |   |   |   |--- feature_6 <= 3.50
|   |   |   |   |   |   |   |   |   |   |   |--- class: 0
|   |   |   |   |   |   |   |   |   |   |--- feature_6 >  3.50
|   |   |   |   |   |   |   |   |   |   |   |--- truncated branch of depth 2
|   |   |   |   |   |   |   |   |   |--- feature_4 >  0.00
|   |   |   |   |   |   |   |   |   |   |--- class: 0
|   |   |   |   |   |   |   |--- feature_0 >  0.72
|   |   |   |   |   |   |   |   |--- feature_5 <= 1.50
|   |   |   |   |   |   |   |   |   |--- feature_1 <= 0.98
|   |   |   |   |   |   |   |   |   |   |--- class: 3
|   |   |   |   |   |   |   |   |   |--- feature_1 >  0.98
|   |   |   |   |   |   |   |   |   |   |--- class: 0
|   |   |   |   |   |   |   |   |--- feature_5 >  1.50
|   |   |   |   |   |   |   |   |   |--- feature_4 <= 0.00
|   |   |   |   |   |   |   |   |   |   |--- class: 4
|   |   |   |   |   |   |   |   |   |--- feature_4 >  0.00
|   |   |   |   |   |   |   |   |   |   |--- class: 0
|   |   |   |   |   |--- feature_1 >  0.98
|   |   |   |   |   |   |--- class: 0
|   |   |   |   |--- feature_1 >  0.98
|   |   |   |   |   |--- feature_4 <= 0.01
|   |   |   |   |   |   |--- feature_1 <= 0.98
|   |   |   |   |   |   |   |--- feature_5 <= 4.50
|   |   |   |   |   |   |   |   |--- feature_6 <= 4.00
|   |   |   |   |   |   |   |   |   |--- feature_4 <= 0.00
|   |   |   |   |   |   |   |   |   |   |--- class: 0
|   |   |   |   |   |   |   |   |   |--- feature_4 >  0.00
|   |   |   |   |   |   |   |   |   |   |--- feature_4 <= 0.00
|   |   |   |   |   |   |   |   |   |   |   |--- class: 2
|   |   |   |   |   |   |   |   |   |   |--- feature_4 >  0.00
|   |   |   |   |   |   |   |   |   |   |   |--- class: 0
|   |   |   |   |   |   |   |   |--- feature_6 >  4.00
|   |   |   |   |   |   |   |   |   |--- class: 0
|   |   |   |   |   |   |   |--- feature_5 >  4.50
|   |   |   |   |   |   |   |   |--- feature_4 <= 0.00
|   |   |   |   |   |   |   |   |   |--- class: 0
|   |   |   |   |   |   |   |   |--- feature_4 >  0.00
|   |   |   |   |   |   |   |   |   |--- feature_4 <= 0.00
|   |   |   |   |   |   |   |   |   |   |--- class: 2
|   |   |   |   |   |   |   |   |   |--- feature_4 >  0.00
|   |   |   |   |   |   |   |   |   |   |--- feature_4 <= 0.00
|   |   |   |   |   |   |   |   |   |   |   |--- class: 0
|   |   |   |   |   |   |   |   |   |   |--- feature_4 >  0.00
|   |   |   |   |   |   |   |   |   |   |   |--- class: 2
|   |   |   |   |   |   |--- feature_1 >  0.98
|   |   |   |   |   |   |   |--- feature_0 <= 0.72
|   |   |   |   |   |   |   |   |--- feature_1 <= 0.99
|   |   |   |   |   |   |   |   |   |--- feature_6 <= 2.00
|   |   |   |   |   |   |   |   |   |   |--- feature_3 <= 0.83
|   |   |   |   |   |   |   |   |   |   |   |--- class: 0
|   |   |   |   |   |   |   |   |   |   |--- feature_3 >  0.83
|   |   |   |   |   |   |   |   |   |   |   |--- class: 4
|   |   |   |   |   |   |   |   |   |--- feature_6 >  2.00
|   |   |   |   |   |   |   |   |   |   |--- feature_1 <= 0.99
|   |   |   |   |   |   |   |   |   |   |   |--- truncated branch of depth 5
|   |   |   |   |   |   |   |   |   |   |--- feature_1 >  0.99
|   |   |   |   |   |   |   |   |   |   |   |--- truncated branch of depth 6
|   |   |   |   |   |   |   |   |--- feature_1 >  0.99
|   |   |   |   |   |   |   |   |   |--- feature_1 <= 0.99
|   |   |   |   |   |   |   |   |   |   |--- feature_4 <= 0.00
|   |   |   |   |   |   |   |   |   |   |   |--- truncated branch of depth 7
|   |   |   |   |   |   |   |   |   |   |--- feature_4 >  0.00
|   |   |   |   |   |   |   |   |   |   |   |--- class: 0
|   |   |   |   |   |   |   |   |   |--- feature_1 >  0.99
|   |   |   |   |   |   |   |   |   |   |--- feature_3 <= 0.83
|   |   |   |   |   |   |   |   |   |   |   |--- truncated branch of depth 3
|   |   |   |   |   |   |   |   |   |   |--- feature_3 >  0.83
|   |   |   |   |   |   |   |   |   |   |   |--- truncated branch of depth 13
|   |   |   |   |   |   |   |--- feature_0 >  0.72
|   |   |   |   |   |   |   |   |--- feature_1 <= 0.98
|   |   |   |   |   |   |   |   |   |--- feature_4 <= 0.00
|   |   |   |   |   |   |   |   |   |   |--- class: 2
|   |   |   |   |   |   |   |   |   |--- feature_4 >  0.00
|   |   |   |   |   |   |   |   |   |   |--- feature_3 <= 0.83
|   |   |   |   |   |   |   |   |   |   |   |--- class: 0
|   |   |   |   |   |   |   |   |   |   |--- feature_3 >  0.83
|   |   |   |   |   |   |   |   |   |   |   |--- truncated branch of depth 3
|   |   |   |   |   |   |   |   |--- feature_1 >  0.98
|   |   |   |   |   |   |   |   |   |--- feature_4 <= 0.00
|   |   |   |   |   |   |   |   |   |   |--- feature_0 <= 0.83
|   |   |   |   |   |   |   |   |   |   |   |--- class: 0
|   |   |   |   |   |   |   |   |   |   |--- feature_0 >  0.83
|   |   |   |   |   |   |   |   |   |   |   |--- truncated branch of depth 5
|   |   |   |   |   |   |   |   |   |--- feature_4 >  0.00
|   |   |   |   |   |   |   |   |   |   |--- feature_4 <= 0.00
|   |   |   |   |   |   |   |   |   |   |   |--- truncated branch of depth 3
|   |   |   |   |   |   |   |   |   |   |--- feature_4 >  0.00
|   |   |   |   |   |   |   |   |   |   |   |--- truncated branch of depth 4
|   |   |   |   |   |--- feature_4 >  0.01
|   |   |   |   |   |   |--- feature_3 <= 0.83
|   |   |   |   |   |   |   |--- class: 2
|   |   |   |   |   |   |--- feature_3 >  0.83
|   |   |   |   |   |   |   |--- class: 0
|   |   |   |--- feature_4 >  0.01
|   |   |   |   |--- feature_1 <= 0.98
|   |   |   |   |   |--- feature_1 <= 0.96
|   |   |   |   |   |   |--- feature_0 <= 0.72
|   |   |   |   |   |   |   |--- class: 0
|   |   |   |   |   |   |--- feature_0 >  0.72
|   |   |   |   |   |   |   |--- feature_5 <= 3.50
|   |   |   |   |   |   |   |   |--- feature_4 <= 0.04
|   |   |   |   |   |   |   |   |   |--- feature_4 <= 0.02
|   |   |   |   |   |   |   |   |   |   |--- class: 4
|   |   |   |   |   |   |   |   |   |--- feature_4 >  0.02
|   |   |   |   |   |   |   |   |   |   |--- class: 2
|   |   |   |   |   |   |   |   |--- feature_4 >  0.04
|   |   |   |   |   |   |   |   |   |--- class: 0
|   |   |   |   |   |   |   |--- feature_5 >  3.50
|   |   |   |   |   |   |   |   |--- feature_1 <= 0.96
|   |   |   |   |   |   |   |   |   |--- feature_1 <= 0.95
|   |   |   |   |   |   |   |   |   |   |--- class: 0
|   |   |   |   |   |   |   |   |   |--- feature_1 >  0.95
|   |   |   |   |   |   |   |   |   |   |--- class: 2
|   |   |   |   |   |   |   |   |--- feature_1 >  0.96
|   |   |   |   |   |   |   |   |   |--- class: 0
|   |   |   |   |   |--- feature_1 >  0.96
|   |   |   |   |   |   |--- feature_0 <= 0.94
|   |   |   |   |   |   |   |--- feature_4 <= 0.21
|   |   |   |   |   |   |   |   |--- feature_5 <= 4.50
|   |   |   |   |   |   |   |   |   |--- feature_4 <= 0.02
|   |   |   |   |   |   |   |   |   |   |--- feature_4 <= 0.02
|   |   |   |   |   |   |   |   |   |   |   |--- class: 0
|   |   |   |   |   |   |   |   |   |   |--- feature_4 >  0.02
|   |   |   |   |   |   |   |   |   |   |   |--- class: 2
|   |   |   |   |   |   |   |   |   |--- feature_4 >  0.02
|   |   |   |   |   |   |   |   |   |   |--- class: 0
|   |   |   |   |   |   |   |   |--- feature_5 >  4.50
|   |   |   |   |   |   |   |   |   |--- feature_1 <= 0.98
|   |   |   |   |   |   |   |   |   |   |--- class: 0
|   |   |   |   |   |   |   |   |   |--- feature_1 >  0.98
|   |   |   |   |   |   |   |   |   |   |--- feature_1 <= 0.98
|   |   |   |   |   |   |   |   |   |   |   |--- class: 4
|   |   |   |   |   |   |   |   |   |   |--- feature_1 >  0.98
|   |   |   |   |   |   |   |   |   |   |   |--- class: 0
|   |   |   |   |   |   |   |--- feature_4 >  0.21
|   |   |   |   |   |   |   |   |--- feature_4 <= 0.21
|   |   |   |   |   |   |   |   |   |--- class: 3
|   |   |   |   |   |   |   |   |--- feature_4 >  0.21
|   |   |   |   |   |   |   |   |   |--- class: 0
|   |   |   |   |   |   |--- feature_0 >  0.94
|   |   |   |   |   |   |   |--- feature_4 <= 0.03
|   |   |   |   |   |   |   |   |--- class: 0
|   |   |   |   |   |   |   |--- feature_4 >  0.03
|   |   |   |   |   |   |   |   |--- feature_4 <= 0.04
|   |   |   |   |   |   |   |   |   |--- class: 4
|   |   |   |   |   |   |   |   |--- feature_4 >  0.04
|   |   |   |   |   |   |   |   |   |--- class: 0
|   |   |   |   |--- feature_1 >  0.98
|   |   |   |   |   |--- feature_4 <= 0.18
|   |   |   |   |   |   |--- feature_6 <= 5.50
|   |   |   |   |   |   |   |--- feature_4 <= 0.04
|   |   |   |   |   |   |   |   |--- feature_1 <= 0.99
|   |   |   |   |   |   |   |   |   |--- class: 0
|   |   |   |   |   |   |   |   |--- feature_1 >  0.99
|   |   |   |   |   |   |   |   |   |--- feature_4 <= 0.01
|   |   |   |   |   |   |   |   |   |   |--- class: 0
|   |   |   |   |   |   |   |   |   |--- feature_4 >  0.01
|   |   |   |   |   |   |   |   |   |   |--- feature_4 <= 0.01
|   |   |   |   |   |   |   |   |   |   |   |--- class: 2
|   |   |   |   |   |   |   |   |   |   |--- feature_4 >  0.01
|   |   |   |   |   |   |   |   |   |   |   |--- truncated branch of depth 3
|   |   |   |   |   |   |   |--- feature_4 >  0.04
|   |   |   |   |   |   |   |   |--- feature_4 <= 0.05
|   |   |   |   |   |   |   |   |   |--- class: 4
|   |   |   |   |   |   |   |   |--- feature_4 >  0.05
|   |   |   |   |   |   |   |   |   |--- feature_5 <= 4.50
|   |   |   |   |   |   |   |   |   |   |--- class: 0
|   |   |   |   |   |   |   |   |   |--- feature_5 >  4.50
|   |   |   |   |   |   |   |   |   |   |--- feature_4 <= 0.06
|   |   |   |   |   |   |   |   |   |   |   |--- class: 0
|   |   |   |   |   |   |   |   |   |   |--- feature_4 >  0.06
|   |   |   |   |   |   |   |   |   |   |   |--- truncated branch of depth 2
|   |   |   |   |   |   |--- feature_6 >  5.50
|   |   |   |   |   |   |   |--- feature_0 <= 0.83
|   |   |   |   |   |   |   |   |--- feature_4 <= 0.05
|   |   |   |   |   |   |   |   |   |--- feature_1 <= 0.98
|   |   |   |   |   |   |   |   |   |   |--- feature_1 <= 0.98
|   |   |   |   |   |   |   |   |   |   |   |--- class: 0
|   |   |   |   |   |   |   |   |   |   |--- feature_1 >  0.98
|   |   |   |   |   |   |   |   |   |   |   |--- truncated branch of depth 3
|   |   |   |   |   |   |   |   |   |--- feature_1 >  0.98
|   |   |   |   |   |   |   |   |   |   |--- class: 0
|   |   |   |   |   |   |   |   |--- feature_4 >  0.05
|   |   |   |   |   |   |   |   |   |--- feature_4 <= 0.07
|   |   |   |   |   |   |   |   |   |   |--- class: 2
|   |   |   |   |   |   |   |   |   |--- feature_4 >  0.07
|   |   |   |   |   |   |   |   |   |   |--- class: 0
|   |   |   |   |   |   |   |--- feature_0 >  0.83
|   |   |   |   |   |   |   |   |--- class: 2
|   |   |   |   |   |--- feature_4 >  0.18
|   |   |   |   |   |   |--- feature_4 <= 0.24
|   |   |   |   |   |   |   |--- class: 2
|   |   |   |   |   |   |--- feature_4 >  0.24
|   |   |   |   |   |   |   |--- feature_5 <= 4.50
|   |   |   |   |   |   |   |   |--- class: 0
|   |   |   |   |   |   |   |--- feature_5 >  4.50
|   |   |   |   |   |   |   |   |--- class: 4
|   |--- feature_2 >  0.72
|   |   |--- feature_3 <= 0.83
|   |   |   |--- feature_0 <= 0.83
|   |   |   |   |--- feature_0 <= 0.72
|   |   |   |   |   |--- feature_4 <= 0.18
|   |   |   |   |   |   |--- feature_1 <= 0.99
|   |   |   |   |   |   |   |--- feature_1 <= 0.95
|   |   |   |   |   |   |   |   |--- feature_1 <= 0.95
|   |   |   |   |   |   |   |   |   |--- class: 0
|   |   |   |   |   |   |   |   |--- feature_1 >  0.95
|   |   |   |   |   |   |   |   |   |--- class: 4
|   |   |   |   |   |   |   |--- feature_1 >  0.95
|   |   |   |   |   |   |   |   |--- feature_6 <= 4.50
|   |   |   |   |   |   |   |   |   |--- feature_6 <= 3.50
|   |   |   |   |   |   |   |   |   |   |--- feature_6 <= 1.00
|   |   |   |   |   |   |   |   |   |   |   |--- class: 0
|   |   |   |   |   |   |   |   |   |   |--- feature_6 >  1.00
|   |   |   |   |   |   |   |   |   |   |   |--- truncated branch of depth 8
|   |   |   |   |   |   |   |   |   |--- feature_6 >  3.50
|   |   |   |   |   |   |   |   |   |   |--- feature_4 <= 0.04
|   |   |   |   |   |   |   |   |   |   |   |--- class: 0
|   |   |   |   |   |   |   |   |   |   |--- feature_4 >  0.04
|   |   |   |   |   |   |   |   |   |   |   |--- class: 3
|   |   |   |   |   |   |   |   |--- feature_6 >  4.50
|   |   |   |   |   |   |   |   |   |--- feature_5 <= 5.50
|   |   |   |   |   |   |   |   |   |   |--- feature_4 <= 0.00
|   |   |   |   |   |   |   |   |   |   |   |--- truncated branch of depth 3
|   |   |   |   |   |   |   |   |   |   |--- feature_4 >  0.00
|   |   |   |   |   |   |   |   |   |   |   |--- truncated branch of depth 5
|   |   |   |   |   |   |   |   |   |--- feature_5 >  5.50
|   |   |   |   |   |   |   |   |   |   |--- feature_4 <= 0.04
|   |   |   |   |   |   |   |   |   |   |   |--- class: 0
|   |   |   |   |   |   |   |   |   |   |--- feature_4 >  0.04
|   |   |   |   |   |   |   |   |   |   |   |--- class: 3
|   |   |   |   |   |   |--- feature_1 >  0.99
|   |   |   |   |   |   |   |--- feature_4 <= 0.01
|   |   |   |   |   |   |   |   |--- feature_4 <= 0.01
|   |   |   |   |   |   |   |   |   |--- feature_0 <= 0.61
|   |   |   |   |   |   |   |   |   |   |--- class: 0
|   |   |   |   |   |   |   |   |   |--- feature_0 >  0.61
|   |   |   |   |   |   |   |   |   |   |--- feature_4 <= 0.00
|   |   |   |   |   |   |   |   |   |   |   |--- class: 2
|   |   |   |   |   |   |   |   |   |   |--- feature_4 >  0.00
|   |   |   |   |   |   |   |   |   |   |   |--- class: 0
|   |   |   |   |   |   |   |   |--- feature_4 >  0.01
|   |   |   |   |   |   |   |   |   |--- class: 2
|   |   |   |   |   |   |   |--- feature_4 >  0.01
|   |   |   |   |   |   |   |   |--- class: 0
|   |   |   |   |   |--- feature_4 >  0.18
|   |   |   |   |   |   |--- feature_4 <= 0.19
|   |   |   |   |   |   |   |--- feature_0 <= 0.61
|   |   |   |   |   |   |   |   |--- feature_5 <= 4.00
|   |   |   |   |   |   |   |   |   |--- class: 3
|   |   |   |   |   |   |   |   |--- feature_5 >  4.00
|   |   |   |   |   |   |   |   |   |--- class: 3
|   |   |   |   |   |   |   |--- feature_0 >  0.61
|   |   |   |   |   |   |   |   |--- class: 0
|   |   |   |   |   |   |--- feature_4 >  0.19
|   |   |   |   |   |   |   |--- feature_2 <= 0.83
|   |   |   |   |   |   |   |   |--- class: 0
|   |   |   |   |   |   |   |--- feature_2 >  0.83
|   |   |   |   |   |   |   |   |--- feature_6 <= 5.50
|   |   |   |   |   |   |   |   |   |--- class: 3
|   |   |   |   |   |   |   |   |--- feature_6 >  5.50
|   |   |   |   |   |   |   |   |   |--- class: 0
|   |   |   |   |--- feature_0 >  0.72
|   |   |   |   |   |--- feature_4 <= 0.00
|   |   |   |   |   |   |--- feature_1 <= 0.95
|   |   |   |   |   |   |   |--- class: 4
|   |   |   |   |   |   |--- feature_1 >  0.95
|   |   |   |   |   |   |   |--- feature_1 <= 0.99
|   |   |   |   |   |   |   |   |--- class: 0
|   |   |   |   |   |   |   |--- feature_1 >  0.99
|   |   |   |   |   |   |   |   |--- feature_1 <= 0.99
|   |   |   |   |   |   |   |   |   |--- feature_5 <= 3.00
|   |   |   |   |   |   |   |   |   |   |--- class: 0
|   |   |   |   |   |   |   |   |   |--- feature_5 >  3.00
|   |   |   |   |   |   |   |   |   |   |--- feature_6 <= 5.50
|   |   |   |   |   |   |   |   |   |   |   |--- class: 4
|   |   |   |   |   |   |   |   |   |   |--- feature_6 >  5.50
|   |   |   |   |   |   |   |   |   |   |   |--- class: 0
|   |   |   |   |   |   |   |   |--- feature_1 >  0.99
|   |   |   |   |   |   |   |   |   |--- class: 0
|   |   |   |   |   |--- feature_4 >  0.00
|   |   |   |   |   |   |--- feature_6 <= 2.50
|   |   |   |   |   |   |   |--- class: 0
|   |   |   |   |   |   |--- feature_6 >  2.50
|   |   |   |   |   |   |   |--- feature_1 <= 0.96
|   |   |   |   |   |   |   |   |--- feature_4 <= 0.13
|   |   |   |   |   |   |   |   |   |--- feature_1 <= 0.96
|   |   |   |   |   |   |   |   |   |   |--- feature_1 <= 0.96
|   |   |   |   |   |   |   |   |   |   |   |--- truncated branch of depth 6
|   |   |   |   |   |   |   |   |   |   |--- feature_1 >  0.96
|   |   |   |   |   |   |   |   |   |   |   |--- class: 0
|   |   |   |   |   |   |   |   |   |--- feature_1 >  0.96
|   |   |   |   |   |   |   |   |   |   |--- feature_4 <= 0.02
|   |   |   |   |   |   |   |   |   |   |   |--- class: 0
|   |   |   |   |   |   |   |   |   |   |--- feature_4 >  0.02
|   |   |   |   |   |   |   |   |   |   |   |--- truncated branch of depth 2
|   |   |   |   |   |   |   |   |--- feature_4 >  0.13
|   |   |   |   |   |   |   |   |   |--- feature_6 <= 5.50
|   |   |   |   |   |   |   |   |   |   |--- class: 4
|   |   |   |   |   |   |   |   |   |--- feature_6 >  5.50
|   |   |   |   |   |   |   |   |   |   |--- class: 0
|   |   |   |   |   |   |   |--- feature_1 >  0.96
|   |   |   |   |   |   |   |   |--- feature_1 <= 0.98
|   |   |   |   |   |   |   |   |   |--- feature_2 <= 0.83
|   |   |   |   |   |   |   |   |   |   |--- feature_5 <= 5.50
|   |   |   |   |   |   |   |   |   |   |   |--- truncated branch of depth 13
|   |   |   |   |   |   |   |   |   |   |--- feature_5 >  5.50
|   |   |   |   |   |   |   |   |   |   |   |--- truncated branch of depth 2
|   |   |   |   |   |   |   |   |   |--- feature_2 >  0.83
|   |   |   |   |   |   |   |   |   |   |--- feature_4 <= 0.00
|   |   |   |   |   |   |   |   |   |   |   |--- truncated branch of depth 6
|   |   |   |   |   |   |   |   |   |   |--- feature_4 >  0.00
|   |   |   |   |   |   |   |   |   |   |   |--- truncated branch of depth 4
|   |   |   |   |   |   |   |   |--- feature_1 >  0.98
|   |   |   |   |   |   |   |   |   |--- feature_4 <= 0.01
|   |   |   |   |   |   |   |   |   |   |--- feature_5 <= 5.50
|   |   |   |   |   |   |   |   |   |   |   |--- truncated branch of depth 11
|   |   |   |   |   |   |   |   |   |   |--- feature_5 >  5.50
|   |   |   |   |   |   |   |   |   |   |   |--- truncated branch of depth 2
|   |   |   |   |   |   |   |   |   |--- feature_4 >  0.01
|   |   |   |   |   |   |   |   |   |   |--- feature_4 <= 0.01
|   |   |   |   |   |   |   |   |   |   |   |--- truncated branch of depth 3
|   |   |   |   |   |   |   |   |   |   |--- feature_4 >  0.01
|   |   |   |   |   |   |   |   |   |   |   |--- truncated branch of depth 7
|   |   |   |--- feature_0 >  0.83
|   |   |   |   |--- feature_1 <= 0.99
|   |   |   |   |   |--- feature_4 <= 0.18
|   |   |   |   |   |   |--- feature_6 <= 3.50
|   |   |   |   |   |   |   |--- feature_6 <= 1.00
|   |   |   |   |   |   |   |   |--- class: 0
|   |   |   |   |   |   |   |--- feature_6 >  1.00
|   |   |   |   |   |   |   |   |--- feature_5 <= 4.50
|   |   |   |   |   |   |   |   |   |--- feature_4 <= 0.00
|   |   |   |   |   |   |   |   |   |   |--- feature_4 <= 0.00
|   |   |   |   |   |   |   |   |   |   |   |--- class: 0
|   |   |   |   |   |   |   |   |   |   |--- feature_4 >  0.00
|   |   |   |   |   |   |   |   |   |   |   |--- truncated branch of depth 3
|   |   |   |   |   |   |   |   |   |--- feature_4 >  0.00
|   |   |   |   |   |   |   |   |   |   |--- feature_4 <= 0.00
|   |   |   |   |   |   |   |   |   |   |   |--- truncated branch of depth 5
|   |   |   |   |   |   |   |   |   |   |--- feature_4 >  0.00
|   |   |   |   |   |   |   |   |   |   |   |--- truncated branch of depth 2
|   |   |   |   |   |   |   |   |--- feature_5 >  4.50
|   |   |   |   |   |   |   |   |   |--- feature_2 <= 0.83
|   |   |   |   |   |   |   |   |   |   |--- feature_4 <= 0.00
|   |   |   |   |   |   |   |   |   |   |   |--- truncated branch of depth 4
|   |   |   |   |   |   |   |   |   |   |--- feature_4 >  0.00
|   |   |   |   |   |   |   |   |   |   |   |--- truncated branch of depth 4
|   |   |   |   |   |   |   |   |   |--- feature_2 >  0.83
|   |   |   |   |   |   |   |   |   |   |--- class: 0
|   |   |   |   |   |   |--- feature_6 >  3.50
|   |   |   |   |   |   |   |--- feature_5 <= 4.50
|   |   |   |   |   |   |   |   |--- feature_5 <= 1.50
|   |   |   |   |   |   |   |   |   |--- feature_4 <= 0.00
|   |   |   |   |   |   |   |   |   |   |--- class: 0
|   |   |   |   |   |   |   |   |   |--- feature_4 >  0.00
|   |   |   |   |   |   |   |   |   |   |--- feature_4 <= 0.00
|   |   |   |   |   |   |   |   |   |   |   |--- truncated branch of depth 3
|   |   |   |   |   |   |   |   |   |   |--- feature_4 >  0.00
|   |   |   |   |   |   |   |   |   |   |   |--- class: 0
|   |   |   |   |   |   |   |   |--- feature_5 >  1.50
|   |   |   |   |   |   |   |   |   |--- feature_4 <= 0.00
|   |   |   |   |   |   |   |   |   |   |--- feature_4 <= 0.00
|   |   |   |   |   |   |   |   |   |   |   |--- truncated branch of depth 8
|   |   |   |   |   |   |   |   |   |   |--- feature_4 >  0.00
|   |   |   |   |   |   |   |   |   |   |   |--- class: 4
|   |   |   |   |   |   |   |   |   |--- feature_4 >  0.00
|   |   |   |   |   |   |   |   |   |   |--- feature_0 <= 0.94
|   |   |   |   |   |   |   |   |   |   |   |--- truncated branch of depth 9
|   |   |   |   |   |   |   |   |   |   |--- feature_0 >  0.94
|   |   |   |   |   |   |   |   |   |   |   |--- truncated branch of depth 2
|   |   |   |   |   |   |   |--- feature_5 >  4.50
|   |   |   |   |   |   |   |   |--- feature_1 <= 0.95
|   |   |   |   |   |   |   |   |   |--- feature_1 <= 0.95
|   |   |   |   |   |   |   |   |   |   |--- class: 0
|   |   |   |   |   |   |   |   |   |--- feature_1 >  0.95
|   |   |   |   |   |   |   |   |   |   |--- class: 2
|   |   |   |   |   |   |   |   |--- feature_1 >  0.95
|   |   |   |   |   |   |   |   |   |--- feature_1 <= 0.98
|   |   |   |   |   |   |   |   |   |   |--- feature_4 <= 0.01
|   |   |   |   |   |   |   |   |   |   |   |--- truncated branch of depth 10
|   |   |   |   |   |   |   |   |   |   |--- feature_4 >  0.01
|   |   |   |   |   |   |   |   |   |   |   |--- class: 0
|   |   |   |   |   |   |   |   |   |--- feature_1 >  0.98
|   |   |   |   |   |   |   |   |   |   |--- feature_1 <= 0.99
|   |   |   |   |   |   |   |   |   |   |   |--- class: 0
|   |   |   |   |   |   |   |   |   |   |--- feature_1 >  0.99
|   |   |   |   |   |   |   |   |   |   |   |--- truncated branch of depth 6
|   |   |   |   |   |--- feature_4 >  0.18
|   |   |   |   |   |   |--- feature_5 <= 4.50
|   |   |   |   |   |   |   |--- class: 4
|   |   |   |   |   |   |--- feature_5 >  4.50
|   |   |   |   |   |   |   |--- class: 0
|   |   |   |   |--- feature_1 >  0.99
|   |   |   |   |   |--- feature_0 <= 0.94
|   |   |   |   |   |   |--- feature_4 <= 0.03
|   |   |   |   |   |   |   |--- feature_1 <= 1.00
|   |   |   |   |   |   |   |   |--- feature_1 <= 0.99
|   |   |   |   |   |   |   |   |   |--- feature_4 <= 0.00
|   |   |   |   |   |   |   |   |   |   |--- feature_1 <= 0.99
|   |   |   |   |   |   |   |   |   |   |   |--- truncated branch of depth 2
|   |   |   |   |   |   |   |   |   |   |--- feature_1 >  0.99
|   |   |   |   |   |   |   |   |   |   |   |--- class: 0
|   |   |   |   |   |   |   |   |   |--- feature_4 >  0.00
|   |   |   |   |   |   |   |   |   |   |--- class: 0
|   |   |   |   |   |   |   |   |--- feature_1 >  0.99
|   |   |   |   |   |   |   |   |   |--- feature_4 <= 0.00
|   |   |   |   |   |   |   |   |   |   |--- feature_4 <= 0.00
|   |   |   |   |   |   |   |   |   |   |   |--- class: 4
|   |   |   |   |   |   |   |   |   |   |--- feature_4 >  0.00
|   |   |   |   |   |   |   |   |   |   |   |--- truncated branch of depth 2
|   |   |   |   |   |   |   |   |   |--- feature_4 >  0.00
|   |   |   |   |   |   |   |   |   |   |--- class: 0
|   |   |   |   |   |   |   |--- feature_1 >  1.00
|   |   |   |   |   |   |   |   |--- class: 0
|   |   |   |   |   |   |--- feature_4 >  0.03
|   |   |   |   |   |   |   |--- feature_4 <= 0.05
|   |   |   |   |   |   |   |   |--- class: 4
|   |   |   |   |   |   |   |--- feature_4 >  0.05
|   |   |   |   |   |   |   |   |--- feature_6 <= 4.50
|   |   |   |   |   |   |   |   |   |--- class: 0
|   |   |   |   |   |   |   |   |--- feature_6 >  4.50
|   |   |   |   |   |   |   |   |   |--- feature_1 <= 1.00
|   |   |   |   |   |   |   |   |   |   |--- class: 4
|   |   |   |   |   |   |   |   |   |--- feature_1 >  1.00
|   |   |   |   |   |   |   |   |   |   |--- class: 0
|   |   |   |   |   |--- feature_0 >  0.94
|   |   |   |   |   |   |--- class: 4
|   |   |--- feature_3 >  0.83
|   |   |   |--- feature_2 <= 0.83
|   |   |   |   |--- feature_1 <= 1.00
|   |   |   |   |   |--- feature_4 <= 0.19
|   |   |   |   |   |   |--- feature_6 <= 4.50
|   |   |   |   |   |   |   |--- feature_4 <= 0.00
|   |   |   |   |   |   |   |   |--- feature_1 <= 0.99
|   |   |   |   |   |   |   |   |   |--- feature_1 <= 0.98
|   |   |   |   |   |   |   |   |   |   |--- feature_1 <= 0.98
|   |   |   |   |   |   |   |   |   |   |   |--- truncated branch of depth 3
|   |   |   |   |   |   |   |   |   |   |--- feature_1 >  0.98
|   |   |   |   |   |   |   |   |   |   |   |--- truncated branch of depth 3
|   |   |   |   |   |   |   |   |   |--- feature_1 >  0.98
|   |   |   |   |   |   |   |   |   |   |--- feature_0 <= 0.83
|   |   |   |   |   |   |   |   |   |   |   |--- class: 0
|   |   |   |   |   |   |   |   |   |   |--- feature_0 >  0.83
|   |   |   |   |   |   |   |   |   |   |   |--- truncated branch of depth 2
|   |   |   |   |   |   |   |   |--- feature_1 >  0.99
|   |   |   |   |   |   |   |   |   |--- feature_5 <= 2.00
|   |   |   |   |   |   |   |   |   |   |--- class: 0
|   |   |   |   |   |   |   |   |   |--- feature_5 >  2.00
|   |   |   |   |   |   |   |   |   |   |--- feature_1 <= 0.99
|   |   |   |   |   |   |   |   |   |   |   |--- class: 2
|   |   |   |   |   |   |   |   |   |   |--- feature_1 >  0.99
|   |   |   |   |   |   |   |   |   |   |   |--- class: 4
|   |   |   |   |   |   |   |--- feature_4 >  0.00
|   |   |   |   |   |   |   |   |--- feature_4 <= 0.00
|   |   |   |   |   |   |   |   |   |--- feature_4 <= 0.00
|   |   |   |   |   |   |   |   |   |   |--- feature_4 <= 0.00
|   |   |   |   |   |   |   |   |   |   |   |--- class: 0
|   |   |   |   |   |   |   |   |   |   |--- feature_4 >  0.00
|   |   |   |   |   |   |   |   |   |   |   |--- truncated branch of depth 4
|   |   |   |   |   |   |   |   |   |--- feature_4 >  0.00
|   |   |   |   |   |   |   |   |   |   |--- feature_6 <= 3.50
|   |   |   |   |   |   |   |   |   |   |   |--- class: 2
|   |   |   |   |   |   |   |   |   |   |--- feature_6 >  3.50
|   |   |   |   |   |   |   |   |   |   |   |--- class: 0
|   |   |   |   |   |   |   |   |--- feature_4 >  0.00
|   |   |   |   |   |   |   |   |   |--- class: 0
|   |   |   |   |   |   |--- feature_6 >  4.50
|   |   |   |   |   |   |   |--- feature_1 <= 0.95
|   |   |   |   |   |   |   |   |--- feature_1 <= 0.94
|   |   |   |   |   |   |   |   |   |--- class: 0
|   |   |   |   |   |   |   |   |--- feature_1 >  0.94
|   |   |   |   |   |   |   |   |   |--- class: 2
|   |   |   |   |   |   |   |--- feature_1 >  0.95
|   |   |   |   |   |   |   |   |--- feature_3 <= 0.94
|   |   |   |   |   |   |   |   |   |--- feature_1 <= 0.99
|   |   |   |   |   |   |   |   |   |   |--- class: 0
|   |   |   |   |   |   |   |   |   |--- feature_1 >  0.99
|   |   |   |   |   |   |   |   |   |   |--- feature_6 <= 5.50
|   |   |   |   |   |   |   |   |   |   |   |--- truncated branch of depth 10
|   |   |   |   |   |   |   |   |   |   |--- feature_6 >  5.50
|   |   |   |   |   |   |   |   |   |   |   |--- truncated branch of depth 3
|   |   |   |   |   |   |   |   |--- feature_3 >  0.94
|   |   |   |   |   |   |   |   |   |--- feature_0 <= 0.83
|   |   |   |   |   |   |   |   |   |   |--- class: 2
|   |   |   |   |   |   |   |   |   |--- feature_0 >  0.83
|   |   |   |   |   |   |   |   |   |   |--- class: 0
|   |   |   |   |   |--- feature_4 >  0.19
|   |   |   |   |   |   |--- feature_4 <= 0.20
|   |   |   |   |   |   |   |--- class: 2
|   |   |   |   |   |   |--- feature_4 >  0.20
|   |   |   |   |   |   |   |--- feature_5 <= 4.50
|   |   |   |   |   |   |   |   |--- class: 0
|   |   |   |   |   |   |   |--- feature_5 >  4.50
|   |   |   |   |   |   |   |   |--- feature_4 <= 0.41
|   |   |   |   |   |   |   |   |   |--- class: 2
|   |   |   |   |   |   |   |   |--- feature_4 >  0.41
|   |   |   |   |   |   |   |   |   |--- class: 0
|   |   |   |   |--- feature_1 >  1.00
|   |   |   |   |   |--- feature_4 <= 0.00
|   |   |   |   |   |   |--- class: 0
|   |   |   |   |   |--- feature_4 >  0.00
|   |   |   |   |   |   |--- feature_4 <= 0.00
|   |   |   |   |   |   |   |--- class: 2
|   |   |   |   |   |   |--- feature_4 >  0.00
|   |   |   |   |   |   |   |--- class: 0
|   |   |   |--- feature_2 >  0.83
|   |   |   |   |--- feature_1 <= 0.99
|   |   |   |   |   |--- feature_0 <= 0.72
|   |   |   |   |   |   |--- feature_4 <= 0.05
|   |   |   |   |   |   |   |--- class: 0
|   |   |   |   |   |   |--- feature_4 >  0.05
|   |   |   |   |   |   |   |--- feature_4 <= 0.06
|   |   |   |   |   |   |   |   |--- class: 3
|   |   |   |   |   |   |   |--- feature_4 >  0.06
|   |   |   |   |   |   |   |   |--- class: 0
|   |   |   |   |   |--- feature_0 >  0.72
|   |   |   |   |   |   |--- feature_3 <= 0.94
|   |   |   |   |   |   |   |--- feature_1 <= 0.99
|   |   |   |   |   |   |   |   |--- feature_5 <= 4.50
|   |   |   |   |   |   |   |   |   |--- feature_4 <= 0.00
|   |   |   |   |   |   |   |   |   |   |--- feature_1 <= 0.99
|   |   |   |   |   |   |   |   |   |   |   |--- class: 0
|   |   |   |   |   |   |   |   |   |   |--- feature_1 >  0.99
|   |   |   |   |   |   |   |   |   |   |   |--- truncated branch of depth 3
|   |   |   |   |   |   |   |   |   |--- feature_4 >  0.00
|   |   |   |   |   |   |   |   |   |   |--- feature_5 <= 2.50
|   |   |   |   |   |   |   |   |   |   |   |--- truncated branch of depth 5
|   |   |   |   |   |   |   |   |   |   |--- feature_5 >  2.50
|   |   |   |   |   |   |   |   |   |   |   |--- truncated branch of depth 6
|   |   |   |   |   |   |   |   |--- feature_5 >  4.50
|   |   |   |   |   |   |   |   |   |--- feature_4 <= 0.00
|   |   |   |   |   |   |   |   |   |   |--- feature_4 <= 0.00
|   |   |   |   |   |   |   |   |   |   |   |--- class: 0
|   |   |   |   |   |   |   |   |   |   |--- feature_4 >  0.00
|   |   |   |   |   |   |   |   |   |   |   |--- truncated branch of depth 5
|   |   |   |   |   |   |   |   |   |--- feature_4 >  0.00
|   |   |   |   |   |   |   |   |   |   |--- class: 0
|   |   |   |   |   |   |   |--- feature_1 >  0.99
|   |   |   |   |   |   |   |   |--- feature_1 <= 0.99
|   |   |   |   |   |   |   |   |   |--- feature_4 <= 0.00
|   |   |   |   |   |   |   |   |   |   |--- feature_4 <= 0.00
|   |   |   |   |   |   |   |   |   |   |   |--- truncated branch of depth 7
|   |   |   |   |   |   |   |   |   |   |--- feature_4 >  0.00
|   |   |   |   |   |   |   |   |   |   |   |--- truncated branch of depth 2
|   |   |   |   |   |   |   |   |   |--- feature_4 >  0.00
|   |   |   |   |   |   |   |   |   |   |--- class: 0
|   |   |   |   |   |   |   |   |--- feature_1 >  0.99
|   |   |   |   |   |   |   |   |   |--- feature_0 <= 0.83
|   |   |   |   |   |   |   |   |   |   |--- feature_4 <= 0.00
|   |   |   |   |   |   |   |   |   |   |   |--- truncated branch of depth 3
|   |   |   |   |   |   |   |   |   |   |--- feature_4 >  0.00
|   |   |   |   |   |   |   |   |   |   |   |--- class: 0
|   |   |   |   |   |   |   |   |   |--- feature_0 >  0.83
|   |   |   |   |   |   |   |   |   |   |--- feature_4 <= 0.00
|   |   |   |   |   |   |   |   |   |   |   |--- class: 0
|   |   |   |   |   |   |   |   |   |   |--- feature_4 >  0.00
|   |   |   |   |   |   |   |   |   |   |   |--- truncated branch of depth 3
|   |   |   |   |   |   |--- feature_3 >  0.94
|   |   |   |   |   |   |   |--- feature_4 <= 0.00
|   |   |   |   |   |   |   |   |--- feature_2 <= 0.94
|   |   |   |   |   |   |   |   |   |--- feature_1 <= 0.99
|   |   |   |   |   |   |   |   |   |   |--- class: 0
|   |   |   |   |   |   |   |   |   |--- feature_1 >  0.99
|   |   |   |   |   |   |   |   |   |   |--- feature_4 <= 0.00
|   |   |   |   |   |   |   |   |   |   |   |--- truncated branch of depth 2
|   |   |   |   |   |   |   |   |   |   |--- feature_4 >  0.00
|   |   |   |   |   |   |   |   |   |   |   |--- class: 0
|   |   |   |   |   |   |   |   |--- feature_2 >  0.94
|   |   |   |   |   |   |   |   |   |--- class: 0
|   |   |   |   |   |   |   |--- feature_4 >  0.00
|   |   |   |   |   |   |   |   |--- feature_4 <= 0.00
|   |   |   |   |   |   |   |   |   |--- class: 2
|   |   |   |   |   |   |   |   |--- feature_4 >  0.00
|   |   |   |   |   |   |   |   |   |--- feature_5 <= 4.50
|   |   |   |   |   |   |   |   |   |   |--- class: 0
|   |   |   |   |   |   |   |   |   |--- feature_5 >  4.50
|   |   |   |   |   |   |   |   |   |   |--- feature_4 <= 0.01
|   |   |   |   |   |   |   |   |   |   |   |--- class: 2
|   |   |   |   |   |   |   |   |   |   |--- feature_4 >  0.01
|   |   |   |   |   |   |   |   |   |   |   |--- class: 0
|   |   |   |   |--- feature_1 >  0.99
|   |   |   |   |   |--- feature_1 <= 1.00
|   |   |   |   |   |   |--- feature_5 <= 1.50
|   |   |   |   |   |   |   |--- feature_4 <= 0.00
|   |   |   |   |   |   |   |   |--- feature_4 <= 0.00
|   |   |   |   |   |   |   |   |   |--- feature_1 <= 0.99
|   |   |   |   |   |   |   |   |   |   |--- feature_1 <= 0.99
|   |   |   |   |   |   |   |   |   |   |   |--- class: 0
|   |   |   |   |   |   |   |   |   |   |--- feature_1 >  0.99
|   |   |   |   |   |   |   |   |   |   |   |--- truncated branch of depth 4
|   |   |   |   |   |   |   |   |   |--- feature_1 >  0.99
|   |   |   |   |   |   |   |   |   |   |--- class: 0
|   |   |   |   |   |   |   |   |--- feature_4 >  0.00
|   |   |   |   |   |   |   |   |   |--- feature_1 <= 0.99
|   |   |   |   |   |   |   |   |   |   |--- class: 0
|   |   |   |   |   |   |   |   |   |--- feature_1 >  0.99
|   |   |   |   |   |   |   |   |   |   |--- feature_0 <= 0.94
|   |   |   |   |   |   |   |   |   |   |   |--- truncated branch of depth 2
|   |   |   |   |   |   |   |   |   |   |--- feature_0 >  0.94
|   |   |   |   |   |   |   |   |   |   |   |--- class: 0
|   |   |   |   |   |   |   |--- feature_4 >  0.00
|   |   |   |   |   |   |   |   |--- class: 0
|   |   |   |   |   |   |--- feature_5 >  1.50
|   |   |   |   |   |   |   |--- feature_5 <= 5.50
|   |   |   |   |   |   |   |   |--- feature_1 <= 1.00
|   |   |   |   |   |   |   |   |   |--- feature_1 <= 1.00
|   |   |   |   |   |   |   |   |   |   |--- feature_4 <= 0.00
|   |   |   |   |   |   |   |   |   |   |   |--- truncated branch of depth 7
|   |   |   |   |   |   |   |   |   |   |--- feature_4 >  0.00
|   |   |   |   |   |   |   |   |   |   |   |--- truncated branch of depth 5
|   |   |   |   |   |   |   |   |   |--- feature_1 >  1.00
|   |   |   |   |   |   |   |   |   |   |--- feature_4 <= 0.00
|   |   |   |   |   |   |   |   |   |   |   |--- truncated branch of depth 5
|   |   |   |   |   |   |   |   |   |   |--- feature_4 >  0.00
|   |   |   |   |   |   |   |   |   |   |   |--- class: 0
|   |   |   |   |   |   |   |   |--- feature_1 >  1.00
|   |   |   |   |   |   |   |   |   |--- class: 0
|   |   |   |   |   |   |   |--- feature_5 >  5.50
|   |   |   |   |   |   |   |   |--- feature_0 <= 0.94
|   |   |   |   |   |   |   |   |   |--- class: 0
|   |   |   |   |   |   |   |   |--- feature_0 >  0.94
|   |   |   |   |   |   |   |   |   |--- feature_4 <= 0.00
|   |   |   |   |   |   |   |   |   |   |--- class: 0
|   |   |   |   |   |   |   |   |   |--- feature_4 >  0.00
|   |   |   |   |   |   |   |   |   |   |--- feature_1 <= 1.00
|   |   |   |   |   |   |   |   |   |   |   |--- class: 2
|   |   |   |   |   |   |   |   |   |   |--- feature_1 >  1.00
|   |   |   |   |   |   |   |   |   |   |   |--- class: 0
|   |   |   |   |   |--- feature_1 >  1.00
|   |   |   |   |   |   |--- feature_6 <= 4.50
|   |   |   |   |   |   |   |--- feature_6 <= 2.00
|   |   |   |   |   |   |   |   |--- class: 0
|   |   |   |   |   |   |   |--- feature_6 >  2.00
|   |   |   |   |   |   |   |   |--- feature_3 <= 0.94
|   |   |   |   |   |   |   |   |   |--- feature_4 <= 0.00
|   |   |   |   |   |   |   |   |   |   |--- class: 4
|   |   |   |   |   |   |   |   |   |--- feature_4 >  0.00
|   |   |   |   |   |   |   |   |   |   |--- class: 3
|   |   |   |   |   |   |   |   |--- feature_3 >  0.94
|   |   |   |   |   |   |   |   |   |--- class: 0
|   |   |   |   |   |   |--- feature_6 >  4.50
|   |   |   |   |   |   |   |--- class: 0
