|--- feature_0 <= 0.72
|   |--- feature_2 <= 0.61
|   |   |--- feature_3 <= 0.17
|   |   |   |--- class: 2
|   |   |--- feature_3 >  0.17
|   |   |   |--- feature_5 <= 2.50
|   |   |   |   |--- feature_1 <= 0.69
|   |   |   |   |   |--- feature_2 <= 0.39
|   |   |   |   |   |   |--- feature_1 <= 0.34
|   |   |   |   |   |   |   |--- feature_2 <= 0.28
|   |   |   |   |   |   |   |   |--- feature_3 <= 0.28
|   |   |   |   |   |   |   |   |   |--- class: 2
|   |   |   |   |   |   |   |   |--- feature_3 >  0.28
|   |   |   |   |   |   |   |   |   |--- class: 0
|   |   |   |   |   |   |   |--- feature_2 >  0.28
|   |   |   |   |   |   |   |   |--- feature_3 <= 0.39
|   |   |   |   |   |   |   |   |   |--- feature_4 <= 0.00
|   |   |   |   |   |   |   |   |   |   |--- feature_1 <= 0.26
|   |   |   |   |   |   |   |   |   |   |   |--- class: 2
|   |   |   |   |   |   |   |   |   |   |--- feature_1 >  0.26
|   |   |   |   |   |   |   |   |   |   |   |--- truncated branch of depth 2
|   |   |   |   |   |   |   |   |   |--- feature_4 >  0.00
|   |   |   |   |   |   |   |   |   |   |--- class: 2
|   |   |   |   |   |   |   |   |--- feature_3 >  0.39
|   |   |   |   |   |   |   |   |   |--- class: 2
|   |   |   |   |   |   |--- feature_1 >  0.34
|   |   |   |   |   |   |   |--- feature_1 <= 0.44
|   |   |   |   |   |   |   |   |--- feature_3 <= 0.28
|   |   |   |   |   |   |   |   |   |--- class: 2
|   |   |   |   |   |   |   |   |--- feature_3 >  0.28
|   |   |   |   |   |   |   |   |   |--- feature_4 <= 0.00
|   |   |   |   |   |   |   |   |   |   |--- feature_0 <= 0.50
|   |   |   |   |   |   |   |   |   |   |   |--- class: 0
|   |   |   |   |   |   |   |   |   |   |--- feature_0 >  0.50
|   |   |   |   |   |   |   |   |   |   |   |--- truncated branch of depth 2
|   |   |   |   |   |   |   |   |   |--- feature_4 >  0.00
|   |   |   |   |   |   |   |   |   |   |--- class: 2
|   |   |   |   |   |   |   |--- feature_1 >  0.44
|   |   |   |   |   |   |   |   |--- feature_4 <= 0.00
|   |   |   |   |   |   |   |   |   |--- class: 2
|   |   |   |   |   |   |   |   |--- feature_4 >  0.00
|   |   |   |   |   |   |   |   |   |--- feature_4 <= 0.01
|   |   |   |   |   |   |   |   |   |   |--- class: 0
|   |   |   |   |   |   |   |   |   |--- feature_4 >  0.01
|   |   |   |   |   |   |   |   |   |   |--- class: 2
|   |   |   |   |   |--- feature_2 >  0.39
|   |   |   |   |   |   |--- feature_4 <= 0.00
|   |   |   |   |   |   |   |--- feature_6 <= 0.50
|   |   |   |   |   |   |   |   |--- feature_0 <= 0.39
|   |   |   |   |   |   |   |   |   |--- class: 3
|   |   |   |   |   |   |   |   |--- feature_0 >  0.39
|   |   |   |   |   |   |   |   |   |--- feature_3 <= 0.61
|   |   |   |   |   |   |   |   |   |   |--- feature_5 <= 1.50
|   |   |   |   |   |   |   |   |   |   |   |--- truncated branch of depth 10
|   |   |   |   |   |   |   |   |   |   |--- feature_5 >  1.50
|   |   |   |   |   |   |   |   |   |   |   |--- truncated branch of depth 3
|   |   |   |   |   |   |   |   |   |--- feature_3 >  0.61
|   |   |   |   |   |   |   |   |   |   |--- feature_0 <= 0.50
|   |   |   |   |   |   |   |   |   |   |   |--- class: 3
|   |   |   |   |   |   |   |   |   |   |--- feature_0 >  0.50
|   |   |   |   |   |   |   |   |   |   |   |--- truncated branch of depth 9
|   |   |   |   |   |   |   |--- feature_6 >  0.50
|   |   |   |   |   |   |   |   |--- feature_4 <= 0.00
|   |   |   |   |   |   |   |   |   |--- feature_6 <= 1.50
|   |   |   |   |   |   |   |   |   |   |--- feature_5 <= 1.50
|   |   |   |   |   |   |   |   |   |   |   |--- class: 0
|   |   |   |   |   |   |   |   |   |   |--- feature_5 >  1.50
|   |   |   |   |   |   |   |   |   |   |   |--- class: 2
|   |   |   |   |   |   |   |   |   |--- feature_6 >  1.50
|   |   |   |   |   |   |   |   |   |   |--- feature_6 <= 3.50
|   |   |   |   |   |   |   |   |   |   |   |--- truncated branch of depth 3
|   |   |   |   |   |   |   |   |   |   |--- feature_6 >  3.50
|   |   |   |   |   |   |   |   |   |   |   |--- truncated branch of depth 3
|   |   |   |   |   |   |   |   |--- feature_4 >  0.00
|   |   |   |   |   |   |   |   |   |--- feature_4 <= 0.00
|   |   |   |   |   |   |   |   |   |   |--- class: 0
|   |   |   |   |   |   |   |   |   |--- feature_4 >  0.00
|   |   |   |   |   |   |   |   |   |   |--- feature_0 <= 0.61
|   |   |   |   |   |   |   |   |   |   |   |--- class: 2
|   |   |   |   |   |   |   |   |   |   |--- feature_0 >  0.61
|   |   |   |   |   |   |   |   |   |   |   |--- class: 0
|   |   |   |   |   |   |--- feature_4 >  0.00
|   |   |   |   |   |   |   |--- feature_4 <= 0.00
|   |   |   |   |   |   |   |   |--- class: 3
|   |   |   |   |   |   |   |--- feature_4 >  0.00
|   |   |   |   |   |   |   |   |--- feature_0 <= 0.50
|   |   |   |   |   |   |   |   |   |--- feature_1 <= 0.60
|   |   |   |   |   |   |   |   |   |   |--- feature_4 <= 0.00
|   |   |   |   |   |   |   |   |   |   |   |--- truncated branch of depth 5
|   |   |   |   |   |   |   |   |   |   |--- feature_4 >  0.00
|   |   |   |   |   |   |   |   |   |   |   |--- truncated branch of depth 8
|   |   |   |   |   |   |   |   |   |--- feature_1 >  0.60
|   |   |   |   |   |   |   |   |   |   |--- class: 2
|   |   |   |   |   |   |   |   |--- feature_0 >  0.50
|   |   |   |   |   |   |   |   |   |--- feature_1 <= 0.55
|   |   |   |   |   |   |   |   |   |   |--- feature_6 <= 0.50
|   |   |   |   |   |   |   |   |   |   |   |--- truncated branch of depth 10
|   |   |   |   |   |   |   |   |   |   |--- feature_6 >  0.50
|   |   |   |   |   |   |   |   |   |   |   |--- truncated branch of depth 2
|   |   |   |   |   |   |   |   |   |--- feature_1 >  0.55
|   |   |   |   |   |   |   |   |   |   |--- feature_3 <= 0.61
|   |   |   |   |   |   |   |   |   |   |   |--- truncated branch of depth 3
|   |   |   |   |   |   |   |   |   |   |--- feature_3 >  0.61
|   |   |   |   |   |   |   |   |   |   |   |--- truncated branch of depth 6
|   |   |   |   |--- feature_1 >  0.69
|   |   |   |   |   |--- feature_4 <= 0.01
|   |   |   |   |   |   |--- feature_4 <= 0.00
|   |   |   |   |   |   |   |--- feature_0 <= 0.61
|   |   |   |   |   |   |   |   |--- feature_4 <= 0.00
|   |   |   |   |   |   |   |   |   |--- feature_6 <= 1.00
|   |   |   |   |   |   |   |   |   |   |--- class: 3
|   |   |   |   |   |   |   |   |   |--- feature_6 >  1.00
|   |   |   |   |   |   |   |   |   |   |--- class: 2
|   |   |   |   |   |   |   |   |--- feature_4 >  0.00
|   |   |   |   |   |   |   |   |   |--- class: 2
|   |   |   |   |   |   |   |--- feature_0 >  0.61
|   |   |   |   |   |   |   |   |--- class: 0
|   |   |   |   |   |   |--- feature_4 >  0.00
|   |   |   |   |   |   |   |--- class: 0
|   |   |   |   |   |--- feature_4 >  0.01
|   |   |   |   |   |   |--- feature_1 <= 0.71
|   |   |   |   |   |   |   |--- class: 3
|   |   |   |   |   |   |--- feature_1 >  0.71
|   |   |   |   |   |   |   |--- feature_1 <= 0.81
|   |   |   |   |   |   |   |   |--- class: 2
|   |   |   |   |   |   |   |--- feature_1 >  0.81
|   |   |   |   |   |   |   |   |--- feature_5 <= 1.50
|   |   |   |   |   |   |   |   |   |--- class: 2
|   |   |   |   |   |   |   |   |--- feature_5 >  1.50
|   |   |   |   |   |   |   |   |   |--- class: 3
|   |   |   |--- feature_5 >  2.50
|   |   |   |   |--- feature_4 <= 0.00
|   |   |   |   |   |--- feature_6 <= 0.50
|   |   |   |   |   |   |--- feature_3 <= 0.50
|   |   |   |   |   |   |   |--- feature_4 <= 0.00
|   |   |   |   |   |   |   |   |--- feature_1 <= 0.50
|   |   |   |   |   |   |   |   |   |--- feature_0 <= 0.61
|   |   |   |   |   |   |   |   |   |   |--- feature_1 <= 0.23
|   |   |   |   |   |   |   |   |   |   |   |--- class: 3
|   |   |   |   |   |   |   |   |   |   |--- feature_1 >  0.23
|   |   |   |   |   |   |   |   |   |   |   |--- truncated branch of depth 5
|   |   |   |   |   |   |   |   |   |--- feature_0 >  0.61
|   |   |   |   |   |   |   |   |   |   |--- class: 2
|   |   |   |   |   |   |   |   |--- feature_1 >  0.50
|   |   |   |   |   |   |   |   |   |--- feature_0 <= 0.50
|   |   |   |   |   |   |   |   |   |   |--- class: 2
|   |   |   |   |   |   |   |   |   |--- feature_0 >  0.50
|   |   |   |   |   |   |   |   |   |   |--- class: 0
|   |   |   |   |   |   |   |--- feature_4 >  0.00
|   |   |   |   |   |   |   |   |--- feature_0 <= 0.50
|   |   |   |   |   |   |   |   |   |--- feature_1 <= 0.19
|   |   |   |   |   |   |   |   |   |   |--- class: 0
|   |   |   |   |   |   |   |   |   |--- feature_1 >  0.19
|   |   |   |   |   |   |   |   |   |   |--- feature_3 <= 0.39
|   |   |   |   |   |   |   |   |   |   |   |--- truncated branch of depth 5
|   |   |   |   |   |   |   |   |   |   |--- feature_3 >  0.39
|   |   |   |   |   |   |   |   |   |   |   |--- truncated branch of depth 10
|   |   |   |   |   |   |   |   |--- feature_0 >  0.50
|   |   |   |   |   |   |   |   |   |--- feature_1 <= 0.48
|   |   |   |   |   |   |   |   |   |   |--- feature_2 <= 0.50
|   |   |   |   |   |   |   |   |   |   |   |--- truncated branch of depth 8
|   |   |   |   |   |   |   |   |   |   |--- feature_2 >  0.50
|   |   |   |   |   |   |   |   |   |   |   |--- truncated branch of depth 9
|   |   |   |   |   |   |   |   |   |--- feature_1 >  0.48
|   |   |   |   |   |   |   |   |   |   |--- feature_2 <= 0.28
|   |   |   |   |   |   |   |   |   |   |   |--- class: 3
|   |   |   |   |   |   |   |   |   |   |--- feature_2 >  0.28
|   |   |   |   |   |   |   |   |   |   |   |--- truncated branch of depth 4
|   |   |   |   |   |   |--- feature_3 >  0.50
|   |   |   |   |   |   |   |--- feature_1 <= 0.33
|   |   |   |   |   |   |   |   |--- feature_1 <= 0.20
|   |   |   |   |   |   |   |   |   |--- feature_2 <= 0.50
|   |   |   |   |   |   |   |   |   |   |--- class: 2
|   |   |   |   |   |   |   |   |   |--- feature_2 >  0.50
|   |   |   |   |   |   |   |   |   |   |--- feature_0 <= 0.61
|   |   |   |   |   |   |   |   |   |   |   |--- truncated branch of depth 2
|   |   |   |   |   |   |   |   |   |   |--- feature_0 >  0.61
|   |   |   |   |   |   |   |   |   |   |   |--- class: 2
|   |   |   |   |   |   |   |   |--- feature_1 >  0.20
|   |   |   |   |   |   |   |   |   |--- feature_1 <= 0.22
|   |   |   |   |   |   |   |   |   |   |--- class: 3
|   |   |   |   |   |   |   |   |   |--- feature_1 >  0.22
|   |   |   |   |   |   |   |   |   |   |--- feature_3 <= 0.61
|   |   |   |   |   |   |   |   |   |   |   |--- truncated branch of depth 9
|   |   |   |   |   |   |   |   |   |   |--- feature_3 >  0.61
|   |   |   |   |   |   |   |   |   |   |   |--- truncated branch of depth 2
|   |   |   |   |   |   |   |--- feature_1 >  0.33
|   |   |   |   |   |   |   |   |--- feature_5 <= 3.50
|   |   |   |   |   |   |   |   |   |--- feature_0 <= 0.50
|   |   |   |   |   |   |   |   |   |   |--- feature_4 <= 0.00
|   |   |   |   |   |   |   |   |   |   |   |--- class: 2
|   |   |   |   |   |   |   |   |   |   |--- feature_4 >  0.00
|   |   |   |   |   |   |   |   |   |   |   |--- truncated branch of depth 4
|   |   |   |   |   |   |   |   |   |--- feature_0 >  0.50
|   |   |   |   |   |   |   |   |   |   |--- feature_2 <= 0.39
|   |   |   |   |   |   |   |   |   |   |   |--- truncated branch of depth 2
|   |   |   |   |   |   |   |   |   |   |--- feature_2 >  0.39
|   |   |   |   |   |   |   |   |   |   |   |--- truncated branch of depth 9
|   |   |   |   |   |   |   |   |--- feature_5 >  3.50
|   |   |   |   |   |   |   |   |   |--- feature_1 <= 0.68
|   |   |   |   |   |   |   |   |   |   |--- feature_1 <= 0.37
|   |   |   |   |   |   |   |   |   |   |   |--- class: 0
|   |   |   |   |   |   |   |   |   |   |--- feature_1 >  0.37
|   |   |   |   |   |   |   |   |   |   |   |--- truncated branch of depth 10
|   |   |   |   |   |   |   |   |   |--- feature_1 >  0.68
|   |   |   |   |   |   |   |   |   |   |--- feature_1 <= 0.81
|   |   |   |   |   |   |   |   |   |   |   |--- class: 0
|   |   |   |   |   |   |   |   |   |   |--- feature_1 >  0.81
|   |   |   |   |   |   |   |   |   |   |   |--- class: 2
|   |   |   |   |   |--- feature_6 >  0.50
|   |   |   |   |   |   |--- feature_2 <= 0.50
|   |   |   |   |   |   |   |--- feature_0 <= 0.17
|   |   |   |   |   |   |   |   |--- class: 2
|   |   |   |   |   |   |   |--- feature_0 >  0.17
|   |   |   |   |   |   |   |   |--- feature_1 <= 0.56
|   |   |   |   |   |   |   |   |   |--- feature_6 <= 4.00
|   |   |   |   |   |   |   |   |   |   |--- feature_3 <= 0.50
|   |   |   |   |   |   |   |   |   |   |   |--- truncated branch of depth 3
|   |   |   |   |   |   |   |   |   |   |--- feature_3 >  0.50
|   |   |   |   |   |   |   |   |   |   |   |--- class: 3
|   |   |   |   |   |   |   |   |   |--- feature_6 >  4.00
|   |   |   |   |   |   |   |   |   |   |--- class: 3
|   |   |   |   |   |   |   |   |--- feature_1 >  0.56
|   |   |   |   |   |   |   |   |   |--- class: 2
|   |   |   |   |   |   |--- feature_2 >  0.50
|   |   |   |   |   |   |   |--- feature_3 <= 0.39
|   |   |   |   |   |   |   |   |--- class: 3
|   |   |   |   |   |   |   |--- feature_3 >  0.39
|   |   |   |   |   |   |   |   |--- feature_3 <= 0.50
|   |   |   |   |   |   |   |   |   |--- feature_1 <= 0.61
|   |   |   |   |   |   |   |   |   |   |--- class: 2
|   |   |   |   |   |   |   |   |   |--- feature_1 >  0.61
|   |   |   |   |   |   |   |   |   |   |--- feature_1 <= 0.80
|   |   |   |   |   |   |   |   |   |   |   |--- class: 3
|   |   |   |   |   |   |   |   |   |   |--- feature_1 >  0.80
|   |   |   |   |   |   |   |   |   |   |   |--- class: 2
|   |   |   |   |   |   |   |   |--- feature_3 >  0.50
|   |   |   |   |   |   |   |   |   |--- feature_4 <= 0.00
|   |   |   |   |   |   |   |   |   |   |--- feature_1 <= 0.25
|   |   |   |   |   |   |   |   |   |   |   |--- class: 3
|   |   |   |   |   |   |   |   |   |   |--- feature_1 >  0.25
|   |   |   |   |   |   |   |   |   |   |   |--- truncated branch of depth 2
|   |   |   |   |   |   |   |   |   |--- feature_4 >  0.00
|   |   |   |   |   |   |   |   |   |   |--- feature_5 <= 5.50
|   |   |   |   |   |   |   |   |   |   |   |--- truncated branch of depth 6
|   |   |   |   |   |   |   |   |   |   |--- feature_5 >  5.50
|   |   |   |   |   |   |   |   |   |   |   |--- class: 2
|   |   |   |   |--- feature_4 >  0.00
|   |   |   |   |   |--- feature_2 <= 0.50
|   |   |   |   |   |   |--- feature_0 <= 0.61
|   |   |   |   |   |   |   |--- feature_4 <= 0.00
|   |   |   |   |   |   |   |   |--- feature_5 <= 6.00
|   |   |   |   |   |   |   |   |   |--- feature_2 <= 0.17
|   |   |   |   |   |   |   |   |   |   |--- class: 2
|   |   |   |   |   |   |   |   |   |--- feature_2 >  0.17
|   |   |   |   |   |   |   |   |   |   |--- feature_1 <= 0.25
|   |   |   |   |   |   |   |   |   |   |   |--- truncated branch of depth 10
|   |   |   |   |   |   |   |   |   |   |--- feature_1 >  0.25
|   |   |   |   |   |   |   |   |   |   |   |--- truncated branch of depth 10
|   |   |   |   |   |   |   |   |--- feature_5 >  6.00
|   |   |   |   |   |   |   |   |   |--- feature_0 <= 0.50
|   |   |   |   |   |   |   |   |   |   |--- feature_2 <= 0.28
|   |   |   |   |   |   |   |   |   |   |   |--- class: 0
|   |   |   |   |   |   |   |   |   |   |--- feature_2 >  0.28
|   |   |   |   |   |   |   |   |   |   |   |--- truncated branch of depth 4
|   |   |   |   |   |   |   |   |   |--- feature_0 >  0.50
|   |   |   |   |   |   |   |   |   |   |--- feature_1 <= 0.46
|   |   |   |   |   |   |   |   |   |   |   |--- truncated branch of depth 4
|   |   |   |   |   |   |   |   |   |   |--- feature_1 >  0.46
|   |   |   |   |   |   |   |   |   |   |   |--- truncated branch of depth 4
|   |   |   |   |   |   |   |--- feature_4 >  0.00
|   |   |   |   |   |   |   |   |--- class: 2
|   |   |   |   |   |   |--- feature_0 >  0.61
|   |   |   |   |   |   |   |--- feature_4 <= 0.00
|   |   |   |   |   |   |   |   |--- feature_3 <= 0.61
|   |   |   |   |   |   |   |   |   |--- feature_2 <= 0.28
|   |   |   |   |   |   |   |   |   |   |--- feature_1 <= 0.20
|   |   |   |   |   |   |   |   |   |   |   |--- class: 2
|   |   |   |   |   |   |   |   |   |   |--- feature_1 >  0.20
|   |   |   |   |   |   |   |   |   |   |   |--- class: 0
|   |   |   |   |   |   |   |   |   |--- feature_2 >  0.28
|   |   |   |   |   |   |   |   |   |   |--- feature_3 <= 0.39
|   |   |   |   |   |   |   |   |   |   |   |--- class: 2
|   |   |   |   |   |   |   |   |   |   |--- feature_3 >  0.39
|   |   |   |   |   |   |   |   |   |   |   |--- truncated branch of depth 7
|   |   |   |   |   |   |   |   |--- feature_3 >  0.61
|   |   |   |   |   |   |   |   |   |--- feature_4 <= 0.00
|   |   |   |   |   |   |   |   |   |   |--- class: 0
|   |   |   |   |   |   |   |   |   |--- feature_4 >  0.00
|   |   |   |   |   |   |   |   |   |   |--- class: 2
|   |   |   |   |   |   |   |--- feature_4 >  0.00
|   |   |   |   |   |   |   |   |--- feature_1 <= 0.33
|   |   |   |   |   |   |   |   |   |--- feature_1 <= 0.19
|   |   |   |   |   |   |   |   |   |   |--- feature_4 <= 0.00
|   |   |   |   |   |   |   |   |   |   |   |--- class: 0
|   |   |   |   |   |   |   |   |   |   |--- feature_4 >  0.00
|   |   |   |   |   |   |   |   |   |   |   |--- class: 2
|   |   |   |   |   |   |   |   |   |--- feature_1 >  0.19
|   |   |   |   |   |   |   |   |   |   |--- feature_4 <= 0.00
|   |   |   |   |   |   |   |   |   |   |   |--- class: 2
|   |   |   |   |   |   |   |   |   |   |--- feature_4 >  0.00
|   |   |   |   |   |   |   |   |   |   |   |--- truncated branch of depth 2
|   |   |   |   |   |   |   |   |--- feature_1 >  0.33
|   |   |   |   |   |   |   |   |   |--- feature_6 <= 3.00
|   |   |   |   |   |   |   |   |   |   |--- feature_1 <= 0.45
|   |   |   |   |   |   |   |   |   |   |   |--- truncated branch of depth 4
|   |   |   |   |   |   |   |   |   |   |--- feature_1 >  0.45
|   |   |   |   |   |   |   |   |   |   |   |--- class: 0
|   |   |   |   |   |   |   |   |   |--- feature_6 >  3.00
|   |   |   |   |   |   |   |   |   |   |--- class: 2
|   |   |   |   |   |--- feature_2 >  0.50
|   |   |   |   |   |   |--- feature_1 <= 0.54
|   |   |   |   |   |   |   |--- feature_4 <= 0.00
|   |   |   |   |   |   |   |   |--- feature_1 <= 0.27
|   |   |   |   |   |   |   |   |   |--- feature_1 <= 0.19
|   |   |   |   |   |   |   |   |   |   |--- class: 3
|   |   |   |   |   |   |   |   |   |--- feature_1 >  0.19
|   |   |   |   |   |   |   |   |   |   |--- feature_0 <= 0.61
|   |   |   |   |   |   |   |   |   |   |   |--- truncated branch of depth 3
|   |   |   |   |   |   |   |   |   |   |--- feature_0 >  0.61
|   |   |   |   |   |   |   |   |   |   |   |--- class: 2
|   |   |   |   |   |   |   |   |--- feature_1 >  0.27
|   |   |   |   |   |   |   |   |   |--- feature_3 <= 0.39
|   |   |   |   |   |   |   |   |   |   |--- feature_6 <= 0.50
|   |   |   |   |   |   |   |   |   |   |   |--- class: 3
|   |   |   |   |   |   |   |   |   |   |--- feature_6 >  0.50
|   |   |   |   |   |   |   |   |   |   |   |--- class: 0
|   |   |   |   |   |   |   |   |   |--- feature_3 >  0.39
|   |   |   |   |   |   |   |   |   |   |--- feature_6 <= 1.00
|   |   |   |   |   |   |   |   |   |   |   |--- truncated branch of depth 4
|   |   |   |   |   |   |   |   |   |   |--- feature_6 >  1.00
|   |   |   |   |   |   |   |   |   |   |   |--- truncated branch of depth 3
|   |   |   |   |   |   |   |--- feature_4 >  0.00
|   |   |   |   |   |   |   |   |--- feature_1 <= 0.44
|   |   |   |   |   |   |   |   |   |--- feature_1 <= 0.34
|   |   |   |   |   |   |   |   |   |   |--- feature_0 <= 0.50
|   |   |   |   |   |   |   |   |   |   |   |--- truncated branch of depth 7
|   |   |   |   |   |   |   |   |   |   |--- feature_0 >  0.50
|   |   |   |   |   |   |   |   |   |   |   |--- truncated branch of depth 10
|   |   |   |   |   |   |   |   |   |--- feature_1 >  0.34
|   |   |   |   |   |   |   |   |   |   |--- feature_1 <= 0.36
|   |   |   |   |   |   |   |   |   |   |   |--- truncated branch of depth 8
|   |   |   |   |   |   |   |   |   |   |--- feature_1 >  0.36
|   |   |   |   |   |   |   |   |   |   |   |--- truncated branch of depth 10
|   |   |   |   |   |   |   |   |--- feature_1 >  0.44
|   |   |   |   |   |   |   |   |   |--- feature_3 <= 0.39
|   |   |   |   |   |   |   |   |   |   |--- feature_0 <= 0.61
|   |   |   |   |   |   |   |   |   |   |   |--- truncated branch of depth 3
|   |   |   |   |   |   |   |   |   |   |--- feature_0 >  0.61
|   |   |   |   |   |   |   |   |   |   |   |--- truncated branch of depth 2
|   |   |   |   |   |   |   |   |   |--- feature_3 >  0.39
|   |   |   |   |   |   |   |   |   |   |--- feature_4 <= 0.05
|   |   |   |   |   |   |   |   |   |   |   |--- truncated branch of depth 10
|   |   |   |   |   |   |   |   |   |   |--- feature_4 >  0.05
|   |   |   |   |   |   |   |   |   |   |   |--- class: 0
|   |   |   |   |   |   |--- feature_1 >  0.54
|   |   |   |   |   |   |   |--- feature_0 <= 0.50
|   |   |   |   |   |   |   |   |--- feature_1 <= 0.62
|   |   |   |   |   |   |   |   |   |--- feature_3 <= 0.39
|   |   |   |   |   |   |   |   |   |   |--- class: 3
|   |   |   |   |   |   |   |   |   |--- feature_3 >  0.39
|   |   |   |   |   |   |   |   |   |   |--- feature_0 <= 0.28
|   |   |   |   |   |   |   |   |   |   |   |--- class: 3
|   |   |   |   |   |   |   |   |   |   |--- feature_0 >  0.28
|   |   |   |   |   |   |   |   |   |   |   |--- truncated branch of depth 5
|   |   |   |   |   |   |   |   |--- feature_1 >  0.62
|   |   |   |   |   |   |   |   |   |--- feature_6 <= 3.00
|   |   |   |   |   |   |   |   |   |   |--- feature_1 <= 0.69
|   |   |   |   |   |   |   |   |   |   |   |--- class: 3
|   |   |   |   |   |   |   |   |   |   |--- feature_1 >  0.69
|   |   |   |   |   |   |   |   |   |   |   |--- truncated branch of depth 4
|   |   |   |   |   |   |   |   |   |--- feature_6 >  3.00
|   |   |   |   |   |   |   |   |   |   |--- class: 2
|   |   |   |   |   |   |   |--- feature_0 >  0.50
|   |   |   |   |   |   |   |   |--- feature_3 <= 0.39
|   |   |   |   |   |   |   |   |   |--- feature_4 <= 0.00
|   |   |   |   |   |   |   |   |   |   |--- feature_1 <= 0.70
|   |   |   |   |   |   |   |   |   |   |   |--- class: 0
|   |   |   |   |   |   |   |   |   |   |--- feature_1 >  0.70
|   |   |   |   |   |   |   |   |   |   |   |--- class: 2
|   |   |   |   |   |   |   |   |   |--- feature_4 >  0.00
|   |   |   |   |   |   |   |   |   |   |--- feature_4 <= 0.00
|   |   |   |   |   |   |   |   |   |   |   |--- class: 2
|   |   |   |   |   |   |   |   |   |   |--- feature_4 >  0.00
|   |   |   |   |   |   |   |   |   |   |   |--- class: 0
|   |   |   |   |   |   |   |   |--- feature_3 >  0.39
|   |   |   |   |   |   |   |   |   |--- feature_4 <= 0.00
|   |   |   |   |   |   |   |   |   |   |--- feature_0 <= 0.61
|   |   |   |   |   |   |   |   |   |   |   |--- truncated branch of depth 9
|   |   |   |   |   |   |   |   |   |   |--- feature_0 >  0.61
|   |   |   |   |   |   |   |   |   |   |   |--- truncated branch of depth 10
|   |   |   |   |   |   |   |   |   |--- feature_4 >  0.00
|   |   |   |   |   |   |   |   |   |   |--- feature_0 <= 0.61
|   |   |   |   |   |   |   |   |   |   |   |--- truncated branch of depth 7
|   |   |   |   |   |   |   |   |   |   |--- feature_0 >  0.61
|   |   |   |   |   |   |   |   |   |   |   |--- truncated branch of depth 10
|   |--- feature_2 >  0.61
|   |   |--- feature_1 <= 0.66
|   |   |   |--- feature_0 <= 0.61
|   |   |   |   |--- feature_4 <= 0.00
|   |   |   |   |   |--- feature_2 <= 0.83
|   |   |   |   |   |   |--- feature_4 <= 0.00
|   |   |   |   |   |   |   |--- feature_3 <= 0.50
|   |   |   |   |   |   |   |   |--- feature_6 <= 0.50
|   |   |   |   |   |   |   |   |   |--- feature_3 <= 0.39
|   |   |   |   |   |   |   |   |   |   |--- feature_4 <= 0.00
|   |   |   |   |   |   |   |   |   |   |   |--- truncated branch of depth 3
|   |   |   |   |   |   |   |   |   |   |--- feature_4 >  0.00
|   |   |   |   |   |   |   |   |   |   |   |--- class: 2
|   |   |   |   |   |   |   |   |   |--- feature_3 >  0.39
|   |   |   |   |   |   |   |   |   |   |--- feature_4 <= 0.00
|   |   |   |   |   |   |   |   |   |   |   |--- truncated branch of depth 3
|   |   |   |   |   |   |   |   |   |   |--- feature_4 >  0.00
|   |   |   |   |   |   |   |   |   |   |   |--- truncated branch of depth 4
|   |   |   |   |   |   |   |   |--- feature_6 >  0.50
|   |   |   |   |   |   |   |   |   |--- feature_1 <= 0.43
|   |   |   |   |   |   |   |   |   |   |--- class: 0
|   |   |   |   |   |   |   |   |   |--- feature_1 >  0.43
|   |   |   |   |   |   |   |   |   |   |--- feature_1 <= 0.51
|   |   |   |   |   |   |   |   |   |   |   |--- class: 3
|   |   |   |   |   |   |   |   |   |   |--- feature_1 >  0.51
|   |   |   |   |   |   |   |   |   |   |   |--- class: 2
|   |   |   |   |   |   |   |--- feature_3 >  0.50
|   |   |   |   |   |   |   |   |--- feature_5 <= 1.50
|   |   |   |   |   |   |   |   |   |--- feature_1 <= 0.37
|   |   |   |   |   |   |   |   |   |   |--- class: 2
|   |   |   |   |   |   |   |   |   |--- feature_1 >  0.37
|   |   |   |   |   |   |   |   |   |   |--- feature_4 <= 0.00
|   |   |   |   |   |   |   |   |   |   |   |--- truncated branch of depth 5
|   |   |   |   |   |   |   |   |   |   |--- feature_4 >  0.00
|   |   |   |   |   |   |   |   |   |   |   |--- truncated branch of depth 4
|   |   |   |   |   |   |   |   |--- feature_5 >  1.50
|   |   |   |   |   |   |   |   |   |--- feature_4 <= 0.00
|   |   |   |   |   |   |   |   |   |   |--- feature_1 <= 0.17
|   |   |   |   |   |   |   |   |   |   |   |--- class: 0
|   |   |   |   |   |   |   |   |   |   |--- feature_1 >  0.17
|   |   |   |   |   |   |   |   |   |   |   |--- truncated branch of depth 10
|   |   |   |   |   |   |   |   |   |--- feature_4 >  0.00
|   |   |   |   |   |   |   |   |   |   |--- feature_1 <= 0.52
|   |   |   |   |   |   |   |   |   |   |   |--- truncated branch of depth 10
|   |   |   |   |   |   |   |   |   |   |--- feature_1 >  0.52
|   |   |   |   |   |   |   |   |   |   |   |--- truncated branch of depth 9
|   |   |   |   |   |   |--- feature_4 >  0.00
|   |   |   |   |   |   |   |--- class: 3
|   |   |   |   |   |--- feature_2 >  0.83
|   |   |   |   |   |   |--- class: 3
|   |   |   |   |--- feature_4 >  0.00
|   |   |   |   |   |--- feature_1 <= 0.60
|   |   |   |   |   |   |--- feature_3 <= 0.72
|   |   |   |   |   |   |   |--- feature_1 <= 0.44
|   |   |   |   |   |   |   |   |--- feature_5 <= 1.50
|   |   |   |   |   |   |   |   |   |--- feature_3 <= 0.61
|   |   |   |   |   |   |   |   |   |   |--- class: 2
|   |   |   |   |   |   |   |   |   |--- feature_3 >  0.61
|   |   |   |   |   |   |   |   |   |   |--- feature_4 <= 0.00
|   |   |   |   |   |   |   |   |   |   |   |--- truncated branch of depth 4
|   |   |   |   |   |   |   |   |   |   |--- feature_4 >  0.00
|   |   |   |   |   |   |   |   |   |   |   |--- class: 2
|   |   |   |   |   |   |   |   |--- feature_5 >  1.50
|   |   |   |   |   |   |   |   |   |--- class: 2
|   |   |   |   |   |   |   |--- feature_1 >  0.44
|   |   |   |   |   |   |   |   |--- feature_5 <= 3.50
|   |   |   |   |   |   |   |   |   |--- feature_1 <= 0.58
|   |   |   |   |   |   |   |   |   |   |--- feature_1 <= 0.55
|   |   |   |   |   |   |   |   |   |   |   |--- truncated branch of depth 6
|   |   |   |   |   |   |   |   |   |   |--- feature_1 >  0.55
|   |   |   |   |   |   |   |   |   |   |   |--- class: 0
|   |   |   |   |   |   |   |   |   |--- feature_1 >  0.58
|   |   |   |   |   |   |   |   |   |   |--- class: 2
|   |   |   |   |   |   |   |   |--- feature_5 >  3.50
|   |   |   |   |   |   |   |   |   |--- feature_4 <= 0.03
|   |   |   |   |   |   |   |   |   |   |--- feature_4 <= 0.00
|   |   |   |   |   |   |   |   |   |   |   |--- truncated branch of depth 2
|   |   |   |   |   |   |   |   |   |   |--- feature_4 >  0.00
|   |   |   |   |   |   |   |   |   |   |   |--- class: 2
|   |   |   |   |   |   |   |   |   |--- feature_4 >  0.03
|   |   |   |   |   |   |   |   |   |   |--- class: 0
|   |   |   |   |   |   |--- feature_3 >  0.72
|   |   |   |   |   |   |   |--- feature_1 <= 0.42
|   |   |   |   |   |   |   |   |--- feature_4 <= 0.02
|   |   |   |   |   |   |   |   |   |--- class: 3
|   |   |   |   |   |   |   |   |--- feature_4 >  0.02
|   |   |   |   |   |   |   |   |   |--- class: 2
|   |   |   |   |   |   |   |--- feature_1 >  0.42
|   |   |   |   |   |   |   |   |--- feature_4 <= 0.01
|   |   |   |   |   |   |   |   |   |--- class: 2
|   |   |   |   |   |   |   |   |--- feature_4 >  0.01
|   |   |   |   |   |   |   |   |   |--- feature_4 <= 0.01
|   |   |   |   |   |   |   |   |   |   |--- class: 3
|   |   |   |   |   |   |   |   |   |--- feature_4 >  0.01
|   |   |   |   |   |   |   |   |   |   |--- class: 2
|   |   |   |   |   |--- feature_1 >  0.60
|   |   |   |   |   |   |--- feature_1 <= 0.62
|   |   |   |   |   |   |   |--- feature_3 <= 0.72
|   |   |   |   |   |   |   |   |--- feature_5 <= 3.50
|   |   |   |   |   |   |   |   |   |--- class: 2
|   |   |   |   |   |   |   |   |--- feature_5 >  3.50
|   |   |   |   |   |   |   |   |   |--- class: 3
|   |   |   |   |   |   |   |--- feature_3 >  0.72
|   |   |   |   |   |   |   |   |--- feature_5 <= 3.00
|   |   |   |   |   |   |   |   |   |--- class: 3
|   |   |   |   |   |   |   |   |--- feature_5 >  3.00
|   |   |   |   |   |   |   |   |   |--- class: 2
|   |   |   |   |   |   |--- feature_1 >  0.62
|   |   |   |   |   |   |   |--- feature_0 <= 0.50
|   |   |   |   |   |   |   |   |--- class: 0
|   |   |   |   |   |   |   |--- feature_0 >  0.50
|   |   |   |   |   |   |   |   |--- feature_6 <= 1.00
|   |   |   |   |   |   |   |   |   |--- feature_1 <= 0.63
|   |   |   |   |   |   |   |   |   |   |--- class: 0
|   |   |   |   |   |   |   |   |   |--- feature_1 >  0.63
|   |   |   |   |   |   |   |   |   |   |--- feature_4 <= 0.00
|   |   |   |   |   |   |   |   |   |   |   |--- class: 2
|   |   |   |   |   |   |   |   |   |   |--- feature_4 >  0.00
|   |   |   |   |   |   |   |   |   |   |   |--- truncated branch of depth 2
|   |   |   |   |   |   |   |   |--- feature_6 >  1.00
|   |   |   |   |   |   |   |   |   |--- feature_1 <= 0.64
|   |   |   |   |   |   |   |   |   |   |--- feature_3 <= 0.50
|   |   |   |   |   |   |   |   |   |   |   |--- truncated branch of depth 2
|   |   |   |   |   |   |   |   |   |   |--- feature_3 >  0.50
|   |   |   |   |   |   |   |   |   |   |   |--- class: 2
|   |   |   |   |   |   |   |   |   |--- feature_1 >  0.64
|   |   |   |   |   |   |   |   |   |   |--- feature_4 <= 0.03
|   |   |   |   |   |   |   |   |   |   |   |--- truncated branch of depth 4
|   |   |   |   |   |   |   |   |   |   |--- feature_4 >  0.03
|   |   |   |   |   |   |   |   |   |   |   |--- class: 3
|   |   |   |--- feature_0 >  0.61
|   |   |   |   |--- feature_5 <= 1.50
|   |   |   |   |   |--- feature_3 <= 0.72
|   |   |   |   |   |   |--- feature_4 <= 0.02
|   |   |   |   |   |   |   |--- feature_4 <= 0.00
|   |   |   |   |   |   |   |   |--- feature_1 <= 0.38
|   |   |   |   |   |   |   |   |   |--- class: 2
|   |   |   |   |   |   |   |   |--- feature_1 >  0.38
|   |   |   |   |   |   |   |   |   |--- feature_3 <= 0.61
|   |   |   |   |   |   |   |   |   |   |--- class: 2
|   |   |   |   |   |   |   |   |   |--- feature_3 >  0.61
|   |   |   |   |   |   |   |   |   |   |--- feature_1 <= 0.39
|   |   |   |   |   |   |   |   |   |   |   |--- truncated branch of depth 5
|   |   |   |   |   |   |   |   |   |   |--- feature_1 >  0.39
|   |   |   |   |   |   |   |   |   |   |   |--- truncated branch of depth 4
|   |   |   |   |   |   |   |--- feature_4 >  0.00
|   |   |   |   |   |   |   |   |--- feature_4 <= 0.00
|   |   |   |   |   |   |   |   |   |--- feature_1 <= 0.41
|   |   |   |   |   |   |   |   |   |   |--- class: 2
|   |   |   |   |   |   |   |   |   |--- feature_1 >  0.41
|   |   |   |   |   |   |   |   |   |   |--- class: 3
|   |   |   |   |   |   |   |   |--- feature_4 >  0.00
|   |   |   |   |   |   |   |   |   |--- feature_1 <= 0.42
|   |   |   |   |   |   |   |   |   |   |--- feature_1 <= 0.31
|   |   |   |   |   |   |   |   |   |   |   |--- truncated branch of depth 4
|   |   |   |   |   |   |   |   |   |   |--- feature_1 >  0.31
|   |   |   |   |   |   |   |   |   |   |   |--- truncated branch of depth 4
|   |   |   |   |   |   |   |   |   |--- feature_1 >  0.42
|   |   |   |   |   |   |   |   |   |   |--- feature_4 <= 0.00
|   |   |   |   |   |   |   |   |   |   |   |--- truncated branch of depth 4
|   |   |   |   |   |   |   |   |   |   |--- feature_4 >  0.00
|   |   |   |   |   |   |   |   |   |   |   |--- truncated branch of depth 4
|   |   |   |   |   |   |--- feature_4 >  0.02
|   |   |   |   |   |   |   |--- feature_4 <= 0.02
|   |   |   |   |   |   |   |   |--- class: 0
|   |   |   |   |   |   |   |--- feature_4 >  0.02
|   |   |   |   |   |   |   |   |--- class: 2
|   |   |   |   |   |--- feature_3 >  0.72
|   |   |   |   |   |   |--- feature_6 <= 4.50
|   |   |   |   |   |   |   |--- feature_1 <= 0.54
|   |   |   |   |   |   |   |   |--- feature_1 <= 0.39
|   |   |   |   |   |   |   |   |   |--- feature_2 <= 0.72
|   |   |   |   |   |   |   |   |   |   |--- feature_4 <= 0.00
|   |   |   |   |   |   |   |   |   |   |   |--- truncated branch of depth 2
|   |   |   |   |   |   |   |   |   |   |--- feature_4 >  0.00
|   |   |   |   |   |   |   |   |   |   |   |--- truncated branch of depth 3
|   |   |   |   |   |   |   |   |   |--- feature_2 >  0.72
|   |   |   |   |   |   |   |   |   |   |--- class: 2
|   |   |   |   |   |   |   |   |--- feature_1 >  0.39
|   |   |   |   |   |   |   |   |   |--- class: 2
|   |   |   |   |   |   |   |--- feature_1 >  0.54
|   |   |   |   |   |   |   |   |--- feature_4 <= 0.01
|   |   |   |   |   |   |   |   |   |--- feature_1 <= 0.61
|   |   |   |   |   |   |   |   |   |   |--- feature_1 <= 0.56
|   |   |   |   |   |   |   |   |   |   |   |--- class: 2
|   |   |   |   |   |   |   |   |   |   |--- feature_1 >  0.56
|   |   |   |   |   |   |   |   |   |   |   |--- class: 0
|   |   |   |   |   |   |   |   |   |--- feature_1 >  0.61
|   |   |   |   |   |   |   |   |   |   |--- class: 2
|   |   |   |   |   |   |   |   |--- feature_4 >  0.01
|   |   |   |   |   |   |   |   |   |--- feature_2 <= 0.72
|   |   |   |   |   |   |   |   |   |   |--- class: 3
|   |   |   |   |   |   |   |   |   |--- feature_2 >  0.72
|   |   |   |   |   |   |   |   |   |   |--- class: 2
|   |   |   |   |   |   |--- feature_6 >  4.50
|   |   |   |   |   |   |   |--- feature_2 <= 0.72
|   |   |   |   |   |   |   |   |--- class: 0
|   |   |   |   |   |   |   |--- feature_2 >  0.72
|   |   |   |   |   |   |   |   |--- class: 3
|   |   |   |   |--- feature_5 >  1.50
|   |   |   |   |   |--- feature_4 <= 0.02
|   |   |   |   |   |   |--- feature_6 <= 1.50
|   |   |   |   |   |   |   |--- feature_2 <= 0.83
|   |   |   |   |   |   |   |   |--- feature_5 <= 2.50
|   |   |   |   |   |   |   |   |   |--- feature_1 <= 0.40
|   |   |   |   |   |   |   |   |   |   |--- feature_3 <= 0.50
|   |   |   |   |   |   |   |   |   |   |   |--- truncated branch of depth 3
|   |   |   |   |   |   |   |   |   |   |--- feature_3 >  0.50
|   |   |   |   |   |   |   |   |   |   |   |--- class: 2
|   |   |   |   |   |   |   |   |   |--- feature_1 >  0.40
|   |   |   |   |   |   |   |   |   |   |--- feature_1 <= 0.41
|   |   |   |   |   |   |   |   |   |   |   |--- truncated branch of depth 2
|   |   |   |   |   |   |   |   |   |   |--- feature_1 >  0.41
|   |   |   |   |   |   |   |   |   |   |   |--- truncated branch of depth 10
|   |   |   |   |   |   |   |   |--- feature_5 >  2.50
|   |   |   |   |   |   |   |   |   |--- feature_1 <= 0.40
|   |   |   |   |   |   |   |   |   |   |--- feature_1 <= 0.24
|   |   |   |   |   |   |   |   |   |   |   |--- truncated branch of depth 10
|   |   |   |   |   |   |   |   |   |   |--- feature_1 >  0.24
|   |   |   |   |   |   |   |   |   |   |   |--- truncated branch of depth 10
|   |   |   |   |   |   |   |   |   |--- feature_1 >  0.40
|   |   |   |   |   |   |   |   |   |   |--- feature_4 <= 0.00
|   |   |   |   |   |   |   |   |   |   |   |--- truncated branch of depth 10
|   |   |   |   |   |   |   |   |   |   |--- feature_4 >  0.00
|   |   |   |   |   |   |   |   |   |   |   |--- truncated branch of depth 10
|   |   |   |   |   |   |   |--- feature_2 >  0.83
|   |   |   |   |   |   |   |   |--- feature_1 <= 0.59
|   |   |   |   |   |   |   |   |   |--- class: 3
|   |   |   |   |   |   |   |   |--- feature_1 >  0.59
|   |   |   |   |   |   |   |   |   |--- class: 2
|   |   |   |   |   |   |--- feature_6 >  1.50
|   |   |   |   |   |   |   |--- feature_4 <= 0.00
|   |   |   |   |   |   |   |   |--- feature_1 <= 0.65
|   |   |   |   |   |   |   |   |   |--- feature_1 <= 0.41
|   |   |   |   |   |   |   |   |   |   |--- class: 2
|   |   |   |   |   |   |   |   |   |--- feature_1 >  0.41
|   |   |   |   |   |   |   |   |   |   |--- feature_1 <= 0.42
|   |   |   |   |   |   |   |   |   |   |   |--- class: 0
|   |   |   |   |   |   |   |   |   |   |--- feature_1 >  0.42
|   |   |   |   |   |   |   |   |   |   |   |--- truncated branch of depth 10
|   |   |   |   |   |   |   |   |--- feature_1 >  0.65
|   |   |   |   |   |   |   |   |   |--- feature_5 <= 5.50
|   |   |   |   |   |   |   |   |   |   |--- feature_5 <= 3.50
|   |   |   |   |   |   |   |   |   |   |   |--- class: 3
|   |   |   |   |   |   |   |   |   |   |--- feature_5 >  3.50
|   |   |   |   |   |   |   |   |   |   |   |--- truncated branch of depth 3
|   |   |   |   |   |   |   |   |   |--- feature_5 >  5.50
|   |   |   |   |   |   |   |   |   |   |--- class: 2
|   |   |   |   |   |   |   |--- feature_4 >  0.00
|   |   |   |   |   |   |   |   |--- feature_1 <= 0.64
|   |   |   |   |   |   |   |   |   |--- feature_4 <= 0.00
|   |   |   |   |   |   |   |   |   |   |--- feature_4 <= 0.00
|   |   |   |   |   |   |   |   |   |   |   |--- truncated branch of depth 10
|   |   |   |   |   |   |   |   |   |   |--- feature_4 >  0.00
|   |   |   |   |   |   |   |   |   |   |   |--- class: 0
|   |   |   |   |   |   |   |   |   |--- feature_4 >  0.00
|   |   |   |   |   |   |   |   |   |   |--- feature_1 <= 0.47
|   |   |   |   |   |   |   |   |   |   |   |--- class: 2
|   |   |   |   |   |   |   |   |   |   |--- feature_1 >  0.47
|   |   |   |   |   |   |   |   |   |   |   |--- truncated branch of depth 10
|   |   |   |   |   |   |   |   |--- feature_1 >  0.64
|   |   |   |   |   |   |   |   |   |--- feature_4 <= 0.00
|   |   |   |   |   |   |   |   |   |   |--- feature_4 <= 0.00
|   |   |   |   |   |   |   |   |   |   |   |--- class: 2
|   |   |   |   |   |   |   |   |   |   |--- feature_4 >  0.00
|   |   |   |   |   |   |   |   |   |   |   |--- class: 0
|   |   |   |   |   |   |   |   |   |--- feature_4 >  0.00
|   |   |   |   |   |   |   |   |   |   |--- class: 2
|   |   |   |   |   |--- feature_4 >  0.02
|   |   |   |   |   |   |--- feature_4 <= 0.02
|   |   |   |   |   |   |   |--- feature_6 <= 3.00
|   |   |   |   |   |   |   |   |--- feature_1 <= 0.47
|   |   |   |   |   |   |   |   |   |--- class: 0
|   |   |   |   |   |   |   |   |--- feature_1 >  0.47
|   |   |   |   |   |   |   |   |   |--- class: 2
|   |   |   |   |   |   |   |--- feature_6 >  3.00
|   |   |   |   |   |   |   |   |--- class: 3
|   |   |   |   |   |   |--- feature_4 >  0.02
|   |   |   |   |   |   |   |--- feature_6 <= -0.50
|   |   |   |   |   |   |   |   |--- class: 3
|   |   |   |   |   |   |   |--- feature_6 >  -0.50
|   |   |   |   |   |   |   |   |--- feature_3 <= 0.72
|   |   |   |   |   |   |   |   |   |--- feature_1 <= 0.56
|   |   |   |   |   |   |   |   |   |   |--- class: 2
|   |   |   |   |   |   |   |   |   |--- feature_1 >  0.56
|   |   |   |   |   |   |   |   |   |   |--- feature_1 <= 0.59
|   |   |   |   |   |   |   |   |   |   |   |--- truncated branch of depth 6
|   |   |   |   |   |   |   |   |   |   |--- feature_1 >  0.59
|   |   |   |   |   |   |   |   |   |   |   |--- class: 2
|   |   |   |   |   |   |   |   |--- feature_3 >  0.72
|   |   |   |   |   |   |   |   |   |--- feature_4 <= 0.28
|   |   |   |   |   |   |   |   |   |   |--- feature_4 <= 0.12
|   |   |   |   |   |   |   |   |   |   |   |--- truncated branch of depth 9
|   |   |   |   |   |   |   |   |   |   |--- feature_4 >  0.12
|   |   |   |   |   |   |   |   |   |   |   |--- class: 2
|   |   |   |   |   |   |   |   |   |--- feature_4 >  0.28
|   |   |   |   |   |   |   |   |   |   |--- class: 3
|   |   |--- feature_1 >  0.66
|   |   |   |--- feature_4 <= 0.01
|   |   |   |   |--- feature_0 <= 0.61
|   |   |   |   |   |--- feature_1 <= 0.88
|   |   |   |   |   |   |--- feature_4 <= 0.00
|   |   |   |   |   |   |   |--- feature_4 <= 0.00
|   |   |   |   |   |   |   |   |--- feature_0 <= 0.50
|   |   |   |   |   |   |   |   |   |--- class: 0
|   |   |   |   |   |   |   |   |--- feature_0 >  0.50
|   |   |   |   |   |   |   |   |   |--- feature_1 <= 0.83
|   |   |   |   |   |   |   |   |   |   |--- feature_1 <= 0.74
|   |   |   |   |   |   |   |   |   |   |   |--- truncated branch of depth 6
|   |   |   |   |   |   |   |   |   |   |--- feature_1 >  0.74
|   |   |   |   |   |   |   |   |   |   |   |--- truncated branch of depth 2
|   |   |   |   |   |   |   |   |   |--- feature_1 >  0.83
|   |   |   |   |   |   |   |   |   |   |--- class: 2
|   |   |   |   |   |   |   |--- feature_4 >  0.00
|   |   |   |   |   |   |   |   |--- feature_1 <= 0.83
|   |   |   |   |   |   |   |   |   |--- feature_4 <= 0.00
|   |   |   |   |   |   |   |   |   |   |--- feature_1 <= 0.67
|   |   |   |   |   |   |   |   |   |   |   |--- truncated branch of depth 2
|   |   |   |   |   |   |   |   |   |   |--- feature_1 >  0.67
|   |   |   |   |   |   |   |   |   |   |   |--- truncated branch of depth 4
|   |   |   |   |   |   |   |   |   |--- feature_4 >  0.00
|   |   |   |   |   |   |   |   |   |   |--- feature_1 <= 0.74
|   |   |   |   |   |   |   |   |   |   |   |--- truncated branch of depth 5
|   |   |   |   |   |   |   |   |   |   |--- feature_1 >  0.74
|   |   |   |   |   |   |   |   |   |   |   |--- class: 0
|   |   |   |   |   |   |   |   |--- feature_1 >  0.83
|   |   |   |   |   |   |   |   |   |--- class: 3
|   |   |   |   |   |   |--- feature_4 >  0.00
|   |   |   |   |   |   |   |--- feature_4 <= 0.01
|   |   |   |   |   |   |   |   |--- feature_2 <= 0.83
|   |   |   |   |   |   |   |   |   |--- feature_4 <= 0.00
|   |   |   |   |   |   |   |   |   |   |--- feature_1 <= 0.70
|   |   |   |   |   |   |   |   |   |   |   |--- truncated branch of depth 7
|   |   |   |   |   |   |   |   |   |   |--- feature_1 >  0.70
|   |   |   |   |   |   |   |   |   |   |   |--- truncated branch of depth 5
|   |   |   |   |   |   |   |   |   |--- feature_4 >  0.00
|   |   |   |   |   |   |   |   |   |   |--- feature_4 <= 0.00
|   |   |   |   |   |   |   |   |   |   |   |--- truncated branch of depth 3
|   |   |   |   |   |   |   |   |   |   |--- feature_4 >  0.00
|   |   |   |   |   |   |   |   |   |   |   |--- truncated branch of depth 4
|   |   |   |   |   |   |   |   |--- feature_2 >  0.83
|   |   |   |   |   |   |   |   |   |--- feature_4 <= 0.00
|   |   |   |   |   |   |   |   |   |   |--- class: 3
|   |   |   |   |   |   |   |   |   |--- feature_4 >  0.00
|   |   |   |   |   |   |   |   |   |   |--- class: 2
|   |   |   |   |   |   |   |--- feature_4 >  0.01
|   |   |   |   |   |   |   |   |--- class: 0
|   |   |   |   |   |--- feature_1 >  0.88
|   |   |   |   |   |   |--- feature_4 <= 0.00
|   |   |   |   |   |   |   |--- class: 3
|   |   |   |   |   |   |--- feature_4 >  0.00
|   |   |   |   |   |   |   |--- class: 0
|   |   |   |   |--- feature_0 >  0.61
|   |   |   |   |   |--- feature_6 <= 0.50
|   |   |   |   |   |   |--- feature_2 <= 0.72
|   |   |   |   |   |   |   |--- feature_1 <= 0.66
|   |   |   |   |   |   |   |   |--- feature_3 <= 0.50
|   |   |   |   |   |   |   |   |   |--- feature_3 <= 0.39
|   |   |   |   |   |   |   |   |   |   |--- class: 2
|   |   |   |   |   |   |   |   |   |--- feature_3 >  0.39
|   |   |   |   |   |   |   |   |   |   |--- class: 0
|   |   |   |   |   |   |   |   |--- feature_3 >  0.50
|   |   |   |   |   |   |   |   |   |--- feature_4 <= 0.00
|   |   |   |   |   |   |   |   |   |   |--- feature_5 <= 5.50
|   |   |   |   |   |   |   |   |   |   |   |--- truncated branch of depth 3
|   |   |   |   |   |   |   |   |   |   |--- feature_5 >  5.50
|   |   |   |   |   |   |   |   |   |   |   |--- truncated branch of depth 5
|   |   |   |   |   |   |   |   |   |--- feature_4 >  0.00
|   |   |   |   |   |   |   |   |   |   |--- feature_4 <= 0.00
|   |   |   |   |   |   |   |   |   |   |   |--- class: 0
|   |   |   |   |   |   |   |   |   |   |--- feature_4 >  0.00
|   |   |   |   |   |   |   |   |   |   |   |--- truncated branch of depth 4
|   |   |   |   |   |   |   |--- feature_1 >  0.66
|   |   |   |   |   |   |   |   |--- feature_1 <= 0.83
|   |   |   |   |   |   |   |   |   |--- feature_1 <= 0.68
|   |   |   |   |   |   |   |   |   |   |--- feature_4 <= 0.00
|   |   |   |   |   |   |   |   |   |   |   |--- class: 2
|   |   |   |   |   |   |   |   |   |   |--- feature_4 >  0.00
|   |   |   |   |   |   |   |   |   |   |   |--- truncated branch of depth 4
|   |   |   |   |   |   |   |   |   |--- feature_1 >  0.68
|   |   |   |   |   |   |   |   |   |   |--- feature_3 <= 0.39
|   |   |   |   |   |   |   |   |   |   |   |--- truncated branch of depth 2
|   |   |   |   |   |   |   |   |   |   |--- feature_3 >  0.39
|   |   |   |   |   |   |   |   |   |   |   |--- truncated branch of depth 10
|   |   |   |   |   |   |   |   |--- feature_1 >  0.83
|   |   |   |   |   |   |   |   |   |--- feature_4 <= 0.00
|   |   |   |   |   |   |   |   |   |   |--- feature_5 <= 5.50
|   |   |   |   |   |   |   |   |   |   |   |--- truncated branch of depth 6
|   |   |   |   |   |   |   |   |   |   |--- feature_5 >  5.50
|   |   |   |   |   |   |   |   |   |   |   |--- class: 3
|   |   |   |   |   |   |   |   |   |--- feature_4 >  0.00
|   |   |   |   |   |   |   |   |   |   |--- feature_1 <= 0.84
|   |   |   |   |   |   |   |   |   |   |   |--- truncated branch of depth 3
|   |   |   |   |   |   |   |   |   |   |--- feature_1 >  0.84
|   |   |   |   |   |   |   |   |   |   |   |--- truncated branch of depth 6
|   |   |   |   |   |   |--- feature_2 >  0.72
|   |   |   |   |   |   |   |--- feature_5 <= 2.50
|   |   |   |   |   |   |   |   |--- feature_2 <= 0.83
|   |   |   |   |   |   |   |   |   |--- feature_1 <= 0.76
|   |   |   |   |   |   |   |   |   |   |--- feature_3 <= 0.83
|   |   |   |   |   |   |   |   |   |   |   |--- class: 2
|   |   |   |   |   |   |   |   |   |   |--- feature_3 >  0.83
|   |   |   |   |   |   |   |   |   |   |   |--- class: 3
|   |   |   |   |   |   |   |   |   |--- feature_1 >  0.76
|   |   |   |   |   |   |   |   |   |   |--- class: 3
|   |   |   |   |   |   |   |   |--- feature_2 >  0.83
|   |   |   |   |   |   |   |   |   |--- class: 3
|   |   |   |   |   |   |   |--- feature_5 >  2.50
|   |   |   |   |   |   |   |   |--- feature_6 <= -0.50
|   |   |   |   |   |   |   |   |   |--- class: 3
|   |   |   |   |   |   |   |   |--- feature_6 >  -0.50
|   |   |   |   |   |   |   |   |   |--- feature_3 <= 0.61
|   |   |   |   |   |   |   |   |   |   |--- feature_4 <= 0.00
|   |   |   |   |   |   |   |   |   |   |   |--- class: 2
|   |   |   |   |   |   |   |   |   |   |--- feature_4 >  0.00
|   |   |   |   |   |   |   |   |   |   |   |--- class: 3
|   |   |   |   |   |   |   |   |   |--- feature_3 >  0.61
|   |   |   |   |   |   |   |   |   |   |--- feature_1 <= 0.88
|   |   |   |   |   |   |   |   |   |   |   |--- truncated branch of depth 7
|   |   |   |   |   |   |   |   |   |   |--- feature_1 >  0.88
|   |   |   |   |   |   |   |   |   |   |   |--- truncated branch of depth 5
|   |   |   |   |   |--- feature_6 >  0.50
|   |   |   |   |   |   |--- feature_2 <= 0.72
|   |   |   |   |   |   |   |--- feature_1 <= 0.73
|   |   |   |   |   |   |   |   |--- feature_5 <= 3.50
|   |   |   |   |   |   |   |   |   |--- feature_1 <= 0.66
|   |   |   |   |   |   |   |   |   |   |--- feature_5 <= 2.50
|   |   |   |   |   |   |   |   |   |   |   |--- truncated branch of depth 4
|   |   |   |   |   |   |   |   |   |   |--- feature_5 >  2.50
|   |   |   |   |   |   |   |   |   |   |   |--- class: 3
|   |   |   |   |   |   |   |   |   |--- feature_1 >  0.66
|   |   |   |   |   |   |   |   |   |   |--- feature_4 <= 0.00
|   |   |   |   |   |   |   |   |   |   |   |--- truncated branch of depth 4
|   |   |   |   |   |   |   |   |   |   |--- feature_4 >  0.00
|   |   |   |   |   |   |   |   |   |   |   |--- truncated branch of depth 10
|   |   |   |   |   |   |   |   |--- feature_5 >  3.50
|   |   |   |   |   |   |   |   |   |--- feature_3 <= 0.72
|   |   |   |   |   |   |   |   |   |   |--- feature_4 <= 0.00
|   |   |   |   |   |   |   |   |   |   |   |--- class: 2
|   |   |   |   |   |   |   |   |   |   |--- feature_4 >  0.00
|   |   |   |   |   |   |   |   |   |   |   |--- truncated branch of depth 7
|   |   |   |   |   |   |   |   |   |--- feature_3 >  0.72
|   |   |   |   |   |   |   |   |   |   |--- feature_1 <= 0.69
|   |   |   |   |   |   |   |   |   |   |   |--- truncated branch of depth 3
|   |   |   |   |   |   |   |   |   |   |--- feature_1 >  0.69
|   |   |   |   |   |   |   |   |   |   |   |--- class: 2
|   |   |   |   |   |   |   |--- feature_1 >  0.73
|   |   |   |   |   |   |   |   |--- feature_4 <= 0.00
|   |   |   |   |   |   |   |   |   |--- feature_4 <= 0.00
|   |   |   |   |   |   |   |   |   |   |--- feature_6 <= 2.50
|   |   |   |   |   |   |   |   |   |   |   |--- truncated branch of depth 6
|   |   |   |   |   |   |   |   |   |   |--- feature_6 >  2.50
|   |   |   |   |   |   |   |   |   |   |   |--- truncated branch of depth 10
|   |   |   |   |   |   |   |   |   |--- feature_4 >  0.00
|   |   |   |   |   |   |   |   |   |   |--- feature_4 <= 0.00
|   |   |   |   |   |   |   |   |   |   |   |--- class: 0
|   |   |   |   |   |   |   |   |   |   |--- feature_4 >  0.00
|   |   |   |   |   |   |   |   |   |   |   |--- class: 3
|   |   |   |   |   |   |   |   |--- feature_4 >  0.00
|   |   |   |   |   |   |   |   |   |--- class: 2
|   |   |   |   |   |   |--- feature_2 >  0.72
|   |   |   |   |   |   |   |--- feature_1 <= 0.66
|   |   |   |   |   |   |   |   |--- feature_3 <= 0.61
|   |   |   |   |   |   |   |   |   |--- class: 0
|   |   |   |   |   |   |   |   |--- feature_3 >  0.61
|   |   |   |   |   |   |   |   |   |--- feature_5 <= 4.50
|   |   |   |   |   |   |   |   |   |   |--- feature_3 <= 0.72
|   |   |   |   |   |   |   |   |   |   |   |--- class: 3
|   |   |   |   |   |   |   |   |   |   |--- feature_3 >  0.72
|   |   |   |   |   |   |   |   |   |   |   |--- truncated branch of depth 3
|   |   |   |   |   |   |   |   |   |--- feature_5 >  4.50
|   |   |   |   |   |   |   |   |   |   |--- class: 3
|   |   |   |   |   |   |   |--- feature_1 >  0.66
|   |   |   |   |   |   |   |   |--- feature_1 <= 0.79
|   |   |   |   |   |   |   |   |   |--- feature_5 <= 1.50
|   |   |   |   |   |   |   |   |   |   |--- feature_6 <= 3.00
|   |   |   |   |   |   |   |   |   |   |   |--- class: 2
|   |   |   |   |   |   |   |   |   |   |--- feature_6 >  3.00
|   |   |   |   |   |   |   |   |   |   |   |--- class: 3
|   |   |   |   |   |   |   |   |   |--- feature_5 >  1.50
|   |   |   |   |   |   |   |   |   |   |--- feature_4 <= 0.00
|   |   |   |   |   |   |   |   |   |   |   |--- truncated branch of depth 10
|   |   |   |   |   |   |   |   |   |   |--- feature_4 >  0.00
|   |   |   |   |   |   |   |   |   |   |   |--- truncated branch of depth 8
|   |   |   |   |   |   |   |   |--- feature_1 >  0.79
|   |   |   |   |   |   |   |   |   |--- feature_5 <= 2.50
|   |   |   |   |   |   |   |   |   |   |--- feature_3 <= 0.72
|   |   |   |   |   |   |   |   |   |   |   |--- class: 3
|   |   |   |   |   |   |   |   |   |   |--- feature_3 >  0.72
|   |   |   |   |   |   |   |   |   |   |   |--- truncated branch of depth 9
|   |   |   |   |   |   |   |   |   |--- feature_5 >  2.50
|   |   |   |   |   |   |   |   |   |   |--- feature_4 <= 0.00
|   |   |   |   |   |   |   |   |   |   |   |--- class: 2
|   |   |   |   |   |   |   |   |   |   |--- feature_4 >  0.00
|   |   |   |   |   |   |   |   |   |   |   |--- truncated branch of depth 2
|   |   |   |--- feature_4 >  0.01
|   |   |   |   |--- feature_2 <= 0.72
|   |   |   |   |   |--- feature_1 <= 0.84
|   |   |   |   |   |   |--- feature_4 <= 0.35
|   |   |   |   |   |   |   |--- feature_4 <= 0.01
|   |   |   |   |   |   |   |   |--- feature_1 <= 0.70
|   |   |   |   |   |   |   |   |   |--- class: 2
|   |   |   |   |   |   |   |   |--- feature_1 >  0.70
|   |   |   |   |   |   |   |   |   |--- class: 3
|   |   |   |   |   |   |   |--- feature_4 >  0.01
|   |   |   |   |   |   |   |   |--- feature_1 <= 0.69
|   |   |   |   |   |   |   |   |   |--- feature_1 <= 0.66
|   |   |   |   |   |   |   |   |   |   |--- class: 2
|   |   |   |   |   |   |   |   |   |--- feature_1 >  0.66
|   |   |   |   |   |   |   |   |   |   |--- feature_4 <= 0.01
|   |   |   |   |   |   |   |   |   |   |   |--- class: 2
|   |   |   |   |   |   |   |   |   |   |--- feature_4 >  0.01
|   |   |   |   |   |   |   |   |   |   |   |--- class: 3
|   |   |   |   |   |   |   |   |--- feature_1 >  0.69
|   |   |   |   |   |   |   |   |   |--- feature_4 <= 0.29
|   |   |   |   |   |   |   |   |   |   |--- feature_3 <= 0.72
|   |   |   |   |   |   |   |   |   |   |   |--- truncated branch of depth 2
|   |   |   |   |   |   |   |   |   |   |--- feature_3 >  0.72
|   |   |   |   |   |   |   |   |   |   |   |--- class: 2
|   |   |   |   |   |   |   |   |   |--- feature_4 >  0.29
|   |   |   |   |   |   |   |   |   |   |--- feature_1 <= 0.78
|   |   |   |   |   |   |   |   |   |   |   |--- class: 2
|   |   |   |   |   |   |   |   |   |   |--- feature_1 >  0.78
|   |   |   |   |   |   |   |   |   |   |   |--- class: 2
|   |   |   |   |   |   |--- feature_4 >  0.35
|   |   |   |   |   |   |   |--- class: 0
|   |   |   |   |   |--- feature_1 >  0.84
|   |   |   |   |   |   |--- feature_5 <= 3.00
|   |   |   |   |   |   |   |--- class: 3
|   |   |   |   |   |   |--- feature_5 >  3.00
|   |   |   |   |   |   |   |--- class: 0
|   |   |   |   |--- feature_2 >  0.72
|   |   |   |   |   |--- feature_3 <= 0.61
|   |   |   |   |   |   |--- class: 2
|   |   |   |   |   |--- feature_3 >  0.61
|   |   |   |   |   |   |--- feature_4 <= 0.02
|   |   |   |   |   |   |   |--- feature_4 <= 0.02
|   |   |   |   |   |   |   |   |--- feature_4 <= 0.01
|   |   |   |   |   |   |   |   |   |--- feature_1 <= 0.69
|   |   |   |   |   |   |   |   |   |   |--- class: 3
|   |   |   |   |   |   |   |   |   |--- feature_1 >  0.69
|   |   |   |   |   |   |   |   |   |   |--- feature_5 <= 3.50
|   |   |   |   |   |   |   |   |   |   |   |--- class: 2
|   |   |   |   |   |   |   |   |   |   |--- feature_5 >  3.50
|   |   |   |   |   |   |   |   |   |   |   |--- truncated branch of depth 3
|   |   |   |   |   |   |   |   |--- feature_4 >  0.01
|   |   |   |   |   |   |   |   |   |--- class: 3
|   |   |   |   |   |   |   |--- feature_4 >  0.02
|   |   |   |   |   |   |   |   |--- feature_4 <= 0.02
|   |   |   |   |   |   |   |   |   |--- feature_4 <= 0.02
|   |   |   |   |   |   |   |   |   |   |--- class: 2
|   |   |   |   |   |   |   |   |   |--- feature_4 >  0.02
|   |   |   |   |   |   |   |   |   |   |--- class: 0
|   |   |   |   |   |   |   |   |--- feature_4 >  0.02
|   |   |   |   |   |   |   |   |   |--- class: 2
|   |   |   |   |   |   |--- feature_4 >  0.02
|   |   |   |   |   |   |   |--- feature_4 <= 0.02
|   |   |   |   |   |   |   |   |--- class: 3
|   |   |   |   |   |   |   |--- feature_4 >  0.02
|   |   |   |   |   |   |   |   |--- feature_4 <= 0.02
|   |   |   |   |   |   |   |   |   |--- class: 2
|   |   |   |   |   |   |   |   |--- feature_4 >  0.02
|   |   |   |   |   |   |   |   |   |--- feature_1 <= 0.69
|   |   |   |   |   |   |   |   |   |   |--- feature_4 <= 0.06
|   |   |   |   |   |   |   |   |   |   |   |--- truncated branch of depth 4
|   |   |   |   |   |   |   |   |   |   |--- feature_4 >  0.06
|   |   |   |   |   |   |   |   |   |   |   |--- truncated branch of depth 2
|   |   |   |   |   |   |   |   |   |--- feature_1 >  0.69
|   |   |   |   |   |   |   |   |   |   |--- feature_1 <= 0.77
|   |   |   |   |   |   |   |   |   |   |   |--- truncated branch of depth 7
|   |   |   |   |   |   |   |   |   |   |--- feature_1 >  0.77
|   |   |   |   |   |   |   |   |   |   |   |--- truncated branch of depth 6
|--- feature_0 >  0.72
|   |--- feature_2 <= 0.72
|   |   |--- feature_2 <= 0.61
|   |   |   |--- feature_4 <= 0.00
|   |   |   |   |--- feature_1 <= 0.23
|   |   |   |   |   |--- class: 0
|   |   |   |   |--- feature_1 >  0.23
|   |   |   |   |   |--- feature_3 <= 0.83
|   |   |   |   |   |   |--- feature_1 <= 0.79
|   |   |   |   |   |   |   |--- feature_4 <= 0.00
|   |   |   |   |   |   |   |   |--- feature_5 <= 2.50
|   |   |   |   |   |   |   |   |   |--- class: 2
|   |   |   |   |   |   |   |   |--- feature_5 >  2.50
|   |   |   |   |   |   |   |   |   |--- feature_3 <= 0.50
|   |   |   |   |   |   |   |   |   |   |--- feature_1 <= 0.33
|   |   |   |   |   |   |   |   |   |   |   |--- truncated branch of depth 2
|   |   |   |   |   |   |   |   |   |   |--- feature_1 >  0.33
|   |   |   |   |   |   |   |   |   |   |   |--- class: 2
|   |   |   |   |   |   |   |   |   |--- feature_3 >  0.50
|   |   |   |   |   |   |   |   |   |   |--- feature_4 <= 0.00
|   |   |   |   |   |   |   |   |   |   |   |--- class: 0
|   |   |   |   |   |   |   |   |   |   |--- feature_4 >  0.00
|   |   |   |   |   |   |   |   |   |   |   |--- truncated branch of depth 6
|   |   |   |   |   |   |   |--- feature_4 >  0.00
|   |   |   |   |   |   |   |   |--- feature_1 <= 0.36
|   |   |   |   |   |   |   |   |   |--- class: 3
|   |   |   |   |   |   |   |   |--- feature_1 >  0.36
|   |   |   |   |   |   |   |   |   |--- feature_5 <= 5.50
|   |   |   |   |   |   |   |   |   |   |--- feature_3 <= 0.72
|   |   |   |   |   |   |   |   |   |   |   |--- class: 2
|   |   |   |   |   |   |   |   |   |   |--- feature_3 >  0.72
|   |   |   |   |   |   |   |   |   |   |   |--- class: 0
|   |   |   |   |   |   |   |   |   |--- feature_5 >  5.50
|   |   |   |   |   |   |   |   |   |   |--- class: 3
|   |   |   |   |   |   |--- feature_1 >  0.79
|   |   |   |   |   |   |   |--- class: 2
|   |   |   |   |   |--- feature_3 >  0.83
|   |   |   |   |   |   |--- class: 0
|   |   |   |--- feature_4 >  0.00
|   |   |   |   |--- feature_1 <= 0.76
|   |   |   |   |   |--- feature_2 <= 0.39
|   |   |   |   |   |   |--- class: 0
|   |   |   |   |   |--- feature_2 >  0.39
|   |   |   |   |   |   |--- feature_0 <= 0.83
|   |   |   |   |   |   |   |--- feature_5 <= 2.50
|   |   |   |   |   |   |   |   |--- feature_6 <= 4.50
|   |   |   |   |   |   |   |   |   |--- class: 2
|   |   |   |   |   |   |   |   |--- feature_6 >  4.50
|   |   |   |   |   |   |   |   |   |--- feature_4 <= 0.01
|   |   |   |   |   |   |   |   |   |   |--- class: 0
|   |   |   |   |   |   |   |   |   |--- feature_4 >  0.01
|   |   |   |   |   |   |   |   |   |   |--- class: 2
|   |   |   |   |   |   |   |--- feature_5 >  2.50
|   |   |   |   |   |   |   |   |--- class: 2
|   |   |   |   |   |   |--- feature_0 >  0.83
|   |   |   |   |   |   |   |--- feature_4 <= 0.15
|   |   |   |   |   |   |   |   |--- class: 2
|   |   |   |   |   |   |   |--- feature_4 >  0.15
|   |   |   |   |   |   |   |   |--- class: 0
|   |   |   |   |--- feature_1 >  0.76
|   |   |   |   |   |--- feature_4 <= 0.00
|   |   |   |   |   |   |--- class: 2
|   |   |   |   |   |--- feature_4 >  0.00
|   |   |   |   |   |   |--- feature_5 <= 3.00
|   |   |   |   |   |   |   |--- class: 3
|   |   |   |   |   |   |--- feature_5 >  3.00
|   |   |   |   |   |   |   |--- feature_0 <= 0.83
|   |   |   |   |   |   |   |   |--- class: 0
|   |   |   |   |   |   |   |--- feature_0 >  0.83
|   |   |   |   |   |   |   |   |--- class: 0
|   |   |--- feature_2 >  0.61
|   |   |   |--- feature_6 <= 0.50
|   |   |   |   |--- feature_5 <= 0.50
|   |   |   |   |   |--- class: 0
|   |   |   |   |--- feature_5 >  0.50
|   |   |   |   |   |--- feature_5 <= 3.50
|   |   |   |   |   |   |--- feature_3 <= 0.83
|   |   |   |   |   |   |   |--- feature_4 <= 0.00
|   |   |   |   |   |   |   |   |--- class: 0
|   |   |   |   |   |   |   |--- feature_4 >  0.00
|   |   |   |   |   |   |   |   |--- feature_1 <= 0.72
|   |   |   |   |   |   |   |   |   |--- feature_4 <= 0.00
|   |   |   |   |   |   |   |   |   |   |--- class: 2
|   |   |   |   |   |   |   |   |   |--- feature_4 >  0.00
|   |   |   |   |   |   |   |   |   |   |--- feature_4 <= 0.00
|   |   |   |   |   |   |   |   |   |   |   |--- truncated branch of depth 2
|   |   |   |   |   |   |   |   |   |   |--- feature_4 >  0.00
|   |   |   |   |   |   |   |   |   |   |   |--- truncated branch of depth 10
|   |   |   |   |   |   |   |   |--- feature_1 >  0.72
|   |   |   |   |   |   |   |   |   |--- feature_3 <= 0.61
|   |   |   |   |   |   |   |   |   |   |--- feature_4 <= 0.00
|   |   |   |   |   |   |   |   |   |   |   |--- class: 0
|   |   |   |   |   |   |   |   |   |   |--- feature_4 >  0.00
|   |   |   |   |   |   |   |   |   |   |   |--- class: 2
|   |   |   |   |   |   |   |   |   |--- feature_3 >  0.61
|   |   |   |   |   |   |   |   |   |   |--- feature_1 <= 0.76
|   |   |   |   |   |   |   |   |   |   |   |--- truncated branch of depth 3
|   |   |   |   |   |   |   |   |   |   |--- feature_1 >  0.76
|   |   |   |   |   |   |   |   |   |   |   |--- truncated branch of depth 7
|   |   |   |   |   |   |--- feature_3 >  0.83
|   |   |   |   |   |   |   |--- class: 0
|   |   |   |   |   |--- feature_5 >  3.50
|   |   |   |   |   |   |--- feature_1 <= 0.40
|   |   |   |   |   |   |   |--- feature_3 <= 0.72
|   |   |   |   |   |   |   |   |--- class: 2
|   |   |   |   |   |   |   |--- feature_3 >  0.72
|   |   |   |   |   |   |   |   |--- class: 3
|   |   |   |   |   |   |--- feature_1 >  0.40
|   |   |   |   |   |   |   |--- class: 2
|   |   |   |--- feature_6 >  0.50
|   |   |   |   |--- feature_4 <= 0.00
|   |   |   |   |   |--- feature_1 <= 0.89
|   |   |   |   |   |   |--- feature_4 <= 0.00
|   |   |   |   |   |   |   |--- feature_4 <= 0.00
|   |   |   |   |   |   |   |   |--- feature_1 <= 0.76
|   |   |   |   |   |   |   |   |   |--- feature_3 <= 0.72
|   |   |   |   |   |   |   |   |   |   |--- feature_1 <= 0.72
|   |   |   |   |   |   |   |   |   |   |   |--- class: 2
|   |   |   |   |   |   |   |   |   |   |--- feature_1 >  0.72
|   |   |   |   |   |   |   |   |   |   |   |--- truncated branch of depth 2
|   |   |   |   |   |   |   |   |   |--- feature_3 >  0.72
|   |   |   |   |   |   |   |   |   |   |--- feature_0 <= 0.83
|   |   |   |   |   |   |   |   |   |   |   |--- class: 3
|   |   |   |   |   |   |   |   |   |   |--- feature_0 >  0.83
|   |   |   |   |   |   |   |   |   |   |   |--- class: 2
|   |   |   |   |   |   |   |   |--- feature_1 >  0.76
|   |   |   |   |   |   |   |   |   |--- feature_6 <= 4.50
|   |   |   |   |   |   |   |   |   |   |--- feature_1 <= 0.80
|   |   |   |   |   |   |   |   |   |   |   |--- truncated branch of depth 3
|   |   |   |   |   |   |   |   |   |   |--- feature_1 >  0.80
|   |   |   |   |   |   |   |   |   |   |   |--- class: 0
|   |   |   |   |   |   |   |   |   |--- feature_6 >  4.50
|   |   |   |   |   |   |   |   |   |   |--- class: 2
|   |   |   |   |   |   |   |--- feature_4 >  0.00
|   |   |   |   |   |   |   |   |--- feature_5 <= 3.50
|   |   |   |   |   |   |   |   |   |--- class: 0
|   |   |   |   |   |   |   |   |--- feature_5 >  3.50
|   |   |   |   |   |   |   |   |   |--- class: 3
|   |   |   |   |   |   |--- feature_4 >  0.00
|   |   |   |   |   |   |   |--- feature_1 <= 0.86
|   |   |   |   |   |   |   |   |--- feature_4 <= 0.00
|   |   |   |   |   |   |   |   |   |--- feature_1 <= 0.36
|   |   |   |   |   |   |   |   |   |   |--- feature_3 <= 0.61
|   |   |   |   |   |   |   |   |   |   |   |--- class: 2
|   |   |   |   |   |   |   |   |   |   |--- feature_3 >  0.61
|   |   |   |   |   |   |   |   |   |   |   |--- class: 0
|   |   |   |   |   |   |   |   |   |--- feature_1 >  0.36
|   |   |   |   |   |   |   |   |   |   |--- feature_4 <= 0.00
|   |   |   |   |   |   |   |   |   |   |   |--- truncated branch of depth 5
|   |   |   |   |   |   |   |   |   |   |--- feature_4 >  0.00
|   |   |   |   |   |   |   |   |   |   |   |--- truncated branch of depth 7
|   |   |   |   |   |   |   |   |--- feature_4 >  0.00
|   |   |   |   |   |   |   |   |   |--- feature_5 <= 2.50
|   |   |   |   |   |   |   |   |   |   |--- class: 2
|   |   |   |   |   |   |   |   |   |--- feature_5 >  2.50
|   |   |   |   |   |   |   |   |   |   |--- feature_1 <= 0.45
|   |   |   |   |   |   |   |   |   |   |   |--- class: 2
|   |   |   |   |   |   |   |   |   |   |--- feature_1 >  0.45
|   |   |   |   |   |   |   |   |   |   |   |--- truncated branch of depth 2
|   |   |   |   |   |   |   |--- feature_1 >  0.86
|   |   |   |   |   |   |   |   |--- class: 0
|   |   |   |   |   |--- feature_1 >  0.89
|   |   |   |   |   |   |--- feature_6 <= 4.50
|   |   |   |   |   |   |   |--- class: 0
|   |   |   |   |   |   |--- feature_6 >  4.50
|   |   |   |   |   |   |   |--- class: 2
|   |   |   |   |--- feature_4 >  0.00
|   |   |   |   |   |--- feature_1 <= 0.65
|   |   |   |   |   |   |--- feature_6 <= 5.50
|   |   |   |   |   |   |   |--- feature_1 <= 0.63
|   |   |   |   |   |   |   |   |--- feature_4 <= 0.00
|   |   |   |   |   |   |   |   |   |--- feature_1 <= 0.59
|   |   |   |   |   |   |   |   |   |   |--- class: 2
|   |   |   |   |   |   |   |   |   |--- feature_1 >  0.59
|   |   |   |   |   |   |   |   |   |   |--- feature_1 <= 0.61
|   |   |   |   |   |   |   |   |   |   |   |--- class: 3
|   |   |   |   |   |   |   |   |   |   |--- feature_1 >  0.61
|   |   |   |   |   |   |   |   |   |   |   |--- class: 2
|   |   |   |   |   |   |   |   |--- feature_4 >  0.00
|   |   |   |   |   |   |   |   |   |--- feature_4 <= 0.05
|   |   |   |   |   |   |   |   |   |   |--- class: 2
|   |   |   |   |   |   |   |   |   |--- feature_4 >  0.05
|   |   |   |   |   |   |   |   |   |   |--- feature_4 <= 0.05
|   |   |   |   |   |   |   |   |   |   |   |--- class: 0
|   |   |   |   |   |   |   |   |   |   |--- feature_4 >  0.05
|   |   |   |   |   |   |   |   |   |   |   |--- class: 2
|   |   |   |   |   |   |   |--- feature_1 >  0.63
|   |   |   |   |   |   |   |   |--- feature_3 <= 0.83
|   |   |   |   |   |   |   |   |   |--- feature_4 <= 0.01
|   |   |   |   |   |   |   |   |   |   |--- feature_4 <= 0.01
|   |   |   |   |   |   |   |   |   |   |   |--- class: 2
|   |   |   |   |   |   |   |   |   |   |--- feature_4 >  0.01
|   |   |   |   |   |   |   |   |   |   |   |--- class: 3
|   |   |   |   |   |   |   |   |   |--- feature_4 >  0.01
|   |   |   |   |   |   |   |   |   |   |--- class: 2
|   |   |   |   |   |   |   |   |--- feature_3 >  0.83
|   |   |   |   |   |   |   |   |   |--- class: 0
|   |   |   |   |   |   |--- feature_6 >  5.50
|   |   |   |   |   |   |   |--- feature_4 <= 0.08
|   |   |   |   |   |   |   |   |--- feature_4 <= 0.05
|   |   |   |   |   |   |   |   |   |--- class: 0
|   |   |   |   |   |   |   |   |--- feature_4 >  0.05
|   |   |   |   |   |   |   |   |   |--- feature_4 <= 0.07
|   |   |   |   |   |   |   |   |   |   |--- class: 2
|   |   |   |   |   |   |   |   |   |--- feature_4 >  0.07
|   |   |   |   |   |   |   |   |   |   |--- class: 0
|   |   |   |   |   |   |   |--- feature_4 >  0.08
|   |   |   |   |   |   |   |   |--- feature_4 <= 0.22
|   |   |   |   |   |   |   |   |   |--- class: 2
|   |   |   |   |   |   |   |   |--- feature_4 >  0.22
|   |   |   |   |   |   |   |   |   |--- class: 2
|   |   |   |   |   |--- feature_1 >  0.65
|   |   |   |   |   |   |--- feature_3 <= 0.72
|   |   |   |   |   |   |   |--- feature_4 <= 0.02
|   |   |   |   |   |   |   |   |--- feature_1 <= 0.67
|   |   |   |   |   |   |   |   |   |--- feature_6 <= 3.00
|   |   |   |   |   |   |   |   |   |   |--- class: 0
|   |   |   |   |   |   |   |   |   |--- feature_6 >  3.00
|   |   |   |   |   |   |   |   |   |   |--- class: 2
|   |   |   |   |   |   |   |   |--- feature_1 >  0.67
|   |   |   |   |   |   |   |   |   |--- feature_4 <= 0.01
|   |   |   |   |   |   |   |   |   |   |--- class: 2
|   |   |   |   |   |   |   |   |   |--- feature_4 >  0.01
|   |   |   |   |   |   |   |   |   |   |--- feature_5 <= 3.50
|   |   |   |   |   |   |   |   |   |   |   |--- class: 2
|   |   |   |   |   |   |   |   |   |   |--- feature_5 >  3.50
|   |   |   |   |   |   |   |   |   |   |   |--- class: 0
|   |   |   |   |   |   |   |--- feature_4 >  0.02
|   |   |   |   |   |   |   |   |--- feature_0 <= 0.83
|   |   |   |   |   |   |   |   |   |--- class: 0
|   |   |   |   |   |   |   |   |--- feature_0 >  0.83
|   |   |   |   |   |   |   |   |   |--- feature_4 <= 0.09
|   |   |   |   |   |   |   |   |   |   |--- class: 2
|   |   |   |   |   |   |   |   |   |--- feature_4 >  0.09
|   |   |   |   |   |   |   |   |   |   |--- feature_1 <= 0.74
|   |   |   |   |   |   |   |   |   |   |   |--- class: 2
|   |   |   |   |   |   |   |   |   |   |--- feature_1 >  0.74
|   |   |   |   |   |   |   |   |   |   |   |--- class: 0
|   |   |   |   |   |   |--- feature_3 >  0.72
|   |   |   |   |   |   |   |--- feature_4 <= 0.04
|   |   |   |   |   |   |   |   |--- feature_4 <= 0.01
|   |   |   |   |   |   |   |   |   |--- feature_4 <= 0.00
|   |   |   |   |   |   |   |   |   |   |--- class: 2
|   |   |   |   |   |   |   |   |   |--- feature_4 >  0.00
|   |   |   |   |   |   |   |   |   |   |--- feature_4 <= 0.00
|   |   |   |   |   |   |   |   |   |   |   |--- class: 0
|   |   |   |   |   |   |   |   |   |   |--- feature_4 >  0.00
|   |   |   |   |   |   |   |   |   |   |   |--- class: 2
|   |   |   |   |   |   |   |   |--- feature_4 >  0.01
|   |   |   |   |   |   |   |   |   |--- feature_4 <= 0.01
|   |   |   |   |   |   |   |   |   |   |--- class: 0
|   |   |   |   |   |   |   |   |   |--- feature_4 >  0.01
|   |   |   |   |   |   |   |   |   |   |--- feature_0 <= 0.83
|   |   |   |   |   |   |   |   |   |   |   |--- truncated branch of depth 4
|   |   |   |   |   |   |   |   |   |   |--- feature_0 >  0.83
|   |   |   |   |   |   |   |   |   |   |   |--- class: 0
|   |   |   |   |   |   |   |--- feature_4 >  0.04
|   |   |   |   |   |   |   |   |--- class: 2
|   |--- feature_2 >  0.72
|   |   |--- feature_0 <= 0.83
|   |   |   |--- feature_4 <= 0.05
|   |   |   |   |--- feature_3 <= 0.94
|   |   |   |   |   |--- feature_3 <= 0.61
|   |   |   |   |   |   |--- feature_5 <= 7.50
|   |   |   |   |   |   |   |--- feature_1 <= 0.36
|   |   |   |   |   |   |   |   |--- feature_1 <= 0.33
|   |   |   |   |   |   |   |   |   |--- class: 2
|   |   |   |   |   |   |   |   |--- feature_1 >  0.33
|   |   |   |   |   |   |   |   |   |--- class: 0
|   |   |   |   |   |   |   |--- feature_1 >  0.36
|   |   |   |   |   |   |   |   |--- feature_1 <= 0.65
|   |   |   |   |   |   |   |   |   |--- feature_1 <= 0.48
|   |   |   |   |   |   |   |   |   |   |--- class: 2
|   |   |   |   |   |   |   |   |   |--- feature_1 >  0.48
|   |   |   |   |   |   |   |   |   |   |--- feature_1 <= 0.49
|   |   |   |   |   |   |   |   |   |   |   |--- class: 0
|   |   |   |   |   |   |   |   |   |   |--- feature_1 >  0.49
|   |   |   |   |   |   |   |   |   |   |   |--- class: 2
|   |   |   |   |   |   |   |   |--- feature_1 >  0.65
|   |   |   |   |   |   |   |   |   |--- feature_1 <= 0.69
|   |   |   |   |   |   |   |   |   |   |--- feature_4 <= 0.00
|   |   |   |   |   |   |   |   |   |   |   |--- truncated branch of depth 2
|   |   |   |   |   |   |   |   |   |   |--- feature_4 >  0.00
|   |   |   |   |   |   |   |   |   |   |   |--- truncated branch of depth 2
|   |   |   |   |   |   |   |   |   |--- feature_1 >  0.69
|   |   |   |   |   |   |   |   |   |   |--- feature_4 <= 0.00
|   |   |   |   |   |   |   |   |   |   |   |--- class: 2
|   |   |   |   |   |   |   |   |   |   |--- feature_4 >  0.00
|   |   |   |   |   |   |   |   |   |   |   |--- truncated branch of depth 2
|   |   |   |   |   |   |--- feature_5 >  7.50
|   |   |   |   |   |   |   |--- class: 0
|   |   |   |   |   |--- feature_3 >  0.61
|   |   |   |   |   |   |--- feature_4 <= 0.00
|   |   |   |   |   |   |   |--- feature_6 <= 8.50
|   |   |   |   |   |   |   |   |--- feature_3 <= 0.83
|   |   |   |   |   |   |   |   |   |--- feature_4 <= 0.00
|   |   |   |   |   |   |   |   |   |   |--- feature_4 <= 0.00
|   |   |   |   |   |   |   |   |   |   |   |--- truncated branch of depth 5
|   |   |   |   |   |   |   |   |   |   |--- feature_4 >  0.00
|   |   |   |   |   |   |   |   |   |   |   |--- class: 0
|   |   |   |   |   |   |   |   |   |--- feature_4 >  0.00
|   |   |   |   |   |   |   |   |   |   |--- feature_5 <= 1.50
|   |   |   |   |   |   |   |   |   |   |   |--- class: 2
|   |   |   |   |   |   |   |   |   |   |--- feature_5 >  1.50
|   |   |   |   |   |   |   |   |   |   |   |--- truncated branch of depth 10
|   |   |   |   |   |   |   |   |--- feature_3 >  0.83
|   |   |   |   |   |   |   |   |   |--- feature_1 <= 0.95
|   |   |   |   |   |   |   |   |   |   |--- feature_1 <= 0.76
|   |   |   |   |   |   |   |   |   |   |   |--- truncated branch of depth 8
|   |   |   |   |   |   |   |   |   |   |--- feature_1 >  0.76
|   |   |   |   |   |   |   |   |   |   |   |--- truncated branch of depth 10
|   |   |   |   |   |   |   |   |   |--- feature_1 >  0.95
|   |   |   |   |   |   |   |   |   |   |--- feature_4 <= 0.00
|   |   |   |   |   |   |   |   |   |   |   |--- truncated branch of depth 4
|   |   |   |   |   |   |   |   |   |   |--- feature_4 >  0.00
|   |   |   |   |   |   |   |   |   |   |   |--- class: 3
|   |   |   |   |   |   |   |--- feature_6 >  8.50
|   |   |   |   |   |   |   |   |--- feature_2 <= 0.83
|   |   |   |   |   |   |   |   |   |--- class: 0
|   |   |   |   |   |   |   |   |--- feature_2 >  0.83
|   |   |   |   |   |   |   |   |   |--- class: 2
|   |   |   |   |   |   |--- feature_4 >  0.00
|   |   |   |   |   |   |   |--- feature_4 <= 0.00
|   |   |   |   |   |   |   |   |--- feature_2 <= 0.83
|   |   |   |   |   |   |   |   |   |--- class: 2
|   |   |   |   |   |   |   |   |--- feature_2 >  0.83
|   |   |   |   |   |   |   |   |   |--- feature_3 <= 0.83
|   |   |   |   |   |   |   |   |   |   |--- class: 3
|   |   |   |   |   |   |   |   |   |--- feature_3 >  0.83
|   |   |   |   |   |   |   |   |   |   |--- feature_4 <= 0.00
|   |   |   |   |   |   |   |   |   |   |   |--- class: 2
|   |   |   |   |   |   |   |   |   |   |--- feature_4 >  0.00
|   |   |   |   |   |   |   |   |   |   |   |--- class: 3
|   |   |   |   |   |   |   |--- feature_4 >  0.00
|   |   |   |   |   |   |   |   |--- feature_2 <= 0.94
|   |   |   |   |   |   |   |   |   |--- feature_1 <= 0.77
|   |   |   |   |   |   |   |   |   |   |--- feature_1 <= 0.74
|   |   |   |   |   |   |   |   |   |   |   |--- truncated branch of depth 10
|   |   |   |   |   |   |   |   |   |   |--- feature_1 >  0.74
|   |   |   |   |   |   |   |   |   |   |   |--- truncated branch of depth 8
|   |   |   |   |   |   |   |   |   |--- feature_1 >  0.77
|   |   |   |   |   |   |   |   |   |   |--- feature_4 <= 0.00
|   |   |   |   |   |   |   |   |   |   |   |--- truncated branch of depth 5
|   |   |   |   |   |   |   |   |   |   |--- feature_4 >  0.00
|   |   |   |   |   |   |   |   |   |   |   |--- truncated branch of depth 10
|   |   |   |   |   |   |   |   |--- feature_2 >  0.94
|   |   |   |   |   |   |   |   |   |--- feature_3 <= 0.78
|   |   |   |   |   |   |   |   |   |   |--- class: 0
|   |   |   |   |   |   |   |   |   |--- feature_3 >  0.78
|   |   |   |   |   |   |   |   |   |   |--- class: 2
|   |   |   |   |--- feature_3 >  0.94
|   |   |   |   |   |--- feature_1 <= 0.83
|   |   |   |   |   |   |--- class: 2
|   |   |   |   |   |--- feature_1 >  0.83
|   |   |   |   |   |   |--- feature_2 <= 0.89
|   |   |   |   |   |   |   |--- class: 0
|   |   |   |   |   |   |--- feature_2 >  0.89
|   |   |   |   |   |   |   |--- class: 3
|   |   |   |--- feature_4 >  0.05
|   |   |   |   |--- feature_4 <= 0.05
|   |   |   |   |   |--- class: 3
|   |   |   |   |--- feature_4 >  0.05
|   |   |   |   |   |--- feature_1 <= 0.61
|   |   |   |   |   |   |--- feature_4 <= 0.05
|   |   |   |   |   |   |   |--- feature_4 <= 0.05
|   |   |   |   |   |   |   |   |--- class: 2
|   |   |   |   |   |   |   |--- feature_4 >  0.05
|   |   |   |   |   |   |   |   |--- class: 0
|   |   |   |   |   |   |--- feature_4 >  0.05
|   |   |   |   |   |   |   |--- feature_6 <= 5.50
|   |   |   |   |   |   |   |   |--- class: 2
|   |   |   |   |   |   |   |--- feature_6 >  5.50
|   |   |   |   |   |   |   |   |--- feature_4 <= 0.07
|   |   |   |   |   |   |   |   |   |--- feature_4 <= 0.07
|   |   |   |   |   |   |   |   |   |   |--- class: 2
|   |   |   |   |   |   |   |   |   |--- feature_4 >  0.07
|   |   |   |   |   |   |   |   |   |   |--- class: 0
|   |   |   |   |   |   |   |   |--- feature_4 >  0.07
|   |   |   |   |   |   |   |   |   |--- feature_4 <= 0.17
|   |   |   |   |   |   |   |   |   |   |--- class: 2
|   |   |   |   |   |   |   |   |   |--- feature_4 >  0.17
|   |   |   |   |   |   |   |   |   |   |--- feature_4 <= 0.20
|   |   |   |   |   |   |   |   |   |   |   |--- class: 0
|   |   |   |   |   |   |   |   |   |   |--- feature_4 >  0.20
|   |   |   |   |   |   |   |   |   |   |   |--- class: 2
|   |   |   |   |   |--- feature_1 >  0.61
|   |   |   |   |   |   |--- feature_1 <= 0.89
|   |   |   |   |   |   |   |--- feature_1 <= 0.86
|   |   |   |   |   |   |   |   |--- feature_3 <= 0.72
|   |   |   |   |   |   |   |   |   |--- feature_5 <= 5.00
|   |   |   |   |   |   |   |   |   |   |--- feature_4 <= 0.13
|   |   |   |   |   |   |   |   |   |   |   |--- class: 2
|   |   |   |   |   |   |   |   |   |   |--- feature_4 >  0.13
|   |   |   |   |   |   |   |   |   |   |   |--- truncated branch of depth 2
|   |   |   |   |   |   |   |   |   |--- feature_5 >  5.00
|   |   |   |   |   |   |   |   |   |   |--- class: 3
|   |   |   |   |   |   |   |   |--- feature_3 >  0.72
|   |   |   |   |   |   |   |   |   |--- feature_1 <= 0.62
|   |   |   |   |   |   |   |   |   |   |--- feature_4 <= 0.09
|   |   |   |   |   |   |   |   |   |   |   |--- class: 3
|   |   |   |   |   |   |   |   |   |   |--- feature_4 >  0.09
|   |   |   |   |   |   |   |   |   |   |   |--- truncated branch of depth 4
|   |   |   |   |   |   |   |   |   |--- feature_1 >  0.62
|   |   |   |   |   |   |   |   |   |   |--- feature_4 <= 0.39
|   |   |   |   |   |   |   |   |   |   |   |--- truncated branch of depth 10
|   |   |   |   |   |   |   |   |   |   |--- feature_4 >  0.39
|   |   |   |   |   |   |   |   |   |   |   |--- truncated branch of depth 8
|   |   |   |   |   |   |   |--- feature_1 >  0.86
|   |   |   |   |   |   |   |   |--- feature_6 <= 5.50
|   |   |   |   |   |   |   |   |   |--- feature_4 <= 0.08
|   |   |   |   |   |   |   |   |   |   |--- class: 2
|   |   |   |   |   |   |   |   |   |--- feature_4 >  0.08
|   |   |   |   |   |   |   |   |   |   |--- feature_4 <= 0.09
|   |   |   |   |   |   |   |   |   |   |   |--- class: 3
|   |   |   |   |   |   |   |   |   |   |--- feature_4 >  0.09
|   |   |   |   |   |   |   |   |   |   |   |--- truncated branch of depth 7
|   |   |   |   |   |   |   |   |--- feature_6 >  5.50
|   |   |   |   |   |   |   |   |   |--- feature_5 <= 3.00
|   |   |   |   |   |   |   |   |   |   |--- feature_4 <= 0.08
|   |   |   |   |   |   |   |   |   |   |   |--- class: 2
|   |   |   |   |   |   |   |   |   |   |--- feature_4 >  0.08
|   |   |   |   |   |   |   |   |   |   |   |--- class: 3
|   |   |   |   |   |   |   |   |   |--- feature_5 >  3.00
|   |   |   |   |   |   |   |   |   |   |--- class: 2
|   |   |   |   |   |   |--- feature_1 >  0.89
|   |   |   |   |   |   |   |--- feature_4 <= 0.06
|   |   |   |   |   |   |   |   |--- feature_4 <= 0.06
|   |   |   |   |   |   |   |   |   |--- class: 2
|   |   |   |   |   |   |   |   |--- feature_4 >  0.06
|   |   |   |   |   |   |   |   |   |--- class: 3
|   |   |   |   |   |   |   |--- feature_4 >  0.06
|   |   |   |   |   |   |   |   |--- class: 2
|   |   |--- feature_0 >  0.83
|   |   |   |--- feature_6 <= 5.50
|   |   |   |   |--- feature_3 <= 0.61
|   |   |   |   |   |--- feature_1 <= 0.82
|   |   |   |   |   |   |--- feature_6 <= 3.50
|   |   |   |   |   |   |   |--- class: 2
|   |   |   |   |   |   |--- feature_6 >  3.50
|   |   |   |   |   |   |   |--- feature_4 <= 0.00
|   |   |   |   |   |   |   |   |--- class: 2
|   |   |   |   |   |   |   |--- feature_4 >  0.00
|   |   |   |   |   |   |   |   |--- class: 3
|   |   |   |   |   |--- feature_1 >  0.82
|   |   |   |   |   |   |--- class: 0
|   |   |   |   |--- feature_3 >  0.61
|   |   |   |   |   |--- feature_4 <= 0.14
|   |   |   |   |   |   |--- feature_6 <= 1.50
|   |   |   |   |   |   |   |--- feature_1 <= 0.79
|   |   |   |   |   |   |   |   |--- feature_1 <= 0.78
|   |   |   |   |   |   |   |   |   |--- feature_2 <= 0.83
|   |   |   |   |   |   |   |   |   |   |--- feature_1 <= 0.66
|   |   |   |   |   |   |   |   |   |   |   |--- truncated branch of depth 2
|   |   |   |   |   |   |   |   |   |   |--- feature_1 >  0.66
|   |   |   |   |   |   |   |   |   |   |   |--- class: 2
|   |   |   |   |   |   |   |   |   |--- feature_2 >  0.83
|   |   |   |   |   |   |   |   |   |   |--- class: 2
|   |   |   |   |   |   |   |   |--- feature_1 >  0.78
|   |   |   |   |   |   |   |   |   |--- feature_4 <= 0.00
|   |   |   |   |   |   |   |   |   |   |--- class: 2
|   |   |   |   |   |   |   |   |   |--- feature_4 >  0.00
|   |   |   |   |   |   |   |   |   |   |--- feature_3 <= 0.83
|   |   |   |   |   |   |   |   |   |   |   |--- class: 2
|   |   |   |   |   |   |   |   |   |   |--- feature_3 >  0.83
|   |   |   |   |   |   |   |   |   |   |   |--- class: 0
|   |   |   |   |   |   |   |--- feature_1 >  0.79
|   |   |   |   |   |   |   |   |--- class: 2
|   |   |   |   |   |   |--- feature_6 >  1.50
|   |   |   |   |   |   |   |--- feature_5 <= 2.50
|   |   |   |   |   |   |   |   |--- feature_1 <= 0.82
|   |   |   |   |   |   |   |   |   |--- feature_5 <= 1.50
|   |   |   |   |   |   |   |   |   |   |--- feature_4 <= 0.00
|   |   |   |   |   |   |   |   |   |   |   |--- truncated branch of depth 2
|   |   |   |   |   |   |   |   |   |   |--- feature_4 >  0.00
|   |   |   |   |   |   |   |   |   |   |   |--- class: 2
|   |   |   |   |   |   |   |   |   |--- feature_5 >  1.50
|   |   |   |   |   |   |   |   |   |   |--- class: 2
|   |   |   |   |   |   |   |   |--- feature_1 >  0.82
|   |   |   |   |   |   |   |   |   |--- feature_2 <= 0.94
|   |   |   |   |   |   |   |   |   |   |--- feature_1 <= 0.85
|   |   |   |   |   |   |   |   |   |   |   |--- truncated branch of depth 7
|   |   |   |   |   |   |   |   |   |   |--- feature_1 >  0.85
|   |   |   |   |   |   |   |   |   |   |   |--- truncated branch of depth 10
|   |   |   |   |   |   |   |   |   |--- feature_2 >  0.94
|   |   |   |   |   |   |   |   |   |   |--- feature_4 <= 0.00
|   |   |   |   |   |   |   |   |   |   |   |--- truncated branch of depth 3
|   |   |   |   |   |   |   |   |   |   |--- feature_4 >  0.00
|   |   |   |   |   |   |   |   |   |   |   |--- truncated branch of depth 8
|   |   |   |   |   |   |   |--- feature_5 >  2.50
|   |   |   |   |   |   |   |   |--- feature_3 <= 0.72
|   |   |   |   |   |   |   |   |   |--- feature_1 <= 0.86
|   |   |   |   |   |   |   |   |   |   |--- feature_4 <= 0.01
|   |   |   |   |   |   |   |   |   |   |   |--- class: 2
|   |   |   |   |   |   |   |   |   |   |--- feature_4 >  0.01
|   |   |   |   |   |   |   |   |   |   |   |--- truncated branch of depth 2
|   |   |   |   |   |   |   |   |   |--- feature_1 >  0.86
|   |   |   |   |   |   |   |   |   |   |--- class: 0
|   |   |   |   |   |   |   |   |--- feature_3 >  0.72
|   |   |   |   |   |   |   |   |   |--- feature_1 <= 0.97
|   |   |   |   |   |   |   |   |   |   |--- feature_1 <= 0.79
|   |   |   |   |   |   |   |   |   |   |   |--- truncated branch of depth 10
|   |   |   |   |   |   |   |   |   |   |--- feature_1 >  0.79
|   |   |   |   |   |   |   |   |   |   |   |--- truncated branch of depth 10
|   |   |   |   |   |   |   |   |   |--- feature_1 >  0.97
|   |   |   |   |   |   |   |   |   |   |--- feature_3 <= 0.83
|   |   |   |   |   |   |   |   |   |   |   |--- class: 0
|   |   |   |   |   |   |   |   |   |   |--- feature_3 >  0.83
|   |   |   |   |   |   |   |   |   |   |   |--- truncated branch of depth 7
|   |   |   |   |   |--- feature_4 >  0.14
|   |   |   |   |   |   |--- feature_4 <= 0.14
|   |   |   |   |   |   |   |--- class: 0
|   |   |   |   |   |   |--- feature_4 >  0.14
|   |   |   |   |   |   |   |--- feature_1 <= 0.66
|   |   |   |   |   |   |   |   |--- feature_1 <= 0.64
|   |   |   |   |   |   |   |   |   |--- class: 2
|   |   |   |   |   |   |   |   |--- feature_1 >  0.64
|   |   |   |   |   |   |   |   |   |--- class: 0
|   |   |   |   |   |   |   |--- feature_1 >  0.66
|   |   |   |   |   |   |   |   |--- feature_1 <= 0.84
|   |   |   |   |   |   |   |   |   |--- class: 2
|   |   |   |   |   |   |   |   |--- feature_1 >  0.84
|   |   |   |   |   |   |   |   |   |--- feature_1 <= 0.87
|   |   |   |   |   |   |   |   |   |   |--- feature_4 <= 0.32
|   |   |   |   |   |   |   |   |   |   |   |--- class: 3
|   |   |   |   |   |   |   |   |   |   |--- feature_4 >  0.32
|   |   |   |   |   |   |   |   |   |   |   |--- class: 2
|   |   |   |   |   |   |   |   |   |--- feature_1 >  0.87
|   |   |   |   |   |   |   |   |   |   |--- class: 2
|   |   |   |--- feature_6 >  5.50
|   |   |   |   |--- feature_1 <= 0.66
|   |   |   |   |   |--- feature_1 <= 0.65
|   |   |   |   |   |   |--- feature_3 <= 0.72
|   |   |   |   |   |   |   |--- feature_5 <= 2.50
|   |   |   |   |   |   |   |   |--- class: 2
|   |   |   |   |   |   |   |--- feature_5 >  2.50
|   |   |   |   |   |   |   |   |--- class: 0
|   |   |   |   |   |   |--- feature_3 >  0.72
|   |   |   |   |   |   |   |--- feature_2 <= 0.83
|   |   |   |   |   |   |   |   |--- feature_1 <= 0.62
|   |   |   |   |   |   |   |   |   |--- feature_4 <= 0.05
|   |   |   |   |   |   |   |   |   |   |--- class: 2
|   |   |   |   |   |   |   |   |   |--- feature_4 >  0.05
|   |   |   |   |   |   |   |   |   |   |--- class: 2
|   |   |   |   |   |   |   |   |--- feature_1 >  0.62
|   |   |   |   |   |   |   |   |   |--- class: 2
|   |   |   |   |   |   |   |--- feature_2 >  0.83
|   |   |   |   |   |   |   |   |--- class: 2
|   |   |   |   |   |--- feature_1 >  0.65
|   |   |   |   |   |   |--- feature_4 <= 0.06
|   |   |   |   |   |   |   |--- feature_3 <= 0.72
|   |   |   |   |   |   |   |   |--- class: 2
|   |   |   |   |   |   |   |--- feature_3 >  0.72
|   |   |   |   |   |   |   |   |--- feature_2 <= 0.83
|   |   |   |   |   |   |   |   |   |--- class: 3
|   |   |   |   |   |   |   |   |--- feature_2 >  0.83
|   |   |   |   |   |   |   |   |   |--- class: 2
|   |   |   |   |   |   |--- feature_4 >  0.06
|   |   |   |   |   |   |   |--- class: 2
|   |   |   |   |--- feature_1 >  0.66
|   |   |   |   |   |--- feature_0 <= 0.94
|   |   |   |   |   |   |--- feature_4 <= 0.44
|   |   |   |   |   |   |   |--- feature_4 <= 0.09
|   |   |   |   |   |   |   |   |--- feature_4 <= 0.09
|   |   |   |   |   |   |   |   |   |--- feature_4 <= 0.02
|   |   |   |   |   |   |   |   |   |   |--- feature_4 <= 0.02
|   |   |   |   |   |   |   |   |   |   |   |--- truncated branch of depth 6
|   |   |   |   |   |   |   |   |   |   |--- feature_4 >  0.02
|   |   |   |   |   |   |   |   |   |   |   |--- truncated branch of depth 4
|   |   |   |   |   |   |   |   |   |--- feature_4 >  0.02
|   |   |   |   |   |   |   |   |   |   |--- feature_1 <= 0.91
|   |   |   |   |   |   |   |   |   |   |   |--- truncated branch of depth 7
|   |   |   |   |   |   |   |   |   |   |--- feature_1 >  0.91
|   |   |   |   |   |   |   |   |   |   |   |--- class: 2
|   |   |   |   |   |   |   |   |--- feature_4 >  0.09
|   |   |   |   |   |   |   |   |   |--- feature_1 <= 0.95
|   |   |   |   |   |   |   |   |   |   |--- class: 2
|   |   |   |   |   |   |   |   |   |--- feature_1 >  0.95
|   |   |   |   |   |   |   |   |   |   |--- class: 0
|   |   |   |   |   |   |   |--- feature_4 >  0.09
|   |   |   |   |   |   |   |   |--- class: 2
|   |   |   |   |   |   |--- feature_4 >  0.44
|   |   |   |   |   |   |   |--- feature_4 <= 0.45
|   |   |   |   |   |   |   |   |--- class: 0
|   |   |   |   |   |   |   |--- feature_4 >  0.45
|   |   |   |   |   |   |   |   |--- class: 2
|   |   |   |   |   |--- feature_0 >  0.94
|   |   |   |   |   |   |--- feature_4 <= 0.13
|   |   |   |   |   |   |   |--- class: 2
|   |   |   |   |   |   |--- feature_4 >  0.13
|   |   |   |   |   |   |   |--- class: 0
