|--- feature_13 <= 0.29
|   |--- feature_13 <= 0.26
|   |   |--- feature_0 <= 0.99
|   |   |   |--- feature_13 <= 0.21
|   |   |   |   |--- feature_13 <= 0.19
|   |   |   |   |   |--- feature_13 <= 0.19
|   |   |   |   |   |   |--- feature_13 <= 0.17
|   |   |   |   |   |   |   |--- feature_13 <= 0.17
|   |   |   |   |   |   |   |   |--- feature_13 <= 0.14
|   |   |   |   |   |   |   |   |   |--- feature_8 <= 0.98
|   |   |   |   |   |   |   |   |   |   |--- feature_14 <= 0.52
|   |   |   |   |   |   |   |   |   |   |   |--- truncated branch of depth 6
|   |   |   |   |   |   |   |   |   |   |--- feature_14 >  0.52
|   |   |   |   |   |   |   |   |   |   |   |--- class: negative
|   |   |   |   |   |   |   |   |   |--- feature_8 >  0.98
|   |   |   |   |   |   |   |   |   |   |--- class: negative
|   |   |   |   |   |   |   |   |--- feature_13 >  0.14
|   |   |   |   |   |   |   |   |   |--- class: positive
|   |   |   |   |   |   |   |--- feature_13 >  0.17
|   |   |   |   |   |   |   |   |--- feature_12 <= 0.03
|   |   |   |   |   |   |   |   |   |--- feature_8 <= 0.98
|   |   |   |   |   |   |   |   |   |   |--- feature_1 <= 0.00
|   |   |   |   |   |   |   |   |   |   |   |--- class: negative
|   |   |   |   |   |   |   |   |   |   |--- feature_1 >  0.00
|   |   |   |   |   |   |   |   |   |   |   |--- truncated branch of depth 6
|   |   |   |   |   |   |   |   |   |--- feature_8 >  0.98
|   |   |   |   |   |   |   |   |   |   |--- feature_11 <= 0.08
|   |   |   |   |   |   |   |   |   |   |   |--- truncated branch of depth 5
|   |   |   |   |   |   |   |   |   |   |--- feature_11 >  0.08
|   |   |   |   |   |   |   |   |   |   |   |--- class: negative
|   |   |   |   |   |   |   |   |--- feature_12 >  0.03
|   |   |   |   |   |   |   |   |   |--- feature_7 <= 0.98
|   |   |   |   |   |   |   |   |   |   |--- class: negative
|   |   |   |   |   |   |   |   |   |--- feature_7 >  0.98
|   |   |   |   |   |   |   |   |   |   |--- feature_9 <= 0.17
|   |   |   |   |   |   |   |   |   |   |   |--- class: positive
|   |   |   |   |   |   |   |   |   |   |--- feature_9 >  0.17
|   |   |   |   |   |   |   |   |   |   |   |--- class: negative
|   |   |   |   |   |   |--- feature_13 >  0.17
|   |   |   |   |   |   |   |--- class: positive
|   |   |   |   |   |--- feature_13 >  0.19
|   |   |   |   |   |   |--- feature_0 <= 0.98
|   |   |   |   |   |   |   |--- class: negative
|   |   |   |   |   |   |--- feature_0 >  0.98
|   |   |   |   |   |   |   |--- feature_1 <= 0.01
|   |   |   |   |   |   |   |   |--- feature_11 <= 0.05
|   |   |   |   |   |   |   |   |   |--- feature_11 <= 0.04
|   |   |   |   |   |   |   |   |   |   |--- feature_1 <= 0.00
|   |   |   |   |   |   |   |   |   |   |   |--- truncated branch of depth 2
|   |   |   |   |   |   |   |   |   |   |--- feature_1 >  0.00
|   |   |   |   |   |   |   |   |   |   |   |--- class: negative
|   |   |   |   |   |   |   |   |   |--- feature_11 >  0.04
|   |   |   |   |   |   |   |   |   |   |--- feature_3 <= 4.00
|   |   |   |   |   |   |   |   |   |   |   |--- class: negative
|   |   |   |   |   |   |   |   |   |   |--- feature_3 >  4.00
|   |   |   |   |   |   |   |   |   |   |   |--- class: positive
|   |   |   |   |   |   |   |   |--- feature_11 >  0.05
|   |   |   |   |   |   |   |   |   |--- class: negative
|   |   |   |   |   |   |   |--- feature_1 >  0.01
|   |   |   |   |   |   |   |   |--- class: positive
|   |   |   |   |--- feature_13 >  0.19
|   |   |   |   |   |--- class: positive
|   |   |   |--- feature_13 >  0.21
|   |   |   |   |--- feature_2 <= 0.01
|   |   |   |   |   |--- feature_0 <= 0.99
|   |   |   |   |   |   |--- feature_7 <= 0.91
|   |   |   |   |   |   |   |--- feature_20 <= 3.50
|   |   |   |   |   |   |   |   |--- class: negative
|   |   |   |   |   |   |   |--- feature_20 >  3.50
|   |   |   |   |   |   |   |   |--- feature_12 <= 0.01
|   |   |   |   |   |   |   |   |   |--- class: negative
|   |   |   |   |   |   |   |   |--- feature_12 >  0.01
|   |   |   |   |   |   |   |   |   |--- class: positive
|   |   |   |   |   |   |--- feature_7 >  0.91
|   |   |   |   |   |   |   |--- feature_10 <= 0.04
|   |   |   |   |   |   |   |   |--- feature_1 <= 0.03
|   |   |   |   |   |   |   |   |   |--- feature_9 <= 0.12
|   |   |   |   |   |   |   |   |   |   |--- feature_4 <= 4.50
|   |   |   |   |   |   |   |   |   |   |   |--- truncated branch of depth 3
|   |   |   |   |   |   |   |   |   |   |--- feature_4 >  4.50
|   |   |   |   |   |   |   |   |   |   |   |--- class: negative
|   |   |   |   |   |   |   |   |   |--- feature_9 >  0.12
|   |   |   |   |   |   |   |   |   |   |--- feature_14 <= 0.76
|   |   |   |   |   |   |   |   |   |   |   |--- truncated branch of depth 2
|   |   |   |   |   |   |   |   |   |   |--- feature_14 >  0.76
|   |   |   |   |   |   |   |   |   |   |   |--- class: negative
|   |   |   |   |   |   |   |   |--- feature_1 >  0.03
|   |   |   |   |   |   |   |   |   |--- class: positive
|   |   |   |   |   |   |   |--- feature_10 >  0.04
|   |   |   |   |   |   |   |   |--- feature_1 <= 0.00
|   |   |   |   |   |   |   |   |   |--- feature_0 <= 0.98
|   |   |   |   |   |   |   |   |   |   |--- class: positive
|   |   |   |   |   |   |   |   |   |--- feature_0 >  0.98
|   |   |   |   |   |   |   |   |   |   |--- class: negative
|   |   |   |   |   |   |   |   |--- feature_1 >  0.00
|   |   |   |   |   |   |   |   |   |--- class: negative
|   |   |   |   |   |--- feature_0 >  0.99
|   |   |   |   |   |   |--- feature_11 <= 0.05
|   |   |   |   |   |   |   |--- class: negative
|   |   |   |   |   |   |--- feature_11 >  0.05
|   |   |   |   |   |   |   |--- feature_13 <= 0.26
|   |   |   |   |   |   |   |   |--- class: positive
|   |   |   |   |   |   |   |--- feature_13 >  0.26
|   |   |   |   |   |   |   |   |--- class: negative
|   |   |   |   |--- feature_2 >  0.01
|   |   |   |   |   |--- feature_2 <= 0.12
|   |   |   |   |   |   |--- feature_11 <= 0.04
|   |   |   |   |   |   |   |--- class: negative
|   |   |   |   |   |   |--- feature_11 >  0.04
|   |   |   |   |   |   |   |--- feature_9 <= 0.36
|   |   |   |   |   |   |   |   |--- feature_10 <= 0.07
|   |   |   |   |   |   |   |   |   |--- feature_13 <= 0.24
|   |   |   |   |   |   |   |   |   |   |--- feature_13 <= 0.24
|   |   |   |   |   |   |   |   |   |   |   |--- truncated branch of depth 2
|   |   |   |   |   |   |   |   |   |   |--- feature_13 >  0.24
|   |   |   |   |   |   |   |   |   |   |   |--- truncated branch of depth 2
|   |   |   |   |   |   |   |   |   |--- feature_13 >  0.24
|   |   |   |   |   |   |   |   |   |   |--- class: positive
|   |   |   |   |   |   |   |   |--- feature_10 >  0.07
|   |   |   |   |   |   |   |   |   |--- feature_11 <= 0.09
|   |   |   |   |   |   |   |   |   |   |--- class: negative
|   |   |   |   |   |   |   |   |   |--- feature_11 >  0.09
|   |   |   |   |   |   |   |   |   |   |--- feature_12 <= 0.14
|   |   |   |   |   |   |   |   |   |   |   |--- class: positive
|   |   |   |   |   |   |   |   |   |   |--- feature_12 >  0.14
|   |   |   |   |   |   |   |   |   |   |   |--- truncated branch of depth 2
|   |   |   |   |   |   |   |--- feature_9 >  0.36
|   |   |   |   |   |   |   |   |--- class: negative
|   |   |   |   |   |--- feature_2 >  0.12
|   |   |   |   |   |   |--- feature_7 <= 0.95
|   |   |   |   |   |   |   |--- feature_7 <= 0.93
|   |   |   |   |   |   |   |   |--- feature_12 <= 0.00
|   |   |   |   |   |   |   |   |   |--- class: positive
|   |   |   |   |   |   |   |   |--- feature_12 >  0.00
|   |   |   |   |   |   |   |   |   |--- class: negative
|   |   |   |   |   |   |   |--- feature_7 >  0.93
|   |   |   |   |   |   |   |   |--- feature_0 <= 0.98
|   |   |   |   |   |   |   |   |   |--- class: negative
|   |   |   |   |   |   |   |   |--- feature_0 >  0.98
|   |   |   |   |   |   |   |   |   |--- feature_0 <= 0.99
|   |   |   |   |   |   |   |   |   |   |--- feature_8 <= 0.98
|   |   |   |   |   |   |   |   |   |   |   |--- class: positive
|   |   |   |   |   |   |   |   |   |   |--- feature_8 >  0.98
|   |   |   |   |   |   |   |   |   |   |   |--- class: negative
|   |   |   |   |   |   |   |   |   |--- feature_0 >  0.99
|   |   |   |   |   |   |   |   |   |   |--- class: negative
|   |   |   |   |   |   |--- feature_7 >  0.95
|   |   |   |   |   |   |   |--- class: negative
|   |   |--- feature_0 >  0.99
|   |   |   |--- feature_12 <= 0.01
|   |   |   |   |--- feature_1 <= 0.00
|   |   |   |   |   |--- feature_11 <= 0.06
|   |   |   |   |   |   |--- feature_15 <= 0.50
|   |   |   |   |   |   |   |--- class: negative
|   |   |   |   |   |   |--- feature_15 >  0.50
|   |   |   |   |   |   |   |--- feature_0 <= 1.00
|   |   |   |   |   |   |   |   |--- feature_12 <= 0.00
|   |   |   |   |   |   |   |   |   |--- feature_14 <= 0.53
|   |   |   |   |   |   |   |   |   |   |--- feature_3 <= 4.00
|   |   |   |   |   |   |   |   |   |   |   |--- class: negative
|   |   |   |   |   |   |   |   |   |   |--- feature_3 >  4.00
|   |   |   |   |   |   |   |   |   |   |   |--- class: positive
|   |   |   |   |   |   |   |   |   |--- feature_14 >  0.53
|   |   |   |   |   |   |   |   |   |   |--- feature_0 <= 1.00
|   |   |   |   |   |   |   |   |   |   |   |--- class: negative
|   |   |   |   |   |   |   |   |   |   |--- feature_0 >  1.00
|   |   |   |   |   |   |   |   |   |   |   |--- class: positive
|   |   |   |   |   |   |   |   |--- feature_12 >  0.00
|   |   |   |   |   |   |   |   |   |--- class: positive
|   |   |   |   |   |   |   |--- feature_0 >  1.00
|   |   |   |   |   |   |   |   |--- class: negative
|   |   |   |   |   |--- feature_11 >  0.06
|   |   |   |   |   |   |--- class: negative
|   |   |   |   |--- feature_1 >  0.00
|   |   |   |   |   |--- class: negative
|   |   |   |--- feature_12 >  0.01
|   |   |   |   |--- feature_9 <= 0.00
|   |   |   |   |   |--- feature_0 <= 1.00
|   |   |   |   |   |   |--- feature_2 <= 0.01
|   |   |   |   |   |   |   |--- feature_8 <= 0.96
|   |   |   |   |   |   |   |   |--- feature_10 <= 0.03
|   |   |   |   |   |   |   |   |   |--- class: negative
|   |   |   |   |   |   |   |   |--- feature_10 >  0.03
|   |   |   |   |   |   |   |   |   |--- feature_1 <= 0.03
|   |   |   |   |   |   |   |   |   |   |--- class: positive
|   |   |   |   |   |   |   |   |   |--- feature_1 >  0.03
|   |   |   |   |   |   |   |   |   |   |--- class: negative
|   |   |   |   |   |   |   |--- feature_8 >  0.96
|   |   |   |   |   |   |   |   |--- class: negative
|   |   |   |   |   |   |--- feature_2 >  0.01
|   |   |   |   |   |   |   |--- feature_1 <= 0.03
|   |   |   |   |   |   |   |   |--- class: positive
|   |   |   |   |   |   |   |--- feature_1 >  0.03
|   |   |   |   |   |   |   |   |--- class: negative
|   |   |   |   |   |--- feature_0 >  1.00
|   |   |   |   |   |   |--- class: negative
|   |   |   |   |--- feature_9 >  0.00
|   |   |   |   |   |--- feature_13 <= 0.17
|   |   |   |   |   |   |--- feature_7 <= 0.94
|   |   |   |   |   |   |   |--- feature_1 <= 0.00
|   |   |   |   |   |   |   |   |--- class: negative
|   |   |   |   |   |   |   |--- feature_1 >  0.00
|   |   |   |   |   |   |   |   |--- class: positive
|   |   |   |   |   |   |--- feature_7 >  0.94
|   |   |   |   |   |   |   |--- class: positive
|   |   |   |   |   |--- feature_13 >  0.17
|   |   |   |   |   |   |--- feature_9 <= 0.16
|   |   |   |   |   |   |   |--- class: positive
|   |   |   |   |   |   |--- feature_9 >  0.16
|   |   |   |   |   |   |   |--- feature_14 <= 0.76
|   |   |   |   |   |   |   |   |--- feature_9 <= 0.17
|   |   |   |   |   |   |   |   |   |--- feature_0 <= 1.00
|   |   |   |   |   |   |   |   |   |   |--- class: negative
|   |   |   |   |   |   |   |   |   |--- feature_0 >  1.00
|   |   |   |   |   |   |   |   |   |   |--- class: positive
|   |   |   |   |   |   |   |   |--- feature_9 >  0.17
|   |   |   |   |   |   |   |   |   |--- feature_14 <= 0.59
|   |   |   |   |   |   |   |   |   |   |--- feature_2 <= 0.12
|   |   |   |   |   |   |   |   |   |   |   |--- class: negative
|   |   |   |   |   |   |   |   |   |   |--- feature_2 >  0.12
|   |   |   |   |   |   |   |   |   |   |   |--- class: positive
|   |   |   |   |   |   |   |   |   |--- feature_14 >  0.59
|   |   |   |   |   |   |   |   |   |   |--- class: positive
|   |   |   |   |   |   |   |--- feature_14 >  0.76
|   |   |   |   |   |   |   |   |--- class: negative
|   |--- feature_13 >  0.26
|   |   |--- class: positive
|--- feature_13 >  0.29
|   |--- feature_12 <= 0.01
|   |   |--- class: negative
|   |--- feature_12 >  0.01
|   |   |--- feature_8 <= 0.98
|   |   |   |--- feature_4 <= 5.50
|   |   |   |   |--- feature_2 <= 0.01
|   |   |   |   |   |--- feature_1 <= 0.03
|   |   |   |   |   |   |--- feature_0 <= 0.99
|   |   |   |   |   |   |   |--- class: negative
|   |   |   |   |   |   |--- feature_0 >  0.99
|   |   |   |   |   |   |   |--- feature_11 <= 0.05
|   |   |   |   |   |   |   |   |--- class: negative
|   |   |   |   |   |   |   |--- feature_11 >  0.05
|   |   |   |   |   |   |   |   |--- class: positive
|   |   |   |   |   |--- feature_1 >  0.03
|   |   |   |   |   |   |--- feature_14 <= 0.91
|   |   |   |   |   |   |   |--- class: negative
|   |   |   |   |   |   |--- feature_14 >  0.91
|   |   |   |   |   |   |   |--- feature_14 <= 0.97
|   |   |   |   |   |   |   |   |--- class: positive
|   |   |   |   |   |   |   |--- feature_14 >  0.97
|   |   |   |   |   |   |   |   |--- class: negative
|   |   |   |   |--- feature_2 >  0.01
|   |   |   |   |   |--- feature_2 <= 0.12
|   |   |   |   |   |   |--- feature_14 <= 0.50
|   |   |   |   |   |   |   |--- class: negative
|   |   |   |   |   |   |--- feature_14 >  0.50
|   |   |   |   |   |   |   |--- feature_13 <= 0.32
|   |   |   |   |   |   |   |   |--- feature_12 <= 0.03
|   |   |   |   |   |   |   |   |   |--- feature_9 <= 0.01
|   |   |   |   |   |   |   |   |   |   |--- class: negative
|   |   |   |   |   |   |   |   |   |--- feature_9 >  0.01
|   |   |   |   |   |   |   |   |   |   |--- feature_11 <= 0.14
|   |   |   |   |   |   |   |   |   |   |   |--- class: positive
|   |   |   |   |   |   |   |   |   |   |--- feature_11 >  0.14
|   |   |   |   |   |   |   |   |   |   |   |--- class: negative
|   |   |   |   |   |   |   |   |--- feature_12 >  0.03
|   |   |   |   |   |   |   |   |   |--- feature_16 <= 0.40
|   |   |   |   |   |   |   |   |   |   |--- class: positive
|   |   |   |   |   |   |   |   |   |--- feature_16 >  0.40
|   |   |   |   |   |   |   |   |   |   |--- feature_1 <= 0.15
|   |   |   |   |   |   |   |   |   |   |   |--- class: negative
|   |   |   |   |   |   |   |   |   |   |--- feature_1 >  0.15
|   |   |   |   |   |   |   |   |   |   |   |--- class: positive
|   |   |   |   |   |   |   |--- feature_13 >  0.32
|   |   |   |   |   |   |   |   |--- feature_16 <= 0.50
|   |   |   |   |   |   |   |   |   |--- feature_10 <= 0.07
|   |   |   |   |   |   |   |   |   |   |--- feature_12 <= 0.03
|   |   |   |   |   |   |   |   |   |   |   |--- truncated branch of depth 3
|   |   |   |   |   |   |   |   |   |   |--- feature_12 >  0.03
|   |   |   |   |   |   |   |   |   |   |   |--- class: positive
|   |   |   |   |   |   |   |   |   |--- feature_10 >  0.07
|   |   |   |   |   |   |   |   |   |   |--- class: negative
|   |   |   |   |   |   |   |   |--- feature_16 >  0.50
|   |   |   |   |   |   |   |   |   |--- feature_3 <= 4.50
|   |   |   |   |   |   |   |   |   |   |--- class: negative
|   |   |   |   |   |   |   |   |   |--- feature_3 >  4.50
|   |   |   |   |   |   |   |   |   |   |--- class: positive
|   |   |   |   |   |--- feature_2 >  0.12
|   |   |   |   |   |   |--- feature_7 <= 0.93
|   |   |   |   |   |   |   |--- class: negative
|   |   |   |   |   |   |--- feature_7 >  0.93
|   |   |   |   |   |   |   |--- feature_14 <= 0.71
|   |   |   |   |   |   |   |   |--- feature_1 <= 0.02
|   |   |   |   |   |   |   |   |   |--- class: negative
|   |   |   |   |   |   |   |   |--- feature_1 >  0.02
|   |   |   |   |   |   |   |   |   |--- feature_11 <= 0.11
|   |   |   |   |   |   |   |   |   |   |--- class: positive
|   |   |   |   |   |   |   |   |   |--- feature_11 >  0.11
|   |   |   |   |   |   |   |   |   |   |--- feature_14 <= 0.61
|   |   |   |   |   |   |   |   |   |   |   |--- truncated branch of depth 2
|   |   |   |   |   |   |   |   |   |   |--- feature_14 >  0.61
|   |   |   |   |   |   |   |   |   |   |   |--- class: negative
|   |   |   |   |   |   |   |--- feature_14 >  0.71
|   |   |   |   |   |   |   |   |--- class: negative
|   |   |   |--- feature_4 >  5.50
|   |   |   |   |--- class: negative
|   |   |--- feature_8 >  0.98
|   |   |   |--- feature_14 <= 0.84
|   |   |   |   |--- class: negative
|   |   |   |--- feature_14 >  0.84
|   |   |   |   |--- feature_7 <= 0.97
|   |   |   |   |   |--- class: positive
|   |   |   |   |--- feature_7 >  0.97
|   |   |   |   |   |--- class: negative
