|--- feature_2 <= 0.78
|   |--- feature_19 <= 0.11
|   |   |--- feature_19 <= 0.00
|   |   |   |--- feature_3 <= 0.56
|   |   |   |   |--- feature_17 <= 0.19
|   |   |   |   |   |--- feature_13 <= 0.01
|   |   |   |   |   |   |--- feature_4 <= 0.00
|   |   |   |   |   |   |   |--- feature_16 <= 0.02
|   |   |   |   |   |   |   |   |--- feature_2 <= 0.50
|   |   |   |   |   |   |   |   |   |--- feature_1 <= 0.35
|   |   |   |   |   |   |   |   |   |   |--- class: Good
|   |   |   |   |   |   |   |   |   |--- feature_1 >  0.35
|   |   |   |   |   |   |   |   |   |   |--- feature_6 <= 5.00
|   |   |   |   |   |   |   |   |   |   |   |--- class: Bad
|   |   |   |   |   |   |   |   |   |   |--- feature_6 >  5.00
|   |   |   |   |   |   |   |   |   |   |   |--- class: Good
|   |   |   |   |   |   |   |   |--- feature_2 >  0.50
|   |   |   |   |   |   |   |   |   |--- class: Good
|   |   |   |   |   |   |   |--- feature_16 >  0.02
|   |   |   |   |   |   |   |   |--- feature_16 <= 0.05
|   |   |   |   |   |   |   |   |   |--- class: Bad
|   |   |   |   |   |   |   |   |--- feature_16 >  0.05
|   |   |   |   |   |   |   |   |   |--- feature_4 <= 0.00
|   |   |   |   |   |   |   |   |   |   |--- feature_10 <= 1.00
|   |   |   |   |   |   |   |   |   |   |   |--- class: Good
|   |   |   |   |   |   |   |   |   |   |--- feature_10 >  1.00
|   |   |   |   |   |   |   |   |   |   |   |--- class: Bad
|   |   |   |   |   |   |   |   |   |--- feature_4 >  0.00
|   |   |   |   |   |   |   |   |   |   |--- class: Bad
|   |   |   |   |   |   |--- feature_4 >  0.00
|   |   |   |   |   |   |   |--- feature_16 <= 0.05
|   |   |   |   |   |   |   |   |--- feature_12 <= 0.16
|   |   |   |   |   |   |   |   |   |--- feature_10 <= 0.99
|   |   |   |   |   |   |   |   |   |   |--- class: Good
|   |   |   |   |   |   |   |   |   |--- feature_10 >  0.99
|   |   |   |   |   |   |   |   |   |   |--- feature_10 <= 0.99
|   |   |   |   |   |   |   |   |   |   |   |--- class: Bad
|   |   |   |   |   |   |   |   |   |   |--- feature_10 >  0.99
|   |   |   |   |   |   |   |   |   |   |   |--- truncated branch of depth 3
|   |   |   |   |   |   |   |   |--- feature_12 >  0.16
|   |   |   |   |   |   |   |   |   |--- feature_0 <= 0.78
|   |   |   |   |   |   |   |   |   |   |--- class: Good
|   |   |   |   |   |   |   |   |   |--- feature_0 >  0.78
|   |   |   |   |   |   |   |   |   |   |--- class: Bad
|   |   |   |   |   |   |   |--- feature_16 >  0.05
|   |   |   |   |   |   |   |   |--- feature_16 <= 0.06
|   |   |   |   |   |   |   |   |   |--- class: Bad
|   |   |   |   |   |   |   |   |--- feature_16 >  0.06
|   |   |   |   |   |   |   |   |   |--- class: Good
|   |   |   |   |   |--- feature_13 >  0.01
|   |   |   |   |   |   |--- feature_14 <= 0.01
|   |   |   |   |   |   |   |--- class: Good
|   |   |   |   |   |   |--- feature_14 >  0.01
|   |   |   |   |   |   |   |--- feature_12 <= 0.12
|   |   |   |   |   |   |   |   |--- feature_10 <= 0.97
|   |   |   |   |   |   |   |   |   |--- feature_11 <= 0.90
|   |   |   |   |   |   |   |   |   |   |--- class: Good
|   |   |   |   |   |   |   |   |   |--- feature_11 >  0.90
|   |   |   |   |   |   |   |   |   |   |--- feature_2 <= 0.50
|   |   |   |   |   |   |   |   |   |   |   |--- class: Good
|   |   |   |   |   |   |   |   |   |   |--- feature_2 >  0.50
|   |   |   |   |   |   |   |   |   |   |   |--- truncated branch of depth 7
|   |   |   |   |   |   |   |   |--- feature_10 >  0.97
|   |   |   |   |   |   |   |   |   |--- class: Good
|   |   |   |   |   |   |   |--- feature_12 >  0.12
|   |   |   |   |   |   |   |   |--- class: Good
|   |   |   |   |--- feature_17 >  0.19
|   |   |   |   |   |--- feature_4 <= 0.00
|   |   |   |   |   |   |--- feature_16 <= 0.05
|   |   |   |   |   |   |   |--- class: Good
|   |   |   |   |   |   |--- feature_16 >  0.05
|   |   |   |   |   |   |   |--- feature_16 <= 0.06
|   |   |   |   |   |   |   |   |--- class: Bad
|   |   |   |   |   |   |   |--- feature_16 >  0.06
|   |   |   |   |   |   |   |   |--- class: Good
|   |   |   |   |   |--- feature_4 >  0.00
|   |   |   |   |   |   |--- feature_5 <= 0.12
|   |   |   |   |   |   |   |--- feature_17 <= 0.47
|   |   |   |   |   |   |   |   |--- class: Good
|   |   |   |   |   |   |   |--- feature_17 >  0.47
|   |   |   |   |   |   |   |   |--- class: Bad
|   |   |   |   |   |   |--- feature_5 >  0.12
|   |   |   |   |   |   |   |--- feature_11 <= 0.95
|   |   |   |   |   |   |   |   |--- class: Good
|   |   |   |   |   |   |   |--- feature_11 >  0.95
|   |   |   |   |   |   |   |   |--- feature_11 <= 0.95
|   |   |   |   |   |   |   |   |   |--- class: Bad
|   |   |   |   |   |   |   |   |--- feature_11 >  0.95
|   |   |   |   |   |   |   |   |   |--- class: Good
|   |   |   |--- feature_3 >  0.56
|   |   |   |   |--- feature_3 <= 0.67
|   |   |   |   |   |--- class: Bad
|   |   |   |   |--- feature_3 >  0.67
|   |   |   |   |   |--- feature_10 <= 0.93
|   |   |   |   |   |   |--- feature_0 <= 0.56
|   |   |   |   |   |   |   |--- feature_14 <= 0.03
|   |   |   |   |   |   |   |   |--- feature_16 <= 0.09
|   |   |   |   |   |   |   |   |   |--- feature_14 <= 0.01
|   |   |   |   |   |   |   |   |   |   |--- class: Good
|   |   |   |   |   |   |   |   |   |--- feature_14 >  0.01
|   |   |   |   |   |   |   |   |   |   |--- class: Bad
|   |   |   |   |   |   |   |   |--- feature_16 >  0.09
|   |   |   |   |   |   |   |   |   |--- class: Good
|   |   |   |   |   |   |   |--- feature_14 >  0.03
|   |   |   |   |   |   |   |   |--- class: Good
|   |   |   |   |   |   |--- feature_0 >  0.56
|   |   |   |   |   |   |   |--- feature_15 <= 0.00
|   |   |   |   |   |   |   |   |--- feature_1 <= 0.72
|   |   |   |   |   |   |   |   |   |--- class: Good
|   |   |   |   |   |   |   |   |--- feature_1 >  0.72
|   |   |   |   |   |   |   |   |   |--- class: Bad
|   |   |   |   |   |   |   |--- feature_15 >  0.00
|   |   |   |   |   |   |   |   |--- class: Good
|   |   |   |   |   |--- feature_10 >  0.93
|   |   |   |   |   |   |--- feature_2 <= 0.67
|   |   |   |   |   |   |   |--- feature_11 <= 0.94
|   |   |   |   |   |   |   |   |--- feature_13 <= 0.00
|   |   |   |   |   |   |   |   |   |--- feature_11 <= 0.93
|   |   |   |   |   |   |   |   |   |   |--- class: Good
|   |   |   |   |   |   |   |   |   |--- feature_11 >  0.93
|   |   |   |   |   |   |   |   |   |   |--- feature_15 <= 0.00
|   |   |   |   |   |   |   |   |   |   |   |--- truncated branch of depth 2
|   |   |   |   |   |   |   |   |   |   |--- feature_15 >  0.00
|   |   |   |   |   |   |   |   |   |   |   |--- class: Good
|   |   |   |   |   |   |   |   |--- feature_13 >  0.00
|   |   |   |   |   |   |   |   |   |--- feature_1 <= 0.53
|   |   |   |   |   |   |   |   |   |   |--- feature_7 <= 0.50
|   |   |   |   |   |   |   |   |   |   |   |--- truncated branch of depth 2
|   |   |   |   |   |   |   |   |   |   |--- feature_7 >  0.50
|   |   |   |   |   |   |   |   |   |   |   |--- truncated branch of depth 4
|   |   |   |   |   |   |   |   |   |--- feature_1 >  0.53
|   |   |   |   |   |   |   |   |   |   |--- class: Good
|   |   |   |   |   |   |   |--- feature_11 >  0.94
|   |   |   |   |   |   |   |   |--- feature_1 <= 0.49
|   |   |   |   |   |   |   |   |   |--- feature_17 <= 0.14
|   |   |   |   |   |   |   |   |   |   |--- feature_14 <= 0.08
|   |   |   |   |   |   |   |   |   |   |   |--- class: Good
|   |   |   |   |   |   |   |   |   |   |--- feature_14 >  0.08
|   |   |   |   |   |   |   |   |   |   |   |--- truncated branch of depth 3
|   |   |   |   |   |   |   |   |   |--- feature_17 >  0.14
|   |   |   |   |   |   |   |   |   |   |--- feature_10 <= 0.95
|   |   |   |   |   |   |   |   |   |   |   |--- class: Good
|   |   |   |   |   |   |   |   |   |   |--- feature_10 >  0.95
|   |   |   |   |   |   |   |   |   |   |   |--- truncated branch of depth 7
|   |   |   |   |   |   |   |   |--- feature_1 >  0.49
|   |   |   |   |   |   |   |   |   |--- feature_16 <= 0.05
|   |   |   |   |   |   |   |   |   |   |--- feature_0 <= 0.67
|   |   |   |   |   |   |   |   |   |   |   |--- class: Good
|   |   |   |   |   |   |   |   |   |   |--- feature_0 >  0.67
|   |   |   |   |   |   |   |   |   |   |   |--- truncated branch of depth 5
|   |   |   |   |   |   |   |   |   |--- feature_16 >  0.05
|   |   |   |   |   |   |   |   |   |   |--- feature_2 <= 0.67
|   |   |   |   |   |   |   |   |   |   |   |--- truncated branch of depth 6
|   |   |   |   |   |   |   |   |   |   |--- feature_2 >  0.67
|   |   |   |   |   |   |   |   |   |   |   |--- truncated branch of depth 7
|   |   |   |   |   |   |--- feature_2 >  0.67
|   |   |   |   |   |   |   |--- class: Bad
|   |   |--- feature_19 >  0.00
|   |   |   |--- class: Bad
|   |--- feature_19 >  0.11
|   |   |--- feature_2 <= 0.67
|   |   |   |--- feature_2 <= 0.67
|   |   |   |   |--- feature_2 <= 0.56
|   |   |   |   |   |--- feature_2 <= 0.56
|   |   |   |   |   |   |--- feature_3 <= 0.56
|   |   |   |   |   |   |   |--- feature_21 <= 7.50
|   |   |   |   |   |   |   |   |--- class: Bad
|   |   |   |   |   |   |   |--- feature_21 >  7.50
|   |   |   |   |   |   |   |   |--- feature_18 <= 0.39
|   |   |   |   |   |   |   |   |   |--- feature_12 <= 0.08
|   |   |   |   |   |   |   |   |   |   |--- class: Good
|   |   |   |   |   |   |   |   |   |--- feature_12 >  0.08
|   |   |   |   |   |   |   |   |   |   |--- feature_23 <= 11.50
|   |   |   |   |   |   |   |   |   |   |   |--- class: Good
|   |   |   |   |   |   |   |   |   |   |--- feature_23 >  11.50
|   |   |   |   |   |   |   |   |   |   |   |--- class: Bad
|   |   |   |   |   |   |   |   |--- feature_18 >  0.39
|   |   |   |   |   |   |   |   |   |--- class: Good
|   |   |   |   |   |   |--- feature_3 >  0.56
|   |   |   |   |   |   |   |--- feature_15 <= 0.01
|   |   |   |   |   |   |   |   |--- feature_4 <= 0.00
|   |   |   |   |   |   |   |   |   |--- feature_4 <= 0.00
|   |   |   |   |   |   |   |   |   |   |--- class: Good
|   |   |   |   |   |   |   |   |   |--- feature_4 >  0.00
|   |   |   |   |   |   |   |   |   |   |--- class: Bad
|   |   |   |   |   |   |   |   |--- feature_4 >  0.00
|   |   |   |   |   |   |   |   |   |--- class: Good
|   |   |   |   |   |   |   |--- feature_15 >  0.01
|   |   |   |   |   |   |   |   |--- feature_12 <= 0.15
|   |   |   |   |   |   |   |   |   |--- feature_11 <= 0.95
|   |   |   |   |   |   |   |   |   |   |--- feature_0 <= 0.33
|   |   |   |   |   |   |   |   |   |   |   |--- truncated branch of depth 2
|   |   |   |   |   |   |   |   |   |   |--- feature_0 >  0.33
|   |   |   |   |   |   |   |   |   |   |   |--- truncated branch of depth 8
|   |   |   |   |   |   |   |   |   |--- feature_11 >  0.95
|   |   |   |   |   |   |   |   |   |   |--- class: Good
|   |   |   |   |   |   |   |   |--- feature_12 >  0.15
|   |   |   |   |   |   |   |   |   |--- class: Good
|   |   |   |   |   |--- feature_2 >  0.56
|   |   |   |   |   |   |--- feature_4 <= 0.00
|   |   |   |   |   |   |   |--- feature_12 <= 0.16
|   |   |   |   |   |   |   |   |--- class: Good
|   |   |   |   |   |   |   |--- feature_12 >  0.16
|   |   |   |   |   |   |   |   |--- feature_11 <= 0.90
|   |   |   |   |   |   |   |   |   |--- class: Bad
|   |   |   |   |   |   |   |   |--- feature_11 >  0.90
|   |   |   |   |   |   |   |   |   |--- feature_5 <= 0.23
|   |   |   |   |   |   |   |   |   |   |--- class: Good
|   |   |   |   |   |   |   |   |   |--- feature_5 >  0.23
|   |   |   |   |   |   |   |   |   |   |--- class: Bad
|   |   |   |   |   |   |--- feature_4 >  0.00
|   |   |   |   |   |   |   |--- class: Good
|   |   |   |   |--- feature_2 >  0.56
|   |   |   |   |   |--- class: Bad
|   |   |   |--- feature_2 >  0.67
|   |   |   |   |--- feature_19 <= 0.11
|   |   |   |   |   |--- feature_13 <= 0.10
|   |   |   |   |   |   |--- feature_4 <= 0.00
|   |   |   |   |   |   |   |--- feature_13 <= 0.00
|   |   |   |   |   |   |   |   |--- class: Good
|   |   |   |   |   |   |   |--- feature_13 >  0.00
|   |   |   |   |   |   |   |   |--- feature_11 <= 0.94
|   |   |   |   |   |   |   |   |   |--- class: Bad
|   |   |   |   |   |   |   |   |--- feature_11 >  0.94
|   |   |   |   |   |   |   |   |   |--- class: Good
|   |   |   |   |   |   |--- feature_4 >  0.00
|   |   |   |   |   |   |   |--- feature_0 <= 0.39
|   |   |   |   |   |   |   |   |--- feature_17 <= 0.17
|   |   |   |   |   |   |   |   |   |--- class: Bad
|   |   |   |   |   |   |   |   |--- feature_17 >  0.17
|   |   |   |   |   |   |   |   |   |--- class: Good
|   |   |   |   |   |   |   |--- feature_0 >  0.39
|   |   |   |   |   |   |   |   |--- class: Good
|   |   |   |   |   |--- feature_13 >  0.10
|   |   |   |   |   |   |--- feature_16 <= 0.08
|   |   |   |   |   |   |   |--- class: Bad
|   |   |   |   |   |   |--- feature_16 >  0.08
|   |   |   |   |   |   |   |--- class: Good
|   |   |   |   |--- feature_19 >  0.11
|   |   |   |   |   |--- feature_17 <= 0.23
|   |   |   |   |   |   |--- class: Bad
|   |   |   |   |   |--- feature_17 >  0.23
|   |   |   |   |   |   |--- class: Good
|   |   |--- feature_2 >  0.67
|   |   |   |--- class: Bad
|--- feature_2 >  0.78
|   |--- feature_13 <= 0.02
|   |   |--- feature_13 <= 0.00
|   |   |   |--- feature_4 <= 0.00
|   |   |   |   |--- feature_7 <= 0.50
|   |   |   |   |   |--- feature_10 <= 0.92
|   |   |   |   |   |   |--- feature_3 <= 0.78
|   |   |   |   |   |   |   |--- feature_10 <= 0.90
|   |   |   |   |   |   |   |   |--- class: Good
|   |   |   |   |   |   |   |--- feature_10 >  0.90
|   |   |   |   |   |   |   |   |--- class: Bad
|   |   |   |   |   |   |--- feature_3 >  0.78
|   |   |   |   |   |   |   |--- class: Good
|   |   |   |   |   |--- feature_10 >  0.92
|   |   |   |   |   |   |--- feature_11 <= 0.96
|   |   |   |   |   |   |   |--- class: Good
|   |   |   |   |   |   |--- feature_11 >  0.96
|   |   |   |   |   |   |   |--- feature_10 <= 1.00
|   |   |   |   |   |   |   |   |--- class: Bad
|   |   |   |   |   |   |   |--- feature_10 >  1.00
|   |   |   |   |   |   |   |   |--- class: Good
|   |   |   |   |--- feature_7 >  0.50
|   |   |   |   |   |--- feature_0 <= 1.00
|   |   |   |   |   |   |--- feature_11 <= 0.94
|   |   |   |   |   |   |   |--- class: Good
|   |   |   |   |   |   |--- feature_11 >  0.94
|   |   |   |   |   |   |   |--- feature_10 <= 0.95
|   |   |   |   |   |   |   |   |--- class: Good
|   |   |   |   |   |   |   |--- feature_10 >  0.95
|   |   |   |   |   |   |   |   |--- feature_3 <= 0.89
|   |   |   |   |   |   |   |   |   |--- feature_22 <= 5.00
|   |   |   |   |   |   |   |   |   |   |--- feature_16 <= 0.10
|   |   |   |   |   |   |   |   |   |   |   |--- class: Good
|   |   |   |   |   |   |   |   |   |   |--- feature_16 >  0.10
|   |   |   |   |   |   |   |   |   |   |   |--- truncated branch of depth 4
|   |   |   |   |   |   |   |   |   |--- feature_22 >  5.00
|   |   |   |   |   |   |   |   |   |   |--- feature_11 <= 0.95
|   |   |   |   |   |   |   |   |   |   |   |--- truncated branch of depth 2
|   |   |   |   |   |   |   |   |   |   |--- feature_11 >  0.95
|   |   |   |   |   |   |   |   |   |   |   |--- class: Good
|   |   |   |   |   |   |   |   |--- feature_3 >  0.89
|   |   |   |   |   |   |   |   |   |--- feature_2 <= 1.00
|   |   |   |   |   |   |   |   |   |   |--- feature_2 <= 0.78
|   |   |   |   |   |   |   |   |   |   |   |--- truncated branch of depth 2
|   |   |   |   |   |   |   |   |   |   |--- feature_2 >  0.78
|   |   |   |   |   |   |   |   |   |   |   |--- truncated branch of depth 2
|   |   |   |   |   |   |   |   |   |--- feature_2 >  1.00
|   |   |   |   |   |   |   |   |   |   |--- class: Good
|   |   |   |   |   |--- feature_0 >  1.00
|   |   |   |   |   |   |--- class: Good
|   |   |   |--- feature_4 >  0.00
|   |   |   |   |--- class: Good
|   |   |--- feature_13 >  0.00
|   |   |   |--- feature_13 <= 0.01
|   |   |   |   |--- class: Bad
|   |   |   |--- feature_13 >  0.01
|   |   |   |   |--- feature_13 <= 0.01
|   |   |   |   |   |--- feature_10 <= 0.92
|   |   |   |   |   |   |--- feature_10 <= 0.92
|   |   |   |   |   |   |   |--- feature_11 <= 0.91
|   |   |   |   |   |   |   |   |--- feature_22 <= 1.50
|   |   |   |   |   |   |   |   |   |--- class: Bad
|   |   |   |   |   |   |   |   |--- feature_22 >  1.50
|   |   |   |   |   |   |   |   |   |--- class: Good
|   |   |   |   |   |   |   |--- feature_11 >  0.91
|   |   |   |   |   |   |   |   |--- class: Good
|   |   |   |   |   |   |--- feature_10 >  0.92
|   |   |   |   |   |   |   |--- class: Bad
|   |   |   |   |   |--- feature_10 >  0.92
|   |   |   |   |   |   |--- class: Good
|   |   |   |   |--- feature_13 >  0.01
|   |   |   |   |   |--- class: Bad
|   |--- feature_13 >  0.02
|   |   |--- feature_5 <= 0.15
|   |   |   |--- feature_11 <= 0.94
|   |   |   |   |--- class: Good
|   |   |   |--- feature_11 >  0.94
|   |   |   |   |--- feature_13 <= 0.02
|   |   |   |   |   |--- feature_4 <= 0.00
|   |   |   |   |   |   |--- feature_17 <= 0.39
|   |   |   |   |   |   |   |--- feature_10 <= 1.00
|   |   |   |   |   |   |   |   |--- class: Good
|   |   |   |   |   |   |   |--- feature_10 >  1.00
|   |   |   |   |   |   |   |   |--- feature_14 <= 0.04
|   |   |   |   |   |   |   |   |   |--- class: Bad
|   |   |   |   |   |   |   |   |--- feature_14 >  0.04
|   |   |   |   |   |   |   |   |   |--- class: Good
|   |   |   |   |   |   |--- feature_17 >  0.39
|   |   |   |   |   |   |   |--- class: Good
|   |   |   |   |   |--- feature_4 >  0.00
|   |   |   |   |   |   |--- class: Good
|   |   |   |   |--- feature_13 >  0.02
|   |   |   |   |   |--- feature_16 <= 0.11
|   |   |   |   |   |   |--- feature_16 <= 0.09
|   |   |   |   |   |   |   |--- feature_11 <= 0.94
|   |   |   |   |   |   |   |   |--- class: Bad
|   |   |   |   |   |   |   |--- feature_11 >  0.94
|   |   |   |   |   |   |   |   |--- class: Good
|   |   |   |   |   |   |--- feature_16 >  0.09
|   |   |   |   |   |   |   |--- class: Bad
|   |   |   |   |   |--- feature_16 >  0.11
|   |   |   |   |   |   |--- class: Good
|   |   |--- feature_5 >  0.15
|   |   |   |--- feature_16 <= 0.16
|   |   |   |   |--- feature_3 <= 0.78
|   |   |   |   |   |--- feature_19 <= 0.09
|   |   |   |   |   |   |--- feature_19 <= 0.03
|   |   |   |   |   |   |   |--- class: Good
|   |   |   |   |   |   |--- feature_19 >  0.03
|   |   |   |   |   |   |   |--- class: Bad
|   |   |   |   |   |--- feature_19 >  0.09
|   |   |   |   |   |   |--- class: Good
|   |   |   |   |--- feature_3 >  0.78
|   |   |   |   |   |--- feature_4 <= 0.00
|   |   |   |   |   |   |--- feature_5 <= 0.19
|   |   |   |   |   |   |   |--- class: Bad
|   |   |   |   |   |   |--- feature_5 >  0.19
|   |   |   |   |   |   |   |--- class: Good
|   |   |   |   |   |--- feature_4 >  0.00
|   |   |   |   |   |   |--- feature_3 <= 1.00
|   |   |   |   |   |   |   |--- feature_7 <= 3.00
|   |   |   |   |   |   |   |   |--- class: Good
|   |   |   |   |   |   |   |--- feature_7 >  3.00
|   |   |   |   |   |   |   |   |--- feature_10 <= 0.98
|   |   |   |   |   |   |   |   |   |--- feature_17 <= 0.39
|   |   |   |   |   |   |   |   |   |   |--- class: Good
|   |   |   |   |   |   |   |   |   |--- feature_17 >  0.39
|   |   |   |   |   |   |   |   |   |   |--- class: Bad
|   |   |   |   |   |   |   |   |--- feature_10 >  0.98
|   |   |   |   |   |   |   |   |   |--- class: Good
|   |   |   |   |   |   |--- feature_3 >  1.00
|   |   |   |   |   |   |   |--- class: Good
|   |   |   |--- feature_16 >  0.16
|   |   |   |   |--- class: Good
