|--- feature_4 <= 0.00
|   |--- feature_3 <= 0.89
|   |   |--- feature_0 <= 0.67
|   |   |   |--- feature_1 <= 0.97
|   |   |   |   |--- feature_19 <= 0.12
|   |   |   |   |   |--- feature_11 <= 0.98
|   |   |   |   |   |   |--- class: Good
|   |   |   |   |   |--- feature_11 >  0.98
|   |   |   |   |   |   |--- feature_11 <= 0.98
|   |   |   |   |   |   |   |--- class: Bad
|   |   |   |   |   |   |--- feature_11 >  0.98
|   |   |   |   |   |   |   |--- class: Good
|   |   |   |   |--- feature_19 >  0.12
|   |   |   |   |   |--- feature_16 <= 0.15
|   |   |   |   |   |   |--- feature_0 <= 0.66
|   |   |   |   |   |   |   |--- feature_7 <= 2.50
|   |   |   |   |   |   |   |   |--- feature_15 <= 0.01
|   |   |   |   |   |   |   |   |   |--- feature_4 <= 0.00
|   |   |   |   |   |   |   |   |   |   |--- class: Good
|   |   |   |   |   |   |   |   |   |--- feature_4 >  0.00
|   |   |   |   |   |   |   |   |   |   |--- class: Bad
|   |   |   |   |   |   |   |   |--- feature_15 >  0.01
|   |   |   |   |   |   |   |   |   |--- class: Good
|   |   |   |   |   |   |   |--- feature_7 >  2.50
|   |   |   |   |   |   |   |   |--- class: Good
|   |   |   |   |   |   |--- feature_0 >  0.66
|   |   |   |   |   |   |   |--- feature_22 <= 4.00
|   |   |   |   |   |   |   |   |--- class: Good
|   |   |   |   |   |   |   |--- feature_22 >  4.00
|   |   |   |   |   |   |   |   |--- class: Bad
|   |   |   |   |   |--- feature_16 >  0.15
|   |   |   |   |   |   |--- feature_3 <= 0.69
|   |   |   |   |   |   |   |--- class: Good
|   |   |   |   |   |   |--- feature_3 >  0.69
|   |   |   |   |   |   |   |--- class: Bad
|   |   |   |--- feature_1 >  0.97
|   |   |   |   |--- feature_3 <= 0.78
|   |   |   |   |   |--- feature_1 <= 0.97
|   |   |   |   |   |   |--- feature_14 <= 0.04
|   |   |   |   |   |   |   |--- class: Good
|   |   |   |   |   |   |--- feature_14 >  0.04
|   |   |   |   |   |   |   |--- class: Bad
|   |   |   |   |   |--- feature_1 >  0.97
|   |   |   |   |   |   |--- class: Good
|   |   |   |   |--- feature_3 >  0.78
|   |   |   |   |   |--- class: Bad
|   |   |--- feature_0 >  0.67
|   |   |   |--- feature_5 <= 0.00
|   |   |   |   |--- feature_10 <= 0.92
|   |   |   |   |   |--- feature_15 <= 0.00
|   |   |   |   |   |   |--- class: Good
|   |   |   |   |   |--- feature_15 >  0.00
|   |   |   |   |   |   |--- feature_1 <= 0.99
|   |   |   |   |   |   |   |--- class: Bad
|   |   |   |   |   |   |--- feature_1 >  0.99
|   |   |   |   |   |   |   |--- class: Good
|   |   |   |   |--- feature_10 >  0.92
|   |   |   |   |   |--- feature_7 <= 5.50
|   |   |   |   |   |   |--- class: Good
|   |   |   |   |   |--- feature_7 >  5.50
|   |   |   |   |   |   |--- class: Bad
|   |   |   |--- feature_5 >  0.00
|   |   |   |   |--- feature_14 <= 0.02
|   |   |   |   |   |--- class: Good
|   |   |   |   |--- feature_14 >  0.02
|   |   |   |   |   |--- feature_0 <= 0.89
|   |   |   |   |   |   |--- feature_11 <= 0.98
|   |   |   |   |   |   |   |--- feature_3 <= 0.67
|   |   |   |   |   |   |   |   |--- feature_23 <= 11.00
|   |   |   |   |   |   |   |   |   |--- class: Good
|   |   |   |   |   |   |   |   |--- feature_23 >  11.00
|   |   |   |   |   |   |   |   |   |--- class: Bad
|   |   |   |   |   |   |   |--- feature_3 >  0.67
|   |   |   |   |   |   |   |   |--- class: Bad
|   |   |   |   |   |   |--- feature_11 >  0.98
|   |   |   |   |   |   |   |--- feature_0 <= 0.76
|   |   |   |   |   |   |   |   |--- class: Bad
|   |   |   |   |   |   |   |--- feature_0 >  0.76
|   |   |   |   |   |   |   |   |--- class: Good
|   |   |   |   |   |--- feature_0 >  0.89
|   |   |   |   |   |   |--- class: Good
|   |--- feature_3 >  0.89
|   |   |--- feature_4 <= 0.00
|   |   |   |--- class: Good
|   |   |--- feature_4 >  0.00
|   |   |   |--- feature_13 <= 0.04
|   |   |   |   |--- feature_3 <= 0.94
|   |   |   |   |   |--- class: Bad
|   |   |   |   |--- feature_3 >  0.94
|   |   |   |   |   |--- class: Good
|   |   |   |--- feature_13 >  0.04
|   |   |   |   |--- class: Good
|--- feature_4 >  0.00
|   |--- class: Good
