|--- feature_2 <= 0.01
|   |--- feature_2 <= 0.00
|   |   |--- feature_10 <= 0.01
|   |   |   |--- feature_10 <= 0.01
|   |   |   |   |--- feature_10 <= 0.01
|   |   |   |   |   |--- feature_10 <= 0.00
|   |   |   |   |   |   |--- feature_1 <= 0.00
|   |   |   |   |   |   |   |--- feature_4 <= 4.50
|   |   |   |   |   |   |   |   |--- feature_8 <= 0.97
|   |   |   |   |   |   |   |   |   |--- feature_0 <= 0.68
|   |   |   |   |   |   |   |   |   |   |--- feature_19 <= 6.50
|   |   |   |   |   |   |   |   |   |   |   |--- truncated branch of depth 6
|   |   |   |   |   |   |   |   |   |   |--- feature_19 >  6.50
|   |   |   |   |   |   |   |   |   |   |   |--- truncated branch of depth 5
|   |   |   |   |   |   |   |   |   |--- feature_0 >  0.68
|   |   |   |   |   |   |   |   |   |   |--- class: negative
|   |   |   |   |   |   |   |   |--- feature_8 >  0.97
|   |   |   |   |   |   |   |   |   |--- feature_8 <= 0.97
|   |   |   |   |   |   |   |   |   |   |--- class: positive
|   |   |   |   |   |   |   |   |   |--- feature_8 >  0.97
|   |   |   |   |   |   |   |   |   |   |--- class: negative
|   |   |   |   |   |   |   |--- feature_4 >  4.50
|   |   |   |   |   |   |   |   |--- feature_7 <= 0.65
|   |   |   |   |   |   |   |   |   |--- feature_8 <= 0.96
|   |   |   |   |   |   |   |   |   |   |--- feature_19 <= 2.00
|   |   |   |   |   |   |   |   |   |   |   |--- class: negative
|   |   |   |   |   |   |   |   |   |   |--- feature_19 >  2.00
|   |   |   |   |   |   |   |   |   |   |   |--- class: positive
|   |   |   |   |   |   |   |   |   |--- feature_8 >  0.96
|   |   |   |   |   |   |   |   |   |   |--- class: negative
|   |   |   |   |   |   |   |   |--- feature_7 >  0.65
|   |   |   |   |   |   |   |   |   |--- feature_7 <= 0.65
|   |   |   |   |   |   |   |   |   |   |--- feature_7 <= 0.65
|   |   |   |   |   |   |   |   |   |   |   |--- class: negative
|   |   |   |   |   |   |   |   |   |   |--- feature_7 >  0.65
|   |   |   |   |   |   |   |   |   |   |   |--- class: positive
|   |   |   |   |   |   |   |   |   |--- feature_7 >  0.65
|   |   |   |   |   |   |   |   |   |   |--- class: negative
|   |   |   |   |   |   |--- feature_1 >  0.00
|   |   |   |   |   |   |   |--- feature_8 <= 0.98
|   |   |   |   |   |   |   |   |--- feature_7 <= 0.67
|   |   |   |   |   |   |   |   |   |--- feature_13 <= 0.08
|   |   |   |   |   |   |   |   |   |   |--- feature_13 <= 0.08
|   |   |   |   |   |   |   |   |   |   |   |--- truncated branch of depth 9
|   |   |   |   |   |   |   |   |   |   |--- feature_13 >  0.08
|   |   |   |   |   |   |   |   |   |   |   |--- truncated branch of depth 9
|   |   |   |   |   |   |   |   |   |--- feature_13 >  0.08
|   |   |   |   |   |   |   |   |   |   |--- feature_13 <= 0.11
|   |   |   |   |   |   |   |   |   |   |   |--- class: positive
|   |   |   |   |   |   |   |   |   |   |--- feature_13 >  0.11
|   |   |   |   |   |   |   |   |   |   |   |--- truncated branch of depth 15
|   |   |   |   |   |   |   |   |--- feature_7 >  0.67
|   |   |   |   |   |   |   |   |   |--- class: negative
|   |   |   |   |   |   |   |--- feature_8 >  0.98
|   |   |   |   |   |   |   |   |--- feature_3 <= 6.00
|   |   |   |   |   |   |   |   |   |--- feature_1 <= 0.00
|   |   |   |   |   |   |   |   |   |   |--- feature_8 <= 0.98
|   |   |   |   |   |   |   |   |   |   |   |--- truncated branch of depth 2
|   |   |   |   |   |   |   |   |   |   |--- feature_8 >  0.98
|   |   |   |   |   |   |   |   |   |   |   |--- class: negative
|   |   |   |   |   |   |   |   |   |--- feature_1 >  0.00
|   |   |   |   |   |   |   |   |   |   |--- feature_8 <= 0.98
|   |   |   |   |   |   |   |   |   |   |   |--- class: negative
|   |   |   |   |   |   |   |   |   |   |--- feature_8 >  0.98
|   |   |   |   |   |   |   |   |   |   |   |--- truncated branch of depth 3
|   |   |   |   |   |   |   |   |--- feature_3 >  6.00
|   |   |   |   |   |   |   |   |   |--- class: positive
|   |   |   |   |   |--- feature_10 >  0.00
|   |   |   |   |   |   |--- class: positive
|   |   |   |   |--- feature_10 >  0.01
|   |   |   |   |   |--- feature_7 <= 0.65
|   |   |   |   |   |   |--- feature_18 <= 22.00
|   |   |   |   |   |   |   |--- feature_3 <= 3.50
|   |   |   |   |   |   |   |   |--- feature_7 <= 0.64
|   |   |   |   |   |   |   |   |   |--- class: positive
|   |   |   |   |   |   |   |   |--- feature_7 >  0.64
|   |   |   |   |   |   |   |   |   |--- feature_1 <= 0.00
|   |   |   |   |   |   |   |   |   |   |--- class: positive
|   |   |   |   |   |   |   |   |   |--- feature_1 >  0.00
|   |   |   |   |   |   |   |   |   |   |--- class: negative
|   |   |   |   |   |   |   |--- feature_3 >  3.50
|   |   |   |   |   |   |   |   |--- class: negative
|   |   |   |   |   |   |--- feature_18 >  22.00
|   |   |   |   |   |   |   |--- feature_8 <= 0.94
|   |   |   |   |   |   |   |   |--- feature_20 <= 1.50
|   |   |   |   |   |   |   |   |   |--- class: negative
|   |   |   |   |   |   |   |   |--- feature_20 >  1.50
|   |   |   |   |   |   |   |   |   |--- class: positive
|   |   |   |   |   |   |   |--- feature_8 >  0.94
|   |   |   |   |   |   |   |   |--- class: negative
|   |   |   |   |   |--- feature_7 >  0.65
|   |   |   |   |   |   |--- feature_11 <= 0.06
|   |   |   |   |   |   |   |--- feature_1 <= 0.00
|   |   |   |   |   |   |   |   |--- feature_7 <= 0.66
|   |   |   |   |   |   |   |   |   |--- class: negative
|   |   |   |   |   |   |   |   |--- feature_7 >  0.66
|   |   |   |   |   |   |   |   |   |--- feature_8 <= 0.97
|   |   |   |   |   |   |   |   |   |   |--- feature_15 <= 0.94
|   |   |   |   |   |   |   |   |   |   |   |--- truncated branch of depth 3
|   |   |   |   |   |   |   |   |   |   |--- feature_15 >  0.94
|   |   |   |   |   |   |   |   |   |   |   |--- class: positive
|   |   |   |   |   |   |   |   |   |--- feature_8 >  0.97
|   |   |   |   |   |   |   |   |   |   |--- feature_15 <= 0.50
|   |   |   |   |   |   |   |   |   |   |   |--- class: negative
|   |   |   |   |   |   |   |   |   |   |--- feature_15 >  0.50
|   |   |   |   |   |   |   |   |   |   |   |--- truncated branch of depth 2
|   |   |   |   |   |   |   |--- feature_1 >  0.00
|   |   |   |   |   |   |   |   |--- feature_1 <= 0.00
|   |   |   |   |   |   |   |   |   |--- feature_7 <= 0.66
|   |   |   |   |   |   |   |   |   |   |--- class: positive
|   |   |   |   |   |   |   |   |   |--- feature_7 >  0.66
|   |   |   |   |   |   |   |   |   |   |--- class: negative
|   |   |   |   |   |   |   |   |--- feature_1 >  0.00
|   |   |   |   |   |   |   |   |   |--- feature_1 <= 0.00
|   |   |   |   |   |   |   |   |   |   |--- feature_13 <= 0.14
|   |   |   |   |   |   |   |   |   |   |   |--- truncated branch of depth 6
|   |   |   |   |   |   |   |   |   |   |--- feature_13 >  0.14
|   |   |   |   |   |   |   |   |   |   |   |--- class: positive
|   |   |   |   |   |   |   |   |   |--- feature_1 >  0.00
|   |   |   |   |   |   |   |   |   |   |--- class: negative
|   |   |   |   |   |   |--- feature_11 >  0.06
|   |   |   |   |   |   |   |--- feature_3 <= 3.50
|   |   |   |   |   |   |   |   |--- class: negative
|   |   |   |   |   |   |   |--- feature_3 >  3.50
|   |   |   |   |   |   |   |   |--- feature_7 <= 0.66
|   |   |   |   |   |   |   |   |   |--- feature_7 <= 0.65
|   |   |   |   |   |   |   |   |   |   |--- class: negative
|   |   |   |   |   |   |   |   |   |--- feature_7 >  0.65
|   |   |   |   |   |   |   |   |   |   |--- class: positive
|   |   |   |   |   |   |   |   |--- feature_7 >  0.66
|   |   |   |   |   |   |   |   |   |--- class: negative
|   |   |   |--- feature_10 >  0.01
|   |   |   |   |--- class: positive
|   |   |--- feature_10 >  0.01
|   |   |   |--- feature_10 <= 0.01
|   |   |   |   |--- feature_15 <= 0.45
|   |   |   |   |   |--- class: negative
|   |   |   |   |--- feature_15 >  0.45
|   |   |   |   |   |--- feature_7 <= 0.65
|   |   |   |   |   |   |--- feature_15 <= 0.51
|   |   |   |   |   |   |   |--- class: positive
|   |   |   |   |   |   |--- feature_15 >  0.51
|   |   |   |   |   |   |   |--- feature_0 <= 0.93
|   |   |   |   |   |   |   |   |--- feature_19 <= 4.00
|   |   |   |   |   |   |   |   |   |--- class: negative
|   |   |   |   |   |   |   |   |--- feature_19 >  4.00
|   |   |   |   |   |   |   |   |   |--- feature_0 <= 0.64
|   |   |   |   |   |   |   |   |   |   |--- feature_8 <= 0.98
|   |   |   |   |   |   |   |   |   |   |   |--- class: negative
|   |   |   |   |   |   |   |   |   |   |--- feature_8 >  0.98
|   |   |   |   |   |   |   |   |   |   |   |--- class: positive
|   |   |   |   |   |   |   |   |   |--- feature_0 >  0.64
|   |   |   |   |   |   |   |   |   |   |--- feature_11 <= 0.08
|   |   |   |   |   |   |   |   |   |   |   |--- truncated branch of depth 4
|   |   |   |   |   |   |   |   |   |   |--- feature_11 >  0.08
|   |   |   |   |   |   |   |   |   |   |   |--- class: negative
|   |   |   |   |   |   |   |--- feature_0 >  0.93
|   |   |   |   |   |   |   |   |--- feature_13 <= 0.14
|   |   |   |   |   |   |   |   |   |--- feature_15 <= 0.72
|   |   |   |   |   |   |   |   |   |   |--- class: negative
|   |   |   |   |   |   |   |   |   |--- feature_15 >  0.72
|   |   |   |   |   |   |   |   |   |   |--- class: positive
|   |   |   |   |   |   |   |   |--- feature_13 >  0.14
|   |   |   |   |   |   |   |   |   |--- class: negative
|   |   |   |   |   |--- feature_7 >  0.65
|   |   |   |   |   |   |--- feature_7 <= 0.66
|   |   |   |   |   |   |   |--- feature_3 <= 2.50
|   |   |   |   |   |   |   |   |--- feature_4 <= 3.50
|   |   |   |   |   |   |   |   |   |--- feature_1 <= 0.00
|   |   |   |   |   |   |   |   |   |   |--- class: positive
|   |   |   |   |   |   |   |   |   |--- feature_1 >  0.00
|   |   |   |   |   |   |   |   |   |   |--- feature_1 <= 0.00
|   |   |   |   |   |   |   |   |   |   |   |--- truncated branch of depth 5
|   |   |   |   |   |   |   |   |   |   |--- feature_1 >  0.00
|   |   |   |   |   |   |   |   |   |   |   |--- class: positive
|   |   |   |   |   |   |   |   |--- feature_4 >  3.50
|   |   |   |   |   |   |   |   |   |--- class: negative
|   |   |   |   |   |   |   |--- feature_3 >  2.50
|   |   |   |   |   |   |   |   |--- feature_0 <= 0.59
|   |   |   |   |   |   |   |   |   |--- class: negative
|   |   |   |   |   |   |   |   |--- feature_0 >  0.59
|   |   |   |   |   |   |   |   |   |--- feature_8 <= 0.97
|   |   |   |   |   |   |   |   |   |   |--- feature_1 <= 0.00
|   |   |   |   |   |   |   |   |   |   |   |--- truncated branch of depth 2
|   |   |   |   |   |   |   |   |   |   |--- feature_1 >  0.00
|   |   |   |   |   |   |   |   |   |   |   |--- class: negative
|   |   |   |   |   |   |   |   |   |--- feature_8 >  0.97
|   |   |   |   |   |   |   |   |   |   |--- class: negative
|   |   |   |   |   |   |--- feature_7 >  0.66
|   |   |   |   |   |   |   |--- feature_11 <= 0.09
|   |   |   |   |   |   |   |   |--- feature_20 <= 1.50
|   |   |   |   |   |   |   |   |   |--- feature_8 <= 0.94
|   |   |   |   |   |   |   |   |   |   |--- feature_14 <= 0.68
|   |   |   |   |   |   |   |   |   |   |   |--- class: negative
|   |   |   |   |   |   |   |   |   |   |--- feature_14 >  0.68
|   |   |   |   |   |   |   |   |   |   |   |--- class: positive
|   |   |   |   |   |   |   |   |   |--- feature_8 >  0.94
|   |   |   |   |   |   |   |   |   |   |--- class: negative
|   |   |   |   |   |   |   |   |--- feature_20 >  1.50
|   |   |   |   |   |   |   |   |   |--- feature_1 <= 0.00
|   |   |   |   |   |   |   |   |   |   |--- feature_14 <= 0.32
|   |   |   |   |   |   |   |   |   |   |   |--- truncated branch of depth 3
|   |   |   |   |   |   |   |   |   |   |--- feature_14 >  0.32
|   |   |   |   |   |   |   |   |   |   |   |--- truncated branch of depth 3
|   |   |   |   |   |   |   |   |   |--- feature_1 >  0.00
|   |   |   |   |   |   |   |   |   |   |--- class: positive
|   |   |   |   |   |   |   |--- feature_11 >  0.09
|   |   |   |   |   |   |   |   |--- class: negative
|   |   |   |--- feature_10 >  0.01
|   |   |   |   |--- feature_10 <= 0.02
|   |   |   |   |   |--- class: positive
|   |   |   |   |--- feature_10 >  0.02
|   |   |   |   |   |--- feature_12 <= 0.01
|   |   |   |   |   |   |--- class: negative
|   |   |   |   |   |--- feature_12 >  0.01
|   |   |   |   |   |   |--- feature_14 <= 0.08
|   |   |   |   |   |   |   |--- class: positive
|   |   |   |   |   |   |--- feature_14 >  0.08
|   |   |   |   |   |   |   |--- feature_7 <= 0.66
|   |   |   |   |   |   |   |   |--- feature_13 <= 0.11
|   |   |   |   |   |   |   |   |   |--- feature_14 <= 0.72
|   |   |   |   |   |   |   |   |   |   |--- class: negative
|   |   |   |   |   |   |   |   |   |--- feature_14 >  0.72
|   |   |   |   |   |   |   |   |   |   |--- class: positive
|   |   |   |   |   |   |   |   |--- feature_13 >  0.11
|   |   |   |   |   |   |   |   |   |--- feature_13 <= 0.13
|   |   |   |   |   |   |   |   |   |   |--- class: positive
|   |   |   |   |   |   |   |   |   |--- feature_13 >  0.13
|   |   |   |   |   |   |   |   |   |   |--- feature_12 <= 0.01
|   |   |   |   |   |   |   |   |   |   |   |--- truncated branch of depth 3
|   |   |   |   |   |   |   |   |   |   |--- feature_12 >  0.01
|   |   |   |   |   |   |   |   |   |   |   |--- truncated branch of depth 5
|   |   |   |   |   |   |   |--- feature_7 >  0.66
|   |   |   |   |   |   |   |   |--- class: negative
|   |--- feature_2 >  0.00
|   |   |--- class: positive
|--- feature_2 >  0.01
|   |--- feature_2 <= 0.01
|   |   |--- feature_0 <= 0.82
|   |   |   |--- feature_14 <= 0.49
|   |   |   |   |--- feature_10 <= 0.01
|   |   |   |   |   |--- feature_7 <= 0.66
|   |   |   |   |   |   |--- class: negative
|   |   |   |   |   |--- feature_7 >  0.66
|   |   |   |   |   |   |--- feature_19 <= 1.50
|   |   |   |   |   |   |   |--- feature_12 <= 0.00
|   |   |   |   |   |   |   |   |--- feature_14 <= 0.32
|   |   |   |   |   |   |   |   |   |--- feature_1 <= 0.00
|   |   |   |   |   |   |   |   |   |   |--- feature_7 <= 0.66
|   |   |   |   |   |   |   |   |   |   |   |--- class: negative
|   |   |   |   |   |   |   |   |   |   |--- feature_7 >  0.66
|   |   |   |   |   |   |   |   |   |   |   |--- class: positive
|   |   |   |   |   |   |   |   |   |--- feature_1 >  0.00
|   |   |   |   |   |   |   |   |   |   |--- feature_13 <= 0.13
|   |   |   |   |   |   |   |   |   |   |   |--- truncated branch of depth 3
|   |   |   |   |   |   |   |   |   |   |--- feature_13 >  0.13
|   |   |   |   |   |   |   |   |   |   |   |--- truncated branch of depth 3
|   |   |   |   |   |   |   |   |--- feature_14 >  0.32
|   |   |   |   |   |   |   |   |   |--- class: positive
|   |   |   |   |   |   |   |--- feature_12 >  0.00
|   |   |   |   |   |   |   |   |--- feature_7 <= 0.66
|   |   |   |   |   |   |   |   |   |--- feature_20 <= 7.50
|   |   |   |   |   |   |   |   |   |   |--- class: negative
|   |   |   |   |   |   |   |   |   |--- feature_20 >  7.50
|   |   |   |   |   |   |   |   |   |   |--- feature_7 <= 0.66
|   |   |   |   |   |   |   |   |   |   |   |--- class: positive
|   |   |   |   |   |   |   |   |   |   |--- feature_7 >  0.66
|   |   |   |   |   |   |   |   |   |   |   |--- class: negative
|   |   |   |   |   |   |   |   |--- feature_7 >  0.66
|   |   |   |   |   |   |   |   |   |--- class: positive
|   |   |   |   |   |   |--- feature_19 >  1.50
|   |   |   |   |   |   |   |--- feature_8 <= 0.99
|   |   |   |   |   |   |   |   |--- feature_14 <= 0.23
|   |   |   |   |   |   |   |   |   |--- feature_8 <= 0.97
|   |   |   |   |   |   |   |   |   |   |--- feature_11 <= 0.06
|   |   |   |   |   |   |   |   |   |   |   |--- class: positive
|   |   |   |   |   |   |   |   |   |   |--- feature_11 >  0.06
|   |   |   |   |   |   |   |   |   |   |   |--- class: negative
|   |   |   |   |   |   |   |   |   |--- feature_8 >  0.97
|   |   |   |   |   |   |   |   |   |   |--- feature_4 <= 3.50
|   |   |   |   |   |   |   |   |   |   |   |--- truncated branch of depth 3
|   |   |   |   |   |   |   |   |   |   |--- feature_4 >  3.50
|   |   |   |   |   |   |   |   |   |   |   |--- truncated branch of depth 2
|   |   |   |   |   |   |   |   |--- feature_14 >  0.23
|   |   |   |   |   |   |   |   |   |--- feature_0 <= 0.56
|   |   |   |   |   |   |   |   |   |   |--- class: negative
|   |   |   |   |   |   |   |   |   |--- feature_0 >  0.56
|   |   |   |   |   |   |   |   |   |   |--- feature_13 <= 0.13
|   |   |   |   |   |   |   |   |   |   |   |--- truncated branch of depth 2
|   |   |   |   |   |   |   |   |   |   |--- feature_13 >  0.13
|   |   |   |   |   |   |   |   |   |   |   |--- truncated branch of depth 3
|   |   |   |   |   |   |   |--- feature_8 >  0.99
|   |   |   |   |   |   |   |   |--- feature_8 <= 0.99
|   |   |   |   |   |   |   |   |   |--- class: positive
|   |   |   |   |   |   |   |   |--- feature_8 >  0.99
|   |   |   |   |   |   |   |   |   |--- feature_1 <= 0.00
|   |   |   |   |   |   |   |   |   |   |--- class: negative
|   |   |   |   |   |   |   |   |   |--- feature_1 >  0.00
|   |   |   |   |   |   |   |   |   |   |--- feature_20 <= 3.00
|   |   |   |   |   |   |   |   |   |   |   |--- truncated branch of depth 2
|   |   |   |   |   |   |   |   |   |   |--- feature_20 >  3.00
|   |   |   |   |   |   |   |   |   |   |   |--- class: negative
|   |   |   |   |--- feature_10 >  0.01
|   |   |   |   |   |--- feature_10 <= 0.01
|   |   |   |   |   |   |--- class: positive
|   |   |   |   |   |--- feature_10 >  0.01
|   |   |   |   |   |   |--- feature_1 <= 0.00
|   |   |   |   |   |   |   |--- feature_12 <= 0.01
|   |   |   |   |   |   |   |   |--- feature_11 <= 0.03
|   |   |   |   |   |   |   |   |   |--- feature_10 <= 0.01
|   |   |   |   |   |   |   |   |   |   |--- feature_1 <= 0.00
|   |   |   |   |   |   |   |   |   |   |   |--- truncated branch of depth 5
|   |   |   |   |   |   |   |   |   |   |--- feature_1 >  0.00
|   |   |   |   |   |   |   |   |   |   |   |--- class: negative
|   |   |   |   |   |   |   |   |   |--- feature_10 >  0.01
|   |   |   |   |   |   |   |   |   |   |--- class: negative
|   |   |   |   |   |   |   |   |--- feature_11 >  0.03
|   |   |   |   |   |   |   |   |   |--- feature_7 <= 0.66
|   |   |   |   |   |   |   |   |   |   |--- feature_14 <= 0.13
|   |   |   |   |   |   |   |   |   |   |   |--- truncated branch of depth 4
|   |   |   |   |   |   |   |   |   |   |--- feature_14 >  0.13
|   |   |   |   |   |   |   |   |   |   |   |--- truncated branch of depth 3
|   |   |   |   |   |   |   |   |   |--- feature_7 >  0.66
|   |   |   |   |   |   |   |   |   |   |--- class: negative
|   |   |   |   |   |   |   |--- feature_12 >  0.01
|   |   |   |   |   |   |   |   |--- feature_9 <= 0.15
|   |   |   |   |   |   |   |   |   |--- class: positive
|   |   |   |   |   |   |   |   |--- feature_9 >  0.15
|   |   |   |   |   |   |   |   |   |--- class: negative
|   |   |   |   |   |   |--- feature_1 >  0.00
|   |   |   |   |   |   |   |--- feature_8 <= 0.98
|   |   |   |   |   |   |   |   |--- feature_10 <= 0.02
|   |   |   |   |   |   |   |   |   |--- feature_20 <= 1.50
|   |   |   |   |   |   |   |   |   |   |--- feature_14 <= 0.47
|   |   |   |   |   |   |   |   |   |   |   |--- class: negative
|   |   |   |   |   |   |   |   |   |   |--- feature_14 >  0.47
|   |   |   |   |   |   |   |   |   |   |   |--- class: positive
|   |   |   |   |   |   |   |   |   |--- feature_20 >  1.50
|   |   |   |   |   |   |   |   |   |   |--- feature_10 <= 0.02
|   |   |   |   |   |   |   |   |   |   |   |--- truncated branch of depth 13
|   |   |   |   |   |   |   |   |   |   |--- feature_10 >  0.02
|   |   |   |   |   |   |   |   |   |   |   |--- class: positive
|   |   |   |   |   |   |   |   |--- feature_10 >  0.02
|   |   |   |   |   |   |   |   |   |--- feature_11 <= 0.32
|   |   |   |   |   |   |   |   |   |   |--- feature_4 <= 3.50
|   |   |   |   |   |   |   |   |   |   |   |--- truncated branch of depth 3
|   |   |   |   |   |   |   |   |   |   |--- feature_4 >  3.50
|   |   |   |   |   |   |   |   |   |   |   |--- truncated branch of depth 2
|   |   |   |   |   |   |   |   |   |--- feature_11 >  0.32
|   |   |   |   |   |   |   |   |   |   |--- class: positive
|   |   |   |   |   |   |   |--- feature_8 >  0.98
|   |   |   |   |   |   |   |   |--- feature_12 <= 0.01
|   |   |   |   |   |   |   |   |   |--- feature_0 <= 0.81
|   |   |   |   |   |   |   |   |   |   |--- feature_14 <= 0.13
|   |   |   |   |   |   |   |   |   |   |   |--- truncated branch of depth 2
|   |   |   |   |   |   |   |   |   |   |--- feature_14 >  0.13
|   |   |   |   |   |   |   |   |   |   |   |--- class: negative
|   |   |   |   |   |   |   |   |   |--- feature_0 >  0.81
|   |   |   |   |   |   |   |   |   |   |--- class: positive
|   |   |   |   |   |   |   |   |--- feature_12 >  0.01
|   |   |   |   |   |   |   |   |   |--- feature_12 <= 0.01
|   |   |   |   |   |   |   |   |   |   |--- feature_0 <= 0.67
|   |   |   |   |   |   |   |   |   |   |   |--- class: positive
|   |   |   |   |   |   |   |   |   |   |--- feature_0 >  0.67
|   |   |   |   |   |   |   |   |   |   |   |--- class: negative
|   |   |   |   |   |   |   |   |   |--- feature_12 >  0.01
|   |   |   |   |   |   |   |   |   |   |--- feature_13 <= 0.14
|   |   |   |   |   |   |   |   |   |   |   |--- truncated branch of depth 3
|   |   |   |   |   |   |   |   |   |   |--- feature_13 >  0.14
|   |   |   |   |   |   |   |   |   |   |   |--- truncated branch of depth 2
|   |   |   |--- feature_14 >  0.49
|   |   |   |   |--- class: negative
|   |   |--- feature_0 >  0.82
|   |   |   |--- feature_15 <= 0.75
|   |   |   |   |--- feature_10 <= 0.02
|   |   |   |   |   |--- class: negative
|   |   |   |   |--- feature_10 >  0.02
|   |   |   |   |   |--- class: positive
|   |   |   |--- feature_15 >  0.75
|   |   |   |   |--- feature_19 <= 3.50
|   |   |   |   |   |--- class: negative
|   |   |   |   |--- feature_19 >  3.50
|   |   |   |   |   |--- feature_11 <= 0.06
|   |   |   |   |   |   |--- feature_8 <= 0.97
|   |   |   |   |   |   |   |--- class: positive
|   |   |   |   |   |   |--- feature_8 >  0.97
|   |   |   |   |   |   |   |--- class: negative
|   |   |   |   |   |--- feature_11 >  0.06
|   |   |   |   |   |   |--- feature_7 <= 0.67
|   |   |   |   |   |   |   |--- class: positive
|   |   |   |   |   |   |--- feature_7 >  0.67
|   |   |   |   |   |   |   |--- class: negative
|   |--- feature_2 >  0.01
|   |   |--- feature_2 <= 0.07
|   |   |   |--- feature_2 <= 0.02
|   |   |   |   |--- class: positive
|   |   |   |--- feature_2 >  0.02
|   |   |   |   |--- feature_2 <= 0.02
|   |   |   |   |   |--- feature_20 <= 8.50
|   |   |   |   |   |   |--- feature_1 <= 0.01
|   |   |   |   |   |   |   |--- class: negative
|   |   |   |   |   |   |--- feature_1 >  0.01
|   |   |   |   |   |   |   |--- feature_13 <= 0.30
|   |   |   |   |   |   |   |   |--- feature_14 <= 0.29
|   |   |   |   |   |   |   |   |   |--- class: positive
|   |   |   |   |   |   |   |   |--- feature_14 >  0.29
|   |   |   |   |   |   |   |   |   |--- class: negative
|   |   |   |   |   |   |   |--- feature_13 >  0.30
|   |   |   |   |   |   |   |   |--- class: positive
|   |   |   |   |   |--- feature_20 >  8.50
|   |   |   |   |   |   |--- class: positive
|   |   |   |   |--- feature_2 >  0.02
|   |   |   |   |   |--- feature_13 <= 0.33
|   |   |   |   |   |   |--- feature_2 <= 0.03
|   |   |   |   |   |   |   |--- class: positive
|   |   |   |   |   |   |--- feature_2 >  0.03
|   |   |   |   |   |   |   |--- feature_2 <= 0.03
|   |   |   |   |   |   |   |   |--- feature_1 <= 0.09
|   |   |   |   |   |   |   |   |   |--- feature_10 <= 0.03
|   |   |   |   |   |   |   |   |   |   |--- feature_14 <= 0.48
|   |   |   |   |   |   |   |   |   |   |   |--- class: negative
|   |   |   |   |   |   |   |   |   |   |--- feature_14 >  0.48
|   |   |   |   |   |   |   |   |   |   |   |--- truncated branch of depth 2
|   |   |   |   |   |   |   |   |   |--- feature_10 >  0.03
|   |   |   |   |   |   |   |   |   |   |--- class: positive
|   |   |   |   |   |   |   |   |--- feature_1 >  0.09
|   |   |   |   |   |   |   |   |   |--- class: positive
|   |   |   |   |   |   |   |--- feature_2 >  0.03
|   |   |   |   |   |   |   |   |--- feature_2 <= 0.04
|   |   |   |   |   |   |   |   |   |--- class: positive
|   |   |   |   |   |   |   |   |--- feature_2 >  0.04
|   |   |   |   |   |   |   |   |   |--- feature_2 <= 0.04
|   |   |   |   |   |   |   |   |   |   |--- feature_1 <= 0.00
|   |   |   |   |   |   |   |   |   |   |   |--- truncated branch of depth 2
|   |   |   |   |   |   |   |   |   |   |--- feature_1 >  0.00
|   |   |   |   |   |   |   |   |   |   |   |--- class: negative
|   |   |   |   |   |   |   |   |   |--- feature_2 >  0.04
|   |   |   |   |   |   |   |   |   |   |--- feature_11 <= 0.08
|   |   |   |   |   |   |   |   |   |   |   |--- truncated branch of depth 4
|   |   |   |   |   |   |   |   |   |   |--- feature_11 >  0.08
|   |   |   |   |   |   |   |   |   |   |   |--- class: positive
|   |   |   |   |   |--- feature_13 >  0.33
|   |   |   |   |   |   |--- feature_12 <= 0.01
|   |   |   |   |   |   |   |--- feature_16 <= 0.27
|   |   |   |   |   |   |   |   |--- class: negative
|   |   |   |   |   |   |   |--- feature_16 >  0.27
|   |   |   |   |   |   |   |   |--- class: positive
|   |   |   |   |   |   |--- feature_12 >  0.01
|   |   |   |   |   |   |   |--- class: negative
|   |   |--- feature_2 >  0.07
|   |   |   |--- feature_7 <= 0.66
|   |   |   |   |--- feature_15 <= 0.56
|   |   |   |   |   |--- feature_7 <= 0.66
|   |   |   |   |   |   |--- feature_2 <= 0.24
|   |   |   |   |   |   |   |--- feature_12 <= 0.01
|   |   |   |   |   |   |   |   |--- feature_3 <= 1.50
|   |   |   |   |   |   |   |   |   |--- feature_2 <= 0.12
|   |   |   |   |   |   |   |   |   |   |--- feature_12 <= 0.00
|   |   |   |   |   |   |   |   |   |   |   |--- class: negative
|   |   |   |   |   |   |   |   |   |   |--- feature_12 >  0.00
|   |   |   |   |   |   |   |   |   |   |   |--- class: positive
|   |   |   |   |   |   |   |   |   |--- feature_2 >  0.12
|   |   |   |   |   |   |   |   |   |   |--- class: negative
|   |   |   |   |   |   |   |   |--- feature_3 >  1.50
|   |   |   |   |   |   |   |   |   |--- class: negative
|   |   |   |   |   |   |   |--- feature_12 >  0.01
|   |   |   |   |   |   |   |   |--- feature_1 <= 0.04
|   |   |   |   |   |   |   |   |   |--- feature_2 <= 0.12
|   |   |   |   |   |   |   |   |   |   |--- feature_11 <= 0.24
|   |   |   |   |   |   |   |   |   |   |   |--- class: positive
|   |   |   |   |   |   |   |   |   |   |--- feature_11 >  0.24
|   |   |   |   |   |   |   |   |   |   |   |--- class: negative
|   |   |   |   |   |   |   |   |   |--- feature_2 >  0.12
|   |   |   |   |   |   |   |   |   |   |--- feature_11 <= 0.12
|   |   |   |   |   |   |   |   |   |   |   |--- truncated branch of depth 7
|   |   |   |   |   |   |   |   |   |   |--- feature_11 >  0.12
|   |   |   |   |   |   |   |   |   |   |   |--- truncated branch of depth 5
|   |   |   |   |   |   |   |   |--- feature_1 >  0.04
|   |   |   |   |   |   |   |   |   |--- feature_0 <= 0.59
|   |   |   |   |   |   |   |   |   |   |--- class: positive
|   |   |   |   |   |   |   |   |   |--- feature_0 >  0.59
|   |   |   |   |   |   |   |   |   |   |--- feature_18 <= 18.00
|   |   |   |   |   |   |   |   |   |   |   |--- truncated branch of depth 2
|   |   |   |   |   |   |   |   |   |   |--- feature_18 >  18.00
|   |   |   |   |   |   |   |   |   |   |   |--- class: negative
|   |   |   |   |   |   |--- feature_2 >  0.24
|   |   |   |   |   |   |   |--- class: negative
|   |   |   |   |   |--- feature_7 >  0.66
|   |   |   |   |   |   |--- feature_0 <= 0.91
|   |   |   |   |   |   |   |--- class: negative
|   |   |   |   |   |   |--- feature_0 >  0.91
|   |   |   |   |   |   |   |--- class: positive
|   |   |   |   |--- feature_15 >  0.56
|   |   |   |   |   |--- feature_15 <= 0.66
|   |   |   |   |   |   |--- class: positive
|   |   |   |   |   |--- feature_15 >  0.66
|   |   |   |   |   |   |--- feature_7 <= 0.65
|   |   |   |   |   |   |   |--- feature_8 <= 0.96
|   |   |   |   |   |   |   |   |--- feature_7 <= 0.64
|   |   |   |   |   |   |   |   |   |--- class: negative
|   |   |   |   |   |   |   |   |--- feature_7 >  0.64
|   |   |   |   |   |   |   |   |   |--- feature_7 <= 0.65
|   |   |   |   |   |   |   |   |   |   |--- feature_2 <= 0.26
|   |   |   |   |   |   |   |   |   |   |   |--- truncated branch of depth 4
|   |   |   |   |   |   |   |   |   |   |--- feature_2 >  0.26
|   |   |   |   |   |   |   |   |   |   |   |--- truncated branch of depth 2
|   |   |   |   |   |   |   |   |   |--- feature_7 >  0.65
|   |   |   |   |   |   |   |   |   |   |--- feature_16 <= 0.11
|   |   |   |   |   |   |   |   |   |   |   |--- class: negative
|   |   |   |   |   |   |   |   |   |   |--- feature_16 >  0.11
|   |   |   |   |   |   |   |   |   |   |   |--- class: positive
|   |   |   |   |   |   |   |--- feature_8 >  0.96
|   |   |   |   |   |   |   |   |--- feature_0 <= 0.59
|   |   |   |   |   |   |   |   |   |--- feature_2 <= 0.08
|   |   |   |   |   |   |   |   |   |   |--- feature_7 <= 0.64
|   |   |   |   |   |   |   |   |   |   |   |--- class: negative
|   |   |   |   |   |   |   |   |   |   |--- feature_7 >  0.64
|   |   |   |   |   |   |   |   |   |   |   |--- class: positive
|   |   |   |   |   |   |   |   |   |--- feature_2 >  0.08
|   |   |   |   |   |   |   |   |   |   |--- class: negative
|   |   |   |   |   |   |   |   |--- feature_0 >  0.59
|   |   |   |   |   |   |   |   |   |--- feature_9 <= 0.20
|   |   |   |   |   |   |   |   |   |   |--- feature_9 <= 0.01
|   |   |   |   |   |   |   |   |   |   |   |--- truncated branch of depth 7
|   |   |   |   |   |   |   |   |   |   |--- feature_9 >  0.01
|   |   |   |   |   |   |   |   |   |   |   |--- class: positive
|   |   |   |   |   |   |   |   |   |--- feature_9 >  0.20
|   |   |   |   |   |   |   |   |   |   |--- class: negative
|   |   |   |   |   |   |--- feature_7 >  0.65
|   |   |   |   |   |   |   |--- feature_7 <= 0.66
|   |   |   |   |   |   |   |   |--- class: positive
|   |   |   |   |   |   |   |--- feature_7 >  0.66
|   |   |   |   |   |   |   |   |--- feature_13 <= 0.13
|   |   |   |   |   |   |   |   |   |--- feature_0 <= 0.41
|   |   |   |   |   |   |   |   |   |   |--- class: positive
|   |   |   |   |   |   |   |   |   |--- feature_0 >  0.41
|   |   |   |   |   |   |   |   |   |   |--- feature_7 <= 0.66
|   |   |   |   |   |   |   |   |   |   |   |--- truncated branch of depth 2
|   |   |   |   |   |   |   |   |   |   |--- feature_7 >  0.66
|   |   |   |   |   |   |   |   |   |   |   |--- class: negative
|   |   |   |   |   |   |   |   |--- feature_13 >  0.13
|   |   |   |   |   |   |   |   |   |--- feature_0 <= 0.79
|   |   |   |   |   |   |   |   |   |   |--- feature_8 <= 0.97
|   |   |   |   |   |   |   |   |   |   |   |--- truncated branch of depth 3
|   |   |   |   |   |   |   |   |   |   |--- feature_8 >  0.97
|   |   |   |   |   |   |   |   |   |   |   |--- class: positive
|   |   |   |   |   |   |   |   |   |--- feature_0 >  0.79
|   |   |   |   |   |   |   |   |   |   |--- feature_14 <= 0.54
|   |   |   |   |   |   |   |   |   |   |   |--- class: negative
|   |   |   |   |   |   |   |   |   |   |--- feature_14 >  0.54
|   |   |   |   |   |   |   |   |   |   |   |--- truncated branch of depth 2
|   |   |   |--- feature_7 >  0.66
|   |   |   |   |--- feature_1 <= 0.00
|   |   |   |   |   |--- class: negative
|   |   |   |   |--- feature_1 >  0.00
|   |   |   |   |   |--- feature_1 <= 0.00
|   |   |   |   |   |   |--- feature_7 <= 0.66
|   |   |   |   |   |   |   |--- class: negative
|   |   |   |   |   |   |--- feature_7 >  0.66
|   |   |   |   |   |   |   |--- class: positive
|   |   |   |   |   |--- feature_1 >  0.00
|   |   |   |   |   |   |--- feature_7 <= 0.80
|   |   |   |   |   |   |   |--- class: negative
|   |   |   |   |   |   |--- feature_7 >  0.80
|   |   |   |   |   |   |   |--- feature_14 <= 0.28
|   |   |   |   |   |   |   |   |--- class: positive
|   |   |   |   |   |   |   |--- feature_14 >  0.28
|   |   |   |   |   |   |   |   |--- class: negative
