|--- feature_2 <= 0.67
|   |--- feature_0 <= 0.56
|   |   |--- feature_23 <= 0.50
|   |   |   |--- feature_15 <= 0.01
|   |   |   |   |--- class: negative
|   |   |   |--- feature_15 >  0.01
|   |   |   |   |--- class: positive
|   |   |--- feature_23 >  0.50
|   |   |   |--- feature_19 <= 0.05
|   |   |   |   |--- feature_19 <= 0.01
|   |   |   |   |   |--- feature_1 <= 0.69
|   |   |   |   |   |   |--- class: negative
|   |   |   |   |   |--- feature_1 >  0.69
|   |   |   |   |   |   |--- feature_23 <= 7.50
|   |   |   |   |   |   |   |--- class: negative
|   |   |   |   |   |   |--- feature_23 >  7.50
|   |   |   |   |   |   |   |--- feature_2 <= 0.44
|   |   |   |   |   |   |   |   |--- class: positive
|   |   |   |   |   |   |   |--- feature_2 >  0.44
|   |   |   |   |   |   |   |   |--- class: negative
|   |   |   |   |--- feature_19 >  0.01
|   |   |   |   |   |--- class: positive
|   |   |   |--- feature_19 >  0.05
|   |   |   |   |--- feature_1 <= 0.85
|   |   |   |   |   |--- class: negative
|   |   |   |   |--- feature_1 >  0.85
|   |   |   |   |   |--- feature_14 <= 0.02
|   |   |   |   |   |   |--- feature_3 <= 0.61
|   |   |   |   |   |   |   |--- class: negative
|   |   |   |   |   |   |--- feature_3 >  0.61
|   |   |   |   |   |   |   |--- class: positive
|   |   |   |   |   |--- feature_14 >  0.02
|   |   |   |   |   |   |--- class: negative
|   |--- feature_0 >  0.56
|   |   |--- feature_2 <= 0.56
|   |   |   |--- feature_5 <= 0.01
|   |   |   |   |--- feature_0 <= 0.67
|   |   |   |   |   |--- class: positive
|   |   |   |   |--- feature_0 >  0.67
|   |   |   |   |   |--- feature_2 <= 0.55
|   |   |   |   |   |   |--- feature_2 <= 0.45
|   |   |   |   |   |   |   |--- feature_4 <= 0.01
|   |   |   |   |   |   |   |   |--- class: negative
|   |   |   |   |   |   |   |--- feature_4 >  0.01
|   |   |   |   |   |   |   |   |--- class: positive
|   |   |   |   |   |   |--- feature_2 >  0.45
|   |   |   |   |   |   |   |--- class: positive
|   |   |   |   |   |--- feature_2 >  0.55
|   |   |   |   |   |   |--- class: negative
|   |   |   |--- feature_5 >  0.01
|   |   |   |   |--- feature_3 <= 0.56
|   |   |   |   |   |--- feature_19 <= 0.04
|   |   |   |   |   |   |--- feature_14 <= 0.05
|   |   |   |   |   |   |   |--- class: negative
|   |   |   |   |   |   |--- feature_14 >  0.05
|   |   |   |   |   |   |   |--- feature_10 <= 0.78
|   |   |   |   |   |   |   |   |--- class: positive
|   |   |   |   |   |   |   |--- feature_10 >  0.78
|   |   |   |   |   |   |   |   |--- class: negative
|   |   |   |   |   |--- feature_19 >  0.04
|   |   |   |   |   |   |--- class: negative
|   |   |   |   |--- feature_3 >  0.56
|   |   |   |   |   |--- feature_23 <= 2.50
|   |   |   |   |   |   |--- feature_11 <= 0.99
|   |   |   |   |   |   |   |--- feature_18 <= 0.87
|   |   |   |   |   |   |   |   |--- feature_1 <= 0.87
|   |   |   |   |   |   |   |   |   |--- feature_15 <= 0.00
|   |   |   |   |   |   |   |   |   |   |--- class: negative
|   |   |   |   |   |   |   |   |   |--- feature_15 >  0.00
|   |   |   |   |   |   |   |   |   |   |--- feature_25 <= -0.25
|   |   |   |   |   |   |   |   |   |   |   |--- class: negative
|   |   |   |   |   |   |   |   |   |   |--- feature_25 >  -0.25
|   |   |   |   |   |   |   |   |   |   |   |--- truncated branch of depth 6
|   |   |   |   |   |   |   |   |--- feature_1 >  0.87
|   |   |   |   |   |   |   |   |   |--- class: negative
|   |   |   |   |   |   |   |--- feature_18 >  0.87
|   |   |   |   |   |   |   |   |--- feature_25 <= -0.15
|   |   |   |   |   |   |   |   |   |--- feature_7 <= 4.00
|   |   |   |   |   |   |   |   |   |   |--- class: negative
|   |   |   |   |   |   |   |   |   |--- feature_7 >  4.00
|   |   |   |   |   |   |   |   |   |   |--- feature_17 <= 1.00
|   |   |   |   |   |   |   |   |   |   |   |--- class: positive
|   |   |   |   |   |   |   |   |   |   |--- feature_17 >  1.00
|   |   |   |   |   |   |   |   |   |   |   |--- class: negative
|   |   |   |   |   |   |   |   |--- feature_25 >  -0.15
|   |   |   |   |   |   |   |   |   |--- class: negative
|   |   |   |   |   |   |--- feature_11 >  0.99
|   |   |   |   |   |   |   |--- class: negative
|   |   |   |   |   |--- feature_23 >  2.50
|   |   |   |   |   |   |--- feature_15 <= 0.11
|   |   |   |   |   |   |   |--- class: negative
|   |   |   |   |   |   |--- feature_15 >  0.11
|   |   |   |   |   |   |   |--- feature_3 <= 0.72
|   |   |   |   |   |   |   |   |--- class: negative
|   |   |   |   |   |   |   |--- feature_3 >  0.72
|   |   |   |   |   |   |   |   |--- feature_23 <= 6.00
|   |   |   |   |   |   |   |   |   |--- class: positive
|   |   |   |   |   |   |   |   |--- feature_23 >  6.00
|   |   |   |   |   |   |   |   |   |--- class: negative
|   |   |--- feature_2 >  0.56
|   |   |   |--- class: positive
|--- feature_2 >  0.67
|   |--- feature_26 <= -0.00
|   |   |--- feature_24 <= -0.17
|   |   |   |--- feature_23 <= 6.00
|   |   |   |   |--- class: negative
|   |   |   |--- feature_23 >  6.00
|   |   |   |   |--- feature_6 <= 2.50
|   |   |   |   |   |--- feature_22 <= 1.03
|   |   |   |   |   |   |--- feature_5 <= 0.02
|   |   |   |   |   |   |   |--- feature_4 <= 0.00
|   |   |   |   |   |   |   |   |--- class: negative
|   |   |   |   |   |   |   |--- feature_4 >  0.00
|   |   |   |   |   |   |   |   |--- class: positive
|   |   |   |   |   |   |--- feature_5 >  0.02
|   |   |   |   |   |   |   |--- class: negative
|   |   |   |   |   |--- feature_22 >  1.03
|   |   |   |   |   |   |--- feature_25 <= -0.18
|   |   |   |   |   |   |   |--- class: negative
|   |   |   |   |   |   |--- feature_25 >  -0.18
|   |   |   |   |   |   |   |--- class: positive
|   |   |   |   |--- feature_6 >  2.50
|   |   |   |   |   |--- class: negative
|   |   |--- feature_24 >  -0.17
|   |   |   |--- feature_0 <= 0.67
|   |   |   |   |--- feature_10 <= 1.00
|   |   |   |   |   |--- class: negative
|   |   |   |   |--- feature_10 >  1.00
|   |   |   |   |   |--- feature_16 <= 0.12
|   |   |   |   |   |   |--- class: negative
|   |   |   |   |   |--- feature_16 >  0.12
|   |   |   |   |   |   |--- class: positive
|   |   |   |--- feature_0 >  0.67
|   |   |   |   |--- feature_12 <= 0.00
|   |   |   |   |   |--- feature_0 <= 0.78
|   |   |   |   |   |   |--- class: positive
|   |   |   |   |   |--- feature_0 >  0.78
|   |   |   |   |   |   |--- feature_6 <= 1.50
|   |   |   |   |   |   |   |--- feature_4 <= 0.00
|   |   |   |   |   |   |   |   |--- class: positive
|   |   |   |   |   |   |   |--- feature_4 >  0.00
|   |   |   |   |   |   |   |   |--- class: negative
|   |   |   |   |   |   |--- feature_6 >  1.50
|   |   |   |   |   |   |   |--- class: negative
|   |   |   |   |--- feature_12 >  0.00
|   |   |   |   |   |--- feature_2 <= 0.89
|   |   |   |   |   |   |--- feature_12 <= 0.29
|   |   |   |   |   |   |   |--- feature_25 <= -0.33
|   |   |   |   |   |   |   |   |--- class: negative
|   |   |   |   |   |   |   |--- feature_25 >  -0.33
|   |   |   |   |   |   |   |   |--- feature_16 <= 0.16
|   |   |   |   |   |   |   |   |   |--- feature_17 <= 0.58
|   |   |   |   |   |   |   |   |   |   |--- class: negative
|   |   |   |   |   |   |   |   |   |--- feature_17 >  0.58
|   |   |   |   |   |   |   |   |   |   |--- feature_6 <= 5.50
|   |   |   |   |   |   |   |   |   |   |   |--- truncated branch of depth 6
|   |   |   |   |   |   |   |   |   |   |--- feature_6 >  5.50
|   |   |   |   |   |   |   |   |   |   |   |--- class: negative
|   |   |   |   |   |   |   |   |--- feature_16 >  0.16
|   |   |   |   |   |   |   |   |   |--- class: negative
|   |   |   |   |   |   |--- feature_12 >  0.29
|   |   |   |   |   |   |   |--- feature_3 <= 0.78
|   |   |   |   |   |   |   |   |--- class: negative
|   |   |   |   |   |   |   |--- feature_3 >  0.78
|   |   |   |   |   |   |   |   |--- feature_22 <= 2.22
|   |   |   |   |   |   |   |   |   |--- class: negative
|   |   |   |   |   |   |   |   |--- feature_22 >  2.22
|   |   |   |   |   |   |   |   |   |--- class: positive
|   |   |   |   |   |--- feature_2 >  0.89
|   |   |   |   |   |   |--- feature_11 <= 0.95
|   |   |   |   |   |   |   |--- feature_11 <= 0.02
|   |   |   |   |   |   |   |   |--- feature_26 <= -0.33
|   |   |   |   |   |   |   |   |   |--- feature_18 <= 0.69
|   |   |   |   |   |   |   |   |   |   |--- class: positive
|   |   |   |   |   |   |   |   |   |--- feature_18 >  0.69
|   |   |   |   |   |   |   |   |   |   |--- class: negative
|   |   |   |   |   |   |   |   |--- feature_26 >  -0.33
|   |   |   |   |   |   |   |   |   |--- class: negative
|   |   |   |   |   |   |   |--- feature_11 >  0.02
|   |   |   |   |   |   |   |   |--- class: positive
|   |   |   |   |   |   |--- feature_11 >  0.95
|   |   |   |   |   |   |   |--- feature_26 <= -0.02
|   |   |   |   |   |   |   |   |--- class: negative
|   |   |   |   |   |   |   |--- feature_26 >  -0.02
|   |   |   |   |   |   |   |   |--- class: positive
|   |--- feature_26 >  -0.00
|   |   |--- feature_19 <= 0.05
|   |   |   |--- feature_19 <= 0.00
|   |   |   |   |--- feature_4 <= 0.03
|   |   |   |   |   |--- class: negative
|   |   |   |   |--- feature_4 >  0.03
|   |   |   |   |   |--- feature_5 <= 0.10
|   |   |   |   |   |   |--- class: negative
|   |   |   |   |   |--- feature_5 >  0.10
|   |   |   |   |   |   |--- class: positive
|   |   |   |--- feature_19 >  0.00
|   |   |   |   |--- class: positive
|   |   |--- feature_19 >  0.05
|   |   |   |--- feature_0 <= 0.83
|   |   |   |   |--- class: negative
|   |   |   |--- feature_0 >  0.83
|   |   |   |   |--- feature_15 <= 0.02
|   |   |   |   |   |--- class: negative
|   |   |   |   |--- feature_15 >  0.02
|   |   |   |   |   |--- feature_12 <= 0.58
|   |   |   |   |   |   |--- feature_2 <= 0.72
|   |   |   |   |   |   |   |--- feature_14 <= 0.06
|   |   |   |   |   |   |   |   |--- class: positive
|   |   |   |   |   |   |   |--- feature_14 >  0.06
|   |   |   |   |   |   |   |   |--- class: negative
|   |   |   |   |   |   |--- feature_2 >  0.72
|   |   |   |   |   |   |   |--- class: negative
|   |   |   |   |   |--- feature_12 >  0.58
|   |   |   |   |   |   |--- class: positive
