|--- feature_2 <= 0.67
|   |--- feature_0 <= 0.56
|   |   |--- feature_23 <= 0.50
|   |   |   |--- feature_2 <= 0.44
|   |   |   |   |--- class: positive
|   |   |   |--- feature_2 >  0.44
|   |   |   |   |--- class: negative
|   |   |--- feature_23 >  0.50
|   |   |   |--- feature_19 <= 0.05
|   |   |   |   |--- feature_19 <= 0.01
|   |   |   |   |   |--- feature_1 <= 0.69
|   |   |   |   |   |   |--- class: negative
|   |   |   |   |   |--- feature_1 >  0.69
|   |   |   |   |   |   |--- feature_23 <= 7.50
|   |   |   |   |   |   |   |--- class: negative
|   |   |   |   |   |   |--- feature_23 >  7.50
|   |   |   |   |   |   |   |--- feature_2 <= 0.44
|   |   |   |   |   |   |   |   |--- class: positive
|   |   |   |   |   |   |   |--- feature_2 >  0.44
|   |   |   |   |   |   |   |   |--- class: negative
|   |   |   |   |--- feature_19 >  0.01
|   |   |   |   |   |--- class: positive
|   |   |   |--- feature_19 >  0.05
|   |   |   |   |--- feature_1 <= 0.85
|   |   |   |   |   |--- class: negative
|   |   |   |   |--- feature_1 >  0.85
|   |   |   |   |   |--- feature_14 <= 0.02
|   |   |   |   |   |   |--- feature_26 <= -0.50
|   |   |   |   |   |   |   |--- class: negative
|   |   |   |   |   |   |--- feature_26 >  -0.50
|   |   |   |   |   |   |   |--- class: positive
|   |   |   |   |   |--- feature_14 >  0.02
|   |   |   |   |   |   |--- class: negative
|   |--- feature_0 >  0.56
|   |   |--- feature_3 <= 0.56
|   |   |   |--- feature_0 <= 0.67
|   |   |   |   |--- class: positive
|   |   |   |--- feature_0 >  0.67
|   |   |   |   |--- feature_1 <= 0.72
|   |   |   |   |   |--- class: negative
|   |   |   |   |--- feature_1 >  0.72
|   |   |   |   |   |--- feature_17 <= 0.60
|   |   |   |   |   |   |--- feature_22 <= 7.00
|   |   |   |   |   |   |   |--- class: positive
|   |   |   |   |   |   |--- feature_22 >  7.00
|   |   |   |   |   |   |   |--- class: negative
|   |   |   |   |   |--- feature_17 >  0.60
|   |   |   |   |   |   |--- class: negative
|   |   |--- feature_3 >  0.56
|   |   |   |--- feature_11 <= 0.99
|   |   |   |   |--- feature_24 <= -0.33
|   |   |   |   |   |--- class: negative
|   |   |   |   |--- feature_24 >  -0.33
|   |   |   |   |   |--- feature_1 <= 0.32
|   |   |   |   |   |   |--- feature_5 <= 0.12
|   |   |   |   |   |   |   |--- class: negative
|   |   |   |   |   |   |--- feature_5 >  0.12
|   |   |   |   |   |   |   |--- feature_0 <= 0.78
|   |   |   |   |   |   |   |   |--- class: negative
|   |   |   |   |   |   |   |--- feature_0 >  0.78
|   |   |   |   |   |   |   |   |--- class: positive
|   |   |   |   |   |--- feature_1 >  0.32
|   |   |   |   |   |   |--- feature_15 <= 0.00
|   |   |   |   |   |   |   |--- class: negative
|   |   |   |   |   |   |--- feature_15 >  0.00
|   |   |   |   |   |   |   |--- feature_23 <= 8.50
|   |   |   |   |   |   |   |   |--- feature_7 <= 5.50
|   |   |   |   |   |   |   |   |   |--- feature_6 <= 4.50
|   |   |   |   |   |   |   |   |   |   |--- feature_25 <= -0.33
|   |   |   |   |   |   |   |   |   |   |   |--- class: negative
|   |   |   |   |   |   |   |   |   |   |--- feature_25 >  -0.33
|   |   |   |   |   |   |   |   |   |   |   |--- truncated branch of depth 16
|   |   |   |   |   |   |   |   |   |--- feature_6 >  4.50
|   |   |   |   |   |   |   |   |   |   |--- class: negative
|   |   |   |   |   |   |   |   |--- feature_7 >  5.50
|   |   |   |   |   |   |   |   |   |--- class: negative
|   |   |   |   |   |   |   |--- feature_23 >  8.50
|   |   |   |   |   |   |   |   |--- feature_4 <= 0.00
|   |   |   |   |   |   |   |   |   |--- feature_15 <= 0.01
|   |   |   |   |   |   |   |   |   |   |--- class: negative
|   |   |   |   |   |   |   |   |   |--- feature_15 >  0.01
|   |   |   |   |   |   |   |   |   |   |--- class: positive
|   |   |   |   |   |   |   |   |--- feature_4 >  0.00
|   |   |   |   |   |   |   |   |   |--- class: negative
|   |   |   |--- feature_11 >  0.99
|   |   |   |   |--- class: negative
|--- feature_2 >  0.67
|   |--- feature_26 <= -0.00
|   |   |--- feature_24 <= -0.17
|   |   |   |--- feature_26 <= -0.12
|   |   |   |   |--- feature_23 <= 6.00
|   |   |   |   |   |--- class: negative
|   |   |   |   |--- feature_23 >  6.00
|   |   |   |   |   |--- feature_23 <= 8.50
|   |   |   |   |   |   |--- feature_22 <= 1.03
|   |   |   |   |   |   |   |--- feature_12 <= 0.02
|   |   |   |   |   |   |   |   |--- feature_11 <= 0.97
|   |   |   |   |   |   |   |   |   |--- class: negative
|   |   |   |   |   |   |   |   |--- feature_11 >  0.97
|   |   |   |   |   |   |   |   |   |--- feature_14 <= 0.02
|   |   |   |   |   |   |   |   |   |   |--- class: positive
|   |   |   |   |   |   |   |   |   |--- feature_14 >  0.02
|   |   |   |   |   |   |   |   |   |   |--- class: negative
|   |   |   |   |   |   |   |--- feature_12 >  0.02
|   |   |   |   |   |   |   |   |--- class: negative
|   |   |   |   |   |   |--- feature_22 >  1.03
|   |   |   |   |   |   |   |--- feature_25 <= -0.18
|   |   |   |   |   |   |   |   |--- class: negative
|   |   |   |   |   |   |   |--- feature_25 >  -0.18
|   |   |   |   |   |   |   |   |--- class: positive
|   |   |   |   |   |--- feature_23 >  8.50
|   |   |   |   |   |   |--- class: negative
|   |   |   |--- feature_26 >  -0.12
|   |   |   |   |--- feature_14 <= 0.11
|   |   |   |   |   |--- class: negative
|   |   |   |   |--- feature_14 >  0.11
|   |   |   |   |   |--- class: positive
|   |   |--- feature_24 >  -0.17
|   |   |   |--- feature_0 <= 0.67
|   |   |   |   |--- feature_10 <= 1.00
|   |   |   |   |   |--- class: negative
|   |   |   |   |--- feature_10 >  1.00
|   |   |   |   |   |--- feature_16 <= 0.12
|   |   |   |   |   |   |--- class: negative
|   |   |   |   |   |--- feature_16 >  0.12
|   |   |   |   |   |   |--- class: positive
|   |   |   |--- feature_0 >  0.67
|   |   |   |   |--- feature_12 <= 0.00
|   |   |   |   |   |--- feature_0 <= 0.78
|   |   |   |   |   |   |--- class: positive
|   |   |   |   |   |--- feature_0 >  0.78
|   |   |   |   |   |   |--- feature_6 <= 1.50
|   |   |   |   |   |   |   |--- feature_4 <= 0.00
|   |   |   |   |   |   |   |   |--- class: positive
|   |   |   |   |   |   |   |--- feature_4 >  0.00
|   |   |   |   |   |   |   |   |--- class: negative
|   |   |   |   |   |   |--- feature_6 >  1.50
|   |   |   |   |   |   |   |--- class: negative
|   |   |   |   |--- feature_12 >  0.00
|   |   |   |   |   |--- feature_2 <= 0.89
|   |   |   |   |   |   |--- feature_11 <= 0.99
|   |   |   |   |   |   |   |--- feature_1 <= 0.53
|   |   |   |   |   |   |   |   |--- class: negative
|   |   |   |   |   |   |   |--- feature_1 >  0.53
|   |   |   |   |   |   |   |   |--- feature_23 <= 1.50
|   |   |   |   |   |   |   |   |   |--- class: negative
|   |   |   |   |   |   |   |   |--- feature_23 >  1.50
|   |   |   |   |   |   |   |   |   |--- feature_25 <= -0.33
|   |   |   |   |   |   |   |   |   |   |--- class: negative
|   |   |   |   |   |   |   |   |   |--- feature_25 >  -0.33
|   |   |   |   |   |   |   |   |   |   |--- feature_19 <= 0.00
|   |   |   |   |   |   |   |   |   |   |   |--- class: negative
|   |   |   |   |   |   |   |   |   |   |--- feature_19 >  0.00
|   |   |   |   |   |   |   |   |   |   |   |--- truncated branch of depth 13
|   |   |   |   |   |   |--- feature_11 >  0.99
|   |   |   |   |   |   |   |--- class: negative
|   |   |   |   |   |--- feature_2 >  0.89
|   |   |   |   |   |   |--- feature_11 <= 0.95
|   |   |   |   |   |   |   |--- feature_6 <= 4.50
|   |   |   |   |   |   |   |   |--- class: positive
|   |   |   |   |   |   |   |--- feature_6 >  4.50
|   |   |   |   |   |   |   |   |--- feature_4 <= 0.00
|   |   |   |   |   |   |   |   |   |--- feature_3 <= 0.78
|   |   |   |   |   |   |   |   |   |   |--- class: positive
|   |   |   |   |   |   |   |   |   |--- feature_3 >  0.78
|   |   |   |   |   |   |   |   |   |   |--- class: negative
|   |   |   |   |   |   |   |   |--- feature_4 >  0.00
|   |   |   |   |   |   |   |   |   |--- class: negative
|   |   |   |   |   |   |--- feature_11 >  0.95
|   |   |   |   |   |   |   |--- feature_26 <= -0.02
|   |   |   |   |   |   |   |   |--- class: negative
|   |   |   |   |   |   |   |--- feature_26 >  -0.02
|   |   |   |   |   |   |   |   |--- class: positive
|   |--- feature_26 >  -0.00
|   |   |--- feature_19 <= 0.05
|   |   |   |--- feature_19 <= 0.00
|   |   |   |   |--- feature_4 <= 0.03
|   |   |   |   |   |--- class: negative
|   |   |   |   |--- feature_4 >  0.03
|   |   |   |   |   |--- feature_5 <= 0.10
|   |   |   |   |   |   |--- class: negative
|   |   |   |   |   |--- feature_5 >  0.10
|   |   |   |   |   |   |--- class: positive
|   |   |   |--- feature_19 >  0.00
|   |   |   |   |--- class: positive
|   |   |--- feature_19 >  0.05
|   |   |   |--- feature_12 <= 0.60
|   |   |   |   |--- feature_5 <= 0.25
|   |   |   |   |   |--- class: negative
|   |   |   |   |--- feature_5 >  0.25
|   |   |   |   |   |--- feature_5 <= 0.26
|   |   |   |   |   |   |--- feature_10 <= 0.96
|   |   |   |   |   |   |   |--- class: positive
|   |   |   |   |   |   |--- feature_10 >  0.96
|   |   |   |   |   |   |   |--- class: negative
|   |   |   |   |   |--- feature_5 >  0.26
|   |   |   |   |   |   |--- class: negative
|   |   |   |--- feature_12 >  0.60
|   |   |   |   |--- feature_23 <= 7.50
|   |   |   |   |   |--- class: negative
|   |   |   |   |--- feature_23 >  7.50
|   |   |   |   |   |--- class: positive
