|--- feature_0 <= 0.78
|   |--- feature_3 <= 0.56
|   |   |--- feature_0 <= 0.67
|   |   |   |--- feature_0 <= 0.56
|   |   |   |   |--- feature_3 <= 0.44
|   |   |   |   |   |--- feature_0 <= 0.55
|   |   |   |   |   |   |--- feature_2 <= 0.44
|   |   |   |   |   |   |   |--- feature_0 <= 0.45
|   |   |   |   |   |   |   |   |--- feature_3 <= 0.44
|   |   |   |   |   |   |   |   |   |--- feature_3 <= 0.33
|   |   |   |   |   |   |   |   |   |   |--- feature_4 <= 0.00
|   |   |   |   |   |   |   |   |   |   |   |--- truncated branch of depth 6
|   |   |   |   |   |   |   |   |   |   |--- feature_4 >  0.00
|   |   |   |   |   |   |   |   |   |   |   |--- truncated branch of depth 5
|   |   |   |   |   |   |   |   |   |--- feature_3 >  0.33
|   |   |   |   |   |   |   |   |   |   |--- class: 0
|   |   |   |   |   |   |   |   |--- feature_3 >  0.44
|   |   |   |   |   |   |   |   |   |--- feature_1 <= 0.74
|   |   |   |   |   |   |   |   |   |   |--- feature_4 <= 0.00
|   |   |   |   |   |   |   |   |   |   |   |--- truncated branch of depth 5
|   |   |   |   |   |   |   |   |   |   |--- feature_4 >  0.00
|   |   |   |   |   |   |   |   |   |   |   |--- class: 1
|   |   |   |   |   |   |   |   |   |--- feature_1 >  0.74
|   |   |   |   |   |   |   |   |   |   |--- class: 0
|   |   |   |   |   |   |   |--- feature_0 >  0.45
|   |   |   |   |   |   |   |   |--- class: 0
|   |   |   |   |   |   |--- feature_2 >  0.44
|   |   |   |   |   |   |   |--- feature_2 <= 0.56
|   |   |   |   |   |   |   |   |--- class: 0
|   |   |   |   |   |   |   |--- feature_2 >  0.56
|   |   |   |   |   |   |   |   |--- feature_1 <= 0.42
|   |   |   |   |   |   |   |   |   |--- feature_2 <= 0.71
|   |   |   |   |   |   |   |   |   |   |--- class: 1
|   |   |   |   |   |   |   |   |   |--- feature_2 >  0.71
|   |   |   |   |   |   |   |   |   |   |--- class: 0
|   |   |   |   |   |   |   |   |--- feature_1 >  0.42
|   |   |   |   |   |   |   |   |   |--- feature_4 <= 0.00
|   |   |   |   |   |   |   |   |   |   |--- feature_2 <= 0.66
|   |   |   |   |   |   |   |   |   |   |   |--- truncated branch of depth 5
|   |   |   |   |   |   |   |   |   |   |--- feature_2 >  0.66
|   |   |   |   |   |   |   |   |   |   |   |--- class: 1
|   |   |   |   |   |   |   |   |   |--- feature_4 >  0.00
|   |   |   |   |   |   |   |   |   |   |--- class: 1
|   |   |   |   |   |--- feature_0 >  0.55
|   |   |   |   |   |   |--- feature_3 <= 0.39
|   |   |   |   |   |   |   |--- class: 1
|   |   |   |   |   |   |--- feature_3 >  0.39
|   |   |   |   |   |   |   |--- feature_5 <= 3.50
|   |   |   |   |   |   |   |   |--- feature_1 <= 0.80
|   |   |   |   |   |   |   |   |   |--- feature_1 <= 0.27
|   |   |   |   |   |   |   |   |   |   |--- feature_6 <= 1.00
|   |   |   |   |   |   |   |   |   |   |   |--- class: 1
|   |   |   |   |   |   |   |   |   |   |--- feature_6 >  1.00
|   |   |   |   |   |   |   |   |   |   |   |--- class: 0
|   |   |   |   |   |   |   |   |   |--- feature_1 >  0.27
|   |   |   |   |   |   |   |   |   |   |--- class: 1
|   |   |   |   |   |   |   |   |--- feature_1 >  0.80
|   |   |   |   |   |   |   |   |   |--- class: 0
|   |   |   |   |   |   |   |--- feature_5 >  3.50
|   |   |   |   |   |   |   |   |--- feature_1 <= 0.60
|   |   |   |   |   |   |   |   |   |--- feature_4 <= 0.00
|   |   |   |   |   |   |   |   |   |   |--- class: 1
|   |   |   |   |   |   |   |   |   |--- feature_4 >  0.00
|   |   |   |   |   |   |   |   |   |   |--- feature_4 <= 0.00
|   |   |   |   |   |   |   |   |   |   |   |--- class: 0
|   |   |   |   |   |   |   |   |   |   |--- feature_4 >  0.00
|   |   |   |   |   |   |   |   |   |   |   |--- class: 1
|   |   |   |   |   |   |   |   |--- feature_1 >  0.60
|   |   |   |   |   |   |   |   |   |--- feature_6 <= 5.50
|   |   |   |   |   |   |   |   |   |   |--- feature_4 <= 0.00
|   |   |   |   |   |   |   |   |   |   |   |--- truncated branch of depth 5
|   |   |   |   |   |   |   |   |   |   |--- feature_4 >  0.00
|   |   |   |   |   |   |   |   |   |   |   |--- class: 1
|   |   |   |   |   |   |   |   |   |--- feature_6 >  5.50
|   |   |   |   |   |   |   |   |   |   |--- class: 0
|   |   |   |   |--- feature_3 >  0.44
|   |   |   |   |   |--- feature_3 <= 0.56
|   |   |   |   |   |   |--- class: 0
|   |   |   |   |   |--- feature_3 >  0.56
|   |   |   |   |   |   |--- feature_1 <= 0.68
|   |   |   |   |   |   |   |--- feature_0 <= 0.44
|   |   |   |   |   |   |   |   |--- feature_0 <= 0.33
|   |   |   |   |   |   |   |   |   |--- feature_4 <= 0.01
|   |   |   |   |   |   |   |   |   |   |--- class: 1
|   |   |   |   |   |   |   |   |   |--- feature_4 >  0.01
|   |   |   |   |   |   |   |   |   |   |--- feature_4 <= 0.03
|   |   |   |   |   |   |   |   |   |   |   |--- class: 0
|   |   |   |   |   |   |   |   |   |   |--- feature_4 >  0.03
|   |   |   |   |   |   |   |   |   |   |   |--- class: 1
|   |   |   |   |   |   |   |   |--- feature_0 >  0.33
|   |   |   |   |   |   |   |   |   |--- class: 0
|   |   |   |   |   |   |   |--- feature_0 >  0.44
|   |   |   |   |   |   |   |   |--- feature_2 <= 0.45
|   |   |   |   |   |   |   |   |   |--- feature_2 <= 0.41
|   |   |   |   |   |   |   |   |   |   |--- feature_1 <= 0.48
|   |   |   |   |   |   |   |   |   |   |   |--- class: 1
|   |   |   |   |   |   |   |   |   |   |--- feature_1 >  0.48
|   |   |   |   |   |   |   |   |   |   |   |--- truncated branch of depth 2
|   |   |   |   |   |   |   |   |   |--- feature_2 >  0.41
|   |   |   |   |   |   |   |   |   |   |--- class: 1
|   |   |   |   |   |   |   |   |--- feature_2 >  0.45
|   |   |   |   |   |   |   |   |   |--- feature_2 <= 0.53
|   |   |   |   |   |   |   |   |   |   |--- class: 0
|   |   |   |   |   |   |   |   |   |--- feature_2 >  0.53
|   |   |   |   |   |   |   |   |   |   |--- feature_4 <= 0.05
|   |   |   |   |   |   |   |   |   |   |   |--- truncated branch of depth 15
|   |   |   |   |   |   |   |   |   |   |--- feature_4 >  0.05
|   |   |   |   |   |   |   |   |   |   |   |--- truncated branch of depth 2
|   |   |   |   |   |   |--- feature_1 >  0.68
|   |   |   |   |   |   |   |--- feature_4 <= 0.00
|   |   |   |   |   |   |   |   |--- feature_1 <= 0.71
|   |   |   |   |   |   |   |   |   |--- feature_2 <= 0.65
|   |   |   |   |   |   |   |   |   |   |--- feature_2 <= 0.56
|   |   |   |   |   |   |   |   |   |   |   |--- truncated branch of depth 4
|   |   |   |   |   |   |   |   |   |   |--- feature_2 >  0.56
|   |   |   |   |   |   |   |   |   |   |   |--- class: 0
|   |   |   |   |   |   |   |   |   |--- feature_2 >  0.65
|   |   |   |   |   |   |   |   |   |   |--- class: 1
|   |   |   |   |   |   |   |   |--- feature_1 >  0.71
|   |   |   |   |   |   |   |   |   |--- class: 1
|   |   |   |   |   |   |   |--- feature_4 >  0.00
|   |   |   |   |   |   |   |   |--- feature_6 <= 2.00
|   |   |   |   |   |   |   |   |   |--- class: 1
|   |   |   |   |   |   |   |   |--- feature_6 >  2.00
|   |   |   |   |   |   |   |   |   |--- feature_4 <= 0.01
|   |   |   |   |   |   |   |   |   |   |--- feature_6 <= 4.50
|   |   |   |   |   |   |   |   |   |   |   |--- class: 0
|   |   |   |   |   |   |   |   |   |   |--- feature_6 >  4.50
|   |   |   |   |   |   |   |   |   |   |   |--- truncated branch of depth 4
|   |   |   |   |   |   |   |   |   |--- feature_4 >  0.01
|   |   |   |   |   |   |   |   |   |   |--- class: 0
|   |   |   |--- feature_0 >  0.56
|   |   |   |   |--- class: 0
|   |   |--- feature_0 >  0.67
|   |   |   |--- feature_0 <= 0.67
|   |   |   |   |--- feature_2 <= 0.56
|   |   |   |   |   |--- feature_4 <= 0.00
|   |   |   |   |   |   |--- class: 1
|   |   |   |   |   |--- feature_4 >  0.00
|   |   |   |   |   |   |--- feature_4 <= 0.00
|   |   |   |   |   |   |   |--- class: 0
|   |   |   |   |   |   |--- feature_4 >  0.00
|   |   |   |   |   |   |   |--- feature_5 <= 6.00
|   |   |   |   |   |   |   |   |--- class: 1
|   |   |   |   |   |   |   |--- feature_5 >  6.00
|   |   |   |   |   |   |   |   |--- feature_1 <= 0.55
|   |   |   |   |   |   |   |   |   |--- feature_1 <= 0.50
|   |   |   |   |   |   |   |   |   |   |--- class: 1
|   |   |   |   |   |   |   |   |   |--- feature_1 >  0.50
|   |   |   |   |   |   |   |   |   |   |--- feature_2 <= 0.50
|   |   |   |   |   |   |   |   |   |   |   |--- class: 1
|   |   |   |   |   |   |   |   |   |   |--- feature_2 >  0.50
|   |   |   |   |   |   |   |   |   |   |   |--- class: 0
|   |   |   |   |   |   |   |   |--- feature_1 >  0.55
|   |   |   |   |   |   |   |   |   |--- class: 1
|   |   |   |   |--- feature_2 >  0.56
|   |   |   |   |   |--- feature_2 <= 0.66
|   |   |   |   |   |   |--- class: 0
|   |   |   |   |   |--- feature_2 >  0.66
|   |   |   |   |   |   |--- feature_5 <= 3.50
|   |   |   |   |   |   |   |--- feature_1 <= 0.46
|   |   |   |   |   |   |   |   |--- class: 1
|   |   |   |   |   |   |   |--- feature_1 >  0.46
|   |   |   |   |   |   |   |   |--- feature_3 <= 0.54
|   |   |   |   |   |   |   |   |   |--- feature_4 <= 0.00
|   |   |   |   |   |   |   |   |   |   |--- feature_1 <= 0.76
|   |   |   |   |   |   |   |   |   |   |   |--- class: 0
|   |   |   |   |   |   |   |   |   |   |--- feature_1 >  0.76
|   |   |   |   |   |   |   |   |   |   |   |--- class: 1
|   |   |   |   |   |   |   |   |   |--- feature_4 >  0.00
|   |   |   |   |   |   |   |   |   |   |--- feature_4 <= 0.00
|   |   |   |   |   |   |   |   |   |   |   |--- class: 1
|   |   |   |   |   |   |   |   |   |   |--- feature_4 >  0.00
|   |   |   |   |   |   |   |   |   |   |   |--- class: 0
|   |   |   |   |   |   |   |   |--- feature_3 >  0.54
|   |   |   |   |   |   |   |   |   |--- feature_4 <= 0.07
|   |   |   |   |   |   |   |   |   |   |--- feature_1 <= 0.79
|   |   |   |   |   |   |   |   |   |   |   |--- truncated branch of depth 4
|   |   |   |   |   |   |   |   |   |   |--- feature_1 >  0.79
|   |   |   |   |   |   |   |   |   |   |   |--- truncated branch of depth 2
|   |   |   |   |   |   |   |   |   |--- feature_4 >  0.07
|   |   |   |   |   |   |   |   |   |   |--- class: 0
|   |   |   |   |   |   |--- feature_5 >  3.50
|   |   |   |   |   |   |   |--- feature_4 <= 0.00
|   |   |   |   |   |   |   |   |--- class: 1
|   |   |   |   |   |   |   |--- feature_4 >  0.00
|   |   |   |   |   |   |   |   |--- feature_4 <= 0.01
|   |   |   |   |   |   |   |   |   |--- class: 0
|   |   |   |   |   |   |   |   |--- feature_4 >  0.01
|   |   |   |   |   |   |   |   |   |--- feature_4 <= 0.23
|   |   |   |   |   |   |   |   |   |   |--- class: 1
|   |   |   |   |   |   |   |   |   |--- feature_4 >  0.23
|   |   |   |   |   |   |   |   |   |   |--- feature_1 <= 0.65
|   |   |   |   |   |   |   |   |   |   |   |--- class: 1
|   |   |   |   |   |   |   |   |   |   |--- feature_1 >  0.65
|   |   |   |   |   |   |   |   |   |   |   |--- class: 0
|   |   |   |--- feature_0 >  0.67
|   |   |   |   |--- class: 0
|   |--- feature_3 >  0.56
|   |   |--- feature_0 <= 0.67
|   |   |   |--- feature_3 <= 0.67
|   |   |   |   |--- class: 0
|   |   |   |--- feature_3 >  0.67
|   |   |   |   |--- feature_1 <= 0.64
|   |   |   |   |   |--- feature_3 <= 0.67
|   |   |   |   |   |   |--- feature_0 <= 0.66
|   |   |   |   |   |   |   |--- feature_0 <= 0.56
|   |   |   |   |   |   |   |   |--- feature_1 <= 0.59
|   |   |   |   |   |   |   |   |   |--- feature_4 <= 0.00
|   |   |   |   |   |   |   |   |   |   |--- feature_1 <= 0.35
|   |   |   |   |   |   |   |   |   |   |   |--- class: 0
|   |   |   |   |   |   |   |   |   |   |--- feature_1 >  0.35
|   |   |   |   |   |   |   |   |   |   |   |--- class: 1
|   |   |   |   |   |   |   |   |   |--- feature_4 >  0.00
|   |   |   |   |   |   |   |   |   |   |--- feature_4 <= 0.01
|   |   |   |   |   |   |   |   |   |   |   |--- class: 1
|   |   |   |   |   |   |   |   |   |   |--- feature_4 >  0.01
|   |   |   |   |   |   |   |   |   |   |   |--- truncated branch of depth 2
|   |   |   |   |   |   |   |   |--- feature_1 >  0.59
|   |   |   |   |   |   |   |   |   |--- feature_4 <= 0.03
|   |   |   |   |   |   |   |   |   |   |--- feature_4 <= 0.01
|   |   |   |   |   |   |   |   |   |   |   |--- truncated branch of depth 4
|   |   |   |   |   |   |   |   |   |   |--- feature_4 >  0.01
|   |   |   |   |   |   |   |   |   |   |   |--- truncated branch of depth 4
|   |   |   |   |   |   |   |   |   |--- feature_4 >  0.03
|   |   |   |   |   |   |   |   |   |   |--- class: 1
|   |   |   |   |   |   |   |--- feature_0 >  0.56
|   |   |   |   |   |   |   |   |--- class: 0
|   |   |   |   |   |   |--- feature_0 >  0.66
|   |   |   |   |   |   |   |--- feature_6 <= 2.50
|   |   |   |   |   |   |   |   |--- feature_1 <= 0.58
|   |   |   |   |   |   |   |   |   |--- feature_4 <= 0.02
|   |   |   |   |   |   |   |   |   |   |--- feature_5 <= 6.00
|   |   |   |   |   |   |   |   |   |   |   |--- class: 1
|   |   |   |   |   |   |   |   |   |   |--- feature_5 >  6.00
|   |   |   |   |   |   |   |   |   |   |   |--- truncated branch of depth 3
|   |   |   |   |   |   |   |   |   |--- feature_4 >  0.02
|   |   |   |   |   |   |   |   |   |   |--- feature_4 <= 0.02
|   |   |   |   |   |   |   |   |   |   |   |--- class: 0
|   |   |   |   |   |   |   |   |   |   |--- feature_4 >  0.02
|   |   |   |   |   |   |   |   |   |   |   |--- class: 1
|   |   |   |   |   |   |   |   |--- feature_1 >  0.58
|   |   |   |   |   |   |   |   |   |--- feature_4 <= 0.00
|   |   |   |   |   |   |   |   |   |   |--- class: 1
|   |   |   |   |   |   |   |   |   |--- feature_4 >  0.00
|   |   |   |   |   |   |   |   |   |   |--- feature_6 <= 1.00
|   |   |   |   |   |   |   |   |   |   |   |--- truncated branch of depth 2
|   |   |   |   |   |   |   |   |   |   |--- feature_6 >  1.00
|   |   |   |   |   |   |   |   |   |   |   |--- class: 0
|   |   |   |   |   |   |   |--- feature_6 >  2.50
|   |   |   |   |   |   |   |   |--- class: 1
|   |   |   |   |   |--- feature_3 >  0.67
|   |   |   |   |   |   |--- feature_3 <= 0.78
|   |   |   |   |   |   |   |--- class: 0
|   |   |   |   |   |   |--- feature_3 >  0.78
|   |   |   |   |   |   |   |--- feature_4 <= 0.01
|   |   |   |   |   |   |   |   |--- feature_4 <= 0.00
|   |   |   |   |   |   |   |   |   |--- feature_3 <= 0.78
|   |   |   |   |   |   |   |   |   |   |--- feature_1 <= 0.51
|   |   |   |   |   |   |   |   |   |   |   |--- class: 1
|   |   |   |   |   |   |   |   |   |   |--- feature_1 >  0.51
|   |   |   |   |   |   |   |   |   |   |   |--- truncated branch of depth 2
|   |   |   |   |   |   |   |   |   |--- feature_3 >  0.78
|   |   |   |   |   |   |   |   |   |   |--- class: 0
|   |   |   |   |   |   |   |   |--- feature_4 >  0.00
|   |   |   |   |   |   |   |   |   |--- feature_2 <= 0.72
|   |   |   |   |   |   |   |   |   |   |--- class: 1
|   |   |   |   |   |   |   |   |   |--- feature_2 >  0.72
|   |   |   |   |   |   |   |   |   |   |--- feature_4 <= 0.00
|   |   |   |   |   |   |   |   |   |   |   |--- class: 1
|   |   |   |   |   |   |   |   |   |   |--- feature_4 >  0.00
|   |   |   |   |   |   |   |   |   |   |   |--- truncated branch of depth 3
|   |   |   |   |   |   |   |--- feature_4 >  0.01
|   |   |   |   |   |   |   |   |--- feature_1 <= 0.62
|   |   |   |   |   |   |   |   |   |--- feature_0 <= 0.58
|   |   |   |   |   |   |   |   |   |   |--- class: 1
|   |   |   |   |   |   |   |   |   |--- feature_0 >  0.58
|   |   |   |   |   |   |   |   |   |   |--- feature_1 <= 0.50
|   |   |   |   |   |   |   |   |   |   |   |--- truncated branch of depth 5
|   |   |   |   |   |   |   |   |   |   |--- feature_1 >  0.50
|   |   |   |   |   |   |   |   |   |   |   |--- truncated branch of depth 2
|   |   |   |   |   |   |   |   |--- feature_1 >  0.62
|   |   |   |   |   |   |   |   |   |--- feature_4 <= 0.06
|   |   |   |   |   |   |   |   |   |   |--- class: 1
|   |   |   |   |   |   |   |   |   |--- feature_4 >  0.06
|   |   |   |   |   |   |   |   |   |   |--- feature_5 <= 3.50
|   |   |   |   |   |   |   |   |   |   |   |--- class: 0
|   |   |   |   |   |   |   |   |   |   |--- feature_5 >  3.50
|   |   |   |   |   |   |   |   |   |   |   |--- truncated branch of depth 2
|   |   |   |   |--- feature_1 >  0.64
|   |   |   |   |   |--- feature_0 <= 0.67
|   |   |   |   |   |   |--- feature_0 <= 0.56
|   |   |   |   |   |   |   |--- feature_2 <= 0.56
|   |   |   |   |   |   |   |   |--- feature_2 <= 0.45
|   |   |   |   |   |   |   |   |   |--- class: 1
|   |   |   |   |   |   |   |   |--- feature_2 >  0.45
|   |   |   |   |   |   |   |   |   |--- feature_0 <= 0.55
|   |   |   |   |   |   |   |   |   |   |--- feature_6 <= 5.50
|   |   |   |   |   |   |   |   |   |   |   |--- truncated branch of depth 4
|   |   |   |   |   |   |   |   |   |   |--- feature_6 >  5.50
|   |   |   |   |   |   |   |   |   |   |   |--- class: 1
|   |   |   |   |   |   |   |   |   |--- feature_0 >  0.55
|   |   |   |   |   |   |   |   |   |   |--- feature_4 <= 0.00
|   |   |   |   |   |   |   |   |   |   |   |--- truncated branch of depth 3
|   |   |   |   |   |   |   |   |   |   |--- feature_4 >  0.00
|   |   |   |   |   |   |   |   |   |   |   |--- truncated branch of depth 5
|   |   |   |   |   |   |   |--- feature_2 >  0.56
|   |   |   |   |   |   |   |   |--- feature_2 <= 0.89
|   |   |   |   |   |   |   |   |   |--- feature_6 <= 4.50
|   |   |   |   |   |   |   |   |   |   |--- feature_2 <= 0.66
|   |   |   |   |   |   |   |   |   |   |   |--- class: 0
|   |   |   |   |   |   |   |   |   |   |--- feature_2 >  0.66
|   |   |   |   |   |   |   |   |   |   |   |--- truncated branch of depth 5
|   |   |   |   |   |   |   |   |   |--- feature_6 >  4.50
|   |   |   |   |   |   |   |   |   |   |--- feature_1 <= 0.82
|   |   |   |   |   |   |   |   |   |   |   |--- truncated branch of depth 15
|   |   |   |   |   |   |   |   |   |   |--- feature_1 >  0.82
|   |   |   |   |   |   |   |   |   |   |   |--- class: 1
|   |   |   |   |   |   |   |   |--- feature_2 >  0.89
|   |   |   |   |   |   |   |   |   |--- feature_6 <= 5.50
|   |   |   |   |   |   |   |   |   |   |--- feature_5 <= 6.00
|   |   |   |   |   |   |   |   |   |   |   |--- class: 1
|   |   |   |   |   |   |   |   |   |   |--- feature_5 >  6.00
|   |   |   |   |   |   |   |   |   |   |   |--- class: 0
|   |   |   |   |   |   |   |   |   |--- feature_6 >  5.50
|   |   |   |   |   |   |   |   |   |   |--- class: 0
|   |   |   |   |   |   |--- feature_0 >  0.56
|   |   |   |   |   |   |   |--- class: 0
|   |   |   |   |   |--- feature_0 >  0.67
|   |   |   |   |   |   |--- feature_5 <= 6.50
|   |   |   |   |   |   |   |--- feature_2 <= 0.67
|   |   |   |   |   |   |   |   |--- feature_1 <= 0.77
|   |   |   |   |   |   |   |   |   |--- feature_3 <= 0.67
|   |   |   |   |   |   |   |   |   |   |--- feature_4 <= 0.00
|   |   |   |   |   |   |   |   |   |   |   |--- truncated branch of depth 3
|   |   |   |   |   |   |   |   |   |   |--- feature_4 >  0.00
|   |   |   |   |   |   |   |   |   |   |   |--- truncated branch of depth 9
|   |   |   |   |   |   |   |   |   |--- feature_3 >  0.67
|   |   |   |   |   |   |   |   |   |   |--- feature_3 <= 0.78
|   |   |   |   |   |   |   |   |   |   |   |--- class: 0
|   |   |   |   |   |   |   |   |   |   |--- feature_3 >  0.78
|   |   |   |   |   |   |   |   |   |   |   |--- truncated branch of depth 11
|   |   |   |   |   |   |   |   |--- feature_1 >  0.77
|   |   |   |   |   |   |   |   |   |--- feature_1 <= 0.80
|   |   |   |   |   |   |   |   |   |   |--- feature_4 <= 0.03
|   |   |   |   |   |   |   |   |   |   |   |--- truncated branch of depth 8
|   |   |   |   |   |   |   |   |   |   |--- feature_4 >  0.03
|   |   |   |   |   |   |   |   |   |   |   |--- class: 1
|   |   |   |   |   |   |   |   |   |--- feature_1 >  0.80
|   |   |   |   |   |   |   |   |   |   |--- class: 1
|   |   |   |   |   |   |   |--- feature_2 >  0.67
|   |   |   |   |   |   |   |   |--- feature_2 <= 0.78
|   |   |   |   |   |   |   |   |   |--- class: 0
|   |   |   |   |   |   |   |   |--- feature_2 >  0.78
|   |   |   |   |   |   |   |   |   |--- feature_1 <= 0.80
|   |   |   |   |   |   |   |   |   |   |--- feature_4 <= 0.00
|   |   |   |   |   |   |   |   |   |   |   |--- truncated branch of depth 11
|   |   |   |   |   |   |   |   |   |   |--- feature_4 >  0.00
|   |   |   |   |   |   |   |   |   |   |   |--- truncated branch of depth 15
|   |   |   |   |   |   |   |   |   |--- feature_1 >  0.80
|   |   |   |   |   |   |   |   |   |   |--- feature_4 <= 0.01
|   |   |   |   |   |   |   |   |   |   |   |--- truncated branch of depth 9
|   |   |   |   |   |   |   |   |   |   |--- feature_4 >  0.01
|   |   |   |   |   |   |   |   |   |   |   |--- truncated branch of depth 11
|   |   |   |   |   |   |--- feature_5 >  6.50
|   |   |   |   |   |   |   |--- feature_3 <= 0.67
|   |   |   |   |   |   |   |   |--- feature_2 <= 0.67
|   |   |   |   |   |   |   |   |   |--- feature_1 <= 0.66
|   |   |   |   |   |   |   |   |   |   |--- feature_4 <= 0.00
|   |   |   |   |   |   |   |   |   |   |   |--- class: 1
|   |   |   |   |   |   |   |   |   |   |--- feature_4 >  0.00
|   |   |   |   |   |   |   |   |   |   |   |--- truncated branch of depth 2
|   |   |   |   |   |   |   |   |   |--- feature_1 >  0.66
|   |   |   |   |   |   |   |   |   |   |--- class: 1
|   |   |   |   |   |   |   |   |--- feature_2 >  0.67
|   |   |   |   |   |   |   |   |   |--- feature_1 <= 0.69
|   |   |   |   |   |   |   |   |   |   |--- class: 0
|   |   |   |   |   |   |   |   |   |--- feature_1 >  0.69
|   |   |   |   |   |   |   |   |   |   |--- class: 1
|   |   |   |   |   |   |   |--- feature_3 >  0.67
|   |   |   |   |   |   |   |   |--- feature_4 <= 0.00
|   |   |   |   |   |   |   |   |   |--- feature_2 <= 0.77
|   |   |   |   |   |   |   |   |   |   |--- feature_1 <= 0.77
|   |   |   |   |   |   |   |   |   |   |   |--- truncated branch of depth 5
|   |   |   |   |   |   |   |   |   |   |--- feature_1 >  0.77
|   |   |   |   |   |   |   |   |   |   |   |--- truncated branch of depth 4
|   |   |   |   |   |   |   |   |   |--- feature_2 >  0.77
|   |   |   |   |   |   |   |   |   |   |--- feature_3 <= 0.74
|   |   |   |   |   |   |   |   |   |   |   |--- class: 0
|   |   |   |   |   |   |   |   |   |   |--- feature_3 >  0.74
|   |   |   |   |   |   |   |   |   |   |   |--- truncated branch of depth 7
|   |   |   |   |   |   |   |   |--- feature_4 >  0.00
|   |   |   |   |   |   |   |   |   |--- class: 0
|   |   |--- feature_0 >  0.67
|   |   |   |--- class: 0
|--- feature_0 >  0.78
|   |--- feature_0 <= 0.89
|   |   |--- feature_0 <= 0.78
|   |   |   |--- feature_1 <= 0.83
|   |   |   |   |--- feature_6 <= 4.50
|   |   |   |   |   |--- feature_2 <= 0.78
|   |   |   |   |   |   |--- feature_2 <= 0.77
|   |   |   |   |   |   |   |--- feature_2 <= 0.67
|   |   |   |   |   |   |   |   |--- feature_5 <= 6.00
|   |   |   |   |   |   |   |   |   |--- feature_1 <= 0.33
|   |   |   |   |   |   |   |   |   |   |--- feature_4 <= 0.00
|   |   |   |   |   |   |   |   |   |   |   |--- class: 1
|   |   |   |   |   |   |   |   |   |   |--- feature_4 >  0.00
|   |   |   |   |   |   |   |   |   |   |   |--- class: 0
|   |   |   |   |   |   |   |   |   |--- feature_1 >  0.33
|   |   |   |   |   |   |   |   |   |   |--- feature_3 <= 0.50
|   |   |   |   |   |   |   |   |   |   |   |--- truncated branch of depth 2
|   |   |   |   |   |   |   |   |   |   |--- feature_3 >  0.50
|   |   |   |   |   |   |   |   |   |   |   |--- truncated branch of depth 4
|   |   |   |   |   |   |   |   |--- feature_5 >  6.00
|   |   |   |   |   |   |   |   |   |--- feature_4 <= 0.00
|   |   |   |   |   |   |   |   |   |   |--- feature_3 <= 0.61
|   |   |   |   |   |   |   |   |   |   |   |--- class: 1
|   |   |   |   |   |   |   |   |   |   |--- feature_3 >  0.61
|   |   |   |   |   |   |   |   |   |   |   |--- truncated branch of depth 2
|   |   |   |   |   |   |   |   |   |--- feature_4 >  0.00
|   |   |   |   |   |   |   |   |   |   |--- feature_1 <= 0.48
|   |   |   |   |   |   |   |   |   |   |   |--- class: 0
|   |   |   |   |   |   |   |   |   |   |--- feature_1 >  0.48
|   |   |   |   |   |   |   |   |   |   |   |--- class: 1
|   |   |   |   |   |   |   |--- feature_2 >  0.67
|   |   |   |   |   |   |   |   |--- class: 0
|   |   |   |   |   |   |--- feature_2 >  0.77
|   |   |   |   |   |   |   |--- feature_4 <= 0.00
|   |   |   |   |   |   |   |   |--- feature_1 <= 0.26
|   |   |   |   |   |   |   |   |   |--- feature_3 <= 0.72
|   |   |   |   |   |   |   |   |   |   |--- class: 1
|   |   |   |   |   |   |   |   |   |--- feature_3 >  0.72
|   |   |   |   |   |   |   |   |   |   |--- feature_4 <= 0.00
|   |   |   |   |   |   |   |   |   |   |   |--- class: 0
|   |   |   |   |   |   |   |   |   |   |--- feature_4 >  0.00
|   |   |   |   |   |   |   |   |   |   |   |--- class: 1
|   |   |   |   |   |   |   |   |--- feature_1 >  0.26
|   |   |   |   |   |   |   |   |   |--- feature_4 <= 0.00
|   |   |   |   |   |   |   |   |   |   |--- feature_4 <= 0.00
|   |   |   |   |   |   |   |   |   |   |   |--- class: 1
|   |   |   |   |   |   |   |   |   |   |--- feature_4 >  0.00
|   |   |   |   |   |   |   |   |   |   |   |--- truncated branch of depth 2
|   |   |   |   |   |   |   |   |   |--- feature_4 >  0.00
|   |   |   |   |   |   |   |   |   |   |--- class: 1
|   |   |   |   |   |   |   |--- feature_4 >  0.00
|   |   |   |   |   |   |   |   |--- feature_4 <= 0.00
|   |   |   |   |   |   |   |   |   |--- feature_5 <= 4.50
|   |   |   |   |   |   |   |   |   |   |--- feature_5 <= 3.50
|   |   |   |   |   |   |   |   |   |   |   |--- class: 1
|   |   |   |   |   |   |   |   |   |   |--- feature_5 >  3.50
|   |   |   |   |   |   |   |   |   |   |   |--- truncated branch of depth 5
|   |   |   |   |   |   |   |   |   |--- feature_5 >  4.50
|   |   |   |   |   |   |   |   |   |   |--- feature_4 <= 0.00
|   |   |   |   |   |   |   |   |   |   |   |--- truncated branch of depth 2
|   |   |   |   |   |   |   |   |   |   |--- feature_4 >  0.00
|   |   |   |   |   |   |   |   |   |   |   |--- class: 1
|   |   |   |   |   |   |   |   |--- feature_4 >  0.00
|   |   |   |   |   |   |   |   |   |--- feature_5 <= 6.00
|   |   |   |   |   |   |   |   |   |   |--- class: 1
|   |   |   |   |   |   |   |   |   |--- feature_5 >  6.00
|   |   |   |   |   |   |   |   |   |   |--- feature_1 <= 0.58
|   |   |   |   |   |   |   |   |   |   |   |--- truncated branch of depth 2
|   |   |   |   |   |   |   |   |   |   |--- feature_1 >  0.58
|   |   |   |   |   |   |   |   |   |   |   |--- class: 1
|   |   |   |   |   |--- feature_2 >  0.78
|   |   |   |   |   |   |--- feature_2 <= 0.89
|   |   |   |   |   |   |   |--- class: 0
|   |   |   |   |   |   |--- feature_2 >  0.89
|   |   |   |   |   |   |   |--- feature_6 <= 2.50
|   |   |   |   |   |   |   |   |--- class: 1
|   |   |   |   |   |   |   |--- feature_6 >  2.50
|   |   |   |   |   |   |   |   |--- feature_6 <= 3.50
|   |   |   |   |   |   |   |   |   |--- feature_3 <= 0.83
|   |   |   |   |   |   |   |   |   |   |--- class: 0
|   |   |   |   |   |   |   |   |   |--- feature_3 >  0.83
|   |   |   |   |   |   |   |   |   |   |--- class: 1
|   |   |   |   |   |   |   |   |--- feature_6 >  3.50
|   |   |   |   |   |   |   |   |   |--- feature_1 <= 0.66
|   |   |   |   |   |   |   |   |   |   |--- feature_1 <= 0.64
|   |   |   |   |   |   |   |   |   |   |   |--- class: 1
|   |   |   |   |   |   |   |   |   |   |--- feature_1 >  0.64
|   |   |   |   |   |   |   |   |   |   |   |--- truncated branch of depth 2
|   |   |   |   |   |   |   |   |   |--- feature_1 >  0.66
|   |   |   |   |   |   |   |   |   |   |--- class: 1
|   |   |   |   |--- feature_6 >  4.50
|   |   |   |   |   |--- feature_4 <= 0.04
|   |   |   |   |   |   |--- feature_3 <= 0.78
|   |   |   |   |   |   |   |--- feature_3 <= 0.67
|   |   |   |   |   |   |   |   |--- feature_3 <= 0.66
|   |   |   |   |   |   |   |   |   |--- feature_5 <= 6.00
|   |   |   |   |   |   |   |   |   |   |--- feature_3 <= 0.56
|   |   |   |   |   |   |   |   |   |   |   |--- truncated branch of depth 3
|   |   |   |   |   |   |   |   |   |   |--- feature_3 >  0.56
|   |   |   |   |   |   |   |   |   |   |   |--- class: 0
|   |   |   |   |   |   |   |   |   |--- feature_5 >  6.00
|   |   |   |   |   |   |   |   |   |   |--- feature_2 <= 0.67
|   |   |   |   |   |   |   |   |   |   |   |--- class: 1
|   |   |   |   |   |   |   |   |   |   |--- feature_2 >  0.67
|   |   |   |   |   |   |   |   |   |   |   |--- class: 0
|   |   |   |   |   |   |   |   |--- feature_3 >  0.66
|   |   |   |   |   |   |   |   |   |--- feature_4 <= 0.01
|   |   |   |   |   |   |   |   |   |   |--- feature_1 <= 0.73
|   |   |   |   |   |   |   |   |   |   |   |--- truncated branch of depth 8
|   |   |   |   |   |   |   |   |   |   |--- feature_1 >  0.73
|   |   |   |   |   |   |   |   |   |   |   |--- class: 1
|   |   |   |   |   |   |   |   |   |--- feature_4 >  0.01
|   |   |   |   |   |   |   |   |   |   |--- feature_1 <= 0.70
|   |   |   |   |   |   |   |   |   |   |   |--- class: 1
|   |   |   |   |   |   |   |   |   |   |--- feature_1 >  0.70
|   |   |   |   |   |   |   |   |   |   |   |--- truncated branch of depth 8
|   |   |   |   |   |   |   |--- feature_3 >  0.67
|   |   |   |   |   |   |   |   |--- class: 0
|   |   |   |   |   |   |--- feature_3 >  0.78
|   |   |   |   |   |   |   |--- feature_5 <= 4.50
|   |   |   |   |   |   |   |   |--- feature_1 <= 0.71
|   |   |   |   |   |   |   |   |   |--- feature_1 <= 0.63
|   |   |   |   |   |   |   |   |   |   |--- feature_4 <= 0.01
|   |   |   |   |   |   |   |   |   |   |   |--- truncated branch of depth 5
|   |   |   |   |   |   |   |   |   |   |--- feature_4 >  0.01
|   |   |   |   |   |   |   |   |   |   |   |--- class: 1
|   |   |   |   |   |   |   |   |   |--- feature_1 >  0.63
|   |   |   |   |   |   |   |   |   |   |--- feature_4 <= 0.01
|   |   |   |   |   |   |   |   |   |   |   |--- truncated branch of depth 3
|   |   |   |   |   |   |   |   |   |   |--- feature_4 >  0.01
|   |   |   |   |   |   |   |   |   |   |   |--- truncated branch of depth 12
|   |   |   |   |   |   |   |   |--- feature_1 >  0.71
|   |   |   |   |   |   |   |   |   |--- feature_6 <= 7.50
|   |   |   |   |   |   |   |   |   |   |--- feature_2 <= 0.61
|   |   |   |   |   |   |   |   |   |   |   |--- truncated branch of depth 2
|   |   |   |   |   |   |   |   |   |   |--- feature_2 >  0.61
|   |   |   |   |   |   |   |   |   |   |   |--- truncated branch of depth 3
|   |   |   |   |   |   |   |   |   |--- feature_6 >  7.50
|   |   |   |   |   |   |   |   |   |   |--- class: 0
|   |   |   |   |   |   |   |--- feature_5 >  4.50
|   |   |   |   |   |   |   |   |--- feature_4 <= 0.00
|   |   |   |   |   |   |   |   |   |--- feature_1 <= 0.81
|   |   |   |   |   |   |   |   |   |   |--- feature_1 <= 0.79
|   |   |   |   |   |   |   |   |   |   |   |--- class: 1
|   |   |   |   |   |   |   |   |   |   |--- feature_1 >  0.79
|   |   |   |   |   |   |   |   |   |   |   |--- truncated branch of depth 4
|   |   |   |   |   |   |   |   |   |--- feature_1 >  0.81
|   |   |   |   |   |   |   |   |   |   |--- feature_2 <= 0.87
|   |   |   |   |   |   |   |   |   |   |   |--- truncated branch of depth 3
|   |   |   |   |   |   |   |   |   |   |--- feature_2 >  0.87
|   |   |   |   |   |   |   |   |   |   |   |--- class: 1
|   |   |   |   |   |   |   |   |--- feature_4 >  0.00
|   |   |   |   |   |   |   |   |   |--- feature_1 <= 0.72
|   |   |   |   |   |   |   |   |   |   |--- feature_3 <= 0.83
|   |   |   |   |   |   |   |   |   |   |   |--- truncated branch of depth 5
|   |   |   |   |   |   |   |   |   |   |--- feature_3 >  0.83
|   |   |   |   |   |   |   |   |   |   |   |--- truncated branch of depth 2
|   |   |   |   |   |   |   |   |   |--- feature_1 >  0.72
|   |   |   |   |   |   |   |   |   |   |--- feature_4 <= 0.01
|   |   |   |   |   |   |   |   |   |   |   |--- truncated branch of depth 15
|   |   |   |   |   |   |   |   |   |   |--- feature_4 >  0.01
|   |   |   |   |   |   |   |   |   |   |   |--- truncated branch of depth 8
|   |   |   |   |   |--- feature_4 >  0.04
|   |   |   |   |   |   |--- feature_5 <= 4.50
|   |   |   |   |   |   |   |--- feature_1 <= 0.57
|   |   |   |   |   |   |   |   |--- feature_1 <= 0.55
|   |   |   |   |   |   |   |   |   |--- class: 1
|   |   |   |   |   |   |   |   |--- feature_1 >  0.55
|   |   |   |   |   |   |   |   |   |--- feature_4 <= 0.07
|   |   |   |   |   |   |   |   |   |   |--- class: 0
|   |   |   |   |   |   |   |   |   |--- feature_4 >  0.07
|   |   |   |   |   |   |   |   |   |   |--- class: 1
|   |   |   |   |   |   |   |--- feature_1 >  0.57
|   |   |   |   |   |   |   |   |--- feature_4 <= 0.04
|   |   |   |   |   |   |   |   |   |--- feature_6 <= 5.50
|   |   |   |   |   |   |   |   |   |   |--- class: 1
|   |   |   |   |   |   |   |   |   |--- feature_6 >  5.50
|   |   |   |   |   |   |   |   |   |   |--- feature_3 <= 0.78
|   |   |   |   |   |   |   |   |   |   |   |--- class: 0
|   |   |   |   |   |   |   |   |   |   |--- feature_3 >  0.78
|   |   |   |   |   |   |   |   |   |   |   |--- class: 1
|   |   |   |   |   |   |   |   |--- feature_4 >  0.04
|   |   |   |   |   |   |   |   |   |--- class: 1
|   |   |   |   |   |   |--- feature_5 >  4.50
|   |   |   |   |   |   |   |--- feature_4 <= 0.18
|   |   |   |   |   |   |   |   |--- feature_6 <= 5.50
|   |   |   |   |   |   |   |   |   |--- feature_1 <= 0.82
|   |   |   |   |   |   |   |   |   |   |--- feature_4 <= 0.06
|   |   |   |   |   |   |   |   |   |   |   |--- truncated branch of depth 7
|   |   |   |   |   |   |   |   |   |   |--- feature_4 >  0.06
|   |   |   |   |   |   |   |   |   |   |   |--- truncated branch of depth 7
|   |   |   |   |   |   |   |   |   |--- feature_1 >  0.82
|   |   |   |   |   |   |   |   |   |   |--- class: 0
|   |   |   |   |   |   |   |   |--- feature_6 >  5.50
|   |   |   |   |   |   |   |   |   |--- feature_1 <= 0.73
|   |   |   |   |   |   |   |   |   |   |--- class: 1
|   |   |   |   |   |   |   |   |   |--- feature_1 >  0.73
|   |   |   |   |   |   |   |   |   |   |--- feature_1 <= 0.75
|   |   |   |   |   |   |   |   |   |   |   |--- truncated branch of depth 4
|   |   |   |   |   |   |   |   |   |   |--- feature_1 >  0.75
|   |   |   |   |   |   |   |   |   |   |   |--- class: 1
|   |   |   |   |   |   |   |--- feature_4 >  0.18
|   |   |   |   |   |   |   |   |--- class: 1
|   |   |   |--- feature_1 >  0.83
|   |   |   |   |--- feature_2 <= 0.78
|   |   |   |   |   |--- feature_4 <= 0.09
|   |   |   |   |   |   |--- feature_3 <= 0.94
|   |   |   |   |   |   |   |--- feature_5 <= 2.50
|   |   |   |   |   |   |   |   |--- feature_4 <= 0.01
|   |   |   |   |   |   |   |   |   |--- class: 1
|   |   |   |   |   |   |   |   |--- feature_4 >  0.01
|   |   |   |   |   |   |   |   |   |--- feature_4 <= 0.01
|   |   |   |   |   |   |   |   |   |   |--- class: 0
|   |   |   |   |   |   |   |   |   |--- feature_4 >  0.01
|   |   |   |   |   |   |   |   |   |   |--- class: 1
|   |   |   |   |   |   |   |--- feature_5 >  2.50
|   |   |   |   |   |   |   |   |--- class: 1
|   |   |   |   |   |   |--- feature_3 >  0.94
|   |   |   |   |   |   |   |--- feature_1 <= 0.92
|   |   |   |   |   |   |   |   |--- class: 0
|   |   |   |   |   |   |   |--- feature_1 >  0.92
|   |   |   |   |   |   |   |   |--- class: 1
|   |   |   |   |   |--- feature_4 >  0.09
|   |   |   |   |   |   |--- feature_1 <= 0.88
|   |   |   |   |   |   |   |--- feature_1 <= 0.86
|   |   |   |   |   |   |   |   |--- feature_1 <= 0.84
|   |   |   |   |   |   |   |   |   |--- feature_1 <= 0.84
|   |   |   |   |   |   |   |   |   |   |--- class: 1
|   |   |   |   |   |   |   |   |   |--- feature_1 >  0.84
|   |   |   |   |   |   |   |   |   |   |--- class: 0
|   |   |   |   |   |   |   |   |--- feature_1 >  0.84
|   |   |   |   |   |   |   |   |   |--- class: 1
|   |   |   |   |   |   |   |--- feature_1 >  0.86
|   |   |   |   |   |   |   |   |--- feature_1 <= 0.88
|   |   |   |   |   |   |   |   |   |--- feature_1 <= 0.87
|   |   |   |   |   |   |   |   |   |   |--- feature_4 <= 0.10
|   |   |   |   |   |   |   |   |   |   |   |--- class: 0
|   |   |   |   |   |   |   |   |   |   |--- feature_4 >  0.10
|   |   |   |   |   |   |   |   |   |   |   |--- class: 1
|   |   |   |   |   |   |   |   |   |--- feature_1 >  0.87
|   |   |   |   |   |   |   |   |   |   |--- class: 0
|   |   |   |   |   |   |   |   |--- feature_1 >  0.88
|   |   |   |   |   |   |   |   |   |--- feature_4 <= 0.33
|   |   |   |   |   |   |   |   |   |   |--- class: 1
|   |   |   |   |   |   |   |   |   |--- feature_4 >  0.33
|   |   |   |   |   |   |   |   |   |   |--- class: 0
|   |   |   |   |   |   |--- feature_1 >  0.88
|   |   |   |   |   |   |   |--- class: 1
|   |   |   |   |--- feature_2 >  0.78
|   |   |   |   |   |--- feature_2 <= 0.89
|   |   |   |   |   |   |--- class: 0
|   |   |   |   |   |--- feature_2 >  0.89
|   |   |   |   |   |   |--- feature_3 <= 0.78
|   |   |   |   |   |   |   |--- class: 0
|   |   |   |   |   |   |--- feature_3 >  0.78
|   |   |   |   |   |   |   |--- feature_1 <= 0.97
|   |   |   |   |   |   |   |   |--- feature_1 <= 0.85
|   |   |   |   |   |   |   |   |   |--- feature_4 <= 0.01
|   |   |   |   |   |   |   |   |   |   |--- feature_4 <= 0.01
|   |   |   |   |   |   |   |   |   |   |   |--- class: 1
|   |   |   |   |   |   |   |   |   |   |--- feature_4 >  0.01
|   |   |   |   |   |   |   |   |   |   |   |--- truncated branch of depth 3
|   |   |   |   |   |   |   |   |   |--- feature_4 >  0.01
|   |   |   |   |   |   |   |   |   |   |--- class: 1
|   |   |   |   |   |   |   |   |--- feature_1 >  0.85
|   |   |   |   |   |   |   |   |   |--- class: 1
|   |   |   |   |   |   |   |--- feature_1 >  0.97
|   |   |   |   |   |   |   |   |--- feature_1 <= 0.97
|   |   |   |   |   |   |   |   |   |--- feature_3 <= 0.78
|   |   |   |   |   |   |   |   |   |   |--- class: 1
|   |   |   |   |   |   |   |   |   |--- feature_3 >  0.78
|   |   |   |   |   |   |   |   |   |   |--- feature_3 <= 0.89
|   |   |   |   |   |   |   |   |   |   |   |--- class: 0
|   |   |   |   |   |   |   |   |   |   |--- feature_3 >  0.89
|   |   |   |   |   |   |   |   |   |   |   |--- truncated branch of depth 4
|   |   |   |   |   |   |   |   |--- feature_1 >  0.97
|   |   |   |   |   |   |   |   |   |--- feature_4 <= 0.00
|   |   |   |   |   |   |   |   |   |   |--- feature_4 <= 0.00
|   |   |   |   |   |   |   |   |   |   |   |--- class: 1
|   |   |   |   |   |   |   |   |   |   |--- feature_4 >  0.00
|   |   |   |   |   |   |   |   |   |   |   |--- class: 0
|   |   |   |   |   |   |   |   |   |--- feature_4 >  0.00
|   |   |   |   |   |   |   |   |   |   |--- class: 1
|   |   |--- feature_0 >  0.78
|   |   |   |--- class: 0
|   |--- feature_0 >  0.89
|   |   |--- feature_1 <= 0.92
|   |   |   |--- feature_4 <= 0.00
|   |   |   |   |--- feature_4 <= 0.00
|   |   |   |   |   |--- class: 1
|   |   |   |   |--- feature_4 >  0.00
|   |   |   |   |   |--- feature_2 <= 0.89
|   |   |   |   |   |   |--- feature_6 <= 3.00
|   |   |   |   |   |   |   |--- feature_1 <= 0.82
|   |   |   |   |   |   |   |   |--- feature_2 <= 0.72
|   |   |   |   |   |   |   |   |   |--- feature_1 <= 0.67
|   |   |   |   |   |   |   |   |   |   |--- class: 1
|   |   |   |   |   |   |   |   |   |--- feature_1 >  0.67
|   |   |   |   |   |   |   |   |   |   |--- feature_4 <= 0.00
|   |   |   |   |   |   |   |   |   |   |   |--- class: 0
|   |   |   |   |   |   |   |   |   |   |--- feature_4 >  0.00
|   |   |   |   |   |   |   |   |   |   |   |--- class: 1
|   |   |   |   |   |   |   |   |--- feature_2 >  0.72
|   |   |   |   |   |   |   |   |   |--- class: 1
|   |   |   |   |   |   |   |--- feature_1 >  0.82
|   |   |   |   |   |   |   |   |--- class: 0
|   |   |   |   |   |   |--- feature_6 >  3.00
|   |   |   |   |   |   |   |--- feature_4 <= 0.00
|   |   |   |   |   |   |   |   |--- feature_6 <= 7.00
|   |   |   |   |   |   |   |   |   |--- class: 1
|   |   |   |   |   |   |   |   |--- feature_6 >  7.00
|   |   |   |   |   |   |   |   |   |--- class: 0
|   |   |   |   |   |   |   |--- feature_4 >  0.00
|   |   |   |   |   |   |   |   |--- feature_4 <= 0.00
|   |   |   |   |   |   |   |   |   |--- class: 1
|   |   |   |   |   |   |   |   |--- feature_4 >  0.00
|   |   |   |   |   |   |   |   |   |--- feature_4 <= 0.00
|   |   |   |   |   |   |   |   |   |   |--- class: 0
|   |   |   |   |   |   |   |   |   |--- feature_4 >  0.00
|   |   |   |   |   |   |   |   |   |   |--- class: 1
|   |   |   |   |   |--- feature_2 >  0.89
|   |   |   |   |   |   |--- feature_2 <= 0.96
|   |   |   |   |   |   |   |--- class: 0
|   |   |   |   |   |   |--- feature_2 >  0.96
|   |   |   |   |   |   |   |--- feature_4 <= 0.00
|   |   |   |   |   |   |   |   |--- class: 1
|   |   |   |   |   |   |   |--- feature_4 >  0.00
|   |   |   |   |   |   |   |   |--- class: 0
|   |   |   |--- feature_4 >  0.00
|   |   |   |   |--- feature_1 <= 0.71
|   |   |   |   |   |--- class: 1
|   |   |   |   |--- feature_1 >  0.71
|   |   |   |   |   |--- feature_5 <= 6.00
|   |   |   |   |   |   |--- feature_2 <= 0.83
|   |   |   |   |   |   |   |--- class: 1
|   |   |   |   |   |   |--- feature_2 >  0.83
|   |   |   |   |   |   |   |--- feature_5 <= 4.50
|   |   |   |   |   |   |   |   |--- feature_1 <= 0.87
|   |   |   |   |   |   |   |   |   |--- class: 1
|   |   |   |   |   |   |   |   |--- feature_1 >  0.87
|   |   |   |   |   |   |   |   |   |--- feature_1 <= 0.89
|   |   |   |   |   |   |   |   |   |   |--- feature_1 <= 0.88
|   |   |   |   |   |   |   |   |   |   |   |--- truncated branch of depth 3
|   |   |   |   |   |   |   |   |   |   |--- feature_1 >  0.88
|   |   |   |   |   |   |   |   |   |   |   |--- class: 0
|   |   |   |   |   |   |   |   |   |--- feature_1 >  0.89
|   |   |   |   |   |   |   |   |   |   |--- class: 1
|   |   |   |   |   |   |   |--- feature_5 >  4.50
|   |   |   |   |   |   |   |   |--- feature_0 <= 1.00
|   |   |   |   |   |   |   |   |   |--- feature_0 <= 0.90
|   |   |   |   |   |   |   |   |   |   |--- feature_3 <= 0.89
|   |   |   |   |   |   |   |   |   |   |   |--- truncated branch of depth 7
|   |   |   |   |   |   |   |   |   |   |--- feature_3 >  0.89
|   |   |   |   |   |   |   |   |   |   |   |--- truncated branch of depth 15
|   |   |   |   |   |   |   |   |   |--- feature_0 >  0.90
|   |   |   |   |   |   |   |   |   |   |--- class: 0
|   |   |   |   |   |   |   |   |--- feature_0 >  1.00
|   |   |   |   |   |   |   |   |   |--- class: 1
|   |   |   |   |   |--- feature_5 >  6.00
|   |   |   |   |   |   |--- class: 1
|   |   |--- feature_1 >  0.92
|   |   |   |--- class: 1
