|--- feature_0 <= 0.72
|   |--- feature_6 <= 4.50
|   |   |--- feature_4 <= 0.01
|   |   |   |--- feature_6 <= 1.50
|   |   |   |   |--- feature_3 <= 0.83
|   |   |   |   |   |--- feature_4 <= 0.00
|   |   |   |   |   |   |--- feature_3 <= 0.61
|   |   |   |   |   |   |   |--- class: 1
|   |   |   |   |   |   |--- feature_3 >  0.61
|   |   |   |   |   |   |   |--- feature_0 <= 0.61
|   |   |   |   |   |   |   |   |--- feature_0 <= 0.50
|   |   |   |   |   |   |   |   |   |--- class: 0
|   |   |   |   |   |   |   |   |--- feature_0 >  0.50
|   |   |   |   |   |   |   |   |   |--- feature_1 <= 0.51
|   |   |   |   |   |   |   |   |   |   |--- class: 0
|   |   |   |   |   |   |   |   |   |--- feature_1 >  0.51
|   |   |   |   |   |   |   |   |   |   |--- class: 1
|   |   |   |   |   |   |   |--- feature_0 >  0.61
|   |   |   |   |   |   |   |   |--- class: 1
|   |   |   |   |   |--- feature_4 >  0.00
|   |   |   |   |   |   |--- feature_1 <= 0.77
|   |   |   |   |   |   |   |--- feature_4 <= 0.00
|   |   |   |   |   |   |   |   |--- feature_2 <= 0.39
|   |   |   |   |   |   |   |   |   |--- feature_4 <= 0.00
|   |   |   |   |   |   |   |   |   |   |--- class: 1
|   |   |   |   |   |   |   |   |   |--- feature_4 >  0.00
|   |   |   |   |   |   |   |   |   |   |--- class: 1
|   |   |   |   |   |   |   |   |--- feature_2 >  0.39
|   |   |   |   |   |   |   |   |   |--- feature_4 <= 0.00
|   |   |   |   |   |   |   |   |   |   |--- class: 1
|   |   |   |   |   |   |   |   |   |--- feature_4 >  0.00
|   |   |   |   |   |   |   |   |   |   |--- class: 1
|   |   |   |   |   |   |   |--- feature_4 >  0.00
|   |   |   |   |   |   |   |   |--- feature_4 <= 0.00
|   |   |   |   |   |   |   |   |   |--- feature_1 <= 0.22
|   |   |   |   |   |   |   |   |   |   |--- class: 0
|   |   |   |   |   |   |   |   |   |--- feature_1 >  0.22
|   |   |   |   |   |   |   |   |   |   |--- class: 1
|   |   |   |   |   |   |   |   |--- feature_4 >  0.00
|   |   |   |   |   |   |   |   |   |--- feature_1 <= 0.44
|   |   |   |   |   |   |   |   |   |   |--- class: 1
|   |   |   |   |   |   |   |   |   |--- feature_1 >  0.44
|   |   |   |   |   |   |   |   |   |   |--- class: 1
|   |   |   |   |   |   |--- feature_1 >  0.77
|   |   |   |   |   |   |   |--- feature_3 <= 0.61
|   |   |   |   |   |   |   |   |--- class: 1
|   |   |   |   |   |   |   |--- feature_3 >  0.61
|   |   |   |   |   |   |   |   |--- class: 0
|   |   |   |   |--- feature_3 >  0.83
|   |   |   |   |   |--- feature_1 <= 0.53
|   |   |   |   |   |   |--- class: 0
|   |   |   |   |   |--- feature_1 >  0.53
|   |   |   |   |   |   |--- class: 1
|   |   |   |--- feature_6 >  1.50
|   |   |   |   |--- feature_1 <= 0.29
|   |   |   |   |   |--- feature_1 <= 0.24
|   |   |   |   |   |   |--- class: 1
|   |   |   |   |   |--- feature_1 >  0.24
|   |   |   |   |   |   |--- feature_4 <= 0.00
|   |   |   |   |   |   |   |--- class: 1
|   |   |   |   |   |   |--- feature_4 >  0.00
|   |   |   |   |   |   |   |--- class: 0
|   |   |   |   |--- feature_1 >  0.29
|   |   |   |   |   |--- feature_4 <= 0.00
|   |   |   |   |   |   |--- feature_5 <= 4.00
|   |   |   |   |   |   |   |--- feature_3 <= 0.72
|   |   |   |   |   |   |   |   |--- feature_1 <= 0.70
|   |   |   |   |   |   |   |   |   |--- feature_1 <= 0.45
|   |   |   |   |   |   |   |   |   |   |--- class: 1
|   |   |   |   |   |   |   |   |   |--- feature_1 >  0.45
|   |   |   |   |   |   |   |   |   |   |--- class: 1
|   |   |   |   |   |   |   |   |--- feature_1 >  0.70
|   |   |   |   |   |   |   |   |   |--- feature_4 <= 0.00
|   |   |   |   |   |   |   |   |   |   |--- class: 0
|   |   |   |   |   |   |   |   |   |--- feature_4 >  0.00
|   |   |   |   |   |   |   |   |   |   |--- class: 1
|   |   |   |   |   |   |   |--- feature_3 >  0.72
|   |   |   |   |   |   |   |   |--- feature_4 <= 0.00
|   |   |   |   |   |   |   |   |   |--- class: 1
|   |   |   |   |   |   |   |   |--- feature_4 >  0.00
|   |   |   |   |   |   |   |   |   |--- class: 0
|   |   |   |   |   |   |--- feature_5 >  4.00
|   |   |   |   |   |   |   |--- feature_1 <= 0.71
|   |   |   |   |   |   |   |   |--- class: 1
|   |   |   |   |   |   |   |--- feature_1 >  0.71
|   |   |   |   |   |   |   |   |--- feature_1 <= 0.71
|   |   |   |   |   |   |   |   |   |--- feature_4 <= 0.00
|   |   |   |   |   |   |   |   |   |   |--- class: 1
|   |   |   |   |   |   |   |   |   |--- feature_4 >  0.00
|   |   |   |   |   |   |   |   |   |   |--- class: 1
|   |   |   |   |   |   |   |   |--- feature_1 >  0.71
|   |   |   |   |   |   |   |   |   |--- class: 1
|   |   |   |   |   |--- feature_4 >  0.00
|   |   |   |   |   |   |--- feature_4 <= 0.00
|   |   |   |   |   |   |   |--- feature_0 <= 0.50
|   |   |   |   |   |   |   |   |--- feature_4 <= 0.00
|   |   |   |   |   |   |   |   |   |--- class: 1
|   |   |   |   |   |   |   |   |--- feature_4 >  0.00
|   |   |   |   |   |   |   |   |   |--- class: 0
|   |   |   |   |   |   |   |--- feature_0 >  0.50
|   |   |   |   |   |   |   |   |--- feature_4 <= 0.00
|   |   |   |   |   |   |   |   |   |--- feature_4 <= 0.00
|   |   |   |   |   |   |   |   |   |   |--- class: 0
|   |   |   |   |   |   |   |   |   |--- feature_4 >  0.00
|   |   |   |   |   |   |   |   |   |   |--- class: 1
|   |   |   |   |   |   |   |   |--- feature_4 >  0.00
|   |   |   |   |   |   |   |   |   |--- class: 0
|   |   |   |   |   |   |--- feature_4 >  0.00
|   |   |   |   |   |   |   |--- feature_5 <= 4.50
|   |   |   |   |   |   |   |   |--- feature_1 <= 0.61
|   |   |   |   |   |   |   |   |   |--- class: 1
|   |   |   |   |   |   |   |   |--- feature_1 >  0.61
|   |   |   |   |   |   |   |   |   |--- feature_1 <= 0.62
|   |   |   |   |   |   |   |   |   |   |--- class: 1
|   |   |   |   |   |   |   |   |   |--- feature_1 >  0.62
|   |   |   |   |   |   |   |   |   |   |--- class: 1
|   |   |   |   |   |   |   |--- feature_5 >  4.50
|   |   |   |   |   |   |   |   |--- feature_2 <= 0.72
|   |   |   |   |   |   |   |   |   |--- feature_3 <= 0.83
|   |   |   |   |   |   |   |   |   |   |--- class: 1
|   |   |   |   |   |   |   |   |   |--- feature_3 >  0.83
|   |   |   |   |   |   |   |   |   |   |--- class: 1
|   |   |   |   |   |   |   |   |--- feature_2 >  0.72
|   |   |   |   |   |   |   |   |   |--- feature_4 <= 0.00
|   |   |   |   |   |   |   |   |   |   |--- class: 1
|   |   |   |   |   |   |   |   |   |--- feature_4 >  0.00
|   |   |   |   |   |   |   |   |   |   |--- class: 0
|   |   |--- feature_4 >  0.01
|   |   |   |--- feature_1 <= 0.64
|   |   |   |   |--- feature_3 <= 0.72
|   |   |   |   |   |--- feature_0 <= 0.61
|   |   |   |   |   |   |--- feature_1 <= 0.35
|   |   |   |   |   |   |   |--- class: 1
|   |   |   |   |   |   |--- feature_1 >  0.35
|   |   |   |   |   |   |   |--- feature_6 <= 1.50
|   |   |   |   |   |   |   |   |--- feature_4 <= 0.02
|   |   |   |   |   |   |   |   |   |--- class: 1
|   |   |   |   |   |   |   |   |--- feature_4 >  0.02
|   |   |   |   |   |   |   |   |   |--- feature_4 <= 0.03
|   |   |   |   |   |   |   |   |   |   |--- class: 0
|   |   |   |   |   |   |   |   |   |--- feature_4 >  0.03
|   |   |   |   |   |   |   |   |   |   |--- class: 1
|   |   |   |   |   |   |   |--- feature_6 >  1.50
|   |   |   |   |   |   |   |   |--- feature_4 <= 0.01
|   |   |   |   |   |   |   |   |   |--- feature_1 <= 0.47
|   |   |   |   |   |   |   |   |   |   |--- class: 1
|   |   |   |   |   |   |   |   |   |--- feature_1 >  0.47
|   |   |   |   |   |   |   |   |   |   |--- class: 0
|   |   |   |   |   |   |   |   |--- feature_4 >  0.01
|   |   |   |   |   |   |   |   |   |--- feature_3 <= 0.61
|   |   |   |   |   |   |   |   |   |   |--- class: 1
|   |   |   |   |   |   |   |   |   |--- feature_3 >  0.61
|   |   |   |   |   |   |   |   |   |   |--- class: 1
|   |   |   |   |   |--- feature_0 >  0.61
|   |   |   |   |   |   |--- class: 1
|   |   |   |   |--- feature_3 >  0.72
|   |   |   |   |   |--- feature_1 <= 0.55
|   |   |   |   |   |   |--- feature_1 <= 0.40
|   |   |   |   |   |   |   |--- class: 1
|   |   |   |   |   |   |--- feature_1 >  0.40
|   |   |   |   |   |   |   |--- feature_4 <= 0.01
|   |   |   |   |   |   |   |   |--- class: 0
|   |   |   |   |   |   |   |--- feature_4 >  0.01
|   |   |   |   |   |   |   |   |--- feature_5 <= 3.50
|   |   |   |   |   |   |   |   |   |--- feature_1 <= 0.48
|   |   |   |   |   |   |   |   |   |   |--- class: 0
|   |   |   |   |   |   |   |   |   |--- feature_1 >  0.48
|   |   |   |   |   |   |   |   |   |   |--- class: 1
|   |   |   |   |   |   |   |   |--- feature_5 >  3.50
|   |   |   |   |   |   |   |   |   |--- class: 1
|   |   |   |   |   |--- feature_1 >  0.55
|   |   |   |   |   |   |--- class: 1
|   |   |   |--- feature_1 >  0.64
|   |   |   |   |--- feature_5 <= 4.50
|   |   |   |   |   |--- feature_2 <= 0.72
|   |   |   |   |   |   |--- feature_4 <= 0.02
|   |   |   |   |   |   |   |--- class: 0
|   |   |   |   |   |   |--- feature_4 >  0.02
|   |   |   |   |   |   |   |--- feature_3 <= 0.61
|   |   |   |   |   |   |   |   |--- class: 1
|   |   |   |   |   |   |   |--- feature_3 >  0.61
|   |   |   |   |   |   |   |   |--- feature_1 <= 0.68
|   |   |   |   |   |   |   |   |   |--- class: 0
|   |   |   |   |   |   |   |   |--- feature_1 >  0.68
|   |   |   |   |   |   |   |   |   |--- class: 1
|   |   |   |   |   |--- feature_2 >  0.72
|   |   |   |   |   |   |--- class: 1
|   |   |   |   |--- feature_5 >  4.50
|   |   |   |   |   |--- feature_4 <= 0.01
|   |   |   |   |   |   |--- feature_0 <= 0.50
|   |   |   |   |   |   |   |--- class: 1
|   |   |   |   |   |   |--- feature_0 >  0.50
|   |   |   |   |   |   |   |--- class: 0
|   |   |   |   |   |--- feature_4 >  0.01
|   |   |   |   |   |   |--- feature_1 <= 0.71
|   |   |   |   |   |   |   |--- class: 1
|   |   |   |   |   |   |--- feature_1 >  0.71
|   |   |   |   |   |   |   |--- feature_1 <= 0.71
|   |   |   |   |   |   |   |   |--- class: 0
|   |   |   |   |   |   |   |--- feature_1 >  0.71
|   |   |   |   |   |   |   |   |--- class: 1
|   |--- feature_6 >  4.50
|   |   |--- feature_0 <= 0.61
|   |   |   |--- feature_2 <= 0.61
|   |   |   |   |--- feature_1 <= 0.79
|   |   |   |   |   |--- feature_1 <= 0.58
|   |   |   |   |   |   |--- class: 1
|   |   |   |   |   |--- feature_1 >  0.58
|   |   |   |   |   |   |--- feature_5 <= 6.00
|   |   |   |   |   |   |   |--- feature_5 <= 4.50
|   |   |   |   |   |   |   |   |--- feature_1 <= 0.77
|   |   |   |   |   |   |   |   |   |--- feature_1 <= 0.60
|   |   |   |   |   |   |   |   |   |   |--- class: 0
|   |   |   |   |   |   |   |   |   |--- feature_1 >  0.60
|   |   |   |   |   |   |   |   |   |   |--- class: 1
|   |   |   |   |   |   |   |   |--- feature_1 >  0.77
|   |   |   |   |   |   |   |   |   |--- class: 0
|   |   |   |   |   |   |   |--- feature_5 >  4.50
|   |   |   |   |   |   |   |   |--- feature_4 <= 0.00
|   |   |   |   |   |   |   |   |   |--- feature_1 <= 0.76
|   |   |   |   |   |   |   |   |   |   |--- class: 0
|   |   |   |   |   |   |   |   |   |--- feature_1 >  0.76
|   |   |   |   |   |   |   |   |   |   |--- class: 1
|   |   |   |   |   |   |   |   |--- feature_4 >  0.00
|   |   |   |   |   |   |   |   |   |--- feature_4 <= 0.03
|   |   |   |   |   |   |   |   |   |   |--- class: 1
|   |   |   |   |   |   |   |   |   |--- feature_4 >  0.03
|   |   |   |   |   |   |   |   |   |   |--- class: 1
|   |   |   |   |   |   |--- feature_5 >  6.00
|   |   |   |   |   |   |   |--- class: 1
|   |   |   |   |--- feature_1 >  0.79
|   |   |   |   |   |--- feature_5 <= 2.50
|   |   |   |   |   |   |--- class: 1
|   |   |   |   |   |--- feature_5 >  2.50
|   |   |   |   |   |   |--- feature_5 <= 6.00
|   |   |   |   |   |   |   |--- class: 0
|   |   |   |   |   |   |--- feature_5 >  6.00
|   |   |   |   |   |   |   |--- class: 1
|   |   |   |--- feature_2 >  0.61
|   |   |   |   |--- feature_5 <= 6.00
|   |   |   |   |   |--- feature_4 <= 0.00
|   |   |   |   |   |   |--- class: 0
|   |   |   |   |   |--- feature_4 >  0.00
|   |   |   |   |   |   |--- feature_5 <= 4.50
|   |   |   |   |   |   |   |--- feature_4 <= 0.10
|   |   |   |   |   |   |   |   |--- feature_4 <= 0.02
|   |   |   |   |   |   |   |   |   |--- feature_4 <= 0.01
|   |   |   |   |   |   |   |   |   |   |--- class: 1
|   |   |   |   |   |   |   |   |   |--- feature_4 >  0.01
|   |   |   |   |   |   |   |   |   |   |--- class: 1
|   |   |   |   |   |   |   |   |--- feature_4 >  0.02
|   |   |   |   |   |   |   |   |   |--- feature_4 <= 0.02
|   |   |   |   |   |   |   |   |   |   |--- class: 0
|   |   |   |   |   |   |   |   |   |--- feature_4 >  0.02
|   |   |   |   |   |   |   |   |   |   |--- class: 0
|   |   |   |   |   |   |   |--- feature_4 >  0.10
|   |   |   |   |   |   |   |   |--- feature_3 <= 0.61
|   |   |   |   |   |   |   |   |   |--- class: 0
|   |   |   |   |   |   |   |   |--- feature_3 >  0.61
|   |   |   |   |   |   |   |   |   |--- class: 1
|   |   |   |   |   |   |--- feature_5 >  4.50
|   |   |   |   |   |   |   |--- feature_1 <= 0.74
|   |   |   |   |   |   |   |   |--- feature_3 <= 0.72
|   |   |   |   |   |   |   |   |   |--- class: 1
|   |   |   |   |   |   |   |   |--- feature_3 >  0.72
|   |   |   |   |   |   |   |   |   |--- feature_4 <= 0.05
|   |   |   |   |   |   |   |   |   |   |--- class: 1
|   |   |   |   |   |   |   |   |   |--- feature_4 >  0.05
|   |   |   |   |   |   |   |   |   |   |--- class: 1
|   |   |   |   |   |   |   |--- feature_1 >  0.74
|   |   |   |   |   |   |   |   |--- feature_6 <= 5.50
|   |   |   |   |   |   |   |   |   |--- feature_2 <= 0.72
|   |   |   |   |   |   |   |   |   |   |--- class: 0
|   |   |   |   |   |   |   |   |   |--- feature_2 >  0.72
|   |   |   |   |   |   |   |   |   |   |--- class: 1
|   |   |   |   |   |   |   |   |--- feature_6 >  5.50
|   |   |   |   |   |   |   |   |   |--- class: 0
|   |   |   |   |--- feature_5 >  6.00
|   |   |   |   |   |--- feature_2 <= 0.72
|   |   |   |   |   |   |--- feature_4 <= 0.00
|   |   |   |   |   |   |   |--- feature_1 <= 0.82
|   |   |   |   |   |   |   |   |--- feature_4 <= 0.00
|   |   |   |   |   |   |   |   |   |--- class: 1
|   |   |   |   |   |   |   |   |--- feature_4 >  0.00
|   |   |   |   |   |   |   |   |   |--- class: 0
|   |   |   |   |   |   |   |--- feature_1 >  0.82
|   |   |   |   |   |   |   |   |--- class: 1
|   |   |   |   |   |   |--- feature_4 >  0.00
|   |   |   |   |   |   |   |--- class: 1
|   |   |   |   |   |--- feature_2 >  0.72
|   |   |   |   |   |   |--- class: 0
|   |   |--- feature_0 >  0.61
|   |   |   |--- feature_6 <= 5.50
|   |   |   |   |--- feature_4 <= 0.66
|   |   |   |   |   |--- feature_2 <= 0.72
|   |   |   |   |   |   |--- feature_5 <= 4.50
|   |   |   |   |   |   |   |--- feature_1 <= 0.60
|   |   |   |   |   |   |   |   |--- feature_3 <= 0.72
|   |   |   |   |   |   |   |   |   |--- class: 1
|   |   |   |   |   |   |   |   |--- feature_3 >  0.72
|   |   |   |   |   |   |   |   |   |--- class: 0
|   |   |   |   |   |   |   |--- feature_1 >  0.60
|   |   |   |   |   |   |   |   |--- feature_4 <= 0.00
|   |   |   |   |   |   |   |   |   |--- feature_4 <= 0.00
|   |   |   |   |   |   |   |   |   |   |--- class: 1
|   |   |   |   |   |   |   |   |   |--- feature_4 >  0.00
|   |   |   |   |   |   |   |   |   |   |--- class: 0
|   |   |   |   |   |   |   |   |--- feature_4 >  0.00
|   |   |   |   |   |   |   |   |   |--- class: 1
|   |   |   |   |   |   |--- feature_5 >  4.50
|   |   |   |   |   |   |   |--- feature_4 <= 0.06
|   |   |   |   |   |   |   |   |--- feature_3 <= 0.72
|   |   |   |   |   |   |   |   |   |--- feature_4 <= 0.01
|   |   |   |   |   |   |   |   |   |   |--- class: 1
|   |   |   |   |   |   |   |   |   |--- feature_4 >  0.01
|   |   |   |   |   |   |   |   |   |   |--- class: 1
|   |   |   |   |   |   |   |   |--- feature_3 >  0.72
|   |   |   |   |   |   |   |   |   |--- feature_1 <= 0.71
|   |   |   |   |   |   |   |   |   |   |--- class: 1
|   |   |   |   |   |   |   |   |   |--- feature_1 >  0.71
|   |   |   |   |   |   |   |   |   |   |--- class: 1
|   |   |   |   |   |   |   |--- feature_4 >  0.06
|   |   |   |   |   |   |   |   |--- feature_4 <= 0.06
|   |   |   |   |   |   |   |   |   |--- class: 0
|   |   |   |   |   |   |   |   |--- feature_4 >  0.06
|   |   |   |   |   |   |   |   |   |--- feature_1 <= 0.68
|   |   |   |   |   |   |   |   |   |   |--- class: 1
|   |   |   |   |   |   |   |   |   |--- feature_1 >  0.68
|   |   |   |   |   |   |   |   |   |   |--- class: 1
|   |   |   |   |   |--- feature_2 >  0.72
|   |   |   |   |   |   |--- feature_4 <= 0.21
|   |   |   |   |   |   |   |--- feature_4 <= 0.00
|   |   |   |   |   |   |   |   |--- feature_1 <= 0.85
|   |   |   |   |   |   |   |   |   |--- feature_5 <= 6.00
|   |   |   |   |   |   |   |   |   |   |--- class: 1
|   |   |   |   |   |   |   |   |   |--- feature_5 >  6.00
|   |   |   |   |   |   |   |   |   |   |--- class: 1
|   |   |   |   |   |   |   |   |--- feature_1 >  0.85
|   |   |   |   |   |   |   |   |   |--- class: 0
|   |   |   |   |   |   |   |--- feature_4 >  0.00
|   |   |   |   |   |   |   |   |--- feature_1 <= 0.43
|   |   |   |   |   |   |   |   |   |--- class: 0
|   |   |   |   |   |   |   |   |--- feature_1 >  0.43
|   |   |   |   |   |   |   |   |   |--- feature_1 <= 0.82
|   |   |   |   |   |   |   |   |   |   |--- class: 1
|   |   |   |   |   |   |   |   |   |--- feature_1 >  0.82
|   |   |   |   |   |   |   |   |   |   |--- class: 1
|   |   |   |   |   |   |--- feature_4 >  0.21
|   |   |   |   |   |   |   |--- feature_4 <= 0.30
|   |   |   |   |   |   |   |   |--- class: 0
|   |   |   |   |   |   |   |--- feature_4 >  0.30
|   |   |   |   |   |   |   |   |--- feature_1 <= 0.71
|   |   |   |   |   |   |   |   |   |--- class: 0
|   |   |   |   |   |   |   |   |--- feature_1 >  0.71
|   |   |   |   |   |   |   |   |   |--- class: 1
|   |   |   |   |--- feature_4 >  0.66
|   |   |   |   |   |--- class: 0
|   |   |   |--- feature_6 >  5.50
|   |   |   |   |--- feature_1 <= 0.76
|   |   |   |   |   |--- feature_1 <= 0.67
|   |   |   |   |   |   |--- feature_4 <= 0.23
|   |   |   |   |   |   |   |--- class: 1
|   |   |   |   |   |   |--- feature_4 >  0.23
|   |   |   |   |   |   |   |--- feature_4 <= 0.30
|   |   |   |   |   |   |   |   |--- feature_3 <= 0.61
|   |   |   |   |   |   |   |   |   |--- class: 0
|   |   |   |   |   |   |   |   |--- feature_3 >  0.61
|   |   |   |   |   |   |   |   |   |--- class: 1
|   |   |   |   |   |   |   |--- feature_4 >  0.30
|   |   |   |   |   |   |   |   |--- class: 1
|   |   |   |   |   |--- feature_1 >  0.67
|   |   |   |   |   |   |--- feature_5 <= 4.50
|   |   |   |   |   |   |   |--- feature_4 <= 0.04
|   |   |   |   |   |   |   |   |--- class: 0
|   |   |   |   |   |   |   |--- feature_4 >  0.04
|   |   |   |   |   |   |   |   |--- feature_1 <= 0.68
|   |   |   |   |   |   |   |   |   |--- feature_3 <= 0.83
|   |   |   |   |   |   |   |   |   |   |--- class: 1
|   |   |   |   |   |   |   |   |   |--- feature_3 >  0.83
|   |   |   |   |   |   |   |   |   |   |--- class: 0
|   |   |   |   |   |   |   |   |--- feature_1 >  0.68
|   |   |   |   |   |   |   |   |   |--- feature_4 <= 0.06
|   |   |   |   |   |   |   |   |   |   |--- class: 1
|   |   |   |   |   |   |   |   |   |--- feature_4 >  0.06
|   |   |   |   |   |   |   |   |   |   |--- class: 0
|   |   |   |   |   |   |--- feature_5 >  4.50
|   |   |   |   |   |   |   |--- feature_1 <= 0.68
|   |   |   |   |   |   |   |   |--- class: 0
|   |   |   |   |   |   |   |--- feature_1 >  0.68
|   |   |   |   |   |   |   |   |--- feature_4 <= 0.07
|   |   |   |   |   |   |   |   |   |--- feature_4 <= 0.06
|   |   |   |   |   |   |   |   |   |   |--- class: 1
|   |   |   |   |   |   |   |   |   |--- feature_4 >  0.06
|   |   |   |   |   |   |   |   |   |   |--- class: 0
|   |   |   |   |   |   |   |   |--- feature_4 >  0.07
|   |   |   |   |   |   |   |   |   |--- class: 1
|   |   |   |   |--- feature_1 >  0.76
|   |   |   |   |   |--- feature_1 <= 0.98
|   |   |   |   |   |   |--- feature_2 <= 0.83
|   |   |   |   |   |   |   |--- feature_1 <= 0.89
|   |   |   |   |   |   |   |   |--- feature_1 <= 0.88
|   |   |   |   |   |   |   |   |   |--- class: 1
|   |   |   |   |   |   |   |   |--- feature_1 >  0.88
|   |   |   |   |   |   |   |   |   |--- feature_5 <= 6.00
|   |   |   |   |   |   |   |   |   |   |--- class: 0
|   |   |   |   |   |   |   |   |   |--- feature_5 >  6.00
|   |   |   |   |   |   |   |   |   |   |--- class: 1
|   |   |   |   |   |   |   |--- feature_1 >  0.89
|   |   |   |   |   |   |   |   |--- class: 1
|   |   |   |   |   |   |--- feature_2 >  0.83
|   |   |   |   |   |   |   |--- feature_4 <= 0.01
|   |   |   |   |   |   |   |   |--- class: 1
|   |   |   |   |   |   |   |--- feature_4 >  0.01
|   |   |   |   |   |   |   |   |--- class: 0
|   |   |   |   |   |--- feature_1 >  0.98
|   |   |   |   |   |   |--- class: 0
|--- feature_0 >  0.72
|   |--- feature_1 <= 0.77
|   |   |--- feature_6 <= 4.50
|   |   |   |--- feature_1 <= 0.77
|   |   |   |   |--- feature_1 <= 0.28
|   |   |   |   |   |--- feature_1 <= 0.27
|   |   |   |   |   |   |--- feature_1 <= 0.24
|   |   |   |   |   |   |   |--- class: 1
|   |   |   |   |   |   |--- feature_1 >  0.24
|   |   |   |   |   |   |   |--- feature_4 <= 0.00
|   |   |   |   |   |   |   |   |--- class: 1
|   |   |   |   |   |   |   |--- feature_4 >  0.00
|   |   |   |   |   |   |   |   |--- feature_2 <= 0.83
|   |   |   |   |   |   |   |   |   |--- class: 0
|   |   |   |   |   |   |   |   |--- feature_2 >  0.83
|   |   |   |   |   |   |   |   |   |--- class: 1
|   |   |   |   |   |--- feature_1 >  0.27
|   |   |   |   |   |   |--- class: 0
|   |   |   |   |--- feature_1 >  0.28
|   |   |   |   |   |--- feature_4 <= 0.00
|   |   |   |   |   |   |--- feature_1 <= 0.66
|   |   |   |   |   |   |   |--- class: 1
|   |   |   |   |   |   |--- feature_1 >  0.66
|   |   |   |   |   |   |   |--- feature_2 <= 0.72
|   |   |   |   |   |   |   |   |--- class: 0
|   |   |   |   |   |   |   |--- feature_2 >  0.72
|   |   |   |   |   |   |   |   |--- class: 1
|   |   |   |   |   |--- feature_4 >  0.00
|   |   |   |   |   |   |--- feature_3 <= 0.50
|   |   |   |   |   |   |   |--- feature_1 <= 0.37
|   |   |   |   |   |   |   |   |--- feature_4 <= 0.00
|   |   |   |   |   |   |   |   |   |--- class: 1
|   |   |   |   |   |   |   |   |--- feature_4 >  0.00
|   |   |   |   |   |   |   |   |   |--- class: 0
|   |   |   |   |   |   |   |--- feature_1 >  0.37
|   |   |   |   |   |   |   |   |--- feature_1 <= 0.66
|   |   |   |   |   |   |   |   |   |--- class: 1
|   |   |   |   |   |   |   |   |--- feature_1 >  0.66
|   |   |   |   |   |   |   |   |   |--- feature_5 <= 5.00
|   |   |   |   |   |   |   |   |   |   |--- class: 0
|   |   |   |   |   |   |   |   |   |--- feature_5 >  5.00
|   |   |   |   |   |   |   |   |   |   |--- class: 1
|   |   |   |   |   |   |--- feature_3 >  0.50
|   |   |   |   |   |   |   |--- feature_5 <= 6.00
|   |   |   |   |   |   |   |   |--- feature_4 <= 0.00
|   |   |   |   |   |   |   |   |   |--- class: 1
|   |   |   |   |   |   |   |   |--- feature_4 >  0.00
|   |   |   |   |   |   |   |   |   |--- feature_4 <= 0.00
|   |   |   |   |   |   |   |   |   |   |--- class: 0
|   |   |   |   |   |   |   |   |   |--- feature_4 >  0.00
|   |   |   |   |   |   |   |   |   |   |--- class: 1
|   |   |   |   |   |   |   |--- feature_5 >  6.00
|   |   |   |   |   |   |   |   |--- feature_1 <= 0.57
|   |   |   |   |   |   |   |   |   |--- feature_4 <= 0.01
|   |   |   |   |   |   |   |   |   |   |--- class: 1
|   |   |   |   |   |   |   |   |   |--- feature_4 >  0.01
|   |   |   |   |   |   |   |   |   |   |--- class: 0
|   |   |   |   |   |   |   |   |--- feature_1 >  0.57
|   |   |   |   |   |   |   |   |   |--- feature_4 <= 0.00
|   |   |   |   |   |   |   |   |   |   |--- class: 1
|   |   |   |   |   |   |   |   |   |--- feature_4 >  0.00
|   |   |   |   |   |   |   |   |   |   |--- class: 1
|   |   |   |--- feature_1 >  0.77
|   |   |   |   |--- feature_0 <= 0.83
|   |   |   |   |   |--- class: 0
|   |   |   |   |--- feature_0 >  0.83
|   |   |   |   |   |--- class: 1
|   |   |--- feature_6 >  4.50
|   |   |   |--- feature_4 <= 0.00
|   |   |   |   |--- feature_4 <= 0.00
|   |   |   |   |   |--- class: 1
|   |   |   |   |--- feature_4 >  0.00
|   |   |   |   |   |--- class: 0
|   |   |   |--- feature_4 >  0.00
|   |   |   |   |--- feature_4 <= 0.04
|   |   |   |   |   |--- feature_4 <= 0.04
|   |   |   |   |   |   |--- feature_3 <= 0.72
|   |   |   |   |   |   |   |--- feature_4 <= 0.00
|   |   |   |   |   |   |   |   |--- feature_1 <= 0.69
|   |   |   |   |   |   |   |   |   |--- class: 0
|   |   |   |   |   |   |   |   |--- feature_1 >  0.69
|   |   |   |   |   |   |   |   |   |--- class: 1
|   |   |   |   |   |   |   |--- feature_4 >  0.00
|   |   |   |   |   |   |   |   |--- feature_1 <= 0.69
|   |   |   |   |   |   |   |   |   |--- class: 1
|   |   |   |   |   |   |   |   |--- feature_1 >  0.69
|   |   |   |   |   |   |   |   |   |--- feature_1 <= 0.73
|   |   |   |   |   |   |   |   |   |   |--- class: 1
|   |   |   |   |   |   |   |   |   |--- feature_1 >  0.73
|   |   |   |   |   |   |   |   |   |   |--- class: 1
|   |   |   |   |   |   |--- feature_3 >  0.72
|   |   |   |   |   |   |   |--- feature_4 <= 0.00
|   |   |   |   |   |   |   |   |--- class: 1
|   |   |   |   |   |   |   |--- feature_4 >  0.00
|   |   |   |   |   |   |   |   |--- feature_4 <= 0.00
|   |   |   |   |   |   |   |   |   |--- feature_1 <= 0.77
|   |   |   |   |   |   |   |   |   |   |--- class: 1
|   |   |   |   |   |   |   |   |   |--- feature_1 >  0.77
|   |   |   |   |   |   |   |   |   |   |--- class: 0
|   |   |   |   |   |   |   |   |--- feature_4 >  0.00
|   |   |   |   |   |   |   |   |   |--- feature_0 <= 0.83
|   |   |   |   |   |   |   |   |   |   |--- class: 1
|   |   |   |   |   |   |   |   |   |--- feature_0 >  0.83
|   |   |   |   |   |   |   |   |   |   |--- class: 1
|   |   |   |   |   |--- feature_4 >  0.04
|   |   |   |   |   |   |--- feature_2 <= 0.83
|   |   |   |   |   |   |   |--- class: 1
|   |   |   |   |   |   |--- feature_2 >  0.83
|   |   |   |   |   |   |   |--- feature_0 <= 0.83
|   |   |   |   |   |   |   |   |--- class: 0
|   |   |   |   |   |   |   |--- feature_0 >  0.83
|   |   |   |   |   |   |   |   |--- class: 0
|   |   |   |   |--- feature_4 >  0.04
|   |   |   |   |   |--- feature_1 <= 0.72
|   |   |   |   |   |   |--- feature_1 <= 0.56
|   |   |   |   |   |   |   |--- feature_1 <= 0.55
|   |   |   |   |   |   |   |   |--- class: 1
|   |   |   |   |   |   |   |--- feature_1 >  0.55
|   |   |   |   |   |   |   |   |--- class: 0
|   |   |   |   |   |   |--- feature_1 >  0.56
|   |   |   |   |   |   |   |--- class: 1
|   |   |   |   |   |--- feature_1 >  0.72
|   |   |   |   |   |   |--- feature_4 <= 0.17
|   |   |   |   |   |   |   |--- feature_1 <= 0.73
|   |   |   |   |   |   |   |   |--- feature_4 <= 0.05
|   |   |   |   |   |   |   |   |   |--- feature_4 <= 0.05
|   |   |   |   |   |   |   |   |   |   |--- class: 1
|   |   |   |   |   |   |   |   |   |--- feature_4 >  0.05
|   |   |   |   |   |   |   |   |   |   |--- class: 0
|   |   |   |   |   |   |   |   |--- feature_4 >  0.05
|   |   |   |   |   |   |   |   |   |--- class: 1
|   |   |   |   |   |   |   |--- feature_1 >  0.73
|   |   |   |   |   |   |   |   |--- class: 1
|   |   |   |   |   |   |--- feature_4 >  0.17
|   |   |   |   |   |   |   |--- feature_4 <= 0.20
|   |   |   |   |   |   |   |   |--- class: 0
|   |   |   |   |   |   |   |--- feature_4 >  0.20
|   |   |   |   |   |   |   |   |--- class: 1
|   |--- feature_1 >  0.77
|   |   |--- feature_3 <= 0.61
|   |   |   |--- feature_5 <= 6.00
|   |   |   |   |--- class: 1
|   |   |   |--- feature_5 >  6.00
|   |   |   |   |--- class: 0
|   |   |--- feature_3 >  0.61
|   |   |   |--- feature_1 <= 0.92
|   |   |   |   |--- feature_4 <= 0.02
|   |   |   |   |   |--- feature_4 <= 0.01
|   |   |   |   |   |   |--- feature_3 <= 0.94
|   |   |   |   |   |   |   |--- feature_4 <= 0.00
|   |   |   |   |   |   |   |   |--- feature_4 <= 0.00
|   |   |   |   |   |   |   |   |   |--- class: 1
|   |   |   |   |   |   |   |   |--- feature_4 >  0.00
|   |   |   |   |   |   |   |   |   |--- feature_5 <= 5.00
|   |   |   |   |   |   |   |   |   |   |--- class: 1
|   |   |   |   |   |   |   |   |   |--- feature_5 >  5.00
|   |   |   |   |   |   |   |   |   |   |--- class: 0
|   |   |   |   |   |   |   |--- feature_4 >  0.00
|   |   |   |   |   |   |   |   |--- feature_6 <= 3.00
|   |   |   |   |   |   |   |   |   |--- feature_6 <= 1.00
|   |   |   |   |   |   |   |   |   |   |--- class: 1
|   |   |   |   |   |   |   |   |   |--- feature_6 >  1.00
|   |   |   |   |   |   |   |   |   |   |--- class: 0
|   |   |   |   |   |   |   |   |--- feature_6 >  3.00
|   |   |   |   |   |   |   |   |   |--- feature_5 <= 6.00
|   |   |   |   |   |   |   |   |   |   |--- class: 1
|   |   |   |   |   |   |   |   |   |--- feature_5 >  6.00
|   |   |   |   |   |   |   |   |   |   |--- class: 1
|   |   |   |   |   |   |--- feature_3 >  0.94
|   |   |   |   |   |   |   |--- feature_0 <= 0.83
|   |   |   |   |   |   |   |   |--- feature_2 <= 0.89
|   |   |   |   |   |   |   |   |   |--- class: 0
|   |   |   |   |   |   |   |   |--- feature_2 >  0.89
|   |   |   |   |   |   |   |   |   |--- class: 1
|   |   |   |   |   |   |   |--- feature_0 >  0.83
|   |   |   |   |   |   |   |   |--- feature_1 <= 0.90
|   |   |   |   |   |   |   |   |   |--- class: 1
|   |   |   |   |   |   |   |   |--- feature_1 >  0.90
|   |   |   |   |   |   |   |   |   |--- feature_2 <= 0.94
|   |   |   |   |   |   |   |   |   |   |--- class: 1
|   |   |   |   |   |   |   |   |   |--- feature_2 >  0.94
|   |   |   |   |   |   |   |   |   |   |--- class: 1
|   |   |   |   |   |--- feature_4 >  0.01
|   |   |   |   |   |   |--- feature_1 <= 0.78
|   |   |   |   |   |   |   |--- feature_3 <= 0.83
|   |   |   |   |   |   |   |   |--- class: 0
|   |   |   |   |   |   |   |--- feature_3 >  0.83
|   |   |   |   |   |   |   |   |--- class: 1
|   |   |   |   |   |   |--- feature_1 >  0.78
|   |   |   |   |   |   |   |--- feature_2 <= 0.83
|   |   |   |   |   |   |   |   |--- feature_5 <= 2.50
|   |   |   |   |   |   |   |   |   |--- feature_4 <= 0.01
|   |   |   |   |   |   |   |   |   |   |--- class: 0
|   |   |   |   |   |   |   |   |   |--- feature_4 >  0.01
|   |   |   |   |   |   |   |   |   |   |--- class: 1
|   |   |   |   |   |   |   |   |--- feature_5 >  2.50
|   |   |   |   |   |   |   |   |   |--- class: 1
|   |   |   |   |   |   |   |--- feature_2 >  0.83
|   |   |   |   |   |   |   |   |--- feature_3 <= 0.83
|   |   |   |   |   |   |   |   |   |--- class: 0
|   |   |   |   |   |   |   |   |--- feature_3 >  0.83
|   |   |   |   |   |   |   |   |   |--- feature_4 <= 0.02
|   |   |   |   |   |   |   |   |   |   |--- class: 1
|   |   |   |   |   |   |   |   |   |--- feature_4 >  0.02
|   |   |   |   |   |   |   |   |   |   |--- class: 0
|   |   |   |   |--- feature_4 >  0.02
|   |   |   |   |   |--- feature_3 <= 0.72
|   |   |   |   |   |   |--- feature_1 <= 0.85
|   |   |   |   |   |   |   |--- class: 1
|   |   |   |   |   |   |--- feature_1 >  0.85
|   |   |   |   |   |   |   |--- class: 0
|   |   |   |   |   |--- feature_3 >  0.72
|   |   |   |   |   |   |--- feature_2 <= 0.94
|   |   |   |   |   |   |   |--- feature_4 <= 0.09
|   |   |   |   |   |   |   |   |--- class: 1
|   |   |   |   |   |   |   |--- feature_4 >  0.09
|   |   |   |   |   |   |   |   |--- feature_4 <= 0.09
|   |   |   |   |   |   |   |   |   |--- class: 0
|   |   |   |   |   |   |   |   |--- feature_4 >  0.09
|   |   |   |   |   |   |   |   |   |--- feature_4 <= 0.12
|   |   |   |   |   |   |   |   |   |   |--- class: 1
|   |   |   |   |   |   |   |   |   |--- feature_4 >  0.12
|   |   |   |   |   |   |   |   |   |   |--- class: 1
|   |   |   |   |   |   |--- feature_2 >  0.94
|   |   |   |   |   |   |   |--- feature_4 <= 0.06
|   |   |   |   |   |   |   |   |--- class: 1
|   |   |   |   |   |   |   |--- feature_4 >  0.06
|   |   |   |   |   |   |   |   |--- class: 0
|   |   |   |--- feature_1 >  0.92
|   |   |   |   |--- feature_0 <= 0.83
|   |   |   |   |   |--- feature_1 <= 0.97
|   |   |   |   |   |   |--- class: 1
|   |   |   |   |   |--- feature_1 >  0.97
|   |   |   |   |   |   |--- feature_4 <= 0.00
|   |   |   |   |   |   |   |--- feature_4 <= 0.00
|   |   |   |   |   |   |   |   |--- class: 1
|   |   |   |   |   |   |   |--- feature_4 >  0.00
|   |   |   |   |   |   |   |   |--- class: 0
|   |   |   |   |   |   |--- feature_4 >  0.00
|   |   |   |   |   |   |   |--- feature_1 <= 0.97
|   |   |   |   |   |   |   |   |--- feature_4 <= 0.01
|   |   |   |   |   |   |   |   |   |--- class: 1
|   |   |   |   |   |   |   |   |--- feature_4 >  0.01
|   |   |   |   |   |   |   |   |   |--- feature_4 <= 0.02
|   |   |   |   |   |   |   |   |   |   |--- class: 0
|   |   |   |   |   |   |   |   |   |--- feature_4 >  0.02
|   |   |   |   |   |   |   |   |   |   |--- class: 1
|   |   |   |   |   |   |   |--- feature_1 >  0.97
|   |   |   |   |   |   |   |   |--- class: 1
|   |   |   |   |--- feature_0 >  0.83
|   |   |   |   |   |--- class: 1
