|--- feature_2 <= 0.40
|   |--- feature_1 <= 0.47
|   |   |--- feature_3 <= 0.58
|   |   |   |--- feature_8 <= 0.28
|   |   |   |   |--- class: REPLACE
|   |   |   |--- feature_8 >  0.28
|   |   |   |   |--- feature_6 <= 1.50
|   |   |   |   |   |--- class: REPAIR
|   |   |   |   |--- feature_6 >  1.50
|   |   |   |   |   |--- class: REPLACE
|   |   |--- feature_3 >  0.58
|   |   |   |--- feature_10 <= 0.25
|   |   |   |   |--- feature_5 <= 0.20
|   |   |   |   |   |--- class: REPLACE
|   |   |   |   |--- feature_5 >  0.20
|   |   |   |   |   |--- feature_1 <= 0.29
|   |   |   |   |   |   |--- feature_2 <= 0.30
|   |   |   |   |   |   |   |--- class: REPLACE
|   |   |   |   |   |   |--- feature_2 >  0.30
|   |   |   |   |   |   |   |--- feature_0 <= 0.42
|   |   |   |   |   |   |   |   |--- class: REPAIR
|   |   |   |   |   |   |   |--- feature_0 >  0.42
|   |   |   |   |   |   |   |   |--- class: REPLACE
|   |   |   |   |   |--- feature_1 >  0.29
|   |   |   |   |   |   |--- class: REPAIR
|   |   |   |--- feature_10 >  0.25
|   |   |   |   |--- feature_5 <= 0.20
|   |   |   |   |   |--- feature_0 <= 0.42
|   |   |   |   |   |   |--- class: REPLACE
|   |   |   |   |   |--- feature_0 >  0.42
|   |   |   |   |   |   |--- class: REHAB
|   |   |   |   |--- feature_5 >  0.20
|   |   |   |   |   |--- class: REPLACE
|   |--- feature_1 >  0.47
|   |   |--- feature_4 <= 0.02
|   |   |   |--- feature_6 <= 3.00
|   |   |   |   |--- class: REPAIR
|   |   |   |--- feature_6 >  3.00
|   |   |   |   |--- class: REHAB
|   |   |--- feature_4 >  0.02
|   |   |   |--- feature_6 <= 3.50
|   |   |   |   |--- feature_4 <= 0.03
|   |   |   |   |   |--- class: REPAIR
|   |   |   |   |--- feature_4 >  0.03
|   |   |   |   |   |--- class: REPLACE
|   |   |   |--- feature_6 >  3.50
|   |   |   |   |--- class: REPAIR
|--- feature_2 >  0.40
|   |--- feature_1 <= 0.57
|   |   |--- feature_1 <= 0.29
|   |   |   |--- class: REPLACE
|   |   |--- feature_1 >  0.29
|   |   |   |--- feature_5 <= 0.16
|   |   |   |   |--- feature_4 <= 0.22
|   |   |   |   |   |--- feature_1 <= 0.45
|   |   |   |   |   |   |--- class: REPLACE
|   |   |   |   |   |--- feature_1 >  0.45
|   |   |   |   |   |   |--- class: REPAIR
|   |   |   |   |--- feature_4 >  0.22
|   |   |   |   |   |--- class: REPAIR
|   |   |   |--- feature_5 >  0.16
|   |   |   |   |--- feature_5 <= 0.91
|   |   |   |   |   |--- feature_6 <= 4.50
|   |   |   |   |   |   |--- feature_9 <= 0.01
|   |   |   |   |   |   |   |--- feature_1 <= 0.51
|   |   |   |   |   |   |   |   |--- class: REPAIR
|   |   |   |   |   |   |   |--- feature_1 >  0.51
|   |   |   |   |   |   |   |   |--- class: REHAB
|   |   |   |   |   |   |--- feature_9 >  0.01
|   |   |   |   |   |   |   |--- feature_4 <= 0.00
|   |   |   |   |   |   |   |   |--- class: REPAIR
|   |   |   |   |   |   |   |--- feature_4 >  0.00
|   |   |   |   |   |   |   |   |--- feature_0 <= 0.34
|   |   |   |   |   |   |   |   |   |--- feature_1 <= 0.36
|   |   |   |   |   |   |   |   |   |   |--- class: REPAIR
|   |   |   |   |   |   |   |   |   |--- feature_1 >  0.36
|   |   |   |   |   |   |   |   |   |   |--- feature_5 <= 0.34
|   |   |   |   |   |   |   |   |   |   |   |--- class: REHAB
|   |   |   |   |   |   |   |   |   |   |--- feature_5 >  0.34
|   |   |   |   |   |   |   |   |   |   |   |--- class: REPAIR
|   |   |   |   |   |   |   |   |--- feature_0 >  0.34
|   |   |   |   |   |   |   |   |   |--- class: REHAB
|   |   |   |   |   |--- feature_6 >  4.50
|   |   |   |   |   |   |--- feature_0 <= 0.27
|   |   |   |   |   |   |   |--- class: REHAB
|   |   |   |   |   |   |--- feature_0 >  0.27
|   |   |   |   |   |   |   |--- feature_3 <= 0.33
|   |   |   |   |   |   |   |   |--- class: REPLACE
|   |   |   |   |   |   |   |--- feature_3 >  0.33
|   |   |   |   |   |   |   |   |--- class: REPAIR
|   |   |   |   |--- feature_5 >  0.91
|   |   |   |   |   |--- feature_4 <= 0.03
|   |   |   |   |   |   |--- class: REPAIR
|   |   |   |   |   |--- feature_4 >  0.03
|   |   |   |   |   |   |--- class: REPLACE
|   |--- feature_1 >  0.57
|   |   |--- feature_2 <= 0.51
|   |   |   |--- class: REHAB
|   |   |--- feature_2 >  0.51
|   |   |   |--- feature_1 <= 0.97
|   |   |   |   |--- class: REPAIR
|   |   |   |--- feature_1 >  0.97
|   |   |   |   |--- feature_3 <= 0.92
|   |   |   |   |   |--- class: REPLACE
|   |   |   |   |--- feature_3 >  0.92
|   |   |   |   |   |--- class: REPAIR
