|--- feature_1 <= 0.42
|   |--- feature_2 <= 0.40
|   |   |--- feature_3 <= 0.58
|   |   |   |--- feature_9 <= 0.28
|   |   |   |   |--- class: REPLACE
|   |   |   |--- feature_9 >  0.28
|   |   |   |   |--- feature_6 <= 1.50
|   |   |   |   |   |--- class: REPAIR
|   |   |   |   |--- feature_6 >  1.50
|   |   |   |   |   |--- class: REPLACE
|   |   |--- feature_3 >  0.58
|   |   |   |--- feature_4 <= 0.01
|   |   |   |   |--- feature_4 <= 0.01
|   |   |   |   |   |--- class: REPLACE
|   |   |   |   |--- feature_4 >  0.01
|   |   |   |   |   |--- class: REPAIR
|   |   |   |--- feature_4 >  0.01
|   |   |   |   |--- feature_7 <= 3.00
|   |   |   |   |   |--- class: REPLACE
|   |   |   |   |--- feature_7 >  3.00
|   |   |   |   |   |--- class: REPLACE
|   |--- feature_2 >  0.40
|   |   |--- feature_0 <= 0.58
|   |   |   |--- feature_1 <= 0.29
|   |   |   |   |--- class: REPLACE
|   |   |   |--- feature_1 >  0.29
|   |   |   |   |--- feature_5 <= 0.16
|   |   |   |   |   |--- class: REPLACE
|   |   |   |   |--- feature_5 >  0.16
|   |   |   |   |   |--- class: REHAB
|   |   |--- feature_0 >  0.58
|   |   |   |--- feature_10 <= 0.25
|   |   |   |   |--- class: REPAIR
|   |   |   |--- feature_10 >  0.25
|   |   |   |   |--- class: REPLACE
|--- feature_1 >  0.42
|   |--- feature_0 <= 0.49
|   |   |--- feature_4 <= 0.00
|   |   |   |--- feature_1 <= 0.47
|   |   |   |   |--- class: REPLACE
|   |   |   |--- feature_1 >  0.47
|   |   |   |   |--- class: REPAIR
|   |   |--- feature_4 >  0.00
|   |   |   |--- feature_4 <= 0.04
|   |   |   |   |--- feature_5 <= 0.33
|   |   |   |   |   |--- class: REHAB
|   |   |   |   |--- feature_5 >  0.33
|   |   |   |   |   |--- class: REPAIR
|   |   |   |--- feature_4 >  0.04
|   |   |   |   |--- class: REPAIR
|   |--- feature_0 >  0.49
|   |   |--- feature_5 <= 0.43
|   |   |   |--- feature_3 <= 0.42
|   |   |   |   |--- feature_1 <= 0.60
|   |   |   |   |   |--- class: REPLACE
|   |   |   |   |--- feature_1 >  0.60
|   |   |   |   |   |--- class: REPAIR
|   |   |   |--- feature_3 >  0.42
|   |   |   |   |--- feature_1 <= 0.97
|   |   |   |   |   |--- class: REPAIR
|   |   |   |   |--- feature_1 >  0.97
|   |   |   |   |   |--- class: REPAIR
|   |   |--- feature_5 >  0.43
|   |   |   |--- feature_5 <= 0.91
|   |   |   |   |--- class: REHAB
|   |   |   |--- feature_5 >  0.91
|   |   |   |   |--- feature_4 <= 0.04
|   |   |   |   |   |--- class: REPAIR
|   |   |   |   |--- feature_4 >  0.04
|   |   |   |   |   |--- class: REPLACE
