|--- feature_7 <= 0.99
|   |--- feature_11 <= 0.02
|   |   |--- feature_7 <= 0.95
|   |   |   |--- feature_11 <= 0.02
|   |   |   |   |--- feature_11 <= 0.02
|   |   |   |   |   |--- feature_0 <= 0.66
|   |   |   |   |   |   |--- feature_12 <= 0.00
|   |   |   |   |   |   |   |--- feature_9 <= 0.00
|   |   |   |   |   |   |   |   |--- feature_0 <= 0.54
|   |   |   |   |   |   |   |   |   |--- class: negative
|   |   |   |   |   |   |   |   |--- feature_0 >  0.54
|   |   |   |   |   |   |   |   |   |--- feature_1 <= 0.00
|   |   |   |   |   |   |   |   |   |   |--- feature_4 <= 2.50
|   |   |   |   |   |   |   |   |   |   |   |--- truncated branch of depth 3
|   |   |   |   |   |   |   |   |   |   |--- feature_4 >  2.50
|   |   |   |   |   |   |   |   |   |   |   |--- class: positive
|   |   |   |   |   |   |   |   |   |--- feature_1 >  0.00
|   |   |   |   |   |   |   |   |   |   |--- feature_14 <= 0.18
|   |   |   |   |   |   |   |   |   |   |   |--- class: negative
|   |   |   |   |   |   |   |   |   |   |--- feature_14 >  0.18
|   |   |   |   |   |   |   |   |   |   |   |--- class: positive
|   |   |   |   |   |   |   |--- feature_9 >  0.00
|   |   |   |   |   |   |   |   |--- feature_14 <= 0.30
|   |   |   |   |   |   |   |   |   |--- class: positive
|   |   |   |   |   |   |   |   |--- feature_14 >  0.30
|   |   |   |   |   |   |   |   |   |--- feature_13 <= 0.12
|   |   |   |   |   |   |   |   |   |   |--- class: negative
|   |   |   |   |   |   |   |   |   |--- feature_13 >  0.12
|   |   |   |   |   |   |   |   |   |   |--- class: positive
|   |   |   |   |   |   |--- feature_12 >  0.00
|   |   |   |   |   |   |   |--- feature_9 <= 0.11
|   |   |   |   |   |   |   |   |--- feature_0 <= 0.32
|   |   |   |   |   |   |   |   |   |--- feature_7 <= 0.95
|   |   |   |   |   |   |   |   |   |   |--- class: negative
|   |   |   |   |   |   |   |   |   |--- feature_7 >  0.95
|   |   |   |   |   |   |   |   |   |   |--- class: positive
|   |   |   |   |   |   |   |   |--- feature_0 >  0.32
|   |   |   |   |   |   |   |   |   |--- feature_20 <= 6.50
|   |   |   |   |   |   |   |   |   |   |--- feature_0 <= 0.53
|   |   |   |   |   |   |   |   |   |   |   |--- class: negative
|   |   |   |   |   |   |   |   |   |   |--- feature_0 >  0.53
|   |   |   |   |   |   |   |   |   |   |   |--- truncated branch of depth 2
|   |   |   |   |   |   |   |   |   |--- feature_20 >  6.50
|   |   |   |   |   |   |   |   |   |   |--- class: positive
|   |   |   |   |   |   |   |--- feature_9 >  0.11
|   |   |   |   |   |   |   |   |--- class: negative
|   |   |   |   |   |--- feature_0 >  0.66
|   |   |   |   |   |   |--- feature_0 <= 0.93
|   |   |   |   |   |   |   |--- feature_0 <= 0.75
|   |   |   |   |   |   |   |   |--- feature_2 <= 0.08
|   |   |   |   |   |   |   |   |   |--- class: negative
|   |   |   |   |   |   |   |   |--- feature_2 >  0.08
|   |   |   |   |   |   |   |   |   |--- feature_8 <= 0.98
|   |   |   |   |   |   |   |   |   |   |--- class: negative
|   |   |   |   |   |   |   |   |   |--- feature_8 >  0.98
|   |   |   |   |   |   |   |   |   |   |--- class: positive
|   |   |   |   |   |   |   |--- feature_0 >  0.75
|   |   |   |   |   |   |   |   |--- class: negative
|   |   |   |   |   |   |--- feature_0 >  0.93
|   |   |   |   |   |   |   |--- feature_20 <= 3.50
|   |   |   |   |   |   |   |   |--- class: positive
|   |   |   |   |   |   |   |--- feature_20 >  3.50
|   |   |   |   |   |   |   |   |--- class: negative
|   |   |   |   |--- feature_11 >  0.02
|   |   |   |   |   |--- class: positive
|   |   |   |--- feature_11 >  0.02
|   |   |   |   |--- feature_7 <= 0.94
|   |   |   |   |   |--- feature_14 <= 0.48
|   |   |   |   |   |   |--- feature_3 <= 3.50
|   |   |   |   |   |   |   |--- class: negative
|   |   |   |   |   |   |--- feature_3 >  3.50
|   |   |   |   |   |   |   |--- feature_14 <= 0.33
|   |   |   |   |   |   |   |   |--- feature_0 <= 0.46
|   |   |   |   |   |   |   |   |   |--- class: negative
|   |   |   |   |   |   |   |   |--- feature_0 >  0.46
|   |   |   |   |   |   |   |   |   |--- class: positive
|   |   |   |   |   |   |   |--- feature_14 >  0.33
|   |   |   |   |   |   |   |   |--- class: negative
|   |   |   |   |   |--- feature_14 >  0.48
|   |   |   |   |   |   |--- feature_1 <= 0.06
|   |   |   |   |   |   |   |--- feature_1 <= 0.00
|   |   |   |   |   |   |   |   |--- feature_10 <= 0.00
|   |   |   |   |   |   |   |   |   |--- feature_2 <= 0.05
|   |   |   |   |   |   |   |   |   |   |--- class: positive
|   |   |   |   |   |   |   |   |   |--- feature_2 >  0.05
|   |   |   |   |   |   |   |   |   |   |--- feature_12 <= 0.00
|   |   |   |   |   |   |   |   |   |   |   |--- class: positive
|   |   |   |   |   |   |   |   |   |   |--- feature_12 >  0.00
|   |   |   |   |   |   |   |   |   |   |   |--- class: negative
|   |   |   |   |   |   |   |   |--- feature_10 >  0.00
|   |   |   |   |   |   |   |   |   |--- class: positive
|   |   |   |   |   |   |   |--- feature_1 >  0.00
|   |   |   |   |   |   |   |   |--- class: negative
|   |   |   |   |   |   |--- feature_1 >  0.06
|   |   |   |   |   |   |   |--- class: positive
|   |   |   |   |--- feature_7 >  0.94
|   |   |   |   |   |--- feature_14 <= 0.38
|   |   |   |   |   |   |--- class: negative
|   |   |   |   |   |--- feature_14 >  0.38
|   |   |   |   |   |   |--- feature_0 <= 0.87
|   |   |   |   |   |   |   |--- class: positive
|   |   |   |   |   |   |--- feature_0 >  0.87
|   |   |   |   |   |   |   |--- class: negative
|   |   |--- feature_7 >  0.95
|   |   |   |--- feature_2 <= 0.05
|   |   |   |   |--- feature_14 <= 0.08
|   |   |   |   |   |--- feature_2 <= 0.02
|   |   |   |   |   |   |--- class: negative
|   |   |   |   |   |--- feature_2 >  0.02
|   |   |   |   |   |   |--- class: positive
|   |   |   |   |--- feature_14 >  0.08
|   |   |   |   |   |--- feature_5 <= 37.15
|   |   |   |   |   |   |--- feature_8 <= 0.98
|   |   |   |   |   |   |   |--- class: negative
|   |   |   |   |   |   |--- feature_8 >  0.98
|   |   |   |   |   |   |   |--- feature_8 <= 0.98
|   |   |   |   |   |   |   |   |--- class: positive
|   |   |   |   |   |   |   |--- feature_8 >  0.98
|   |   |   |   |   |   |   |   |--- class: negative
|   |   |   |   |   |--- feature_5 >  37.15
|   |   |   |   |   |   |--- class: positive
|   |   |   |--- feature_2 >  0.05
|   |   |   |   |--- feature_9 <= 0.00
|   |   |   |   |   |--- feature_2 <= 0.05
|   |   |   |   |   |   |--- class: positive
|   |   |   |   |   |--- feature_2 >  0.05
|   |   |   |   |   |   |--- feature_8 <= 0.99
|   |   |   |   |   |   |   |--- feature_1 <= 0.01
|   |   |   |   |   |   |   |   |--- feature_8 <= 0.96
|   |   |   |   |   |   |   |   |   |--- feature_12 <= 0.01
|   |   |   |   |   |   |   |   |   |   |--- feature_8 <= 0.96
|   |   |   |   |   |   |   |   |   |   |   |--- class: negative
|   |   |   |   |   |   |   |   |   |   |--- feature_8 >  0.96
|   |   |   |   |   |   |   |   |   |   |   |--- class: positive
|   |   |   |   |   |   |   |   |   |--- feature_12 >  0.01
|   |   |   |   |   |   |   |   |   |   |--- class: positive
|   |   |   |   |   |   |   |   |--- feature_8 >  0.96
|   |   |   |   |   |   |   |   |   |--- class: negative
|   |   |   |   |   |   |   |--- feature_1 >  0.01
|   |   |   |   |   |   |   |   |--- feature_1 <= 0.01
|   |   |   |   |   |   |   |   |   |--- class: positive
|   |   |   |   |   |   |   |   |--- feature_1 >  0.01
|   |   |   |   |   |   |   |   |   |--- feature_1 <= 0.03
|   |   |   |   |   |   |   |   |   |   |--- feature_2 <= 0.11
|   |   |   |   |   |   |   |   |   |   |   |--- truncated branch of depth 3
|   |   |   |   |   |   |   |   |   |   |--- feature_2 >  0.11
|   |   |   |   |   |   |   |   |   |   |   |--- class: negative
|   |   |   |   |   |   |   |   |   |--- feature_1 >  0.03
|   |   |   |   |   |   |   |   |   |   |--- class: negative
|   |   |   |   |   |   |--- feature_8 >  0.99
|   |   |   |   |   |   |   |--- class: positive
|   |   |   |   |--- feature_9 >  0.00
|   |   |   |   |   |--- feature_13 <= 0.23
|   |   |   |   |   |   |--- feature_8 <= 0.98
|   |   |   |   |   |   |   |--- feature_2 <= 0.08
|   |   |   |   |   |   |   |   |--- feature_0 <= 0.88
|   |   |   |   |   |   |   |   |   |--- feature_8 <= 0.96
|   |   |   |   |   |   |   |   |   |   |--- feature_2 <= 0.07
|   |   |   |   |   |   |   |   |   |   |   |--- truncated branch of depth 3
|   |   |   |   |   |   |   |   |   |   |--- feature_2 >  0.07
|   |   |   |   |   |   |   |   |   |   |   |--- class: positive
|   |   |   |   |   |   |   |   |   |--- feature_8 >  0.96
|   |   |   |   |   |   |   |   |   |   |--- class: negative
|   |   |   |   |   |   |   |   |--- feature_0 >  0.88
|   |   |   |   |   |   |   |   |   |--- feature_7 <= 0.97
|   |   |   |   |   |   |   |   |   |   |--- class: negative
|   |   |   |   |   |   |   |   |   |--- feature_7 >  0.97
|   |   |   |   |   |   |   |   |   |   |--- feature_15 <= 0.83
|   |   |   |   |   |   |   |   |   |   |   |--- truncated branch of depth 2
|   |   |   |   |   |   |   |   |   |   |--- feature_15 >  0.83
|   |   |   |   |   |   |   |   |   |   |   |--- truncated branch of depth 2
|   |   |   |   |   |   |   |--- feature_2 >  0.08
|   |   |   |   |   |   |   |   |--- feature_0 <= 0.84
|   |   |   |   |   |   |   |   |   |--- feature_1 <= 0.00
|   |   |   |   |   |   |   |   |   |   |--- class: negative
|   |   |   |   |   |   |   |   |   |--- feature_1 >  0.00
|   |   |   |   |   |   |   |   |   |   |--- class: positive
|   |   |   |   |   |   |   |   |--- feature_0 >  0.84
|   |   |   |   |   |   |   |   |   |--- class: negative
|   |   |   |   |   |   |--- feature_8 >  0.98
|   |   |   |   |   |   |   |--- class: negative
|   |   |   |   |   |--- feature_13 >  0.23
|   |   |   |   |   |   |--- class: negative
|   |--- feature_11 >  0.02
|   |   |--- feature_11 <= 0.02
|   |   |   |--- class: positive
|   |   |--- feature_11 >  0.02
|   |   |   |--- feature_11 <= 0.02
|   |   |   |   |--- feature_20 <= 10.50
|   |   |   |   |   |--- feature_19 <= 1.50
|   |   |   |   |   |   |--- feature_0 <= 0.73
|   |   |   |   |   |   |   |--- feature_1 <= 0.00
|   |   |   |   |   |   |   |   |--- feature_8 <= 0.97
|   |   |   |   |   |   |   |   |   |--- feature_1 <= 0.00
|   |   |   |   |   |   |   |   |   |   |--- class: negative
|   |   |   |   |   |   |   |   |   |--- feature_1 >  0.00
|   |   |   |   |   |   |   |   |   |   |--- class: positive
|   |   |   |   |   |   |   |   |--- feature_8 >  0.97
|   |   |   |   |   |   |   |   |   |--- class: negative
|   |   |   |   |   |   |   |--- feature_1 >  0.00
|   |   |   |   |   |   |   |   |--- feature_12 <= 0.01
|   |   |   |   |   |   |   |   |   |--- feature_7 <= 0.92
|   |   |   |   |   |   |   |   |   |   |--- feature_0 <= 0.64
|   |   |   |   |   |   |   |   |   |   |   |--- class: negative
|   |   |   |   |   |   |   |   |   |   |--- feature_0 >  0.64
|   |   |   |   |   |   |   |   |   |   |   |--- class: positive
|   |   |   |   |   |   |   |   |   |--- feature_7 >  0.92
|   |   |   |   |   |   |   |   |   |   |--- feature_7 <= 0.97
|   |   |   |   |   |   |   |   |   |   |   |--- truncated branch of depth 6
|   |   |   |   |   |   |   |   |   |   |--- feature_7 >  0.97
|   |   |   |   |   |   |   |   |   |   |   |--- class: negative
|   |   |   |   |   |   |   |   |--- feature_12 >  0.01
|   |   |   |   |   |   |   |   |   |--- class: negative
|   |   |   |   |   |   |--- feature_0 >  0.73
|   |   |   |   |   |   |   |--- feature_1 <= 0.00
|   |   |   |   |   |   |   |   |--- class: negative
|   |   |   |   |   |   |   |--- feature_1 >  0.00
|   |   |   |   |   |   |   |   |--- feature_1 <= 0.00
|   |   |   |   |   |   |   |   |   |--- class: positive
|   |   |   |   |   |   |   |   |--- feature_1 >  0.00
|   |   |   |   |   |   |   |   |   |--- feature_14 <= 0.81
|   |   |   |   |   |   |   |   |   |   |--- feature_9 <= 0.22
|   |   |   |   |   |   |   |   |   |   |   |--- truncated branch of depth 6
|   |   |   |   |   |   |   |   |   |   |--- feature_9 >  0.22
|   |   |   |   |   |   |   |   |   |   |   |--- class: negative
|   |   |   |   |   |   |   |   |   |--- feature_14 >  0.81
|   |   |   |   |   |   |   |   |   |   |--- class: positive
|   |   |   |   |   |--- feature_19 >  1.50
|   |   |   |   |   |   |--- feature_7 <= 0.99
|   |   |   |   |   |   |   |--- class: negative
|   |   |   |   |   |   |--- feature_7 >  0.99
|   |   |   |   |   |   |   |--- feature_3 <= 6.00
|   |   |   |   |   |   |   |   |--- class: positive
|   |   |   |   |   |   |   |--- feature_3 >  6.00
|   |   |   |   |   |   |   |   |--- class: negative
|   |   |   |   |--- feature_20 >  10.50
|   |   |   |   |   |--- feature_1 <= 0.00
|   |   |   |   |   |   |--- class: positive
|   |   |   |   |   |--- feature_1 >  0.00
|   |   |   |   |   |   |--- class: negative
|   |   |   |--- feature_11 >  0.02
|   |   |   |   |--- feature_11 <= 0.02
|   |   |   |   |   |--- class: positive
|   |   |   |   |--- feature_11 >  0.02
|   |   |   |   |   |--- feature_11 <= 0.02
|   |   |   |   |   |   |--- feature_12 <= 0.01
|   |   |   |   |   |   |   |--- feature_13 <= 0.26
|   |   |   |   |   |   |   |   |--- feature_14 <= 0.61
|   |   |   |   |   |   |   |   |   |--- feature_7 <= 0.99
|   |   |   |   |   |   |   |   |   |   |--- feature_16 <= 0.03
|   |   |   |   |   |   |   |   |   |   |   |--- truncated branch of depth 3
|   |   |   |   |   |   |   |   |   |   |--- feature_16 >  0.03
|   |   |   |   |   |   |   |   |   |   |   |--- truncated branch of depth 8
|   |   |   |   |   |   |   |   |   |--- feature_7 >  0.99
|   |   |   |   |   |   |   |   |   |   |--- feature_12 <= 0.01
|   |   |   |   |   |   |   |   |   |   |   |--- class: positive
|   |   |   |   |   |   |   |   |   |   |--- feature_12 >  0.01
|   |   |   |   |   |   |   |   |   |   |   |--- class: negative
|   |   |   |   |   |   |   |   |--- feature_14 >  0.61
|   |   |   |   |   |   |   |   |   |--- class: positive
|   |   |   |   |   |   |   |--- feature_13 >  0.26
|   |   |   |   |   |   |   |   |--- class: negative
|   |   |   |   |   |   |--- feature_12 >  0.01
|   |   |   |   |   |   |   |--- class: negative
|   |   |   |   |   |--- feature_11 >  0.02
|   |   |   |   |   |   |--- feature_11 <= 0.03
|   |   |   |   |   |   |   |--- class: positive
|   |   |   |   |   |   |--- feature_11 >  0.03
|   |   |   |   |   |   |   |--- feature_11 <= 0.03
|   |   |   |   |   |   |   |   |--- feature_1 <= 0.05
|   |   |   |   |   |   |   |   |   |--- feature_14 <= 0.55
|   |   |   |   |   |   |   |   |   |   |--- feature_7 <= 0.95
|   |   |   |   |   |   |   |   |   |   |   |--- truncated branch of depth 8
|   |   |   |   |   |   |   |   |   |   |--- feature_7 >  0.95
|   |   |   |   |   |   |   |   |   |   |   |--- truncated branch of depth 5
|   |   |   |   |   |   |   |   |   |--- feature_14 >  0.55
|   |   |   |   |   |   |   |   |   |   |--- feature_14 <= 0.58
|   |   |   |   |   |   |   |   |   |   |   |--- class: positive
|   |   |   |   |   |   |   |   |   |   |--- feature_14 >  0.58
|   |   |   |   |   |   |   |   |   |   |   |--- truncated branch of depth 5
|   |   |   |   |   |   |   |   |--- feature_1 >  0.05
|   |   |   |   |   |   |   |   |   |--- class: negative
|   |   |   |   |   |   |   |--- feature_11 >  0.03
|   |   |   |   |   |   |   |   |--- feature_11 <= 0.03
|   |   |   |   |   |   |   |   |   |--- class: positive
|   |   |   |   |   |   |   |   |--- feature_11 >  0.03
|   |   |   |   |   |   |   |   |   |--- feature_2 <= 0.12
|   |   |   |   |   |   |   |   |   |   |--- feature_2 <= 0.08
|   |   |   |   |   |   |   |   |   |   |   |--- truncated branch of depth 15
|   |   |   |   |   |   |   |   |   |   |--- feature_2 >  0.08
|   |   |   |   |   |   |   |   |   |   |   |--- truncated branch of depth 11
|   |   |   |   |   |   |   |   |   |--- feature_2 >  0.12
|   |   |   |   |   |   |   |   |   |   |--- feature_9 <= 0.15
|   |   |   |   |   |   |   |   |   |   |   |--- truncated branch of depth 15
|   |   |   |   |   |   |   |   |   |   |--- feature_9 >  0.15
|   |   |   |   |   |   |   |   |   |   |   |--- truncated branch of depth 14
|--- feature_7 >  0.99
|   |--- feature_2 <= 0.08
|   |   |--- feature_8 <= 0.96
|   |   |   |--- feature_14 <= 0.46
|   |   |   |   |--- feature_0 <= 0.87
|   |   |   |   |   |--- feature_7 <= 1.00
|   |   |   |   |   |   |--- feature_12 <= 0.01
|   |   |   |   |   |   |   |--- feature_2 <= 0.05
|   |   |   |   |   |   |   |   |--- class: positive
|   |   |   |   |   |   |   |--- feature_2 >  0.05
|   |   |   |   |   |   |   |   |--- feature_15 <= 0.69
|   |   |   |   |   |   |   |   |   |--- class: positive
|   |   |   |   |   |   |   |   |--- feature_15 >  0.69
|   |   |   |   |   |   |   |   |   |--- class: negative
|   |   |   |   |   |   |--- feature_12 >  0.01
|   |   |   |   |   |   |   |--- class: positive
|   |   |   |   |   |--- feature_7 >  1.00
|   |   |   |   |   |   |--- feature_13 <= 0.15
|   |   |   |   |   |   |   |--- class: positive
|   |   |   |   |   |   |--- feature_13 >  0.15
|   |   |   |   |   |   |   |--- class: negative
|   |   |   |   |--- feature_0 >  0.87
|   |   |   |   |   |--- class: negative
|   |   |   |--- feature_14 >  0.46
|   |   |   |   |--- class: negative
|   |   |--- feature_8 >  0.96
|   |   |   |--- feature_0 <= 0.67
|   |   |   |   |--- feature_9 <= 0.05
|   |   |   |   |   |--- class: negative
|   |   |   |   |--- feature_9 >  0.05
|   |   |   |   |   |--- feature_11 <= 0.04
|   |   |   |   |   |   |--- class: negative
|   |   |   |   |   |--- feature_11 >  0.04
|   |   |   |   |   |   |--- class: positive
|   |   |   |--- feature_0 >  0.67
|   |   |   |   |--- class: negative
|   |--- feature_2 >  0.08
|   |   |--- class: negative
