|--- feature_7 <= 0.99
|   |--- feature_11 <= 0.02
|   |   |--- feature_7 <= 0.95
|   |   |   |--- feature_11 <= 0.02
|   |   |   |   |--- feature_12 <= 0.00
|   |   |   |   |   |--- feature_14 <= 0.27
|   |   |   |   |   |   |--- feature_9 <= 0.00
|   |   |   |   |   |   |   |--- feature_2 <= 0.05
|   |   |   |   |   |   |   |   |--- feature_1 <= 0.00
|   |   |   |   |   |   |   |   |   |--- class: negative
|   |   |   |   |   |   |   |   |--- feature_1 >  0.00
|   |   |   |   |   |   |   |   |   |--- class: positive
|   |   |   |   |   |   |   |--- feature_2 >  0.05
|   |   |   |   |   |   |   |   |--- feature_2 <= 0.08
|   |   |   |   |   |   |   |   |   |--- class: negative
|   |   |   |   |   |   |   |   |--- feature_2 >  0.08
|   |   |   |   |   |   |   |   |   |--- class: positive
|   |   |   |   |   |   |--- feature_9 >  0.00
|   |   |   |   |   |   |   |--- class: positive
|   |   |   |   |   |--- feature_14 >  0.27
|   |   |   |   |   |   |--- feature_0 <= 0.93
|   |   |   |   |   |   |   |--- feature_1 <= 0.01
|   |   |   |   |   |   |   |   |--- feature_11 <= 0.02
|   |   |   |   |   |   |   |   |   |--- feature_7 <= 0.90
|   |   |   |   |   |   |   |   |   |   |--- class: positive
|   |   |   |   |   |   |   |   |   |--- feature_7 >  0.90
|   |   |   |   |   |   |   |   |   |   |--- feature_20 <= 16.50
|   |   |   |   |   |   |   |   |   |   |   |--- truncated branch of depth 3
|   |   |   |   |   |   |   |   |   |   |--- feature_20 >  16.50
|   |   |   |   |   |   |   |   |   |   |   |--- truncated branch of depth 2
|   |   |   |   |   |   |   |   |--- feature_11 >  0.02
|   |   |   |   |   |   |   |   |   |--- class: positive
|   |   |   |   |   |   |   |--- feature_1 >  0.01
|   |   |   |   |   |   |   |   |--- class: positive
|   |   |   |   |   |   |--- feature_0 >  0.93
|   |   |   |   |   |   |   |--- feature_8 <= 0.99
|   |   |   |   |   |   |   |   |--- class: positive
|   |   |   |   |   |   |   |--- feature_8 >  0.99
|   |   |   |   |   |   |   |   |--- class: negative
|   |   |   |   |--- feature_12 >  0.00
|   |   |   |   |   |--- feature_10 <= 0.06
|   |   |   |   |   |   |--- feature_11 <= 0.01
|   |   |   |   |   |   |   |--- feature_7 <= 0.94
|   |   |   |   |   |   |   |   |--- class: negative
|   |   |   |   |   |   |   |--- feature_7 >  0.94
|   |   |   |   |   |   |   |   |--- class: positive
|   |   |   |   |   |   |--- feature_11 >  0.01
|   |   |   |   |   |   |   |--- feature_8 <= 0.99
|   |   |   |   |   |   |   |   |--- feature_1 <= 0.01
|   |   |   |   |   |   |   |   |   |--- feature_14 <= 0.08
|   |   |   |   |   |   |   |   |   |   |--- feature_16 <= 0.02
|   |   |   |   |   |   |   |   |   |   |   |--- class: positive
|   |   |   |   |   |   |   |   |   |   |--- feature_16 >  0.02
|   |   |   |   |   |   |   |   |   |   |   |--- class: negative
|   |   |   |   |   |   |   |   |   |--- feature_14 >  0.08
|   |   |   |   |   |   |   |   |   |   |--- feature_0 <= 0.92
|   |   |   |   |   |   |   |   |   |   |   |--- truncated branch of depth 3
|   |   |   |   |   |   |   |   |   |   |--- feature_0 >  0.92
|   |   |   |   |   |   |   |   |   |   |   |--- truncated branch of depth 2
|   |   |   |   |   |   |   |   |--- feature_1 >  0.01
|   |   |   |   |   |   |   |   |   |--- class: negative
|   |   |   |   |   |   |   |--- feature_8 >  0.99
|   |   |   |   |   |   |   |   |--- class: negative
|   |   |   |   |   |--- feature_10 >  0.06
|   |   |   |   |   |   |--- feature_7 <= 0.94
|   |   |   |   |   |   |   |--- class: negative
|   |   |   |   |   |   |--- feature_7 >  0.94
|   |   |   |   |   |   |   |--- class: positive
|   |   |   |--- feature_11 >  0.02
|   |   |   |   |--- feature_7 <= 0.94
|   |   |   |   |   |--- feature_13 <= 0.26
|   |   |   |   |   |   |--- feature_14 <= 0.66
|   |   |   |   |   |   |   |--- feature_7 <= 0.91
|   |   |   |   |   |   |   |   |--- feature_2 <= 0.05
|   |   |   |   |   |   |   |   |   |--- class: negative
|   |   |   |   |   |   |   |   |--- feature_2 >  0.05
|   |   |   |   |   |   |   |   |   |--- class: positive
|   |   |   |   |   |   |   |--- feature_7 >  0.91
|   |   |   |   |   |   |   |   |--- feature_2 <= 0.01
|   |   |   |   |   |   |   |   |   |--- feature_12 <= 0.00
|   |   |   |   |   |   |   |   |   |   |--- class: negative
|   |   |   |   |   |   |   |   |   |--- feature_12 >  0.00
|   |   |   |   |   |   |   |   |   |   |--- class: positive
|   |   |   |   |   |   |   |   |--- feature_2 >  0.01
|   |   |   |   |   |   |   |   |   |--- feature_14 <= 0.48
|   |   |   |   |   |   |   |   |   |   |--- class: negative
|   |   |   |   |   |   |   |   |   |--- feature_14 >  0.48
|   |   |   |   |   |   |   |   |   |   |--- feature_2 <= 0.05
|   |   |   |   |   |   |   |   |   |   |   |--- class: positive
|   |   |   |   |   |   |   |   |   |   |--- feature_2 >  0.05
|   |   |   |   |   |   |   |   |   |   |   |--- class: negative
|   |   |   |   |   |   |--- feature_14 >  0.66
|   |   |   |   |   |   |   |--- feature_1 <= 0.00
|   |   |   |   |   |   |   |   |--- feature_8 <= 0.00
|   |   |   |   |   |   |   |   |   |--- class: negative
|   |   |   |   |   |   |   |   |--- feature_8 >  0.00
|   |   |   |   |   |   |   |   |   |--- class: positive
|   |   |   |   |   |   |   |--- feature_1 >  0.00
|   |   |   |   |   |   |   |   |--- class: negative
|   |   |   |   |   |--- feature_13 >  0.26
|   |   |   |   |   |   |--- class: positive
|   |   |   |   |--- feature_7 >  0.94
|   |   |   |   |   |--- feature_0 <= 0.69
|   |   |   |   |   |   |--- class: negative
|   |   |   |   |   |--- feature_0 >  0.69
|   |   |   |   |   |   |--- feature_9 <= 0.08
|   |   |   |   |   |   |   |--- class: positive
|   |   |   |   |   |   |--- feature_9 >  0.08
|   |   |   |   |   |   |   |--- class: negative
|   |   |--- feature_7 >  0.95
|   |   |   |--- feature_2 <= 0.12
|   |   |   |   |--- feature_8 <= 0.96
|   |   |   |   |   |--- feature_3 <= 6.50
|   |   |   |   |   |   |--- feature_8 <= 0.96
|   |   |   |   |   |   |   |--- feature_14 <= 0.66
|   |   |   |   |   |   |   |   |--- feature_9 <= 0.33
|   |   |   |   |   |   |   |   |   |--- class: negative
|   |   |   |   |   |   |   |   |--- feature_9 >  0.33
|   |   |   |   |   |   |   |   |   |--- feature_8 <= 0.96
|   |   |   |   |   |   |   |   |   |   |--- feature_7 <= 0.99
|   |   |   |   |   |   |   |   |   |   |   |--- class: negative
|   |   |   |   |   |   |   |   |   |   |--- feature_7 >  0.99
|   |   |   |   |   |   |   |   |   |   |   |--- class: positive
|   |   |   |   |   |   |   |   |   |--- feature_8 >  0.96
|   |   |   |   |   |   |   |   |   |   |--- class: positive
|   |   |   |   |   |   |   |--- feature_14 >  0.66
|   |   |   |   |   |   |   |   |--- feature_14 <= 0.71
|   |   |   |   |   |   |   |   |   |--- feature_7 <= 0.97
|   |   |   |   |   |   |   |   |   |   |--- class: positive
|   |   |   |   |   |   |   |   |   |--- feature_7 >  0.97
|   |   |   |   |   |   |   |   |   |   |--- class: negative
|   |   |   |   |   |   |   |   |--- feature_14 >  0.71
|   |   |   |   |   |   |   |   |   |--- feature_0 <= 0.94
|   |   |   |   |   |   |   |   |   |   |--- class: negative
|   |   |   |   |   |   |   |   |   |--- feature_0 >  0.94
|   |   |   |   |   |   |   |   |   |   |--- class: positive
|   |   |   |   |   |   |--- feature_8 >  0.96
|   |   |   |   |   |   |   |--- feature_1 <= 0.01
|   |   |   |   |   |   |   |   |--- feature_11 <= 0.01
|   |   |   |   |   |   |   |   |   |--- class: positive
|   |   |   |   |   |   |   |   |--- feature_11 >  0.01
|   |   |   |   |   |   |   |   |   |--- feature_11 <= 0.02
|   |   |   |   |   |   |   |   |   |   |--- class: negative
|   |   |   |   |   |   |   |   |   |--- feature_11 >  0.02
|   |   |   |   |   |   |   |   |   |   |--- feature_0 <= 0.80
|   |   |   |   |   |   |   |   |   |   |   |--- truncated branch of depth 2
|   |   |   |   |   |   |   |   |   |   |--- feature_0 >  0.80
|   |   |   |   |   |   |   |   |   |   |   |--- class: negative
|   |   |   |   |   |   |   |--- feature_1 >  0.01
|   |   |   |   |   |   |   |   |--- feature_7 <= 0.98
|   |   |   |   |   |   |   |   |   |--- class: positive
|   |   |   |   |   |   |   |   |--- feature_7 >  0.98
|   |   |   |   |   |   |   |   |   |--- class: negative
|   |   |   |   |   |--- feature_3 >  6.50
|   |   |   |   |   |   |--- feature_8 <= 0.96
|   |   |   |   |   |   |   |--- feature_8 <= 0.96
|   |   |   |   |   |   |   |   |--- class: negative
|   |   |   |   |   |   |   |--- feature_8 >  0.96
|   |   |   |   |   |   |   |   |--- feature_7 <= 0.99
|   |   |   |   |   |   |   |   |   |--- class: positive
|   |   |   |   |   |   |   |   |--- feature_7 >  0.99
|   |   |   |   |   |   |   |   |   |--- class: negative
|   |   |   |   |   |   |--- feature_8 >  0.96
|   |   |   |   |   |   |   |--- class: negative
|   |   |   |   |--- feature_8 >  0.96
|   |   |   |   |   |--- feature_5 <= 19.88
|   |   |   |   |   |   |--- feature_15 <= 0.33
|   |   |   |   |   |   |   |--- feature_15 <= 0.25
|   |   |   |   |   |   |   |   |--- feature_7 <= 0.95
|   |   |   |   |   |   |   |   |   |--- class: positive
|   |   |   |   |   |   |   |   |--- feature_7 >  0.95
|   |   |   |   |   |   |   |   |   |--- class: negative
|   |   |   |   |   |   |   |--- feature_15 >  0.25
|   |   |   |   |   |   |   |   |--- class: positive
|   |   |   |   |   |   |--- feature_15 >  0.33
|   |   |   |   |   |   |   |--- feature_8 <= 0.99
|   |   |   |   |   |   |   |   |--- feature_16 <= 0.04
|   |   |   |   |   |   |   |   |   |--- feature_12 <= 0.02
|   |   |   |   |   |   |   |   |   |   |--- feature_0 <= 0.98
|   |   |   |   |   |   |   |   |   |   |   |--- truncated branch of depth 9
|   |   |   |   |   |   |   |   |   |   |--- feature_0 >  0.98
|   |   |   |   |   |   |   |   |   |   |   |--- class: positive
|   |   |   |   |   |   |   |   |   |--- feature_12 >  0.02
|   |   |   |   |   |   |   |   |   |   |--- class: positive
|   |   |   |   |   |   |   |   |--- feature_16 >  0.04
|   |   |   |   |   |   |   |   |   |--- class: positive
|   |   |   |   |   |   |   |--- feature_8 >  0.99
|   |   |   |   |   |   |   |   |--- feature_13 <= 0.11
|   |   |   |   |   |   |   |   |   |--- class: negative
|   |   |   |   |   |   |   |   |--- feature_13 >  0.11
|   |   |   |   |   |   |   |   |   |--- class: positive
|   |   |   |   |   |--- feature_5 >  19.88
|   |   |   |   |   |   |--- class: positive
|   |   |   |--- feature_2 >  0.12
|   |   |   |   |--- feature_3 <= 1.50
|   |   |   |   |   |--- class: positive
|   |   |   |   |--- feature_3 >  1.50
|   |   |   |   |   |--- class: negative
|   |--- feature_11 >  0.02
|   |   |--- feature_11 <= 0.02
|   |   |   |--- class: positive
|   |   |--- feature_11 >  0.02
|   |   |   |--- feature_11 <= 0.02
|   |   |   |   |--- feature_20 <= 10.50
|   |   |   |   |   |--- feature_8 <= 0.00
|   |   |   |   |   |   |--- feature_12 <= 0.01
|   |   |   |   |   |   |   |--- feature_0 <= 0.80
|   |   |   |   |   |   |   |   |--- feature_9 <= 0.13
|   |   |   |   |   |   |   |   |   |--- class: negative
|   |   |   |   |   |   |   |   |--- feature_9 >  0.13
|   |   |   |   |   |   |   |   |   |--- feature_0 <= 0.58
|   |   |   |   |   |   |   |   |   |   |--- class: negative
|   |   |   |   |   |   |   |   |   |--- feature_0 >  0.58
|   |   |   |   |   |   |   |   |   |   |--- class: positive
|   |   |   |   |   |   |   |--- feature_0 >  0.80
|   |   |   |   |   |   |   |   |--- feature_8 <= 0.00
|   |   |   |   |   |   |   |   |   |--- class: negative
|   |   |   |   |   |   |   |   |--- feature_8 >  0.00
|   |   |   |   |   |   |   |   |   |--- feature_0 <= 0.91
|   |   |   |   |   |   |   |   |   |   |--- class: positive
|   |   |   |   |   |   |   |   |   |--- feature_0 >  0.91
|   |   |   |   |   |   |   |   |   |   |--- class: negative
|   |   |   |   |   |   |--- feature_12 >  0.01
|   |   |   |   |   |   |   |--- class: negative
|   |   |   |   |   |--- feature_8 >  0.00
|   |   |   |   |   |   |--- feature_0 <= 0.53
|   |   |   |   |   |   |   |--- feature_7 <= 0.94
|   |   |   |   |   |   |   |   |--- feature_0 <= 0.47
|   |   |   |   |   |   |   |   |   |--- class: negative
|   |   |   |   |   |   |   |   |--- feature_0 >  0.47
|   |   |   |   |   |   |   |   |   |--- class: positive
|   |   |   |   |   |   |   |--- feature_7 >  0.94
|   |   |   |   |   |   |   |   |--- class: negative
|   |   |   |   |   |   |--- feature_0 >  0.53
|   |   |   |   |   |   |   |--- feature_14 <= 0.18
|   |   |   |   |   |   |   |   |--- feature_9 <= 0.17
|   |   |   |   |   |   |   |   |   |--- class: negative
|   |   |   |   |   |   |   |   |--- feature_9 >  0.17
|   |   |   |   |   |   |   |   |   |--- class: positive
|   |   |   |   |   |   |   |--- feature_14 >  0.18
|   |   |   |   |   |   |   |   |--- feature_7 <= 0.99
|   |   |   |   |   |   |   |   |   |--- feature_3 <= 3.50
|   |   |   |   |   |   |   |   |   |   |--- feature_2 <= 0.09
|   |   |   |   |   |   |   |   |   |   |   |--- truncated branch of depth 6
|   |   |   |   |   |   |   |   |   |   |--- feature_2 >  0.09
|   |   |   |   |   |   |   |   |   |   |   |--- class: negative
|   |   |   |   |   |   |   |   |   |--- feature_3 >  3.50
|   |   |   |   |   |   |   |   |   |   |--- class: negative
|   |   |   |   |   |   |   |   |--- feature_7 >  0.99
|   |   |   |   |   |   |   |   |   |--- feature_0 <= 0.89
|   |   |   |   |   |   |   |   |   |   |--- class: positive
|   |   |   |   |   |   |   |   |   |--- feature_0 >  0.89
|   |   |   |   |   |   |   |   |   |   |--- class: negative
|   |   |   |   |--- feature_20 >  10.50
|   |   |   |   |   |--- feature_1 <= 0.00
|   |   |   |   |   |   |--- class: positive
|   |   |   |   |   |--- feature_1 >  0.00
|   |   |   |   |   |   |--- class: negative
|   |   |   |--- feature_11 >  0.02
|   |   |   |   |--- feature_11 <= 0.02
|   |   |   |   |   |--- class: positive
|   |   |   |   |--- feature_11 >  0.02
|   |   |   |   |   |--- feature_11 <= 0.02
|   |   |   |   |   |   |--- feature_16 <= 0.03
|   |   |   |   |   |   |   |--- feature_14 <= 0.30
|   |   |   |   |   |   |   |   |--- class: negative
|   |   |   |   |   |   |   |--- feature_14 >  0.30
|   |   |   |   |   |   |   |   |--- feature_12 <= 0.00
|   |   |   |   |   |   |   |   |   |--- class: positive
|   |   |   |   |   |   |   |   |--- feature_12 >  0.00
|   |   |   |   |   |   |   |   |   |--- class: negative
|   |   |   |   |   |   |--- feature_16 >  0.03
|   |   |   |   |   |   |   |--- feature_0 <= 0.91
|   |   |   |   |   |   |   |   |--- feature_7 <= 0.99
|   |   |   |   |   |   |   |   |   |--- feature_7 <= 0.95
|   |   |   |   |   |   |   |   |   |   |--- feature_7 <= 0.95
|   |   |   |   |   |   |   |   |   |   |   |--- truncated branch of depth 6
|   |   |   |   |   |   |   |   |   |   |--- feature_7 >  0.95
|   |   |   |   |   |   |   |   |   |   |   |--- class: positive
|   |   |   |   |   |   |   |   |   |--- feature_7 >  0.95
|   |   |   |   |   |   |   |   |   |   |--- feature_2 <= 0.03
|   |   |   |   |   |   |   |   |   |   |   |--- truncated branch of depth 3
|   |   |   |   |   |   |   |   |   |   |--- feature_2 >  0.03
|   |   |   |   |   |   |   |   |   |   |   |--- truncated branch of depth 4
|   |   |   |   |   |   |   |   |--- feature_7 >  0.99
|   |   |   |   |   |   |   |   |   |--- feature_14 <= 0.37
|   |   |   |   |   |   |   |   |   |   |--- class: positive
|   |   |   |   |   |   |   |   |   |--- feature_14 >  0.37
|   |   |   |   |   |   |   |   |   |   |--- class: negative
|   |   |   |   |   |   |   |--- feature_0 >  0.91
|   |   |   |   |   |   |   |   |--- feature_7 <= 0.97
|   |   |   |   |   |   |   |   |   |--- feature_0 <= 0.98
|   |   |   |   |   |   |   |   |   |   |--- class: negative
|   |   |   |   |   |   |   |   |   |--- feature_0 >  0.98
|   |   |   |   |   |   |   |   |   |   |--- feature_2 <= 0.07
|   |   |   |   |   |   |   |   |   |   |   |--- class: positive
|   |   |   |   |   |   |   |   |   |   |--- feature_2 >  0.07
|   |   |   |   |   |   |   |   |   |   |   |--- class: negative
|   |   |   |   |   |   |   |   |--- feature_7 >  0.97
|   |   |   |   |   |   |   |   |   |--- feature_7 <= 0.97
|   |   |   |   |   |   |   |   |   |   |--- class: positive
|   |   |   |   |   |   |   |   |   |--- feature_7 >  0.97
|   |   |   |   |   |   |   |   |   |   |--- class: negative
|   |   |   |   |   |--- feature_11 >  0.02
|   |   |   |   |   |   |--- feature_11 <= 0.03
|   |   |   |   |   |   |   |--- class: positive
|   |   |   |   |   |   |--- feature_11 >  0.03
|   |   |   |   |   |   |   |--- feature_11 <= 0.03
|   |   |   |   |   |   |   |   |--- feature_12 <= 0.01
|   |   |   |   |   |   |   |   |   |--- feature_2 <= 0.07
|   |   |   |   |   |   |   |   |   |   |--- feature_10 <= 0.00
|   |   |   |   |   |   |   |   |   |   |   |--- truncated branch of depth 6
|   |   |   |   |   |   |   |   |   |   |--- feature_10 >  0.00
|   |   |   |   |   |   |   |   |   |   |   |--- truncated branch of depth 3
|   |   |   |   |   |   |   |   |   |--- feature_2 >  0.07
|   |   |   |   |   |   |   |   |   |   |--- feature_0 <= 0.99
|   |   |   |   |   |   |   |   |   |   |   |--- truncated branch of depth 5
|   |   |   |   |   |   |   |   |   |   |--- feature_0 >  0.99
|   |   |   |   |   |   |   |   |   |   |   |--- class: positive
|   |   |   |   |   |   |   |   |--- feature_12 >  0.01
|   |   |   |   |   |   |   |   |   |--- feature_9 <= 0.06
|   |   |   |   |   |   |   |   |   |   |--- feature_13 <= 0.23
|   |   |   |   |   |   |   |   |   |   |   |--- truncated branch of depth 2
|   |   |   |   |   |   |   |   |   |   |--- feature_13 >  0.23
|   |   |   |   |   |   |   |   |   |   |   |--- truncated branch of depth 2
|   |   |   |   |   |   |   |   |   |--- feature_9 >  0.06
|   |   |   |   |   |   |   |   |   |   |--- feature_0 <= 0.74
|   |   |   |   |   |   |   |   |   |   |   |--- truncated branch of depth 4
|   |   |   |   |   |   |   |   |   |   |--- feature_0 >  0.74
|   |   |   |   |   |   |   |   |   |   |   |--- class: negative
|   |   |   |   |   |   |   |--- feature_11 >  0.03
|   |   |   |   |   |   |   |   |--- feature_11 <= 0.03
|   |   |   |   |   |   |   |   |   |--- class: positive
|   |   |   |   |   |   |   |   |--- feature_11 >  0.03
|   |   |   |   |   |   |   |   |   |--- feature_2 <= 0.12
|   |   |   |   |   |   |   |   |   |   |--- feature_2 <= 0.08
|   |   |   |   |   |   |   |   |   |   |   |--- truncated branch of depth 20
|   |   |   |   |   |   |   |   |   |   |--- feature_2 >  0.08
|   |   |   |   |   |   |   |   |   |   |   |--- truncated branch of depth 16
|   |   |   |   |   |   |   |   |   |--- feature_2 >  0.12
|   |   |   |   |   |   |   |   |   |   |--- feature_9 <= 0.15
|   |   |   |   |   |   |   |   |   |   |   |--- truncated branch of depth 16
|   |   |   |   |   |   |   |   |   |   |--- feature_9 >  0.15
|   |   |   |   |   |   |   |   |   |   |   |--- truncated branch of depth 15
|--- feature_7 >  0.99
|   |--- feature_0 <= 0.53
|   |   |--- feature_14 <= 0.42
|   |   |   |--- class: negative
|   |   |--- feature_14 >  0.42
|   |   |   |--- feature_16 <= 0.09
|   |   |   |   |--- class: positive
|   |   |   |--- feature_16 >  0.09
|   |   |   |   |--- class: negative
|   |--- feature_0 >  0.53
|   |   |--- feature_1 <= 0.00
|   |   |   |--- feature_8 <= 0.96
|   |   |   |   |--- feature_2 <= 0.06
|   |   |   |   |   |--- feature_0 <= 0.88
|   |   |   |   |   |   |--- feature_8 <= 0.96
|   |   |   |   |   |   |   |--- class: negative
|   |   |   |   |   |   |--- feature_8 >  0.96
|   |   |   |   |   |   |   |--- class: positive
|   |   |   |   |   |--- feature_0 >  0.88
|   |   |   |   |   |   |--- class: negative
|   |   |   |   |--- feature_2 >  0.06
|   |   |   |   |   |--- class: negative
|   |   |   |--- feature_8 >  0.96
|   |   |   |   |--- feature_7 <= 0.99
|   |   |   |   |   |--- class: positive
|   |   |   |   |--- feature_7 >  0.99
|   |   |   |   |   |--- class: negative
|   |   |--- feature_1 >  0.00
|   |   |   |--- feature_14 <= 0.43
|   |   |   |   |--- feature_14 <= 0.42
|   |   |   |   |   |--- feature_14 <= 0.42
|   |   |   |   |   |   |--- class: negative
|   |   |   |   |   |--- feature_14 >  0.42
|   |   |   |   |   |   |--- feature_8 <= 0.49
|   |   |   |   |   |   |   |--- class: positive
|   |   |   |   |   |   |--- feature_8 >  0.49
|   |   |   |   |   |   |   |--- class: negative
|   |   |   |   |--- feature_14 >  0.42
|   |   |   |   |   |--- class: positive
|   |   |   |--- feature_14 >  0.43
|   |   |   |   |--- class: negative
