|--- feature_13 <= 0.15
|   |--- feature_13 <= 0.13
|   |   |--- feature_3 <= 4.50
|   |   |   |--- feature_15 <= 0.44
|   |   |   |   |--- feature_14 <= 0.36
|   |   |   |   |   |--- feature_14 <= 0.13
|   |   |   |   |   |   |--- class: negative
|   |   |   |   |   |--- feature_14 >  0.13
|   |   |   |   |   |   |--- feature_12 <= 0.00
|   |   |   |   |   |   |   |--- feature_0 <= 0.96
|   |   |   |   |   |   |   |   |--- feature_8 <= 0.97
|   |   |   |   |   |   |   |   |   |--- feature_20 <= 6.00
|   |   |   |   |   |   |   |   |   |   |--- class: positive
|   |   |   |   |   |   |   |   |   |--- feature_20 >  6.00
|   |   |   |   |   |   |   |   |   |   |--- class: negative
|   |   |   |   |   |   |   |   |--- feature_8 >  0.97
|   |   |   |   |   |   |   |   |   |--- feature_14 <= 0.30
|   |   |   |   |   |   |   |   |   |   |--- class: negative
|   |   |   |   |   |   |   |   |   |--- feature_14 >  0.30
|   |   |   |   |   |   |   |   |   |   |--- feature_3 <= 2.00
|   |   |   |   |   |   |   |   |   |   |   |--- class: negative
|   |   |   |   |   |   |   |   |   |   |--- feature_3 >  2.00
|   |   |   |   |   |   |   |   |   |   |   |--- class: positive
|   |   |   |   |   |   |   |--- feature_0 >  0.96
|   |   |   |   |   |   |   |   |--- class: negative
|   |   |   |   |   |   |--- feature_12 >  0.00
|   |   |   |   |   |   |   |--- feature_9 <= 0.09
|   |   |   |   |   |   |   |   |--- class: positive
|   |   |   |   |   |   |   |--- feature_9 >  0.09
|   |   |   |   |   |   |   |   |--- feature_14 <= 0.31
|   |   |   |   |   |   |   |   |   |--- class: negative
|   |   |   |   |   |   |   |   |--- feature_14 >  0.31
|   |   |   |   |   |   |   |   |   |--- class: positive
|   |   |   |   |--- feature_14 >  0.36
|   |   |   |   |   |--- feature_11 <= 0.03
|   |   |   |   |   |   |--- class: negative
|   |   |   |   |   |--- feature_11 >  0.03
|   |   |   |   |   |   |--- feature_20 <= 1.50
|   |   |   |   |   |   |   |--- feature_11 <= 0.05
|   |   |   |   |   |   |   |   |--- class: positive
|   |   |   |   |   |   |   |--- feature_11 >  0.05
|   |   |   |   |   |   |   |   |--- class: negative
|   |   |   |   |   |   |--- feature_20 >  1.50
|   |   |   |   |   |   |   |--- class: negative
|   |   |   |--- feature_15 >  0.44
|   |   |   |   |--- feature_15 <= 0.85
|   |   |   |   |   |--- feature_20 <= 8.00
|   |   |   |   |   |   |--- class: positive
|   |   |   |   |   |--- feature_20 >  8.00
|   |   |   |   |   |   |--- class: negative
|   |   |   |   |--- feature_15 >  0.85
|   |   |   |   |   |--- feature_20 <= 0.50
|   |   |   |   |   |   |--- class: positive
|   |   |   |   |   |--- feature_20 >  0.50
|   |   |   |   |   |   |--- feature_1 <= 0.00
|   |   |   |   |   |   |   |--- feature_16 <= 0.12
|   |   |   |   |   |   |   |   |--- feature_7 <= 0.91
|   |   |   |   |   |   |   |   |   |--- feature_13 <= 0.10
|   |   |   |   |   |   |   |   |   |   |--- feature_8 <= 0.97
|   |   |   |   |   |   |   |   |   |   |   |--- class: negative
|   |   |   |   |   |   |   |   |   |   |--- feature_8 >  0.97
|   |   |   |   |   |   |   |   |   |   |   |--- class: positive
|   |   |   |   |   |   |   |   |   |--- feature_13 >  0.10
|   |   |   |   |   |   |   |   |   |   |--- class: negative
|   |   |   |   |   |   |   |   |--- feature_7 >  0.91
|   |   |   |   |   |   |   |   |   |--- class: negative
|   |   |   |   |   |   |   |--- feature_16 >  0.12
|   |   |   |   |   |   |   |   |--- feature_19 <= 5.00
|   |   |   |   |   |   |   |   |   |--- feature_13 <= 0.12
|   |   |   |   |   |   |   |   |   |   |--- class: positive
|   |   |   |   |   |   |   |   |   |--- feature_13 >  0.12
|   |   |   |   |   |   |   |   |   |   |--- feature_14 <= 0.53
|   |   |   |   |   |   |   |   |   |   |   |--- truncated branch of depth 3
|   |   |   |   |   |   |   |   |   |   |--- feature_14 >  0.53
|   |   |   |   |   |   |   |   |   |   |   |--- class: negative
|   |   |   |   |   |   |   |   |--- feature_19 >  5.00
|   |   |   |   |   |   |   |   |   |--- class: negative
|   |   |   |   |   |   |--- feature_1 >  0.00
|   |   |   |   |   |   |   |--- class: negative
|   |   |--- feature_3 >  4.50
|   |   |   |--- feature_7 <= 0.97
|   |   |   |   |--- feature_4 <= 2.50
|   |   |   |   |   |--- feature_14 <= 0.22
|   |   |   |   |   |   |--- feature_11 <= 0.03
|   |   |   |   |   |   |   |--- class: negative
|   |   |   |   |   |   |--- feature_11 >  0.03
|   |   |   |   |   |   |   |--- class: positive
|   |   |   |   |   |--- feature_14 >  0.22
|   |   |   |   |   |   |--- feature_11 <= 0.04
|   |   |   |   |   |   |   |--- feature_19 <= 1.50
|   |   |   |   |   |   |   |   |--- class: negative
|   |   |   |   |   |   |   |--- feature_19 >  1.50
|   |   |   |   |   |   |   |   |--- class: positive
|   |   |   |   |   |   |--- feature_11 >  0.04
|   |   |   |   |   |   |   |--- class: negative
|   |   |   |   |--- feature_4 >  2.50
|   |   |   |   |   |--- feature_2 <= 0.21
|   |   |   |   |   |   |--- class: negative
|   |   |   |   |   |--- feature_2 >  0.21
|   |   |   |   |   |   |--- class: positive
|   |   |   |--- feature_7 >  0.97
|   |   |   |   |--- feature_12 <= 0.01
|   |   |   |   |   |--- class: positive
|   |   |   |   |--- feature_12 >  0.01
|   |   |   |   |   |--- class: negative
|   |--- feature_13 >  0.13
|   |   |--- class: positive
|--- feature_13 >  0.15
|   |--- feature_11 <= 0.03
|   |   |--- feature_10 <= 0.05
|   |   |   |--- feature_10 <= 0.04
|   |   |   |   |--- feature_8 <= 0.98
|   |   |   |   |   |--- feature_1 <= 0.02
|   |   |   |   |   |   |--- feature_13 <= 0.15
|   |   |   |   |   |   |   |--- feature_20 <= 1.50
|   |   |   |   |   |   |   |   |--- feature_10 <= 0.03
|   |   |   |   |   |   |   |   |   |--- feature_0 <= 0.98
|   |   |   |   |   |   |   |   |   |   |--- class: negative
|   |   |   |   |   |   |   |   |   |--- feature_0 >  0.98
|   |   |   |   |   |   |   |   |   |   |--- class: positive
|   |   |   |   |   |   |   |   |--- feature_10 >  0.03
|   |   |   |   |   |   |   |   |   |--- feature_0 <= 0.98
|   |   |   |   |   |   |   |   |   |   |--- class: positive
|   |   |   |   |   |   |   |   |   |--- feature_0 >  0.98
|   |   |   |   |   |   |   |   |   |   |--- feature_11 <= 0.02
|   |   |   |   |   |   |   |   |   |   |   |--- class: negative
|   |   |   |   |   |   |   |   |   |   |--- feature_11 >  0.02
|   |   |   |   |   |   |   |   |   |   |   |--- class: positive
|   |   |   |   |   |   |   |--- feature_20 >  1.50
|   |   |   |   |   |   |   |   |--- feature_2 <= 0.21
|   |   |   |   |   |   |   |   |   |--- feature_7 <= 1.00
|   |   |   |   |   |   |   |   |   |   |--- class: negative
|   |   |   |   |   |   |   |   |   |--- feature_7 >  1.00
|   |   |   |   |   |   |   |   |   |   |--- feature_19 <= 1.50
|   |   |   |   |   |   |   |   |   |   |   |--- class: negative
|   |   |   |   |   |   |   |   |   |   |--- feature_19 >  1.50
|   |   |   |   |   |   |   |   |   |   |   |--- class: positive
|   |   |   |   |   |   |   |   |--- feature_2 >  0.21
|   |   |   |   |   |   |   |   |   |--- feature_1 <= 0.00
|   |   |   |   |   |   |   |   |   |   |--- class: positive
|   |   |   |   |   |   |   |   |   |--- feature_1 >  0.00
|   |   |   |   |   |   |   |   |   |   |--- class: negative
|   |   |   |   |   |   |--- feature_13 >  0.15
|   |   |   |   |   |   |   |--- feature_13 <= 0.17
|   |   |   |   |   |   |   |   |--- class: positive
|   |   |   |   |   |   |   |--- feature_13 >  0.17
|   |   |   |   |   |   |   |   |--- feature_1 <= 0.01
|   |   |   |   |   |   |   |   |   |--- feature_20 <= 13.50
|   |   |   |   |   |   |   |   |   |   |--- feature_2 <= 0.15
|   |   |   |   |   |   |   |   |   |   |   |--- class: negative
|   |   |   |   |   |   |   |   |   |   |--- feature_2 >  0.15
|   |   |   |   |   |   |   |   |   |   |   |--- truncated branch of depth 2
|   |   |   |   |   |   |   |   |   |--- feature_20 >  13.50
|   |   |   |   |   |   |   |   |   |   |--- feature_9 <= 0.07
|   |   |   |   |   |   |   |   |   |   |   |--- class: negative
|   |   |   |   |   |   |   |   |   |   |--- feature_9 >  0.07
|   |   |   |   |   |   |   |   |   |   |   |--- class: positive
|   |   |   |   |   |   |   |   |--- feature_1 >  0.01
|   |   |   |   |   |   |   |   |   |--- class: positive
|   |   |   |   |   |--- feature_1 >  0.02
|   |   |   |   |   |   |--- class: negative
|   |   |   |   |--- feature_8 >  0.98
|   |   |   |   |   |--- feature_4 <= 1.50
|   |   |   |   |   |   |--- class: negative
|   |   |   |   |   |--- feature_4 >  1.50
|   |   |   |   |   |   |--- feature_4 <= 4.50
|   |   |   |   |   |   |   |--- class: positive
|   |   |   |   |   |   |--- feature_4 >  4.50
|   |   |   |   |   |   |   |--- feature_20 <= 13.50
|   |   |   |   |   |   |   |   |--- class: negative
|   |   |   |   |   |   |   |--- feature_20 >  13.50
|   |   |   |   |   |   |   |   |--- class: positive
|   |   |   |--- feature_10 >  0.04
|   |   |   |   |--- class: positive
|   |   |--- feature_10 >  0.05
|   |   |   |--- feature_2 <= 0.74
|   |   |   |   |--- feature_0 <= 1.00
|   |   |   |   |   |--- feature_8 <= 0.98
|   |   |   |   |   |   |--- feature_8 <= 0.97
|   |   |   |   |   |   |   |--- feature_3 <= 5.50
|   |   |   |   |   |   |   |   |--- feature_8 <= 0.96
|   |   |   |   |   |   |   |   |   |--- class: positive
|   |   |   |   |   |   |   |   |--- feature_8 >  0.96
|   |   |   |   |   |   |   |   |   |--- feature_11 <= 0.02
|   |   |   |   |   |   |   |   |   |   |--- feature_0 <= 0.98
|   |   |   |   |   |   |   |   |   |   |   |--- truncated branch of depth 2
|   |   |   |   |   |   |   |   |   |   |--- feature_0 >  0.98
|   |   |   |   |   |   |   |   |   |   |   |--- class: negative
|   |   |   |   |   |   |   |   |   |--- feature_11 >  0.02
|   |   |   |   |   |   |   |   |   |   |--- class: negative
|   |   |   |   |   |   |   |--- feature_3 >  5.50
|   |   |   |   |   |   |   |   |--- class: positive
|   |   |   |   |   |   |--- feature_8 >  0.97
|   |   |   |   |   |   |   |--- feature_14 <= 0.41
|   |   |   |   |   |   |   |   |--- class: positive
|   |   |   |   |   |   |   |--- feature_14 >  0.41
|   |   |   |   |   |   |   |   |--- feature_8 <= 0.97
|   |   |   |   |   |   |   |   |   |--- class: positive
|   |   |   |   |   |   |   |   |--- feature_8 >  0.97
|   |   |   |   |   |   |   |   |   |--- class: negative
|   |   |   |   |   |--- feature_8 >  0.98
|   |   |   |   |   |   |--- class: negative
|   |   |   |   |--- feature_0 >  1.00
|   |   |   |   |   |--- class: positive
|   |   |   |--- feature_2 >  0.74
|   |   |   |   |--- class: positive
|   |--- feature_11 >  0.03
|   |   |--- feature_10 <= 0.03
|   |   |   |--- feature_7 <= 0.90
|   |   |   |   |--- feature_8 <= 0.97
|   |   |   |   |   |--- class: positive
|   |   |   |   |--- feature_8 >  0.97
|   |   |   |   |   |--- class: negative
|   |   |   |--- feature_7 >  0.90
|   |   |   |   |--- feature_0 <= 0.99
|   |   |   |   |   |--- feature_0 <= 0.96
|   |   |   |   |   |   |--- class: negative
|   |   |   |   |   |--- feature_0 >  0.96
|   |   |   |   |   |   |--- feature_2 <= 0.02
|   |   |   |   |   |   |   |--- feature_0 <= 0.98
|   |   |   |   |   |   |   |   |--- feature_8 <= 0.98
|   |   |   |   |   |   |   |   |   |--- feature_0 <= 0.97
|   |   |   |   |   |   |   |   |   |   |--- class: positive
|   |   |   |   |   |   |   |   |   |--- feature_0 >  0.97
|   |   |   |   |   |   |   |   |   |   |--- feature_20 <= 3.00
|   |   |   |   |   |   |   |   |   |   |   |--- truncated branch of depth 2
|   |   |   |   |   |   |   |   |   |   |--- feature_20 >  3.00
|   |   |   |   |   |   |   |   |   |   |   |--- class: negative
|   |   |   |   |   |   |   |   |--- feature_8 >  0.98
|   |   |   |   |   |   |   |   |   |--- feature_13 <= 0.16
|   |   |   |   |   |   |   |   |   |   |--- class: positive
|   |   |   |   |   |   |   |   |   |--- feature_13 >  0.16
|   |   |   |   |   |   |   |   |   |   |--- class: negative
|   |   |   |   |   |   |   |--- feature_0 >  0.98
|   |   |   |   |   |   |   |   |--- class: negative
|   |   |   |   |   |   |--- feature_2 >  0.02
|   |   |   |   |   |   |   |--- feature_8 <= 0.98
|   |   |   |   |   |   |   |   |--- feature_4 <= 2.50
|   |   |   |   |   |   |   |   |   |--- feature_0 <= 0.98
|   |   |   |   |   |   |   |   |   |   |--- class: positive
|   |   |   |   |   |   |   |   |   |--- feature_0 >  0.98
|   |   |   |   |   |   |   |   |   |   |--- class: negative
|   |   |   |   |   |   |   |   |--- feature_4 >  2.50
|   |   |   |   |   |   |   |   |   |--- feature_2 <= 0.10
|   |   |   |   |   |   |   |   |   |   |--- feature_1 <= 0.01
|   |   |   |   |   |   |   |   |   |   |   |--- truncated branch of depth 2
|   |   |   |   |   |   |   |   |   |   |--- feature_1 >  0.01
|   |   |   |   |   |   |   |   |   |   |   |--- truncated branch of depth 2
|   |   |   |   |   |   |   |   |   |--- feature_2 >  0.10
|   |   |   |   |   |   |   |   |   |   |--- class: negative
|   |   |   |   |   |   |   |--- feature_8 >  0.98
|   |   |   |   |   |   |   |   |--- feature_8 <= 0.99
|   |   |   |   |   |   |   |   |   |--- feature_12 <= 0.00
|   |   |   |   |   |   |   |   |   |   |--- class: positive
|   |   |   |   |   |   |   |   |   |--- feature_12 >  0.00
|   |   |   |   |   |   |   |   |   |   |--- feature_7 <= 0.97
|   |   |   |   |   |   |   |   |   |   |   |--- truncated branch of depth 3
|   |   |   |   |   |   |   |   |   |   |--- feature_7 >  0.97
|   |   |   |   |   |   |   |   |   |   |   |--- class: negative
|   |   |   |   |   |   |   |   |--- feature_8 >  0.99
|   |   |   |   |   |   |   |   |   |--- class: negative
|   |   |   |   |--- feature_0 >  0.99
|   |   |   |   |   |--- feature_3 <= 5.50
|   |   |   |   |   |   |--- class: negative
|   |   |   |   |   |--- feature_3 >  5.50
|   |   |   |   |   |   |--- class: positive
|   |   |--- feature_10 >  0.03
|   |   |   |--- feature_10 <= 0.04
|   |   |   |   |--- class: positive
|   |   |   |--- feature_10 >  0.04
|   |   |   |   |--- feature_7 <= 0.99
|   |   |   |   |   |--- feature_8 <= 0.96
|   |   |   |   |   |   |--- class: negative
|   |   |   |   |   |--- feature_8 >  0.96
|   |   |   |   |   |   |--- feature_15 <= 0.85
|   |   |   |   |   |   |   |--- feature_15 <= 0.43
|   |   |   |   |   |   |   |   |--- feature_8 <= 0.97
|   |   |   |   |   |   |   |   |   |--- class: negative
|   |   |   |   |   |   |   |   |--- feature_8 >  0.97
|   |   |   |   |   |   |   |   |   |--- feature_7 <= 0.90
|   |   |   |   |   |   |   |   |   |   |--- class: negative
|   |   |   |   |   |   |   |   |   |--- feature_7 >  0.90
|   |   |   |   |   |   |   |   |   |   |--- feature_9 <= 0.32
|   |   |   |   |   |   |   |   |   |   |   |--- truncated branch of depth 8
|   |   |   |   |   |   |   |   |   |   |--- feature_9 >  0.32
|   |   |   |   |   |   |   |   |   |   |   |--- truncated branch of depth 2
|   |   |   |   |   |   |   |--- feature_15 >  0.43
|   |   |   |   |   |   |   |   |--- feature_0 <= 0.96
|   |   |   |   |   |   |   |   |   |--- feature_20 <= 3.50
|   |   |   |   |   |   |   |   |   |   |--- class: positive
|   |   |   |   |   |   |   |   |   |--- feature_20 >  3.50
|   |   |   |   |   |   |   |   |   |   |--- class: negative
|   |   |   |   |   |   |   |   |--- feature_0 >  0.96
|   |   |   |   |   |   |   |   |   |--- feature_0 <= 1.00
|   |   |   |   |   |   |   |   |   |   |--- feature_9 <= 0.01
|   |   |   |   |   |   |   |   |   |   |   |--- truncated branch of depth 5
|   |   |   |   |   |   |   |   |   |   |--- feature_9 >  0.01
|   |   |   |   |   |   |   |   |   |   |   |--- class: positive
|   |   |   |   |   |   |   |   |   |--- feature_0 >  1.00
|   |   |   |   |   |   |   |   |   |   |--- class: negative
|   |   |   |   |   |   |--- feature_15 >  0.85
|   |   |   |   |   |   |   |--- feature_1 <= 0.00
|   |   |   |   |   |   |   |   |--- class: negative
|   |   |   |   |   |   |   |--- feature_1 >  0.00
|   |   |   |   |   |   |   |   |--- feature_11 <= 0.09
|   |   |   |   |   |   |   |   |   |--- feature_0 <= 0.99
|   |   |   |   |   |   |   |   |   |   |--- feature_14 <= 0.33
|   |   |   |   |   |   |   |   |   |   |   |--- class: negative
|   |   |   |   |   |   |   |   |   |   |--- feature_14 >  0.33
|   |   |   |   |   |   |   |   |   |   |   |--- truncated branch of depth 9
|   |   |   |   |   |   |   |   |   |--- feature_0 >  0.99
|   |   |   |   |   |   |   |   |   |   |--- feature_7 <= 0.94
|   |   |   |   |   |   |   |   |   |   |   |--- truncated branch of depth 2
|   |   |   |   |   |   |   |   |   |   |--- feature_7 >  0.94
|   |   |   |   |   |   |   |   |   |   |   |--- class: negative
|   |   |   |   |   |   |   |   |--- feature_11 >  0.09
|   |   |   |   |   |   |   |   |   |--- feature_7 <= 0.90
|   |   |   |   |   |   |   |   |   |   |--- feature_10 <= 0.06
|   |   |   |   |   |   |   |   |   |   |   |--- class: positive
|   |   |   |   |   |   |   |   |   |   |--- feature_10 >  0.06
|   |   |   |   |   |   |   |   |   |   |   |--- class: negative
|   |   |   |   |   |   |   |   |   |--- feature_7 >  0.90
|   |   |   |   |   |   |   |   |   |   |--- class: negative
|   |   |   |   |--- feature_7 >  0.99
|   |   |   |   |   |--- feature_16 <= 0.21
|   |   |   |   |   |   |--- class: negative
|   |   |   |   |   |--- feature_16 >  0.21
|   |   |   |   |   |   |--- feature_12 <= 0.04
|   |   |   |   |   |   |   |--- class: negative
|   |   |   |   |   |   |--- feature_12 >  0.04
|   |   |   |   |   |   |   |--- class: positive
