|--- feature_8 <= 0.96
|   |--- feature_11 <= 0.02
|   |   |--- feature_15 <= 0.48
|   |   |   |--- feature_14 <= 0.47
|   |   |   |   |--- class: positive
|   |   |   |--- feature_14 >  0.47
|   |   |   |   |--- class: negative
|   |   |--- feature_15 >  0.48
|   |   |   |--- feature_0 <= 0.23
|   |   |   |   |--- class: positive
|   |   |   |--- feature_0 >  0.23
|   |   |   |   |--- class: negative
|   |--- feature_11 >  0.02
|   |   |--- feature_14 <= 0.42
|   |   |   |--- feature_2 <= 0.04
|   |   |   |   |--- feature_7 <= 0.22
|   |   |   |   |   |--- feature_12 <= 0.00
|   |   |   |   |   |   |--- class: positive
|   |   |   |   |   |--- feature_12 >  0.00
|   |   |   |   |   |   |--- class: negative
|   |   |   |   |--- feature_7 >  0.22
|   |   |   |   |   |--- feature_7 <= 0.97
|   |   |   |   |   |   |--- feature_16 <= 0.14
|   |   |   |   |   |   |   |--- class: positive
|   |   |   |   |   |   |--- feature_16 >  0.14
|   |   |   |   |   |   |   |--- feature_13 <= 0.13
|   |   |   |   |   |   |   |   |--- class: negative
|   |   |   |   |   |   |   |--- feature_13 >  0.13
|   |   |   |   |   |   |   |   |--- class: positive
|   |   |   |   |   |--- feature_7 >  0.97
|   |   |   |   |   |   |--- class: negative
|   |   |   |--- feature_2 >  0.04
|   |   |   |   |--- class: negative
|   |   |--- feature_14 >  0.42
|   |   |   |--- feature_15 <= 0.51
|   |   |   |   |--- feature_0 <= 0.74
|   |   |   |   |   |--- feature_15 <= 0.40
|   |   |   |   |   |   |--- class: negative
|   |   |   |   |   |--- feature_15 >  0.40
|   |   |   |   |   |   |--- feature_14 <= 0.76
|   |   |   |   |   |   |   |--- feature_9 <= 0.46
|   |   |   |   |   |   |   |   |--- class: positive
|   |   |   |   |   |   |   |--- feature_9 >  0.46
|   |   |   |   |   |   |   |   |--- class: negative
|   |   |   |   |   |   |--- feature_14 >  0.76
|   |   |   |   |   |   |   |--- class: negative
|   |   |   |   |--- feature_0 >  0.74
|   |   |   |   |   |--- class: negative
|   |   |   |--- feature_15 >  0.51
|   |   |   |   |--- feature_12 <= 0.01
|   |   |   |   |   |--- feature_3 <= 4.50
|   |   |   |   |   |   |--- class: negative
|   |   |   |   |   |--- feature_3 >  4.50
|   |   |   |   |   |   |--- feature_13 <= 0.18
|   |   |   |   |   |   |   |--- class: positive
|   |   |   |   |   |   |--- feature_13 >  0.18
|   |   |   |   |   |   |   |--- feature_7 <= 0.96
|   |   |   |   |   |   |   |   |--- class: negative
|   |   |   |   |   |   |   |--- feature_7 >  0.96
|   |   |   |   |   |   |   |   |--- class: positive
|   |   |   |   |--- feature_12 >  0.01
|   |   |   |   |   |--- feature_15 <= 0.87
|   |   |   |   |   |   |--- class: positive
|   |   |   |   |   |--- feature_15 >  0.87
|   |   |   |   |   |   |--- feature_2 <= 0.12
|   |   |   |   |   |   |   |--- feature_9 <= 0.50
|   |   |   |   |   |   |   |   |--- class: positive
|   |   |   |   |   |   |   |--- feature_9 >  0.50
|   |   |   |   |   |   |   |   |--- class: negative
|   |   |   |   |   |   |--- feature_2 >  0.12
|   |   |   |   |   |   |   |--- class: negative
|--- feature_8 >  0.96
|   |--- feature_10 <= 0.04
|   |   |--- feature_4 <= 3.50
|   |   |   |--- feature_8 <= 0.99
|   |   |   |   |--- feature_16 <= 0.04
|   |   |   |   |   |--- class: negative
|   |   |   |   |--- feature_16 >  0.04
|   |   |   |   |   |--- feature_14 <= 0.61
|   |   |   |   |   |   |--- feature_20 <= 2.50
|   |   |   |   |   |   |   |--- feature_14 <= 0.25
|   |   |   |   |   |   |   |   |--- class: negative
|   |   |   |   |   |   |   |--- feature_14 >  0.25
|   |   |   |   |   |   |   |   |--- class: positive
|   |   |   |   |   |   |--- feature_20 >  2.50
|   |   |   |   |   |   |   |--- class: negative
|   |   |   |   |   |--- feature_14 >  0.61
|   |   |   |   |   |   |--- class: negative
|   |   |   |--- feature_8 >  0.99
|   |   |   |   |--- feature_15 <= 0.25
|   |   |   |   |   |--- feature_11 <= 0.02
|   |   |   |   |   |   |--- class: positive
|   |   |   |   |   |--- feature_11 >  0.02
|   |   |   |   |   |   |--- class: negative
|   |   |   |   |--- feature_15 >  0.25
|   |   |   |   |   |--- feature_16 <= 0.08
|   |   |   |   |   |   |--- feature_13 <= 0.12
|   |   |   |   |   |   |   |--- class: negative
|   |   |   |   |   |   |--- feature_13 >  0.12
|   |   |   |   |   |   |   |--- class: positive
|   |   |   |   |   |--- feature_16 >  0.08
|   |   |   |   |   |   |--- class: negative
|   |   |--- feature_4 >  3.50
|   |   |   |--- feature_7 <= 0.97
|   |   |   |   |--- feature_7 <= 0.94
|   |   |   |   |   |--- feature_1 <= 0.01
|   |   |   |   |   |   |--- feature_13 <= 0.25
|   |   |   |   |   |   |   |--- feature_7 <= 0.92
|   |   |   |   |   |   |   |   |--- class: negative
|   |   |   |   |   |   |   |--- feature_7 >  0.92
|   |   |   |   |   |   |   |   |--- class: negative
|   |   |   |   |   |   |--- feature_13 >  0.25
|   |   |   |   |   |   |   |--- feature_12 <= 0.01
|   |   |   |   |   |   |   |   |--- class: positive
|   |   |   |   |   |   |   |--- feature_12 >  0.01
|   |   |   |   |   |   |   |   |--- class: negative
|   |   |   |   |   |--- feature_1 >  0.01
|   |   |   |   |   |   |--- class: negative
|   |   |   |   |--- feature_7 >  0.94
|   |   |   |   |   |--- feature_8 <= 0.98
|   |   |   |   |   |   |--- feature_15 <= 0.83
|   |   |   |   |   |   |   |--- feature_15 <= 0.63
|   |   |   |   |   |   |   |   |--- class: negative
|   |   |   |   |   |   |   |--- feature_15 >  0.63
|   |   |   |   |   |   |   |   |--- class: positive
|   |   |   |   |   |   |--- feature_15 >  0.83
|   |   |   |   |   |   |   |--- class: negative
|   |   |   |   |   |--- feature_8 >  0.98
|   |   |   |   |   |   |--- class: positive
|   |   |   |--- feature_7 >  0.97
|   |   |   |   |--- class: negative
|   |--- feature_10 >  0.04
|   |   |--- feature_10 <= 0.06
|   |   |   |--- class: positive
|   |   |--- feature_10 >  0.06
|   |   |   |--- feature_14 <= 0.45
|   |   |   |   |--- feature_0 <= 0.71
|   |   |   |   |   |--- feature_14 <= 0.35
|   |   |   |   |   |   |--- class: negative
|   |   |   |   |   |--- feature_14 >  0.35
|   |   |   |   |   |   |--- feature_12 <= 0.01
|   |   |   |   |   |   |   |--- class: negative
|   |   |   |   |   |   |--- feature_12 >  0.01
|   |   |   |   |   |   |   |--- class: positive
|   |   |   |   |--- feature_0 >  0.71
|   |   |   |   |   |--- class: positive
|   |   |   |--- feature_14 >  0.45
|   |   |   |   |--- feature_14 <= 0.65
|   |   |   |   |   |--- class: negative
|   |   |   |   |--- feature_14 >  0.65
|   |   |   |   |   |--- feature_8 <= 0.98
|   |   |   |   |   |   |--- feature_7 <= 0.97
|   |   |   |   |   |   |   |--- class: negative
|   |   |   |   |   |   |--- feature_7 >  0.97
|   |   |   |   |   |   |   |--- class: positive
|   |   |   |   |   |--- feature_8 >  0.98
|   |   |   |   |   |   |--- feature_1 <= 0.01
|   |   |   |   |   |   |   |--- class: negative
|   |   |   |   |   |   |--- feature_1 >  0.01
|   |   |   |   |   |   |   |--- class: positive
