|--- feature_16 <= 0.00
|   |--- feature_19 <= 7.74
|   |   |--- feature_0 <= 0.88
|   |   |   |--- feature_15 <= 0.45
|   |   |   |   |--- class: negative
|   |   |   |--- feature_15 >  0.45
|   |   |   |   |--- feature_15 <= 0.55
|   |   |   |   |   |--- class: positive
|   |   |   |   |--- feature_15 >  0.55
|   |   |   |   |   |--- feature_10 <= 0.00
|   |   |   |   |   |   |--- feature_2 <= 0.16
|   |   |   |   |   |   |   |--- feature_12 <= 0.03
|   |   |   |   |   |   |   |   |--- feature_14 <= 0.10
|   |   |   |   |   |   |   |   |   |--- feature_8 <= 0.94
|   |   |   |   |   |   |   |   |   |   |--- class: positive
|   |   |   |   |   |   |   |   |   |--- feature_8 >  0.94
|   |   |   |   |   |   |   |   |   |   |--- feature_14 <= 0.09
|   |   |   |   |   |   |   |   |   |   |   |--- class: negative
|   |   |   |   |   |   |   |   |   |   |--- feature_14 >  0.09
|   |   |   |   |   |   |   |   |   |   |   |--- class: positive
|   |   |   |   |   |   |   |   |--- feature_14 >  0.10
|   |   |   |   |   |   |   |   |   |--- feature_0 <= 0.46
|   |   |   |   |   |   |   |   |   |   |--- feature_14 <= 0.57
|   |   |   |   |   |   |   |   |   |   |   |--- truncated branch of depth 8
|   |   |   |   |   |   |   |   |   |   |--- feature_14 >  0.57
|   |   |   |   |   |   |   |   |   |   |   |--- truncated branch of depth 2
|   |   |   |   |   |   |   |   |   |--- feature_0 >  0.46
|   |   |   |   |   |   |   |   |   |   |--- feature_12 <= 0.00
|   |   |   |   |   |   |   |   |   |   |   |--- truncated branch of depth 2
|   |   |   |   |   |   |   |   |   |   |--- feature_12 >  0.00
|   |   |   |   |   |   |   |   |   |   |   |--- class: negative
|   |   |   |   |   |   |   |--- feature_12 >  0.03
|   |   |   |   |   |   |   |   |--- class: positive
|   |   |   |   |   |   |--- feature_2 >  0.16
|   |   |   |   |   |   |   |--- class: positive
|   |   |   |   |   |--- feature_10 >  0.00
|   |   |   |   |   |   |--- feature_10 <= 0.01
|   |   |   |   |   |   |   |--- class: positive
|   |   |   |   |   |   |--- feature_10 >  0.01
|   |   |   |   |   |   |   |--- feature_14 <= 0.31
|   |   |   |   |   |   |   |   |--- feature_0 <= 0.56
|   |   |   |   |   |   |   |   |   |--- feature_7 <= 1.00
|   |   |   |   |   |   |   |   |   |   |--- feature_8 <= 0.95
|   |   |   |   |   |   |   |   |   |   |   |--- class: negative
|   |   |   |   |   |   |   |   |   |   |--- feature_8 >  0.95
|   |   |   |   |   |   |   |   |   |   |   |--- truncated branch of depth 2
|   |   |   |   |   |   |   |   |   |--- feature_7 >  1.00
|   |   |   |   |   |   |   |   |   |   |--- feature_8 <= 0.93
|   |   |   |   |   |   |   |   |   |   |   |--- class: negative
|   |   |   |   |   |   |   |   |   |   |--- feature_8 >  0.93
|   |   |   |   |   |   |   |   |   |   |   |--- class: positive
|   |   |   |   |   |   |   |   |--- feature_0 >  0.56
|   |   |   |   |   |   |   |   |   |--- feature_7 <= 0.95
|   |   |   |   |   |   |   |   |   |   |--- feature_10 <= 0.02
|   |   |   |   |   |   |   |   |   |   |   |--- class: positive
|   |   |   |   |   |   |   |   |   |   |--- feature_10 >  0.02
|   |   |   |   |   |   |   |   |   |   |   |--- truncated branch of depth 3
|   |   |   |   |   |   |   |   |   |--- feature_7 >  0.95
|   |   |   |   |   |   |   |   |   |   |--- feature_8 <= 0.93
|   |   |   |   |   |   |   |   |   |   |   |--- truncated branch of depth 3
|   |   |   |   |   |   |   |   |   |   |--- feature_8 >  0.93
|   |   |   |   |   |   |   |   |   |   |   |--- class: negative
|   |   |   |   |   |   |   |--- feature_14 >  0.31
|   |   |   |   |   |   |   |   |--- feature_1 <= 0.00
|   |   |   |   |   |   |   |   |   |--- class: negative
|   |   |   |   |   |   |   |   |--- feature_1 >  0.00
|   |   |   |   |   |   |   |   |   |--- feature_1 <= 0.00
|   |   |   |   |   |   |   |   |   |   |--- feature_0 <= 0.27
|   |   |   |   |   |   |   |   |   |   |   |--- class: negative
|   |   |   |   |   |   |   |   |   |   |--- feature_0 >  0.27
|   |   |   |   |   |   |   |   |   |   |   |--- truncated branch of depth 4
|   |   |   |   |   |   |   |   |   |--- feature_1 >  0.00
|   |   |   |   |   |   |   |   |   |   |--- feature_9 <= 0.10
|   |   |   |   |   |   |   |   |   |   |   |--- class: negative
|   |   |   |   |   |   |   |   |   |   |--- feature_9 >  0.10
|   |   |   |   |   |   |   |   |   |   |   |--- truncated branch of depth 3
|   |   |--- feature_0 >  0.88
|   |   |   |--- feature_13 <= 0.07
|   |   |   |   |--- feature_11 <= 0.04
|   |   |   |   |   |--- feature_0 <= 0.96
|   |   |   |   |   |   |--- feature_8 <= 0.95
|   |   |   |   |   |   |   |--- feature_11 <= 0.00
|   |   |   |   |   |   |   |   |--- class: positive
|   |   |   |   |   |   |   |--- feature_11 >  0.00
|   |   |   |   |   |   |   |   |--- class: negative
|   |   |   |   |   |   |--- feature_8 >  0.95
|   |   |   |   |   |   |   |--- class: positive
|   |   |   |   |   |--- feature_0 >  0.96
|   |   |   |   |   |   |--- class: positive
|   |   |   |   |--- feature_11 >  0.04
|   |   |   |   |   |--- feature_7 <= 1.00
|   |   |   |   |   |   |--- class: positive
|   |   |   |   |   |--- feature_7 >  1.00
|   |   |   |   |   |   |--- feature_8 <= 0.95
|   |   |   |   |   |   |   |--- class: negative
|   |   |   |   |   |   |--- feature_8 >  0.95
|   |   |   |   |   |   |   |--- class: positive
|   |   |   |--- feature_13 >  0.07
|   |   |   |   |--- feature_14 <= 0.94
|   |   |   |   |   |--- class: negative
|   |   |   |   |--- feature_14 >  0.94
|   |   |   |   |   |--- class: positive
|   |--- feature_19 >  7.74
|   |   |--- feature_7 <= 0.99
|   |   |   |--- feature_9 <= 0.00
|   |   |   |   |--- feature_7 <= 0.98
|   |   |   |   |   |--- feature_8 <= 0.96
|   |   |   |   |   |   |--- feature_2 <= 0.15
|   |   |   |   |   |   |   |--- feature_12 <= 0.01
|   |   |   |   |   |   |   |   |--- class: negative
|   |   |   |   |   |   |   |--- feature_12 >  0.01
|   |   |   |   |   |   |   |   |--- class: positive
|   |   |   |   |   |   |--- feature_2 >  0.15
|   |   |   |   |   |   |   |--- feature_0 <= 0.66
|   |   |   |   |   |   |   |   |--- feature_8 <= 0.95
|   |   |   |   |   |   |   |   |   |--- class: negative
|   |   |   |   |   |   |   |   |--- feature_8 >  0.95
|   |   |   |   |   |   |   |   |   |--- feature_8 <= 0.95
|   |   |   |   |   |   |   |   |   |   |--- class: positive
|   |   |   |   |   |   |   |   |   |--- feature_8 >  0.95
|   |   |   |   |   |   |   |   |   |   |--- class: negative
|   |   |   |   |   |   |   |--- feature_0 >  0.66
|   |   |   |   |   |   |   |   |--- feature_1 <= 0.00
|   |   |   |   |   |   |   |   |   |--- feature_8 <= 0.94
|   |   |   |   |   |   |   |   |   |   |--- feature_7 <= 0.97
|   |   |   |   |   |   |   |   |   |   |   |--- class: negative
|   |   |   |   |   |   |   |   |   |   |--- feature_7 >  0.97
|   |   |   |   |   |   |   |   |   |   |   |--- truncated branch of depth 2
|   |   |   |   |   |   |   |   |   |--- feature_8 >  0.94
|   |   |   |   |   |   |   |   |   |   |--- class: positive
|   |   |   |   |   |   |   |   |--- feature_1 >  0.00
|   |   |   |   |   |   |   |   |   |--- class: negative
|   |   |   |   |   |--- feature_8 >  0.96
|   |   |   |   |   |   |--- class: positive
|   |   |   |   |--- feature_7 >  0.98
|   |   |   |   |   |--- class: positive
|   |   |   |--- feature_9 >  0.00
|   |   |   |   |--- feature_9 <= 0.19
|   |   |   |   |   |--- feature_11 <= 0.02
|   |   |   |   |   |   |--- class: positive
|   |   |   |   |   |--- feature_11 >  0.02
|   |   |   |   |   |   |--- feature_1 <= 0.00
|   |   |   |   |   |   |   |--- class: positive
|   |   |   |   |   |   |--- feature_1 >  0.00
|   |   |   |   |   |   |   |--- class: negative
|   |   |   |   |--- feature_9 >  0.19
|   |   |   |   |   |--- class: negative
|   |   |--- feature_7 >  0.99
|   |   |   |--- feature_12 <= 0.00
|   |   |   |   |--- class: positive
|   |   |   |--- feature_12 >  0.00
|   |   |   |   |--- class: negative
|--- feature_16 >  0.00
|   |--- feature_16 <= 0.11
|   |   |--- class: positive
|   |--- feature_16 >  0.11
|   |   |--- feature_13 <= 0.09
|   |   |   |--- feature_13 <= 0.09
|   |   |   |   |--- feature_13 <= 0.07
|   |   |   |   |   |--- feature_0 <= 0.30
|   |   |   |   |   |   |--- feature_7 <= 0.95
|   |   |   |   |   |   |   |--- feature_4 <= 0.50
|   |   |   |   |   |   |   |   |--- feature_0 <= 0.23
|   |   |   |   |   |   |   |   |   |--- class: negative
|   |   |   |   |   |   |   |   |--- feature_0 >  0.23
|   |   |   |   |   |   |   |   |   |--- class: positive
|   |   |   |   |   |   |   |--- feature_4 >  0.50
|   |   |   |   |   |   |   |   |--- class: positive
|   |   |   |   |   |   |--- feature_7 >  0.95
|   |   |   |   |   |   |   |--- class: positive
|   |   |   |   |   |--- feature_0 >  0.30
|   |   |   |   |   |   |--- feature_7 <= 0.99
|   |   |   |   |   |   |   |--- feature_1 <= 0.00
|   |   |   |   |   |   |   |   |--- class: negative
|   |   |   |   |   |   |   |--- feature_1 >  0.00
|   |   |   |   |   |   |   |   |--- feature_7 <= 0.93
|   |   |   |   |   |   |   |   |   |--- feature_7 <= 0.92
|   |   |   |   |   |   |   |   |   |   |--- feature_14 <= 0.24
|   |   |   |   |   |   |   |   |   |   |   |--- truncated branch of depth 2
|   |   |   |   |   |   |   |   |   |   |--- feature_14 >  0.24
|   |   |   |   |   |   |   |   |   |   |   |--- class: negative
|   |   |   |   |   |   |   |   |   |--- feature_7 >  0.92
|   |   |   |   |   |   |   |   |   |   |--- class: positive
|   |   |   |   |   |   |   |   |--- feature_7 >  0.93
|   |   |   |   |   |   |   |   |   |--- feature_7 <= 0.96
|   |   |   |   |   |   |   |   |   |   |--- feature_14 <= 0.19
|   |   |   |   |   |   |   |   |   |   |   |--- truncated branch of depth 2
|   |   |   |   |   |   |   |   |   |   |--- feature_14 >  0.19
|   |   |   |   |   |   |   |   |   |   |   |--- class: negative
|   |   |   |   |   |   |   |   |   |--- feature_7 >  0.96
|   |   |   |   |   |   |   |   |   |   |--- feature_12 <= 0.00
|   |   |   |   |   |   |   |   |   |   |   |--- truncated branch of depth 2
|   |   |   |   |   |   |   |   |   |   |--- feature_12 >  0.00
|   |   |   |   |   |   |   |   |   |   |   |--- truncated branch of depth 3
|   |   |   |   |   |   |--- feature_7 >  0.99
|   |   |   |   |   |   |   |--- feature_1 <= 0.00
|   |   |   |   |   |   |   |   |--- class: positive
|   |   |   |   |   |   |   |--- feature_1 >  0.00
|   |   |   |   |   |   |   |   |--- feature_7 <= 1.00
|   |   |   |   |   |   |   |   |   |--- class: positive
|   |   |   |   |   |   |   |   |--- feature_7 >  1.00
|   |   |   |   |   |   |   |   |   |--- class: negative
|   |   |   |   |--- feature_13 >  0.07
|   |   |   |   |   |--- class: positive
|   |   |   |--- feature_13 >  0.09
|   |   |   |   |--- feature_2 <= 0.19
|   |   |   |   |   |--- feature_12 <= 0.00
|   |   |   |   |   |   |--- feature_0 <= 0.97
|   |   |   |   |   |   |   |--- feature_4 <= 0.50
|   |   |   |   |   |   |   |   |--- feature_1 <= 0.00
|   |   |   |   |   |   |   |   |   |--- class: negative
|   |   |   |   |   |   |   |   |--- feature_1 >  0.00
|   |   |   |   |   |   |   |   |   |--- feature_14 <= 0.62
|   |   |   |   |   |   |   |   |   |   |--- feature_12 <= 0.00
|   |   |   |   |   |   |   |   |   |   |   |--- truncated branch of depth 4
|   |   |   |   |   |   |   |   |   |   |--- feature_12 >  0.00
|   |   |   |   |   |   |   |   |   |   |   |--- class: negative
|   |   |   |   |   |   |   |   |   |--- feature_14 >  0.62
|   |   |   |   |   |   |   |   |   |   |--- feature_7 <= 0.97
|   |   |   |   |   |   |   |   |   |   |   |--- class: negative
|   |   |   |   |   |   |   |   |   |   |--- feature_7 >  0.97
|   |   |   |   |   |   |   |   |   |   |   |--- class: positive
|   |   |   |   |   |   |   |--- feature_4 >  0.50
|   |   |   |   |   |   |   |   |--- feature_2 <= 0.12
|   |   |   |   |   |   |   |   |   |--- class: negative
|   |   |   |   |   |   |   |   |--- feature_2 >  0.12
|   |   |   |   |   |   |   |   |   |--- feature_9 <= 0.01
|   |   |   |   |   |   |   |   |   |   |--- feature_14 <= 0.30
|   |   |   |   |   |   |   |   |   |   |   |--- truncated branch of depth 4
|   |   |   |   |   |   |   |   |   |   |--- feature_14 >  0.30
|   |   |   |   |   |   |   |   |   |   |   |--- truncated branch of depth 2
|   |   |   |   |   |   |   |   |   |--- feature_9 >  0.01
|   |   |   |   |   |   |   |   |   |   |--- class: positive
|   |   |   |   |   |   |--- feature_0 >  0.97
|   |   |   |   |   |   |   |--- class: positive
|   |   |   |   |   |--- feature_12 >  0.00
|   |   |   |   |   |   |--- feature_14 <= 0.20
|   |   |   |   |   |   |   |--- feature_14 <= 0.19
|   |   |   |   |   |   |   |   |--- feature_11 <= 0.09
|   |   |   |   |   |   |   |   |   |--- feature_8 <= 0.90
|   |   |   |   |   |   |   |   |   |   |--- class: positive
|   |   |   |   |   |   |   |   |   |--- feature_8 >  0.90
|   |   |   |   |   |   |   |   |   |   |--- class: negative
|   |   |   |   |   |   |   |   |--- feature_11 >  0.09
|   |   |   |   |   |   |   |   |   |--- class: positive
|   |   |   |   |   |   |   |--- feature_14 >  0.19
|   |   |   |   |   |   |   |   |--- feature_8 <= 0.91
|   |   |   |   |   |   |   |   |   |--- class: negative
|   |   |   |   |   |   |   |   |--- feature_8 >  0.91
|   |   |   |   |   |   |   |   |   |--- class: positive
|   |   |   |   |   |   |--- feature_14 >  0.20
|   |   |   |   |   |   |   |--- feature_1 <= 0.00
|   |   |   |   |   |   |   |   |--- class: negative
|   |   |   |   |   |   |   |--- feature_1 >  0.00
|   |   |   |   |   |   |   |   |--- feature_1 <= 0.00
|   |   |   |   |   |   |   |   |   |--- feature_10 <= 0.02
|   |   |   |   |   |   |   |   |   |   |--- feature_15 <= 0.83
|   |   |   |   |   |   |   |   |   |   |   |--- truncated branch of depth 2
|   |   |   |   |   |   |   |   |   |   |--- feature_15 >  0.83
|   |   |   |   |   |   |   |   |   |   |   |--- truncated branch of depth 5
|   |   |   |   |   |   |   |   |   |--- feature_10 >  0.02
|   |   |   |   |   |   |   |   |   |   |--- feature_7 <= 0.92
|   |   |   |   |   |   |   |   |   |   |   |--- class: negative
|   |   |   |   |   |   |   |   |   |   |--- feature_7 >  0.92
|   |   |   |   |   |   |   |   |   |   |   |--- truncated branch of depth 2
|   |   |   |   |   |   |   |   |--- feature_1 >  0.00
|   |   |   |   |   |   |   |   |   |--- class: negative
|   |   |   |   |--- feature_2 >  0.19
|   |   |   |   |   |--- feature_15 <= 0.72
|   |   |   |   |   |   |--- class: negative
|   |   |   |   |   |--- feature_15 >  0.72
|   |   |   |   |   |   |--- feature_14 <= 0.36
|   |   |   |   |   |   |   |--- feature_11 <= 0.04
|   |   |   |   |   |   |   |   |--- feature_0 <= 0.53
|   |   |   |   |   |   |   |   |   |--- class: positive
|   |   |   |   |   |   |   |   |--- feature_0 >  0.53
|   |   |   |   |   |   |   |   |   |--- class: negative
|   |   |   |   |   |   |   |--- feature_11 >  0.04
|   |   |   |   |   |   |   |   |--- feature_11 <= 0.08
|   |   |   |   |   |   |   |   |   |--- class: negative
|   |   |   |   |   |   |   |   |--- feature_11 >  0.08
|   |   |   |   |   |   |   |   |   |--- feature_8 <= 0.94
|   |   |   |   |   |   |   |   |   |   |--- class: negative
|   |   |   |   |   |   |   |   |   |--- feature_8 >  0.94
|   |   |   |   |   |   |   |   |   |   |--- class: positive
|   |   |   |   |   |   |--- feature_14 >  0.36
|   |   |   |   |   |   |   |--- class: positive
|   |   |--- feature_13 >  0.09
|   |   |   |--- feature_9 <= 0.00
|   |   |   |   |--- feature_13 <= 0.12
|   |   |   |   |   |--- class: positive
|   |   |   |   |--- feature_13 >  0.12
|   |   |   |   |   |--- feature_3 <= 5.50
|   |   |   |   |   |   |--- feature_11 <= 0.03
|   |   |   |   |   |   |   |--- feature_14 <= 0.32
|   |   |   |   |   |   |   |   |--- feature_7 <= 0.90
|   |   |   |   |   |   |   |   |   |--- class: positive
|   |   |   |   |   |   |   |   |--- feature_7 >  0.90
|   |   |   |   |   |   |   |   |   |--- feature_4 <= 0.50
|   |   |   |   |   |   |   |   |   |   |--- feature_11 <= 0.02
|   |   |   |   |   |   |   |   |   |   |   |--- class: negative
|   |   |   |   |   |   |   |   |   |   |--- feature_11 >  0.02
|   |   |   |   |   |   |   |   |   |   |   |--- truncated branch of depth 2
|   |   |   |   |   |   |   |   |   |--- feature_4 >  0.50
|   |   |   |   |   |   |   |   |   |   |--- class: negative
|   |   |   |   |   |   |   |--- feature_14 >  0.32
|   |   |   |   |   |   |   |   |--- class: negative
|   |   |   |   |   |   |--- feature_11 >  0.03
|   |   |   |   |   |   |   |--- feature_18 <= 16.00
|   |   |   |   |   |   |   |   |--- feature_6 <= 10.40
|   |   |   |   |   |   |   |   |   |--- feature_8 <= 0.95
|   |   |   |   |   |   |   |   |   |   |--- class: negative
|   |   |   |   |   |   |   |   |   |--- feature_8 >  0.95
|   |   |   |   |   |   |   |   |   |   |--- feature_13 <= 0.12
|   |   |   |   |   |   |   |   |   |   |   |--- class: negative
|   |   |   |   |   |   |   |   |   |   |--- feature_13 >  0.12
|   |   |   |   |   |   |   |   |   |   |   |--- class: positive
|   |   |   |   |   |   |   |   |--- feature_6 >  10.40
|   |   |   |   |   |   |   |   |   |--- class: positive
|   |   |   |   |   |   |   |--- feature_18 >  16.00
|   |   |   |   |   |   |   |   |--- feature_8 <= 0.91
|   |   |   |   |   |   |   |   |   |--- feature_13 <= 0.14
|   |   |   |   |   |   |   |   |   |   |--- feature_1 <= 0.07
|   |   |   |   |   |   |   |   |   |   |   |--- class: negative
|   |   |   |   |   |   |   |   |   |   |--- feature_1 >  0.07
|   |   |   |   |   |   |   |   |   |   |   |--- class: positive
|   |   |   |   |   |   |   |   |   |--- feature_13 >  0.14
|   |   |   |   |   |   |   |   |   |   |--- feature_13 <= 0.16
|   |   |   |   |   |   |   |   |   |   |   |--- class: positive
|   |   |   |   |   |   |   |   |   |   |--- feature_13 >  0.16
|   |   |   |   |   |   |   |   |   |   |   |--- truncated branch of depth 4
|   |   |   |   |   |   |   |   |--- feature_8 >  0.91
|   |   |   |   |   |   |   |   |   |--- feature_2 <= 0.31
|   |   |   |   |   |   |   |   |   |   |--- feature_1 <= 0.00
|   |   |   |   |   |   |   |   |   |   |   |--- class: negative
|   |   |   |   |   |   |   |   |   |   |--- feature_1 >  0.00
|   |   |   |   |   |   |   |   |   |   |   |--- truncated branch of depth 10
|   |   |   |   |   |   |   |   |   |--- feature_2 >  0.31
|   |   |   |   |   |   |   |   |   |   |--- class: negative
|   |   |   |   |   |--- feature_3 >  5.50
|   |   |   |   |   |   |--- feature_14 <= 0.61
|   |   |   |   |   |   |   |--- feature_12 <= 0.02
|   |   |   |   |   |   |   |   |--- feature_14 <= 0.56
|   |   |   |   |   |   |   |   |   |--- feature_1 <= 0.02
|   |   |   |   |   |   |   |   |   |   |--- feature_12 <= 0.02
|   |   |   |   |   |   |   |   |   |   |   |--- class: negative
|   |   |   |   |   |   |   |   |   |   |--- feature_12 >  0.02
|   |   |   |   |   |   |   |   |   |   |   |--- class: positive
|   |   |   |   |   |   |   |   |   |--- feature_1 >  0.02
|   |   |   |   |   |   |   |   |   |   |--- class: positive
|   |   |   |   |   |   |   |   |--- feature_14 >  0.56
|   |   |   |   |   |   |   |   |   |--- class: negative
|   |   |   |   |   |   |   |--- feature_12 >  0.02
|   |   |   |   |   |   |   |   |--- class: negative
|   |   |   |   |   |   |--- feature_14 >  0.61
|   |   |   |   |   |   |   |--- feature_13 <= 0.12
|   |   |   |   |   |   |   |   |--- class: negative
|   |   |   |   |   |   |   |--- feature_13 >  0.12
|   |   |   |   |   |   |   |   |--- feature_2 <= 0.12
|   |   |   |   |   |   |   |   |   |--- class: negative
|   |   |   |   |   |   |   |   |--- feature_2 >  0.12
|   |   |   |   |   |   |   |   |   |--- feature_8 <= 0.92
|   |   |   |   |   |   |   |   |   |   |--- class: positive
|   |   |   |   |   |   |   |   |   |--- feature_8 >  0.92
|   |   |   |   |   |   |   |   |   |   |--- feature_2 <= 0.30
|   |   |   |   |   |   |   |   |   |   |   |--- truncated branch of depth 4
|   |   |   |   |   |   |   |   |   |   |--- feature_2 >  0.30
|   |   |   |   |   |   |   |   |   |   |   |--- class: negative
|   |   |   |--- feature_9 >  0.00
|   |   |   |   |--- feature_9 <= 0.10
|   |   |   |   |   |--- feature_10 <= 0.05
|   |   |   |   |   |   |--- feature_8 <= 0.91
|   |   |   |   |   |   |   |--- feature_12 <= 0.00
|   |   |   |   |   |   |   |   |--- class: negative
|   |   |   |   |   |   |   |--- feature_12 >  0.00
|   |   |   |   |   |   |   |   |--- feature_14 <= 1.00
|   |   |   |   |   |   |   |   |   |--- class: positive
|   |   |   |   |   |   |   |   |--- feature_14 >  1.00
|   |   |   |   |   |   |   |   |   |--- class: negative
|   |   |   |   |   |   |--- feature_8 >  0.91
|   |   |   |   |   |   |   |--- feature_14 <= 0.86
|   |   |   |   |   |   |   |   |--- class: positive
|   |   |   |   |   |   |   |--- feature_14 >  0.86
|   |   |   |   |   |   |   |   |--- feature_14 <= 0.87
|   |   |   |   |   |   |   |   |   |--- class: negative
|   |   |   |   |   |   |   |   |--- feature_14 >  0.87
|   |   |   |   |   |   |   |   |   |--- class: positive
|   |   |   |   |   |--- feature_10 >  0.05
|   |   |   |   |   |   |--- feature_11 <= 0.07
|   |   |   |   |   |   |   |--- class: negative
|   |   |   |   |   |   |--- feature_11 >  0.07
|   |   |   |   |   |   |   |--- class: positive
|   |   |   |   |--- feature_9 >  0.10
|   |   |   |   |   |--- feature_20 <= 1.50
|   |   |   |   |   |   |--- class: negative
|   |   |   |   |   |--- feature_20 >  1.50
|   |   |   |   |   |   |--- feature_7 <= 0.95
|   |   |   |   |   |   |   |--- feature_18 <= 18.00
|   |   |   |   |   |   |   |   |--- feature_11 <= 0.06
|   |   |   |   |   |   |   |   |   |--- feature_14 <= 0.31
|   |   |   |   |   |   |   |   |   |   |--- class: positive
|   |   |   |   |   |   |   |   |   |--- feature_14 >  0.31
|   |   |   |   |   |   |   |   |   |   |--- feature_11 <= 0.05
|   |   |   |   |   |   |   |   |   |   |   |--- class: negative
|   |   |   |   |   |   |   |   |   |   |--- feature_11 >  0.05
|   |   |   |   |   |   |   |   |   |   |   |--- class: positive
|   |   |   |   |   |   |   |   |--- feature_11 >  0.06
|   |   |   |   |   |   |   |   |   |--- class: negative
|   |   |   |   |   |   |   |--- feature_18 >  18.00
|   |   |   |   |   |   |   |   |--- feature_9 <= 0.10
|   |   |   |   |   |   |   |   |   |--- feature_14 <= 0.74
|   |   |   |   |   |   |   |   |   |   |--- class: negative
|   |   |   |   |   |   |   |   |   |--- feature_14 >  0.74
|   |   |   |   |   |   |   |   |   |   |--- class: positive
|   |   |   |   |   |   |   |   |--- feature_9 >  0.10
|   |   |   |   |   |   |   |   |   |--- feature_12 <= 0.00
|   |   |   |   |   |   |   |   |   |   |--- class: negative
|   |   |   |   |   |   |   |   |   |--- feature_12 >  0.00
|   |   |   |   |   |   |   |   |   |   |--- feature_7 <= 0.93
|   |   |   |   |   |   |   |   |   |   |   |--- truncated branch of depth 7
|   |   |   |   |   |   |   |   |   |   |--- feature_7 >  0.93
|   |   |   |   |   |   |   |   |   |   |   |--- truncated branch of depth 2
|   |   |   |   |   |   |--- feature_7 >  0.95
|   |   |   |   |   |   |   |--- feature_10 <= 0.02
|   |   |   |   |   |   |   |   |--- feature_13 <= 0.12
|   |   |   |   |   |   |   |   |   |--- class: positive
|   |   |   |   |   |   |   |   |--- feature_13 >  0.12
|   |   |   |   |   |   |   |   |   |--- feature_7 <= 0.97
|   |   |   |   |   |   |   |   |   |   |--- feature_8 <= 0.91
|   |   |   |   |   |   |   |   |   |   |   |--- class: negative
|   |   |   |   |   |   |   |   |   |   |--- feature_8 >  0.91
|   |   |   |   |   |   |   |   |   |   |   |--- truncated branch of depth 7
|   |   |   |   |   |   |   |   |   |--- feature_7 >  0.97
|   |   |   |   |   |   |   |   |   |   |--- feature_2 <= 0.50
|   |   |   |   |   |   |   |   |   |   |   |--- truncated branch of depth 7
|   |   |   |   |   |   |   |   |   |   |--- feature_2 >  0.50
|   |   |   |   |   |   |   |   |   |   |   |--- class: positive
|   |   |   |   |   |   |   |--- feature_10 >  0.02
|   |   |   |   |   |   |   |   |--- feature_14 <= 0.68
|   |   |   |   |   |   |   |   |   |--- feature_10 <= 0.03
|   |   |   |   |   |   |   |   |   |   |--- class: positive
|   |   |   |   |   |   |   |   |   |--- feature_10 >  0.03
|   |   |   |   |   |   |   |   |   |   |--- feature_10 <= 0.05
|   |   |   |   |   |   |   |   |   |   |   |--- truncated branch of depth 4
|   |   |   |   |   |   |   |   |   |   |--- feature_10 >  0.05
|   |   |   |   |   |   |   |   |   |   |   |--- truncated branch of depth 2
|   |   |   |   |   |   |   |   |--- feature_14 >  0.68
|   |   |   |   |   |   |   |   |   |--- feature_2 <= 0.16
|   |   |   |   |   |   |   |   |   |   |--- feature_4 <= 5.50
|   |   |   |   |   |   |   |   |   |   |   |--- truncated branch of depth 2
|   |   |   |   |   |   |   |   |   |   |--- feature_4 >  5.50
|   |   |   |   |   |   |   |   |   |   |   |--- class: positive
|   |   |   |   |   |   |   |   |   |--- feature_2 >  0.16
|   |   |   |   |   |   |   |   |   |   |--- class: positive
