|--- feature_1 <= 0.42
|   |--- feature_2 <= 0.60
|   |   |--- feature_3 <= 0.54
|   |   |   |--- feature_9 <= 0.28
|   |   |   |   |--- class: REPLACE
|   |   |   |--- feature_9 >  0.28
|   |   |   |   |--- feature_9 <= 0.39
|   |   |   |   |   |--- class: REPAIR
|   |   |   |   |--- feature_9 >  0.39
|   |   |   |   |   |--- class: REPLACE
|   |   |--- feature_3 >  0.54
|   |   |   |--- feature_10 <= 0.17
|   |   |   |   |--- feature_5 <= 0.20
|   |   |   |   |   |--- class: REPLACE
|   |   |   |   |--- feature_5 >  0.20
|   |   |   |   |   |--- feature_1 <= 0.29
|   |   |   |   |   |   |--- feature_1 <= 0.09
|   |   |   |   |   |   |   |--- feature_0 <= 0.42
|   |   |   |   |   |   |   |   |--- class: REPAIR
|   |   |   |   |   |   |   |--- feature_0 >  0.42
|   |   |   |   |   |   |   |   |--- class: REPLACE
|   |   |   |   |   |   |--- feature_1 >  0.09
|   |   |   |   |   |   |   |--- class: REPLACE
|   |   |   |   |   |--- feature_1 >  0.29
|   |   |   |   |   |   |--- class: REPAIR
|   |   |   |--- feature_10 >  0.17
|   |   |   |   |--- feature_7 <= 3.50
|   |   |   |   |   |--- feature_0 <= 0.36
|   |   |   |   |   |   |--- class: REPLACE
|   |   |   |   |   |--- feature_0 >  0.36
|   |   |   |   |   |   |--- feature_2 <= 0.56
|   |   |   |   |   |   |   |--- class: REHAB
|   |   |   |   |   |   |--- feature_2 >  0.56
|   |   |   |   |   |   |   |--- class: REPLACE
|   |   |   |   |--- feature_7 >  3.50
|   |   |   |   |   |--- class: REPLACE
|   |--- feature_2 >  0.60
|   |   |--- feature_4 <= 0.01
|   |   |   |--- class: REHAB
|   |   |--- feature_4 >  0.01
|   |   |   |--- class: REPAIR
|--- feature_1 >  0.42
|   |--- feature_5 <= 0.91
|   |   |--- feature_5 <= 0.45
|   |   |   |--- feature_0 <= 0.49
|   |   |   |   |--- feature_4 <= 0.01
|   |   |   |   |   |--- feature_7 <= 3.00
|   |   |   |   |   |   |--- class: REPLACE
|   |   |   |   |   |--- feature_7 >  3.00
|   |   |   |   |   |   |--- class: REPAIR
|   |   |   |   |--- feature_4 >  0.01
|   |   |   |   |   |--- feature_4 <= 0.04
|   |   |   |   |   |   |--- feature_5 <= 0.32
|   |   |   |   |   |   |   |--- class: REHAB
|   |   |   |   |   |   |--- feature_5 >  0.32
|   |   |   |   |   |   |   |--- feature_0 <= 0.39
|   |   |   |   |   |   |   |   |--- class: REPAIR
|   |   |   |   |   |   |   |--- feature_0 >  0.39
|   |   |   |   |   |   |   |   |--- class: REHAB
|   |   |   |   |   |--- feature_4 >  0.04
|   |   |   |   |   |   |--- class: REPAIR
|   |   |   |--- feature_0 >  0.49
|   |   |   |   |--- feature_3 <= 0.42
|   |   |   |   |   |--- feature_0 <= 0.67
|   |   |   |   |   |   |--- class: REPLACE
|   |   |   |   |   |--- feature_0 >  0.67
|   |   |   |   |   |   |--- class: REPAIR
|   |   |   |   |--- feature_3 >  0.42
|   |   |   |   |   |--- feature_5 <= 0.30
|   |   |   |   |   |   |--- class: REPAIR
|   |   |   |   |   |--- feature_5 >  0.30
|   |   |   |   |   |   |--- feature_6 <= 3.00
|   |   |   |   |   |   |   |--- class: REPAIR
|   |   |   |   |   |   |--- feature_6 >  3.00
|   |   |   |   |   |   |   |--- feature_2 <= 0.78
|   |   |   |   |   |   |   |   |--- class: REHAB
|   |   |   |   |   |   |   |--- feature_2 >  0.78
|   |   |   |   |   |   |   |   |--- class: REPLACE
|   |   |--- feature_5 >  0.45
|   |   |   |--- class: REHAB
|   |--- feature_5 >  0.91
|   |   |--- feature_4 <= 0.04
|   |   |   |--- class: REPAIR
|   |   |--- feature_4 >  0.04
|   |   |   |--- class: REPLACE
