|--- feature_2 <= 0.67
|   |--- feature_0 <= 0.45
|   |   |--- feature_17 <= 0.26
|   |   |   |--- feature_1 <= 0.24
|   |   |   |   |--- feature_4 <= 0.00
|   |   |   |   |   |--- feature_21 <= 18.00
|   |   |   |   |   |   |--- feature_22 <= 7.00
|   |   |   |   |   |   |   |--- class: negative
|   |   |   |   |   |   |--- feature_22 >  7.00
|   |   |   |   |   |   |   |--- class: positive
|   |   |   |   |   |--- feature_21 >  18.00
|   |   |   |   |   |   |--- class: negative
|   |   |   |   |--- feature_4 >  0.00
|   |   |   |   |   |--- class: positive
|   |   |   |--- feature_1 >  0.24
|   |   |   |   |--- class: negative
|   |   |--- feature_17 >  0.26
|   |   |   |--- feature_17 <= 0.32
|   |   |   |   |--- feature_24 <= -0.09
|   |   |   |   |   |--- class: negative
|   |   |   |   |--- feature_24 >  -0.09
|   |   |   |   |   |--- feature_3 <= 0.39
|   |   |   |   |   |   |--- class: negative
|   |   |   |   |   |--- feature_3 >  0.39
|   |   |   |   |   |   |--- feature_6 <= 2.00
|   |   |   |   |   |   |   |--- class: negative
|   |   |   |   |   |   |--- feature_6 >  2.00
|   |   |   |   |   |   |   |--- feature_18 <= 0.55
|   |   |   |   |   |   |   |   |--- class: positive
|   |   |   |   |   |   |   |--- feature_18 >  0.55
|   |   |   |   |   |   |   |   |--- feature_3 <= 0.54
|   |   |   |   |   |   |   |   |   |--- class: positive
|   |   |   |   |   |   |   |   |--- feature_3 >  0.54
|   |   |   |   |   |   |   |   |   |--- class: negative
|   |   |   |--- feature_17 >  0.32
|   |   |   |   |--- class: negative
|   |--- feature_0 >  0.45
|   |   |--- feature_2 <= 0.56
|   |   |   |--- feature_2 <= 0.56
|   |   |   |   |--- feature_2 <= 0.45
|   |   |   |   |   |--- feature_3 <= 0.34
|   |   |   |   |   |   |--- class: negative
|   |   |   |   |   |--- feature_3 >  0.34
|   |   |   |   |   |   |--- feature_24 <= -0.10
|   |   |   |   |   |   |   |--- feature_26 <= -0.11
|   |   |   |   |   |   |   |   |--- class: negative
|   |   |   |   |   |   |   |--- feature_26 >  -0.11
|   |   |   |   |   |   |   |   |--- feature_24 <= -0.10
|   |   |   |   |   |   |   |   |   |--- feature_18 <= 0.34
|   |   |   |   |   |   |   |   |   |   |--- feature_0 <= 0.56
|   |   |   |   |   |   |   |   |   |   |   |--- truncated branch of depth 2
|   |   |   |   |   |   |   |   |   |   |--- feature_0 >  0.56
|   |   |   |   |   |   |   |   |   |   |   |--- truncated branch of depth 3
|   |   |   |   |   |   |   |   |   |--- feature_18 >  0.34
|   |   |   |   |   |   |   |   |   |   |--- feature_17 <= 0.13
|   |   |   |   |   |   |   |   |   |   |   |--- truncated branch of depth 5
|   |   |   |   |   |   |   |   |   |   |--- feature_17 >  0.13
|   |   |   |   |   |   |   |   |   |   |   |--- truncated branch of depth 3
|   |   |   |   |   |   |   |   |--- feature_24 >  -0.10
|   |   |   |   |   |   |   |   |   |--- class: negative
|   |   |   |   |   |   |--- feature_24 >  -0.10
|   |   |   |   |   |   |   |--- feature_21 <= 18.00
|   |   |   |   |   |   |   |   |--- feature_2 <= 0.42
|   |   |   |   |   |   |   |   |   |--- feature_2 <= 0.34
|   |   |   |   |   |   |   |   |   |   |--- class: negative
|   |   |   |   |   |   |   |   |   |--- feature_2 >  0.34
|   |   |   |   |   |   |   |   |   |   |--- class: positive
|   |   |   |   |   |   |   |   |--- feature_2 >  0.42
|   |   |   |   |   |   |   |   |   |--- class: negative
|   |   |   |   |   |   |   |--- feature_21 >  18.00
|   |   |   |   |   |   |   |   |--- feature_1 <= 0.17
|   |   |   |   |   |   |   |   |   |--- class: negative
|   |   |   |   |   |   |   |   |--- feature_1 >  0.17
|   |   |   |   |   |   |   |   |   |--- feature_10 <= 0.94
|   |   |   |   |   |   |   |   |   |   |--- class: negative
|   |   |   |   |   |   |   |   |   |--- feature_10 >  0.94
|   |   |   |   |   |   |   |   |   |   |--- feature_3 <= 0.45
|   |   |   |   |   |   |   |   |   |   |   |--- truncated branch of depth 7
|   |   |   |   |   |   |   |   |   |   |--- feature_3 >  0.45
|   |   |   |   |   |   |   |   |   |   |   |--- truncated branch of depth 7
|   |   |   |   |--- feature_2 >  0.45
|   |   |   |   |   |--- class: positive
|   |   |   |--- feature_2 >  0.56
|   |   |   |   |--- feature_10 <= 0.96
|   |   |   |   |   |--- feature_3 <= 0.56
|   |   |   |   |   |   |--- feature_10 <= 0.95
|   |   |   |   |   |   |   |--- feature_0 <= 0.56
|   |   |   |   |   |   |   |   |--- feature_11 <= 0.94
|   |   |   |   |   |   |   |   |   |--- feature_0 <= 0.53
|   |   |   |   |   |   |   |   |   |   |--- class: positive
|   |   |   |   |   |   |   |   |   |--- feature_0 >  0.53
|   |   |   |   |   |   |   |   |   |   |--- feature_11 <= 0.92
|   |   |   |   |   |   |   |   |   |   |   |--- truncated branch of depth 4
|   |   |   |   |   |   |   |   |   |   |--- feature_11 >  0.92
|   |   |   |   |   |   |   |   |   |   |   |--- class: negative
|   |   |   |   |   |   |   |   |--- feature_11 >  0.94
|   |   |   |   |   |   |   |   |   |--- feature_11 <= 0.95
|   |   |   |   |   |   |   |   |   |   |--- feature_17 <= 0.09
|   |   |   |   |   |   |   |   |   |   |   |--- truncated branch of depth 2
|   |   |   |   |   |   |   |   |   |   |--- feature_17 >  0.09
|   |   |   |   |   |   |   |   |   |   |   |--- truncated branch of depth 3
|   |   |   |   |   |   |   |   |   |--- feature_11 >  0.95
|   |   |   |   |   |   |   |   |   |   |--- feature_14 <= 0.09
|   |   |   |   |   |   |   |   |   |   |   |--- class: negative
|   |   |   |   |   |   |   |   |   |   |--- feature_14 >  0.09
|   |   |   |   |   |   |   |   |   |   |   |--- truncated branch of depth 2
|   |   |   |   |   |   |   |--- feature_0 >  0.56
|   |   |   |   |   |   |   |   |--- feature_0 <= 0.67
|   |   |   |   |   |   |   |   |   |--- class: positive
|   |   |   |   |   |   |   |   |--- feature_0 >  0.67
|   |   |   |   |   |   |   |   |   |--- feature_11 <= 0.93
|   |   |   |   |   |   |   |   |   |   |--- feature_4 <= 0.00
|   |   |   |   |   |   |   |   |   |   |   |--- truncated branch of depth 4
|   |   |   |   |   |   |   |   |   |   |--- feature_4 >  0.00
|   |   |   |   |   |   |   |   |   |   |   |--- truncated branch of depth 2
|   |   |   |   |   |   |   |   |   |--- feature_11 >  0.93
|   |   |   |   |   |   |   |   |   |   |--- feature_11 <= 0.94
|   |   |   |   |   |   |   |   |   |   |   |--- truncated branch of depth 3
|   |   |   |   |   |   |   |   |   |   |--- feature_11 >  0.94
|   |   |   |   |   |   |   |   |   |   |   |--- class: negative
|   |   |   |   |   |   |--- feature_10 >  0.95
|   |   |   |   |   |   |   |--- class: positive
|   |   |   |   |   |--- feature_3 >  0.56
|   |   |   |   |   |   |--- feature_19 <= 0.01
|   |   |   |   |   |   |   |--- class: negative
|   |   |   |   |   |   |--- feature_19 >  0.01
|   |   |   |   |   |   |   |--- feature_13 <= 0.05
|   |   |   |   |   |   |   |   |--- feature_25 <= -0.35
|   |   |   |   |   |   |   |   |   |--- feature_13 <= 0.02
|   |   |   |   |   |   |   |   |   |   |--- class: negative
|   |   |   |   |   |   |   |   |   |--- feature_13 >  0.02
|   |   |   |   |   |   |   |   |   |   |--- class: positive
|   |   |   |   |   |   |   |   |--- feature_25 >  -0.35
|   |   |   |   |   |   |   |   |   |--- feature_14 <= 0.10
|   |   |   |   |   |   |   |   |   |   |--- feature_6 <= 6.00
|   |   |   |   |   |   |   |   |   |   |   |--- truncated branch of depth 7
|   |   |   |   |   |   |   |   |   |   |--- feature_6 >  6.00
|   |   |   |   |   |   |   |   |   |   |   |--- class: negative
|   |   |   |   |   |   |   |   |   |--- feature_14 >  0.10
|   |   |   |   |   |   |   |   |   |   |--- feature_0 <= 0.61
|   |   |   |   |   |   |   |   |   |   |   |--- class: negative
|   |   |   |   |   |   |   |   |   |   |--- feature_0 >  0.61
|   |   |   |   |   |   |   |   |   |   |   |--- truncated branch of depth 4
|   |   |   |   |   |   |   |--- feature_13 >  0.05
|   |   |   |   |   |   |   |   |--- feature_1 <= 0.42
|   |   |   |   |   |   |   |   |   |--- class: positive
|   |   |   |   |   |   |   |   |--- feature_1 >  0.42
|   |   |   |   |   |   |   |   |   |--- feature_1 <= 0.67
|   |   |   |   |   |   |   |   |   |   |--- class: negative
|   |   |   |   |   |   |   |   |   |--- feature_1 >  0.67
|   |   |   |   |   |   |   |   |   |   |--- feature_12 <= 0.10
|   |   |   |   |   |   |   |   |   |   |   |--- class: negative
|   |   |   |   |   |   |   |   |   |   |--- feature_12 >  0.10
|   |   |   |   |   |   |   |   |   |   |   |--- class: positive
|   |   |   |   |--- feature_10 >  0.96
|   |   |   |   |   |--- feature_22 <= 1.50
|   |   |   |   |   |   |--- feature_15 <= 0.01
|   |   |   |   |   |   |   |--- feature_11 <= 0.93
|   |   |   |   |   |   |   |   |--- class: negative
|   |   |   |   |   |   |   |--- feature_11 >  0.93
|   |   |   |   |   |   |   |   |--- feature_4 <= 0.00
|   |   |   |   |   |   |   |   |   |--- feature_19 <= 0.01
|   |   |   |   |   |   |   |   |   |   |--- feature_17 <= 0.24
|   |   |   |   |   |   |   |   |   |   |   |--- truncated branch of depth 2
|   |   |   |   |   |   |   |   |   |   |--- feature_17 >  0.24
|   |   |   |   |   |   |   |   |   |   |   |--- class: positive
|   |   |   |   |   |   |   |   |   |--- feature_19 >  0.01
|   |   |   |   |   |   |   |   |   |   |--- feature_7 <= 2.50
|   |   |   |   |   |   |   |   |   |   |   |--- truncated branch of depth 3
|   |   |   |   |   |   |   |   |   |   |--- feature_7 >  2.50
|   |   |   |   |   |   |   |   |   |   |   |--- truncated branch of depth 2
|   |   |   |   |   |   |   |   |--- feature_4 >  0.00
|   |   |   |   |   |   |   |   |   |--- class: negative
|   |   |   |   |   |   |--- feature_15 >  0.01
|   |   |   |   |   |   |   |--- feature_0 <= 0.72
|   |   |   |   |   |   |   |   |--- class: negative
|   |   |   |   |   |   |   |--- feature_0 >  0.72
|   |   |   |   |   |   |   |   |--- feature_15 <= 0.02
|   |   |   |   |   |   |   |   |   |--- class: positive
|   |   |   |   |   |   |   |   |--- feature_15 >  0.02
|   |   |   |   |   |   |   |   |   |--- class: negative
|   |   |   |   |   |--- feature_22 >  1.50
|   |   |   |   |   |   |--- feature_10 <= 0.97
|   |   |   |   |   |   |   |--- feature_16 <= 0.03
|   |   |   |   |   |   |   |   |--- class: negative
|   |   |   |   |   |   |   |--- feature_16 >  0.03
|   |   |   |   |   |   |   |   |--- feature_16 <= 0.07
|   |   |   |   |   |   |   |   |   |--- feature_3 <= 0.60
|   |   |   |   |   |   |   |   |   |   |--- feature_11 <= 0.93
|   |   |   |   |   |   |   |   |   |   |   |--- class: negative
|   |   |   |   |   |   |   |   |   |   |--- feature_11 >  0.93
|   |   |   |   |   |   |   |   |   |   |   |--- truncated branch of depth 3
|   |   |   |   |   |   |   |   |   |--- feature_3 >  0.60
|   |   |   |   |   |   |   |   |   |   |--- class: positive
|   |   |   |   |   |   |   |   |--- feature_16 >  0.07
|   |   |   |   |   |   |   |   |   |--- class: negative
|   |   |   |   |   |   |--- feature_10 >  0.97
|   |   |   |   |   |   |   |--- class: negative
|   |   |--- feature_2 >  0.56
|   |   |   |--- class: positive
|--- feature_2 >  0.67
|   |--- feature_0 <= 0.67
|   |   |--- feature_26 <= -0.01
|   |   |   |--- feature_26 <= -0.17
|   |   |   |   |--- feature_26 <= -0.18
|   |   |   |   |   |--- feature_1 <= 0.91
|   |   |   |   |   |   |--- feature_10 <= 0.96
|   |   |   |   |   |   |   |--- feature_0 <= 0.56
|   |   |   |   |   |   |   |   |--- feature_11 <= 0.93
|   |   |   |   |   |   |   |   |   |--- feature_4 <= 0.00
|   |   |   |   |   |   |   |   |   |   |--- class: positive
|   |   |   |   |   |   |   |   |   |--- feature_4 >  0.00
|   |   |   |   |   |   |   |   |   |   |--- class: negative
|   |   |   |   |   |   |   |   |--- feature_11 >  0.93
|   |   |   |   |   |   |   |   |   |--- class: negative
|   |   |   |   |   |   |   |--- feature_0 >  0.56
|   |   |   |   |   |   |   |   |--- feature_6 <= 5.50
|   |   |   |   |   |   |   |   |   |--- feature_12 <= 0.48
|   |   |   |   |   |   |   |   |   |   |--- class: negative
|   |   |   |   |   |   |   |   |   |--- feature_12 >  0.48
|   |   |   |   |   |   |   |   |   |   |--- class: positive
|   |   |   |   |   |   |   |   |--- feature_6 >  5.50
|   |   |   |   |   |   |   |   |   |--- class: positive
|   |   |   |   |   |   |--- feature_10 >  0.96
|   |   |   |   |   |   |   |--- feature_12 <= 0.52
|   |   |   |   |   |   |   |   |--- class: negative
|   |   |   |   |   |   |   |--- feature_12 >  0.52
|   |   |   |   |   |   |   |   |--- feature_5 <= 0.12
|   |   |   |   |   |   |   |   |   |--- class: positive
|   |   |   |   |   |   |   |   |--- feature_5 >  0.12
|   |   |   |   |   |   |   |   |   |--- class: negative
|   |   |   |   |   |--- feature_1 >  0.91
|   |   |   |   |   |   |--- class: positive
|   |   |   |   |--- feature_26 >  -0.18
|   |   |   |   |   |--- feature_10 <= 0.94
|   |   |   |   |   |   |--- feature_25 <= -0.05
|   |   |   |   |   |   |   |--- class: negative
|   |   |   |   |   |   |--- feature_25 >  -0.05
|   |   |   |   |   |   |   |--- feature_15 <= 0.01
|   |   |   |   |   |   |   |   |--- feature_0 <= 0.61
|   |   |   |   |   |   |   |   |   |--- class: positive
|   |   |   |   |   |   |   |   |--- feature_0 >  0.61
|   |   |   |   |   |   |   |   |   |--- class: negative
|   |   |   |   |   |   |   |--- feature_15 >  0.01
|   |   |   |   |   |   |   |   |--- class: negative
|   |   |   |   |   |--- feature_10 >  0.94
|   |   |   |   |   |   |--- class: negative
|   |   |   |--- feature_26 >  -0.17
|   |   |   |   |--- feature_2 <= 0.67
|   |   |   |   |   |--- feature_10 <= 0.94
|   |   |   |   |   |   |--- feature_4 <= 0.01
|   |   |   |   |   |   |   |--- class: positive
|   |   |   |   |   |   |--- feature_4 >  0.01
|   |   |   |   |   |   |   |--- class: negative
|   |   |   |   |   |--- feature_10 >  0.94
|   |   |   |   |   |   |--- class: negative
|   |   |   |   |--- feature_2 >  0.67
|   |   |   |   |   |--- feature_10 <= 0.96
|   |   |   |   |   |   |--- feature_16 <= 0.10
|   |   |   |   |   |   |   |--- class: positive
|   |   |   |   |   |   |--- feature_16 >  0.10
|   |   |   |   |   |   |   |--- class: negative
|   |   |   |   |   |--- feature_10 >  0.96
|   |   |   |   |   |   |--- feature_14 <= 0.09
|   |   |   |   |   |   |   |--- class: negative
|   |   |   |   |   |   |--- feature_14 >  0.09
|   |   |   |   |   |   |   |--- class: positive
|   |   |--- feature_26 >  -0.01
|   |   |   |--- feature_4 <= 0.00
|   |   |   |   |--- feature_2 <= 0.78
|   |   |   |   |   |--- feature_3 <= 0.67
|   |   |   |   |   |   |--- feature_1 <= 0.56
|   |   |   |   |   |   |   |--- feature_10 <= 0.99
|   |   |   |   |   |   |   |   |--- class: negative
|   |   |   |   |   |   |   |--- feature_10 >  0.99
|   |   |   |   |   |   |   |   |--- feature_15 <= 0.00
|   |   |   |   |   |   |   |   |   |--- class: negative
|   |   |   |   |   |   |   |   |--- feature_15 >  0.00
|   |   |   |   |   |   |   |   |   |--- class: positive
|   |   |   |   |   |   |--- feature_1 >  0.56
|   |   |   |   |   |   |   |--- feature_12 <= 0.07
|   |   |   |   |   |   |   |   |--- feature_17 <= 0.22
|   |   |   |   |   |   |   |   |   |--- class: negative
|   |   |   |   |   |   |   |   |--- feature_17 >  0.22
|   |   |   |   |   |   |   |   |   |--- feature_17 <= 0.27
|   |   |   |   |   |   |   |   |   |   |--- class: positive
|   |   |   |   |   |   |   |   |   |--- feature_17 >  0.27
|   |   |   |   |   |   |   |   |   |   |--- class: negative
|   |   |   |   |   |   |   |--- feature_12 >  0.07
|   |   |   |   |   |   |   |   |--- feature_11 <= 0.94
|   |   |   |   |   |   |   |   |   |--- class: negative
|   |   |   |   |   |   |   |   |--- feature_11 >  0.94
|   |   |   |   |   |   |   |   |   |--- feature_11 <= 0.96
|   |   |   |   |   |   |   |   |   |   |--- class: positive
|   |   |   |   |   |   |   |   |   |--- feature_11 >  0.96
|   |   |   |   |   |   |   |   |   |   |--- class: negative
|   |   |   |   |   |--- feature_3 >  0.67
|   |   |   |   |   |   |--- feature_17 <= 0.25
|   |   |   |   |   |   |   |--- class: negative
|   |   |   |   |   |   |--- feature_17 >  0.25
|   |   |   |   |   |   |   |--- feature_17 <= 0.38
|   |   |   |   |   |   |   |   |--- feature_10 <= 0.94
|   |   |   |   |   |   |   |   |   |--- class: negative
|   |   |   |   |   |   |   |   |--- feature_10 >  0.94
|   |   |   |   |   |   |   |   |   |--- class: positive
|   |   |   |   |   |   |   |--- feature_17 >  0.38
|   |   |   |   |   |   |   |   |--- class: negative
|   |   |   |   |--- feature_2 >  0.78
|   |   |   |   |   |--- feature_3 <= 0.89
|   |   |   |   |   |   |--- feature_1 <= 0.84
|   |   |   |   |   |   |   |--- class: negative
|   |   |   |   |   |   |--- feature_1 >  0.84
|   |   |   |   |   |   |   |--- feature_6 <= 5.00
|   |   |   |   |   |   |   |   |--- class: negative
|   |   |   |   |   |   |   |--- feature_6 >  5.00
|   |   |   |   |   |   |   |   |--- feature_16 <= 0.11
|   |   |   |   |   |   |   |   |   |--- class: positive
|   |   |   |   |   |   |   |   |--- feature_16 >  0.11
|   |   |   |   |   |   |   |   |   |--- class: negative
|   |   |   |   |   |--- feature_3 >  0.89
|   |   |   |   |   |   |--- feature_3 <= 0.98
|   |   |   |   |   |   |   |--- class: positive
|   |   |   |   |   |   |--- feature_3 >  0.98
|   |   |   |   |   |   |   |--- feature_14 <= 0.09
|   |   |   |   |   |   |   |   |--- class: negative
|   |   |   |   |   |   |   |--- feature_14 >  0.09
|   |   |   |   |   |   |   |   |--- class: positive
|   |   |   |--- feature_4 >  0.00
|   |   |   |   |--- class: negative
|   |--- feature_0 >  0.67
|   |   |--- feature_0 <= 0.78
|   |   |   |--- class: positive
|   |   |--- feature_0 >  0.78
|   |   |   |--- feature_24 <= -0.35
|   |   |   |   |--- class: negative
|   |   |   |--- feature_24 >  -0.35
|   |   |   |   |--- feature_26 <= -0.00
|   |   |   |   |   |--- feature_26 <= -0.17
|   |   |   |   |   |   |--- feature_26 <= -0.17
|   |   |   |   |   |   |   |--- feature_26 <= -0.25
|   |   |   |   |   |   |   |   |--- feature_15 <= 0.00
|   |   |   |   |   |   |   |   |   |--- feature_1 <= 0.82
|   |   |   |   |   |   |   |   |   |   |--- class: negative
|   |   |   |   |   |   |   |   |   |--- feature_1 >  0.82
|   |   |   |   |   |   |   |   |   |   |--- feature_10 <= 0.95
|   |   |   |   |   |   |   |   |   |   |   |--- class: negative
|   |   |   |   |   |   |   |   |   |   |--- feature_10 >  0.95
|   |   |   |   |   |   |   |   |   |   |   |--- class: positive
|   |   |   |   |   |   |   |   |--- feature_15 >  0.00
|   |   |   |   |   |   |   |   |   |--- feature_22 <= 8.23
|   |   |   |   |   |   |   |   |   |   |--- feature_5 <= 0.06
|   |   |   |   |   |   |   |   |   |   |   |--- truncated branch of depth 2
|   |   |   |   |   |   |   |   |   |   |--- feature_5 >  0.06
|   |   |   |   |   |   |   |   |   |   |   |--- truncated branch of depth 3
|   |   |   |   |   |   |   |   |   |--- feature_22 >  8.23
|   |   |   |   |   |   |   |   |   |   |--- feature_16 <= 0.07
|   |   |   |   |   |   |   |   |   |   |   |--- class: negative
|   |   |   |   |   |   |   |   |   |   |--- feature_16 >  0.07
|   |   |   |   |   |   |   |   |   |   |   |--- class: positive
|   |   |   |   |   |   |   |--- feature_26 >  -0.25
|   |   |   |   |   |   |   |   |--- feature_0 <= 0.78
|   |   |   |   |   |   |   |   |   |--- feature_24 <= -0.16
|   |   |   |   |   |   |   |   |   |   |--- class: negative
|   |   |   |   |   |   |   |   |   |--- feature_24 >  -0.16
|   |   |   |   |   |   |   |   |   |   |--- class: positive
|   |   |   |   |   |   |   |   |--- feature_0 >  0.78
|   |   |   |   |   |   |   |   |   |--- class: positive
|   |   |   |   |   |   |--- feature_26 >  -0.17
|   |   |   |   |   |   |   |--- feature_10 <= 0.99
|   |   |   |   |   |   |   |   |--- class: negative
|   |   |   |   |   |   |   |--- feature_10 >  0.99
|   |   |   |   |   |   |   |   |--- feature_10 <= 0.99
|   |   |   |   |   |   |   |   |   |--- class: positive
|   |   |   |   |   |   |   |   |--- feature_10 >  0.99
|   |   |   |   |   |   |   |   |   |--- class: negative
|   |   |   |   |   |--- feature_26 >  -0.17
|   |   |   |   |   |   |--- feature_3 <= 0.68
|   |   |   |   |   |   |   |--- class: negative
|   |   |   |   |   |   |--- feature_3 >  0.68
|   |   |   |   |   |   |   |--- feature_11 <= 0.93
|   |   |   |   |   |   |   |   |--- feature_25 <= -0.10
|   |   |   |   |   |   |   |   |   |--- feature_25 <= -0.14
|   |   |   |   |   |   |   |   |   |   |--- feature_25 <= -0.19
|   |   |   |   |   |   |   |   |   |   |   |--- truncated branch of depth 3
|   |   |   |   |   |   |   |   |   |   |--- feature_25 >  -0.19
|   |   |   |   |   |   |   |   |   |   |   |--- class: positive
|   |   |   |   |   |   |   |   |   |--- feature_25 >  -0.14
|   |   |   |   |   |   |   |   |   |   |--- class: negative
|   |   |   |   |   |   |   |   |--- feature_25 >  -0.10
|   |   |   |   |   |   |   |   |   |--- class: positive
|   |   |   |   |   |   |   |--- feature_11 >  0.93
|   |   |   |   |   |   |   |   |--- feature_5 <= 0.50
|   |   |   |   |   |   |   |   |   |--- feature_25 <= -0.33
|   |   |   |   |   |   |   |   |   |   |--- feature_7 <= 2.00
|   |   |   |   |   |   |   |   |   |   |   |--- class: negative
|   |   |   |   |   |   |   |   |   |   |--- feature_7 >  2.00
|   |   |   |   |   |   |   |   |   |   |   |--- class: positive
|   |   |   |   |   |   |   |   |   |--- feature_25 >  -0.33
|   |   |   |   |   |   |   |   |   |   |--- class: positive
|   |   |   |   |   |   |   |   |--- feature_5 >  0.50
|   |   |   |   |   |   |   |   |   |--- class: negative
|   |   |   |   |--- feature_26 >  -0.00
|   |   |   |   |   |--- feature_2 <= 0.78
|   |   |   |   |   |   |--- feature_3 <= 0.67
|   |   |   |   |   |   |   |--- feature_10 <= 0.94
|   |   |   |   |   |   |   |   |--- class: positive
|   |   |   |   |   |   |   |--- feature_10 >  0.94
|   |   |   |   |   |   |   |   |--- feature_1 <= 0.75
|   |   |   |   |   |   |   |   |   |--- feature_24 <= -0.05
|   |   |   |   |   |   |   |   |   |   |--- class: negative
|   |   |   |   |   |   |   |   |   |--- feature_24 >  -0.05
|   |   |   |   |   |   |   |   |   |   |--- feature_10 <= 0.95
|   |   |   |   |   |   |   |   |   |   |   |--- class: negative
|   |   |   |   |   |   |   |   |   |   |--- feature_10 >  0.95
|   |   |   |   |   |   |   |   |   |   |   |--- truncated branch of depth 2
|   |   |   |   |   |   |   |   |--- feature_1 >  0.75
|   |   |   |   |   |   |   |   |   |--- class: positive
|   |   |   |   |   |   |--- feature_3 >  0.67
|   |   |   |   |   |   |   |--- feature_1 <= 0.68
|   |   |   |   |   |   |   |   |--- feature_18 <= 0.87
|   |   |   |   |   |   |   |   |   |--- feature_4 <= 0.00
|   |   |   |   |   |   |   |   |   |   |--- class: negative
|   |   |   |   |   |   |   |   |   |--- feature_4 >  0.00
|   |   |   |   |   |   |   |   |   |   |--- class: positive
|   |   |   |   |   |   |   |   |--- feature_18 >  0.87
|   |   |   |   |   |   |   |   |   |--- feature_6 <= 4.50
|   |   |   |   |   |   |   |   |   |   |--- class: negative
|   |   |   |   |   |   |   |   |   |--- feature_6 >  4.50
|   |   |   |   |   |   |   |   |   |   |--- class: positive
|   |   |   |   |   |   |   |--- feature_1 >  0.68
|   |   |   |   |   |   |   |   |--- class: positive
|   |   |   |   |   |--- feature_2 >  0.78
|   |   |   |   |   |   |--- feature_2 <= 0.83
|   |   |   |   |   |   |   |--- feature_15 <= 0.02
|   |   |   |   |   |   |   |   |--- feature_10 <= 0.95
|   |   |   |   |   |   |   |   |   |--- feature_18 <= 0.72
|   |   |   |   |   |   |   |   |   |   |--- feature_14 <= 0.03
|   |   |   |   |   |   |   |   |   |   |   |--- class: positive
|   |   |   |   |   |   |   |   |   |   |--- feature_14 >  0.03
|   |   |   |   |   |   |   |   |   |   |   |--- class: negative
|   |   |   |   |   |   |   |   |   |--- feature_18 >  0.72
|   |   |   |   |   |   |   |   |   |   |--- class: positive
|   |   |   |   |   |   |   |   |--- feature_10 >  0.95
|   |   |   |   |   |   |   |   |   |--- feature_16 <= 0.08
|   |   |   |   |   |   |   |   |   |   |--- class: negative
|   |   |   |   |   |   |   |   |   |--- feature_16 >  0.08
|   |   |   |   |   |   |   |   |   |   |--- feature_16 <= 0.09
|   |   |   |   |   |   |   |   |   |   |   |--- class: positive
|   |   |   |   |   |   |   |   |   |   |--- feature_16 >  0.09
|   |   |   |   |   |   |   |   |   |   |   |--- truncated branch of depth 3
|   |   |   |   |   |   |   |--- feature_15 >  0.02
|   |   |   |   |   |   |   |   |--- class: positive
|   |   |   |   |   |   |--- feature_2 >  0.83
|   |   |   |   |   |   |   |--- class: negative
