|--- feature_0 <= 1969.50
|   |--- feature_19 <= 1.00
|   |   |--- feature_12 <= 12.53
|   |   |   |--- feature_13 <= 5.89
|   |   |   |   |--- feature_1 <= 35.50
|   |   |   |   |   |--- feature_8 <= 98292700.00
|   |   |   |   |   |   |--- feature_11 <= 12.05
|   |   |   |   |   |   |   |--- class: negative
|   |   |   |   |   |   |--- feature_11 >  12.05
|   |   |   |   |   |   |   |--- feature_20 <= 6.50
|   |   |   |   |   |   |   |   |--- class: positive
|   |   |   |   |   |   |   |--- feature_20 >  6.50
|   |   |   |   |   |   |   |   |--- class: negative
|   |   |   |   |   |--- feature_8 >  98292700.00
|   |   |   |   |   |   |--- feature_14 <= 25.12
|   |   |   |   |   |   |   |--- class: positive
|   |   |   |   |   |   |--- feature_14 >  25.12
|   |   |   |   |   |   |   |--- class: negative
|   |   |   |   |--- feature_1 >  35.50
|   |   |   |   |   |--- feature_8 <= 96430004.00
|   |   |   |   |   |   |--- feature_15 <= 3.89
|   |   |   |   |   |   |   |--- feature_8 <= 96255600.00
|   |   |   |   |   |   |   |   |--- class: positive
|   |   |   |   |   |   |   |--- feature_8 >  96255600.00
|   |   |   |   |   |   |   |   |--- class: negative
|   |   |   |   |   |   |--- feature_15 >  3.89
|   |   |   |   |   |   |   |--- class: negative
|   |   |   |   |   |--- feature_8 >  96430004.00
|   |   |   |   |   |   |--- feature_7 <= 41310584.00
|   |   |   |   |   |   |   |--- feature_15 <= 4.02
|   |   |   |   |   |   |   |   |--- feature_0 <= 1933.00
|   |   |   |   |   |   |   |   |   |--- feature_7 <= 40501084.00
|   |   |   |   |   |   |   |   |   |   |--- class: positive
|   |   |   |   |   |   |   |   |   |--- feature_7 >  40501084.00
|   |   |   |   |   |   |   |   |   |   |--- feature_8 <= 97456200.00
|   |   |   |   |   |   |   |   |   |   |   |--- class: negative
|   |   |   |   |   |   |   |   |   |   |--- feature_8 >  97456200.00
|   |   |   |   |   |   |   |   |   |   |   |--- class: positive
|   |   |   |   |   |   |   |   |--- feature_0 >  1933.00
|   |   |   |   |   |   |   |   |   |--- class: negative
|   |   |   |   |   |   |   |--- feature_15 >  4.02
|   |   |   |   |   |   |   |   |--- class: positive
|   |   |   |   |   |   |--- feature_7 >  41310584.00
|   |   |   |   |   |   |   |--- class: negative
|   |   |   |--- feature_13 >  5.89
|   |   |   |   |--- feature_15 <= 3.00
|   |   |   |   |   |--- feature_1 <= 715.00
|   |   |   |   |   |   |--- class: positive
|   |   |   |   |   |--- feature_1 >  715.00
|   |   |   |   |   |   |--- class: negative
|   |   |   |   |--- feature_15 >  3.00
|   |   |   |   |   |--- feature_16 <= 1.50
|   |   |   |   |   |   |--- class: positive
|   |   |   |   |   |--- feature_16 >  1.50
|   |   |   |   |   |   |--- feature_3 <= 3.50
|   |   |   |   |   |   |   |--- feature_11 <= 5.39
|   |   |   |   |   |   |   |   |--- feature_11 <= 5.24
|   |   |   |   |   |   |   |   |   |--- feature_1 <= 60.00
|   |   |   |   |   |   |   |   |   |   |--- feature_20 <= 1.50
|   |   |   |   |   |   |   |   |   |   |   |--- class: negative
|   |   |   |   |   |   |   |   |   |   |--- feature_20 >  1.50
|   |   |   |   |   |   |   |   |   |   |   |--- class: positive
|   |   |   |   |   |   |   |   |   |--- feature_1 >  60.00
|   |   |   |   |   |   |   |   |   |   |--- class: negative
|   |   |   |   |   |   |   |   |--- feature_11 >  5.24
|   |   |   |   |   |   |   |   |   |--- class: positive
|   |   |   |   |   |   |   |--- feature_11 >  5.39
|   |   |   |   |   |   |   |   |--- feature_0 <= 1968.50
|   |   |   |   |   |   |   |   |   |--- class: negative
|   |   |   |   |   |   |   |   |--- feature_0 >  1968.50
|   |   |   |   |   |   |   |   |   |--- feature_4 <= 0.50
|   |   |   |   |   |   |   |   |   |   |--- class: negative
|   |   |   |   |   |   |   |   |   |--- feature_4 >  0.50
|   |   |   |   |   |   |   |   |   |   |--- class: positive
|   |   |   |   |   |   |--- feature_3 >  3.50
|   |   |   |   |   |   |   |--- feature_20 <= 1.50
|   |   |   |   |   |   |   |   |--- class: positive
|   |   |   |   |   |   |   |--- feature_20 >  1.50
|   |   |   |   |   |   |   |   |--- feature_3 <= 4.50
|   |   |   |   |   |   |   |   |   |--- class: positive
|   |   |   |   |   |   |   |   |--- feature_3 >  4.50
|   |   |   |   |   |   |   |   |   |--- feature_0 <= 1932.50
|   |   |   |   |   |   |   |   |   |   |--- feature_20 <= 3.00
|   |   |   |   |   |   |   |   |   |   |   |--- class: negative
|   |   |   |   |   |   |   |   |   |   |--- feature_20 >  3.00
|   |   |   |   |   |   |   |   |   |   |   |--- class: positive
|   |   |   |   |   |   |   |   |   |--- feature_0 >  1932.50
|   |   |   |   |   |   |   |   |   |   |--- class: negative
|   |   |--- feature_12 >  12.53
|   |   |   |--- feature_8 <= 96361192.00
|   |   |   |   |--- feature_1 <= 425.50
|   |   |   |   |   |--- feature_18 <= 23.50
|   |   |   |   |   |   |--- feature_18 <= 12.50
|   |   |   |   |   |   |   |--- feature_13 <= 6.61
|   |   |   |   |   |   |   |   |--- feature_7 <= 41086200.00
|   |   |   |   |   |   |   |   |   |--- class: positive
|   |   |   |   |   |   |   |   |--- feature_7 >  41086200.00
|   |   |   |   |   |   |   |   |   |--- feature_7 <= 41401200.00
|   |   |   |   |   |   |   |   |   |   |--- class: negative
|   |   |   |   |   |   |   |   |   |--- feature_7 >  41401200.00
|   |   |   |   |   |   |   |   |   |   |--- class: positive
|   |   |   |   |   |   |   |--- feature_13 >  6.61
|   |   |   |   |   |   |   |   |--- class: positive
|   |   |   |   |   |   |--- feature_18 >  12.50
|   |   |   |   |   |   |   |--- class: positive
|   |   |   |   |   |--- feature_18 >  23.50
|   |   |   |   |   |   |--- feature_14 <= 17.72
|   |   |   |   |   |   |   |--- feature_1 <= 117.00
|   |   |   |   |   |   |   |   |--- feature_12 <= 17.06
|   |   |   |   |   |   |   |   |   |--- feature_7 <= 41220922.00
|   |   |   |   |   |   |   |   |   |   |--- class: positive
|   |   |   |   |   |   |   |   |   |--- feature_7 >  41220922.00
|   |   |   |   |   |   |   |   |   |   |--- class: negative
|   |   |   |   |   |   |   |   |--- feature_12 >  17.06
|   |   |   |   |   |   |   |   |   |--- feature_8 <= 95471800.00
|   |   |   |   |   |   |   |   |   |   |--- class: positive
|   |   |   |   |   |   |   |   |   |--- feature_8 >  95471800.00
|   |   |   |   |   |   |   |   |   |   |--- feature_8 <= 96320032.00
|   |   |   |   |   |   |   |   |   |   |   |--- class: negative
|   |   |   |   |   |   |   |   |   |   |--- feature_8 >  96320032.00
|   |   |   |   |   |   |   |   |   |   |   |--- class: positive
|   |   |   |   |   |   |   |--- feature_1 >  117.00
|   |   |   |   |   |   |   |   |--- feature_9 <= 13.00
|   |   |   |   |   |   |   |   |   |--- class: positive
|   |   |   |   |   |   |   |   |--- feature_9 >  13.00
|   |   |   |   |   |   |   |   |   |--- class: negative
|   |   |   |   |   |   |--- feature_14 >  17.72
|   |   |   |   |   |   |   |--- feature_1 <= 23.00
|   |   |   |   |   |   |   |   |--- class: positive
|   |   |   |   |   |   |   |--- feature_1 >  23.00
|   |   |   |   |   |   |   |   |--- feature_9 <= 11.00
|   |   |   |   |   |   |   |   |   |--- feature_1 <= 422.00
|   |   |   |   |   |   |   |   |   |   |--- feature_12 <= 13.81
|   |   |   |   |   |   |   |   |   |   |   |--- truncated branch of depth 2
|   |   |   |   |   |   |   |   |   |   |--- feature_12 >  13.81
|   |   |   |   |   |   |   |   |   |   |   |--- truncated branch of depth 3
|   |   |   |   |   |   |   |   |   |--- feature_1 >  422.00
|   |   |   |   |   |   |   |   |   |   |--- class: positive
|   |   |   |   |   |   |   |   |--- feature_9 >  11.00
|   |   |   |   |   |   |   |   |   |--- feature_9 <= 29.50
|   |   |   |   |   |   |   |   |   |   |--- feature_4 <= 3.00
|   |   |   |   |   |   |   |   |   |   |   |--- truncated branch of depth 2
|   |   |   |   |   |   |   |   |   |   |--- feature_4 >  3.00
|   |   |   |   |   |   |   |   |   |   |   |--- class: negative
|   |   |   |   |   |   |   |   |   |--- feature_9 >  29.50
|   |   |   |   |   |   |   |   |   |   |--- feature_0 <= 1949.50
|   |   |   |   |   |   |   |   |   |   |   |--- truncated branch of depth 2
|   |   |   |   |   |   |   |   |   |   |--- feature_0 >  1949.50
|   |   |   |   |   |   |   |   |   |   |   |--- class: negative
|   |   |   |   |--- feature_1 >  425.50
|   |   |   |   |   |--- feature_13 <= 13.45
|   |   |   |   |   |   |--- feature_1 <= 7677.50
|   |   |   |   |   |   |   |--- feature_4 <= 3.50
|   |   |   |   |   |   |   |   |--- feature_0 <= 1950.50
|   |   |   |   |   |   |   |   |   |--- feature_2 <= 16.50
|   |   |   |   |   |   |   |   |   |   |--- feature_20 <= 9.50
|   |   |   |   |   |   |   |   |   |   |   |--- truncated branch of depth 3
|   |   |   |   |   |   |   |   |   |   |--- feature_20 >  9.50
|   |   |   |   |   |   |   |   |   |   |   |--- truncated branch of depth 2
|   |   |   |   |   |   |   |   |   |--- feature_2 >  16.50
|   |   |   |   |   |   |   |   |   |   |--- feature_2 <= 20.00
|   |   |   |   |   |   |   |   |   |   |   |--- class: negative
|   |   |   |   |   |   |   |   |   |   |--- feature_2 >  20.00
|   |   |   |   |   |   |   |   |   |   |   |--- class: positive
|   |   |   |   |   |   |   |   |--- feature_0 >  1950.50
|   |   |   |   |   |   |   |   |   |--- feature_14 <= 33.79
|   |   |   |   |   |   |   |   |   |   |--- class: negative
|   |   |   |   |   |   |   |   |   |--- feature_14 >  33.79
|   |   |   |   |   |   |   |   |   |   |--- feature_7 <= 41112352.00
|   |   |   |   |   |   |   |   |   |   |   |--- truncated branch of depth 3
|   |   |   |   |   |   |   |   |   |   |--- feature_7 >  41112352.00
|   |   |   |   |   |   |   |   |   |   |   |--- truncated branch of depth 2
|   |   |   |   |   |   |   |--- feature_4 >  3.50
|   |   |   |   |   |   |   |   |--- feature_18 <= 23.00
|   |   |   |   |   |   |   |   |   |--- class: positive
|   |   |   |   |   |   |   |   |--- feature_18 >  23.00
|   |   |   |   |   |   |   |   |   |--- feature_14 <= 35.87
|   |   |   |   |   |   |   |   |   |   |--- feature_12 <= 46.71
|   |   |   |   |   |   |   |   |   |   |   |--- class: negative
|   |   |   |   |   |   |   |   |   |   |--- feature_12 >  46.71
|   |   |   |   |   |   |   |   |   |   |   |--- class: positive
|   |   |   |   |   |   |   |   |   |--- feature_14 >  35.87
|   |   |   |   |   |   |   |   |   |   |--- class: negative
|   |   |   |   |   |   |--- feature_1 >  7677.50
|   |   |   |   |   |   |   |--- feature_11 <= 10.45
|   |   |   |   |   |   |   |   |--- feature_2 <= 20.50
|   |   |   |   |   |   |   |   |   |--- class: negative
|   |   |   |   |   |   |   |   |--- feature_2 >  20.50
|   |   |   |   |   |   |   |   |   |--- class: positive
|   |   |   |   |   |   |   |--- feature_11 >  10.45
|   |   |   |   |   |   |   |   |--- class: positive
|   |   |   |   |   |--- feature_13 >  13.45
|   |   |   |   |   |   |--- class: negative
|   |   |   |--- feature_8 >  96361192.00
|   |   |   |   |--- feature_4 <= 4.50
|   |   |   |   |   |--- feature_15 <= 8.00
|   |   |   |   |   |   |--- feature_8 <= 97058908.00
|   |   |   |   |   |   |   |--- feature_14 <= 17.02
|   |   |   |   |   |   |   |   |--- feature_12 <= 23.09
|   |   |   |   |   |   |   |   |   |--- feature_12 <= 16.28
|   |   |   |   |   |   |   |   |   |   |--- feature_1 <= 62.50
|   |   |   |   |   |   |   |   |   |   |   |--- class: positive
|   |   |   |   |   |   |   |   |   |   |--- feature_1 >  62.50
|   |   |   |   |   |   |   |   |   |   |   |--- class: negative
|   |   |   |   |   |   |   |   |   |--- feature_12 >  16.28
|   |   |   |   |   |   |   |   |   |   |--- feature_10 <= 2.50
|   |   |   |   |   |   |   |   |   |   |   |--- class: positive
|   |   |   |   |   |   |   |   |   |   |--- feature_10 >  2.50
|   |   |   |   |   |   |   |   |   |   |   |--- class: negative
|   |   |   |   |   |   |   |   |--- feature_12 >  23.09
|   |   |   |   |   |   |   |   |   |--- feature_8 <= 96418676.00
|   |   |   |   |   |   |   |   |   |   |--- class: positive
|   |   |   |   |   |   |   |   |   |--- feature_8 >  96418676.00
|   |   |   |   |   |   |   |   |   |   |--- class: negative
|   |   |   |   |   |   |   |--- feature_14 >  17.02
|   |   |   |   |   |   |   |   |--- class: negative
|   |   |   |   |   |   |--- feature_8 >  97058908.00
|   |   |   |   |   |   |   |--- feature_9 <= 29.50
|   |   |   |   |   |   |   |   |--- feature_15 <= 3.00
|   |   |   |   |   |   |   |   |   |--- feature_13 <= 4.65
|   |   |   |   |   |   |   |   |   |   |--- class: positive
|   |   |   |   |   |   |   |   |   |--- feature_13 >  4.65
|   |   |   |   |   |   |   |   |   |   |--- feature_2 <= 30.00
|   |   |   |   |   |   |   |   |   |   |   |--- class: negative
|   |   |   |   |   |   |   |   |   |   |--- feature_2 >  30.00
|   |   |   |   |   |   |   |   |   |   |   |--- class: positive
|   |   |   |   |   |   |   |   |--- feature_15 >  3.00
|   |   |   |   |   |   |   |   |   |--- feature_7 <= 40112434.00
|   |   |   |   |   |   |   |   |   |   |--- feature_1 <= 727.50
|   |   |   |   |   |   |   |   |   |   |   |--- truncated branch of depth 4
|   |   |   |   |   |   |   |   |   |   |--- feature_1 >  727.50
|   |   |   |   |   |   |   |   |   |   |   |--- truncated branch of depth 2
|   |   |   |   |   |   |   |   |   |--- feature_7 >  40112434.00
|   |   |   |   |   |   |   |   |   |   |--- feature_1 <= 30.50
|   |   |   |   |   |   |   |   |   |   |   |--- truncated branch of depth 5
|   |   |   |   |   |   |   |   |   |   |--- feature_1 >  30.50
|   |   |   |   |   |   |   |   |   |   |   |--- truncated branch of depth 14
|   |   |   |   |   |   |   |--- feature_9 >  29.50
|   |   |   |   |   |   |   |   |--- feature_13 <= 10.36
|   |   |   |   |   |   |   |   |   |--- feature_0 <= 1934.50
|   |   |   |   |   |   |   |   |   |   |--- feature_4 <= 1.00
|   |   |   |   |   |   |   |   |   |   |   |--- class: negative
|   |   |   |   |   |   |   |   |   |   |--- feature_4 >  1.00
|   |   |   |   |   |   |   |   |   |   |   |--- class: positive
|   |   |   |   |   |   |   |   |   |--- feature_0 >  1934.50
|   |   |   |   |   |   |   |   |   |   |--- class: negative
|   |   |   |   |   |   |   |   |--- feature_13 >  10.36
|   |   |   |   |   |   |   |   |   |--- class: positive
|   |   |   |   |   |--- feature_15 >  8.00
|   |   |   |   |   |   |--- feature_12 <= 65.47
|   |   |   |   |   |   |   |--- feature_7 <= 41198638.00
|   |   |   |   |   |   |   |   |--- feature_10 <= 7.50
|   |   |   |   |   |   |   |   |   |--- feature_8 <= 96368928.00
|   |   |   |   |   |   |   |   |   |   |--- class: positive
|   |   |   |   |   |   |   |   |   |--- feature_8 >  96368928.00
|   |   |   |   |   |   |   |   |   |   |--- feature_20 <= 3.50
|   |   |   |   |   |   |   |   |   |   |   |--- truncated branch of depth 3
|   |   |   |   |   |   |   |   |   |   |--- feature_20 >  3.50
|   |   |   |   |   |   |   |   |   |   |   |--- truncated branch of depth 3
|   |   |   |   |   |   |   |   |--- feature_10 >  7.50
|   |   |   |   |   |   |   |   |   |--- class: positive
|   |   |   |   |   |   |   |--- feature_7 >  41198638.00
|   |   |   |   |   |   |   |   |--- feature_8 <= 97483864.00
|   |   |   |   |   |   |   |   |   |--- feature_14 <= 22.22
|   |   |   |   |   |   |   |   |   |   |--- feature_12 <= 32.87
|   |   |   |   |   |   |   |   |   |   |   |--- truncated branch of depth 3
|   |   |   |   |   |   |   |   |   |   |--- feature_12 >  32.87
|   |   |   |   |   |   |   |   |   |   |   |--- class: negative
|   |   |   |   |   |   |   |   |   |--- feature_14 >  22.22
|   |   |   |   |   |   |   |   |   |   |--- feature_8 <= 97052508.00
|   |   |   |   |   |   |   |   |   |   |   |--- class: negative
|   |   |   |   |   |   |   |   |   |   |--- feature_8 >  97052508.00
|   |   |   |   |   |   |   |   |   |   |   |--- truncated branch of depth 7
|   |   |   |   |   |   |   |   |--- feature_8 >  97483864.00
|   |   |   |   |   |   |   |   |   |--- feature_2 <= 17.00
|   |   |   |   |   |   |   |   |   |   |--- feature_20 <= 5.50
|   |   |   |   |   |   |   |   |   |   |   |--- class: negative
|   |   |   |   |   |   |   |   |   |   |--- feature_20 >  5.50
|   |   |   |   |   |   |   |   |   |   |   |--- truncated branch of depth 2
|   |   |   |   |   |   |   |   |   |--- feature_2 >  17.00
|   |   |   |   |   |   |   |   |   |   |--- feature_0 <= 1940.50
|   |   |   |   |   |   |   |   |   |   |   |--- class: negative
|   |   |   |   |   |   |   |   |   |   |--- feature_0 >  1940.50
|   |   |   |   |   |   |   |   |   |   |   |--- class: positive
|   |   |   |   |   |   |--- feature_12 >  65.47
|   |   |   |   |   |   |   |--- feature_8 <= 100325852.00
|   |   |   |   |   |   |   |   |--- class: negative
|   |   |   |   |   |   |   |--- feature_8 >  100325852.00
|   |   |   |   |   |   |   |   |--- feature_7 <= 41408526.00
|   |   |   |   |   |   |   |   |   |--- class: positive
|   |   |   |   |   |   |   |   |--- feature_7 >  41408526.00
|   |   |   |   |   |   |   |   |   |--- class: negative
|   |   |   |   |--- feature_4 >  4.50
|   |   |   |   |   |--- feature_10 <= 3.50
|   |   |   |   |   |   |--- feature_8 <= 96377464.00
|   |   |   |   |   |   |   |--- feature_7 <= 40827644.00
|   |   |   |   |   |   |   |   |--- class: positive
|   |   |   |   |   |   |   |--- feature_7 >  40827644.00
|   |   |   |   |   |   |   |   |--- class: negative
|   |   |   |   |   |   |--- feature_8 >  96377464.00
|   |   |   |   |   |   |   |--- feature_12 <= 14.15
|   |   |   |   |   |   |   |   |--- feature_7 <= 42195000.00
|   |   |   |   |   |   |   |   |   |--- class: negative
|   |   |   |   |   |   |   |   |--- feature_7 >  42195000.00
|   |   |   |   |   |   |   |   |   |--- class: positive
|   |   |   |   |   |   |   |--- feature_12 >  14.15
|   |   |   |   |   |   |   |   |--- feature_0 <= 1968.50
|   |   |   |   |   |   |   |   |   |--- feature_7 <= 42166500.00
|   |   |   |   |   |   |   |   |   |   |--- class: negative
|   |   |   |   |   |   |   |   |   |--- feature_7 >  42166500.00
|   |   |   |   |   |   |   |   |   |   |--- feature_7 <= 42200900.00
|   |   |   |   |   |   |   |   |   |   |   |--- class: positive
|   |   |   |   |   |   |   |   |   |   |--- feature_7 >  42200900.00
|   |   |   |   |   |   |   |   |   |   |   |--- truncated branch of depth 3
|   |   |   |   |   |   |   |   |--- feature_0 >  1968.50
|   |   |   |   |   |   |   |   |   |--- feature_14 <= 55.08
|   |   |   |   |   |   |   |   |   |   |--- class: negative
|   |   |   |   |   |   |   |   |   |--- feature_14 >  55.08
|   |   |   |   |   |   |   |   |   |   |--- class: positive
|   |   |   |   |   |--- feature_10 >  3.50
|   |   |   |   |   |   |--- feature_15 <= 6.99
|   |   |   |   |   |   |   |--- feature_13 <= 8.80
|   |   |   |   |   |   |   |   |--- class: negative
|   |   |   |   |   |   |   |--- feature_13 >  8.80
|   |   |   |   |   |   |   |   |--- feature_13 <= 12.60
|   |   |   |   |   |   |   |   |   |--- class: positive
|   |   |   |   |   |   |   |   |--- feature_13 >  12.60
|   |   |   |   |   |   |   |   |   |--- class: negative
|   |   |   |   |   |   |--- feature_15 >  6.99
|   |   |   |   |   |   |   |--- feature_14 <= 76.54
|   |   |   |   |   |   |   |   |--- class: negative
|   |   |   |   |   |   |   |--- feature_14 >  76.54
|   |   |   |   |   |   |   |   |--- feature_8 <= 100236620.00
|   |   |   |   |   |   |   |   |   |--- class: negative
|   |   |   |   |   |   |   |   |--- feature_8 >  100236620.00
|   |   |   |   |   |   |   |   |   |--- class: positive
|   |--- feature_19 >  1.00
|   |   |--- feature_19 <= 8.00
|   |   |   |--- feature_1 <= 10.50
|   |   |   |   |--- feature_19 <= 6.28
|   |   |   |   |   |--- feature_18 <= 18.00
|   |   |   |   |   |   |--- class: positive
|   |   |   |   |   |--- feature_18 >  18.00
|   |   |   |   |   |   |--- class: negative
|   |   |   |   |--- feature_19 >  6.28
|   |   |   |   |   |--- class: positive
|   |   |   |--- feature_1 >  10.50
|   |   |   |   |--- feature_12 <= 7.61
|   |   |   |   |   |--- feature_19 <= 6.14
|   |   |   |   |   |   |--- feature_8 <= 96026200.00
|   |   |   |   |   |   |   |--- class: positive
|   |   |   |   |   |   |--- feature_8 >  96026200.00
|   |   |   |   |   |   |   |--- class: negative
|   |   |   |   |   |--- feature_19 >  6.14
|   |   |   |   |   |   |--- class: positive
|   |   |   |   |--- feature_12 >  7.61
|   |   |   |   |   |--- feature_15 <= 8.00
|   |   |   |   |   |   |--- feature_7 <= 40010114.00
|   |   |   |   |   |   |   |--- feature_13 <= 5.70
|   |   |   |   |   |   |   |   |--- class: positive
|   |   |   |   |   |   |   |--- feature_13 >  5.70
|   |   |   |   |   |   |   |   |--- class: negative
|   |   |   |   |   |   |--- feature_7 >  40010114.00
|   |   |   |   |   |   |   |--- feature_20 <= 18.00
|   |   |   |   |   |   |   |   |--- feature_3 <= 6.50
|   |   |   |   |   |   |   |   |   |--- feature_14 <= 0.06
|   |   |   |   |   |   |   |   |   |   |--- feature_0 <= 1933.50
|   |   |   |   |   |   |   |   |   |   |   |--- class: positive
|   |   |   |   |   |   |   |   |   |   |--- feature_0 >  1933.50
|   |   |   |   |   |   |   |   |   |   |   |--- class: negative
|   |   |   |   |   |   |   |   |   |--- feature_14 >  0.06
|   |   |   |   |   |   |   |   |   |   |--- feature_0 <= 1912.50
|   |   |   |   |   |   |   |   |   |   |   |--- truncated branch of depth 2
|   |   |   |   |   |   |   |   |   |   |--- feature_0 >  1912.50
|   |   |   |   |   |   |   |   |   |   |   |--- truncated branch of depth 12
|   |   |   |   |   |   |   |   |--- feature_3 >  6.50
|   |   |   |   |   |   |   |   |   |--- class: negative
|   |   |   |   |   |   |   |--- feature_20 >  18.00
|   |   |   |   |   |   |   |   |--- class: negative
|   |   |   |   |   |--- feature_15 >  8.00
|   |   |   |   |   |   |--- feature_0 <= 1935.50
|   |   |   |   |   |   |   |--- feature_19 <= 6.00
|   |   |   |   |   |   |   |   |--- feature_19 <= 5.96
|   |   |   |   |   |   |   |   |   |--- feature_13 <= 7.62
|   |   |   |   |   |   |   |   |   |   |--- class: positive
|   |   |   |   |   |   |   |   |   |--- feature_13 >  7.62
|   |   |   |   |   |   |   |   |   |   |--- class: negative
|   |   |   |   |   |   |   |   |--- feature_19 >  5.96
|   |   |   |   |   |   |   |   |   |--- feature_8 <= 95826360.00
|   |   |   |   |   |   |   |   |   |   |--- feature_1 <= 106.50
|   |   |   |   |   |   |   |   |   |   |   |--- class: positive
|   |   |   |   |   |   |   |   |   |   |--- feature_1 >  106.50
|   |   |   |   |   |   |   |   |   |   |   |--- class: negative
|   |   |   |   |   |   |   |   |   |--- feature_8 >  95826360.00
|   |   |   |   |   |   |   |   |   |   |--- feature_18 <= 18.00
|   |   |   |   |   |   |   |   |   |   |   |--- truncated branch of depth 2
|   |   |   |   |   |   |   |   |   |   |--- feature_18 >  18.00
|   |   |   |   |   |   |   |   |   |   |   |--- truncated branch of depth 2
|   |   |   |   |   |   |   |--- feature_19 >  6.00
|   |   |   |   |   |   |   |   |--- class: positive
|   |   |   |   |   |   |--- feature_0 >  1935.50
|   |   |   |   |   |   |   |--- feature_3 <= 1.50
|   |   |   |   |   |   |   |   |--- feature_12 <= 73.08
|   |   |   |   |   |   |   |   |   |--- class: negative
|   |   |   |   |   |   |   |   |--- feature_12 >  73.08
|   |   |   |   |   |   |   |   |   |--- class: positive
|   |   |   |   |   |   |   |--- feature_3 >  1.50
|   |   |   |   |   |   |   |   |--- feature_0 <= 1967.50
|   |   |   |   |   |   |   |   |   |--- feature_14 <= 59.81
|   |   |   |   |   |   |   |   |   |   |--- feature_9 <= 29.50
|   |   |   |   |   |   |   |   |   |   |   |--- truncated branch of depth 3
|   |   |   |   |   |   |   |   |   |   |--- feature_9 >  29.50
|   |   |   |   |   |   |   |   |   |   |   |--- truncated branch of depth 2
|   |   |   |   |   |   |   |   |   |--- feature_14 >  59.81
|   |   |   |   |   |   |   |   |   |   |--- feature_2 <= 25.00
|   |   |   |   |   |   |   |   |   |   |   |--- class: negative
|   |   |   |   |   |   |   |   |   |   |--- feature_2 >  25.00
|   |   |   |   |   |   |   |   |   |   |   |--- class: positive
|   |   |   |   |   |   |   |   |--- feature_0 >  1967.50
|   |   |   |   |   |   |   |   |   |--- feature_11 <= 10.03
|   |   |   |   |   |   |   |   |   |   |--- class: negative
|   |   |   |   |   |   |   |   |   |--- feature_11 >  10.03
|   |   |   |   |   |   |   |   |   |   |--- class: positive
|   |   |--- feature_19 >  8.00
|   |   |   |--- feature_19 <= 9.00
|   |   |   |   |--- feature_14 <= 0.03
|   |   |   |   |   |--- feature_13 <= 7.43
|   |   |   |   |   |   |--- feature_10 <= 4.50
|   |   |   |   |   |   |   |--- feature_4 <= 1.50
|   |   |   |   |   |   |   |   |--- feature_11 <= 16.60
|   |   |   |   |   |   |   |   |   |--- feature_11 <= 5.20
|   |   |   |   |   |   |   |   |   |   |--- feature_8 <= 98320600.00
|   |   |   |   |   |   |   |   |   |   |   |--- class: negative
|   |   |   |   |   |   |   |   |   |   |--- feature_8 >  98320600.00
|   |   |   |   |   |   |   |   |   |   |   |--- class: positive
|   |   |   |   |   |   |   |   |   |--- feature_11 >  5.20
|   |   |   |   |   |   |   |   |   |   |--- feature_7 <= 40125300.00
|   |   |   |   |   |   |   |   |   |   |   |--- truncated branch of depth 2
|   |   |   |   |   |   |   |   |   |   |--- feature_7 >  40125300.00
|   |   |   |   |   |   |   |   |   |   |   |--- class: negative
|   |   |   |   |   |   |   |   |--- feature_11 >  16.60
|   |   |   |   |   |   |   |   |   |--- feature_16 <= 1.50
|   |   |   |   |   |   |   |   |   |   |--- feature_11 <= 18.15
|   |   |   |   |   |   |   |   |   |   |   |--- class: positive
|   |   |   |   |   |   |   |   |   |   |--- feature_11 >  18.15
|   |   |   |   |   |   |   |   |   |   |   |--- truncated branch of depth 2
|   |   |   |   |   |   |   |   |   |--- feature_16 >  1.50
|   |   |   |   |   |   |   |   |   |   |--- feature_12 <= 28.80
|   |   |   |   |   |   |   |   |   |   |   |--- class: positive
|   |   |   |   |   |   |   |   |   |   |--- feature_12 >  28.80
|   |   |   |   |   |   |   |   |   |   |   |--- class: negative
|   |   |   |   |   |   |   |--- feature_4 >  1.50
|   |   |   |   |   |   |   |   |--- feature_2 <= 5.00
|   |   |   |   |   |   |   |   |   |--- class: positive
|   |   |   |   |   |   |   |   |--- feature_2 >  5.00
|   |   |   |   |   |   |   |   |   |--- class: negative
|   |   |   |   |   |   |--- feature_10 >  4.50
|   |   |   |   |   |   |   |--- class: positive
|   |   |   |   |   |--- feature_13 >  7.43
|   |   |   |   |   |   |--- class: positive
|   |   |   |   |--- feature_14 >  0.03
|   |   |   |   |   |--- feature_12 <= 7.31
|   |   |   |   |   |   |--- feature_16 <= 1.50
|   |   |   |   |   |   |   |--- feature_15 <= 4.00
|   |   |   |   |   |   |   |   |--- class: negative
|   |   |   |   |   |   |   |--- feature_15 >  4.00
|   |   |   |   |   |   |   |   |--- class: positive
|   |   |   |   |   |   |--- feature_16 >  1.50
|   |   |   |   |   |   |   |--- feature_7 <= 41487400.00
|   |   |   |   |   |   |   |   |--- class: negative
|   |   |   |   |   |   |   |--- feature_7 >  41487400.00
|   |   |   |   |   |   |   |   |--- feature_7 <= 41536200.00
|   |   |   |   |   |   |   |   |   |--- class: positive
|   |   |   |   |   |   |   |   |--- feature_7 >  41536200.00
|   |   |   |   |   |   |   |   |   |--- feature_7 <= 41811200.00
|   |   |   |   |   |   |   |   |   |   |--- feature_7 <= 41580000.00
|   |   |   |   |   |   |   |   |   |   |   |--- class: negative
|   |   |   |   |   |   |   |   |   |   |--- feature_7 >  41580000.00
|   |   |   |   |   |   |   |   |   |   |   |--- class: positive
|   |   |   |   |   |   |   |   |   |--- feature_7 >  41811200.00
|   |   |   |   |   |   |   |   |   |   |--- feature_7 <= 42405300.00
|   |   |   |   |   |   |   |   |   |   |   |--- class: negative
|   |   |   |   |   |   |   |   |   |   |--- feature_7 >  42405300.00
|   |   |   |   |   |   |   |   |   |   |   |--- truncated branch of depth 2
|   |   |   |   |   |--- feature_12 >  7.31
|   |   |   |   |   |   |--- feature_15 <= 8.00
|   |   |   |   |   |   |   |--- feature_15 <= 3.00
|   |   |   |   |   |   |   |   |--- feature_10 <= 1.50
|   |   |   |   |   |   |   |   |   |--- feature_20 <= 9.50
|   |   |   |   |   |   |   |   |   |   |--- feature_16 <= 1.50
|   |   |   |   |   |   |   |   |   |   |   |--- truncated branch of depth 10
|   |   |   |   |   |   |   |   |   |   |--- feature_16 >  1.50
|   |   |   |   |   |   |   |   |   |   |   |--- truncated branch of depth 10
|   |   |   |   |   |   |   |   |   |--- feature_20 >  9.50
|   |   |   |   |   |   |   |   |   |   |--- feature_14 <= 8.94
|   |   |   |   |   |   |   |   |   |   |   |--- truncated branch of depth 6
|   |   |   |   |   |   |   |   |   |   |--- feature_14 >  8.94
|   |   |   |   |   |   |   |   |   |   |   |--- truncated branch of depth 6
|   |   |   |   |   |   |   |   |--- feature_10 >  1.50
|   |   |   |   |   |   |   |   |   |--- feature_0 <= 1960.00
|   |   |   |   |   |   |   |   |   |   |--- feature_0 <= 1909.50
|   |   |   |   |   |   |   |   |   |   |   |--- class: positive
|   |   |   |   |   |   |   |   |   |   |--- feature_0 >  1909.50
|   |   |   |   |   |   |   |   |   |   |   |--- truncated branch of depth 3
|   |   |   |   |   |   |   |   |   |--- feature_0 >  1960.00
|   |   |   |   |   |   |   |   |   |   |--- class: positive
|   |   |   |   |   |   |   |--- feature_15 >  3.00
|   |   |   |   |   |   |   |   |--- feature_15 <= 4.00
|   |   |   |   |   |   |   |   |   |--- class: positive
|   |   |   |   |   |   |   |   |--- feature_15 >  4.00
|   |   |   |   |   |   |   |   |   |--- feature_15 <= 5.00
|   |   |   |   |   |   |   |   |   |   |--- feature_15 <= 5.00
|   |   |   |   |   |   |   |   |   |   |   |--- truncated branch of depth 10
|   |   |   |   |   |   |   |   |   |   |--- feature_15 >  5.00
|   |   |   |   |   |   |   |   |   |   |   |--- truncated branch of depth 7
|   |   |   |   |   |   |   |   |   |--- feature_15 >  5.00
|   |   |   |   |   |   |   |   |   |   |--- feature_14 <= 33.23
|   |   |   |   |   |   |   |   |   |   |   |--- truncated branch of depth 7
|   |   |   |   |   |   |   |   |   |   |--- feature_14 >  33.23
|   |   |   |   |   |   |   |   |   |   |   |--- truncated branch of depth 2
|   |   |   |   |   |   |--- feature_15 >  8.00
|   |   |   |   |   |   |   |--- feature_19 <= 8.01
|   |   |   |   |   |   |   |   |--- feature_11 <= 8.19
|   |   |   |   |   |   |   |   |   |--- feature_1 <= 30.50
|   |   |   |   |   |   |   |   |   |   |--- feature_14 <= 7.68
|   |   |   |   |   |   |   |   |   |   |   |--- truncated branch of depth 2
|   |   |   |   |   |   |   |   |   |   |--- feature_14 >  7.68
|   |   |   |   |   |   |   |   |   |   |   |--- truncated branch of depth 4
|   |   |   |   |   |   |   |   |   |--- feature_1 >  30.50
|   |   |   |   |   |   |   |   |   |   |--- feature_8 <= 98097696.00
|   |   |   |   |   |   |   |   |   |   |   |--- truncated branch of depth 3
|   |   |   |   |   |   |   |   |   |   |--- feature_8 >  98097696.00
|   |   |   |   |   |   |   |   |   |   |   |--- truncated branch of depth 6
|   |   |   |   |   |   |   |   |--- feature_11 >  8.19
|   |   |   |   |   |   |   |   |   |--- feature_16 <= 1.50
|   |   |   |   |   |   |   |   |   |   |--- feature_14 <= 17.01
|   |   |   |   |   |   |   |   |   |   |   |--- truncated branch of depth 9
|   |   |   |   |   |   |   |   |   |   |--- feature_14 >  17.01
|   |   |   |   |   |   |   |   |   |   |   |--- truncated branch of depth 4
|   |   |   |   |   |   |   |   |   |--- feature_16 >  1.50
|   |   |   |   |   |   |   |   |   |   |--- feature_7 <= 41347100.00
|   |   |   |   |   |   |   |   |   |   |   |--- truncated branch of depth 7
|   |   |   |   |   |   |   |   |   |   |--- feature_7 >  41347100.00
|   |   |   |   |   |   |   |   |   |   |   |--- truncated branch of depth 4
|   |   |   |   |   |   |   |--- feature_19 >  8.01
|   |   |   |   |   |   |   |   |--- class: positive
|   |   |   |--- feature_19 >  9.00
|   |   |   |   |--- feature_2 <= 0.50
|   |   |   |   |   |--- feature_7 <= 42240300.00
|   |   |   |   |   |   |--- feature_8 <= 97517484.00
|   |   |   |   |   |   |   |--- feature_14 <= 9.90
|   |   |   |   |   |   |   |   |--- feature_20 <= 2.50
|   |   |   |   |   |   |   |   |   |--- class: negative
|   |   |   |   |   |   |   |   |--- feature_20 >  2.50
|   |   |   |   |   |   |   |   |   |--- feature_20 <= 6.50
|   |   |   |   |   |   |   |   |   |   |--- class: positive
|   |   |   |   |   |   |   |   |   |--- feature_20 >  6.50
|   |   |   |   |   |   |   |   |   |   |--- class: negative
|   |   |   |   |   |   |   |--- feature_14 >  9.90
|   |   |   |   |   |   |   |   |--- class: negative
|   |   |   |   |   |   |--- feature_8 >  97517484.00
|   |   |   |   |   |   |   |--- feature_8 <= 98331672.00
|   |   |   |   |   |   |   |   |--- feature_8 <= 98192100.00
|   |   |   |   |   |   |   |   |   |--- feature_8 <= 97782416.00
|   |   |   |   |   |   |   |   |   |   |--- class: positive
|   |   |   |   |   |   |   |   |   |--- feature_8 >  97782416.00
|   |   |   |   |   |   |   |   |   |   |--- class: negative
|   |   |   |   |   |   |   |   |--- feature_8 >  98192100.00
|   |   |   |   |   |   |   |   |   |--- feature_11 <= 14.19
|   |   |   |   |   |   |   |   |   |   |--- class: positive
|   |   |   |   |   |   |   |   |   |--- feature_11 >  14.19
|   |   |   |   |   |   |   |   |   |   |--- class: negative
|   |   |   |   |   |   |   |--- feature_8 >  98331672.00
|   |   |   |   |   |   |   |   |--- class: negative
|   |   |   |   |   |--- feature_7 >  42240300.00
|   |   |   |   |   |   |--- feature_15 <= 3.81
|   |   |   |   |   |   |   |--- class: positive
|   |   |   |   |   |   |--- feature_15 >  3.81
|   |   |   |   |   |   |   |--- class: negative
|   |   |   |   |--- feature_2 >  0.50
|   |   |   |   |   |--- feature_13 <= 8.20
|   |   |   |   |   |   |--- feature_15 <= 6.50
|   |   |   |   |   |   |   |--- feature_8 <= 97046200.00
|   |   |   |   |   |   |   |   |--- class: negative
|   |   |   |   |   |   |   |--- feature_8 >  97046200.00
|   |   |   |   |   |   |   |   |--- feature_13 <= 6.01
|   |   |   |   |   |   |   |   |   |--- class: negative
|   |   |   |   |   |   |   |   |--- feature_13 >  6.01
|   |   |   |   |   |   |   |   |   |--- feature_3 <= 5.00
|   |   |   |   |   |   |   |   |   |   |--- feature_11 <= 23.65
|   |   |   |   |   |   |   |   |   |   |   |--- class: positive
|   |   |   |   |   |   |   |   |   |   |--- feature_11 >  23.65
|   |   |   |   |   |   |   |   |   |   |   |--- class: negative
|   |   |   |   |   |   |   |   |   |--- feature_3 >  5.00
|   |   |   |   |   |   |   |   |   |   |--- class: negative
|   |   |   |   |   |   |--- feature_15 >  6.50
|   |   |   |   |   |   |   |--- feature_13 <= 5.95
|   |   |   |   |   |   |   |   |--- class: positive
|   |   |   |   |   |   |   |--- feature_13 >  5.95
|   |   |   |   |   |   |   |   |--- class: negative
|   |   |   |   |   |--- feature_13 >  8.20
|   |   |   |   |   |   |--- class: negative
|--- feature_0 >  1969.50
|   |--- feature_19 <= 1.00
|   |   |--- feature_0 <= 1981.50
|   |   |   |--- feature_20 <= 1.50
|   |   |   |   |--- feature_8 <= 97213932.00
|   |   |   |   |   |--- feature_8 <= 96132728.00
|   |   |   |   |   |   |--- class: negative
|   |   |   |   |   |--- feature_8 >  96132728.00
|   |   |   |   |   |   |--- feature_11 <= 8.52
|   |   |   |   |   |   |   |--- class: negative
|   |   |   |   |   |   |--- feature_11 >  8.52
|   |   |   |   |   |   |   |--- feature_8 <= 96801408.00
|   |   |   |   |   |   |   |   |--- feature_9 <= 14.00
|   |   |   |   |   |   |   |   |   |--- feature_7 <= 41684072.00
|   |   |   |   |   |   |   |   |   |   |--- feature_14 <= 36.16
|   |   |   |   |   |   |   |   |   |   |   |--- class: negative
|   |   |   |   |   |   |   |   |   |   |--- feature_14 >  36.16
|   |   |   |   |   |   |   |   |   |   |   |--- truncated branch of depth 4
|   |   |   |   |   |   |   |   |   |--- feature_7 >  41684072.00
|   |   |   |   |   |   |   |   |   |   |--- class: negative
|   |   |   |   |   |   |   |   |--- feature_9 >  14.00
|   |   |   |   |   |   |   |   |   |--- class: negative
|   |   |   |   |   |   |   |--- feature_8 >  96801408.00
|   |   |   |   |   |   |   |   |--- class: positive
|   |   |   |   |--- feature_8 >  97213932.00
|   |   |   |   |   |--- feature_10 <= 1.50
|   |   |   |   |   |   |--- class: positive
|   |   |   |   |   |--- feature_10 >  1.50
|   |   |   |   |   |   |--- class: negative
|   |   |   |--- feature_20 >  1.50
|   |   |   |   |--- feature_8 <= 96158944.00
|   |   |   |   |   |--- feature_7 <= 41064546.00
|   |   |   |   |   |   |--- feature_0 <= 1973.50
|   |   |   |   |   |   |   |--- feature_12 <= 23.60
|   |   |   |   |   |   |   |   |--- class: positive
|   |   |   |   |   |   |   |--- feature_12 >  23.60
|   |   |   |   |   |   |   |   |--- class: negative
|   |   |   |   |   |   |--- feature_0 >  1973.50
|   |   |   |   |   |   |   |--- class: negative
|   |   |   |   |   |--- feature_7 >  41064546.00
|   |   |   |   |   |   |--- feature_13 <= 11.63
|   |   |   |   |   |   |   |--- feature_14 <= 42.62
|   |   |   |   |   |   |   |   |--- class: negative
|   |   |   |   |   |   |   |--- feature_14 >  42.62
|   |   |   |   |   |   |   |   |--- feature_11 <= 15.45
|   |   |   |   |   |   |   |   |   |--- class: negative
|   |   |   |   |   |   |   |   |--- feature_11 >  15.45
|   |   |   |   |   |   |   |   |   |--- feature_1 <= 12273.50
|   |   |   |   |   |   |   |   |   |   |--- feature_7 <= 41146338.00
|   |   |   |   |   |   |   |   |   |   |   |--- truncated branch of depth 2
|   |   |   |   |   |   |   |   |   |   |--- feature_7 >  41146338.00
|   |   |   |   |   |   |   |   |   |   |   |--- class: positive
|   |   |   |   |   |   |   |   |   |--- feature_1 >  12273.50
|   |   |   |   |   |   |   |   |   |   |--- class: negative
|   |   |   |   |   |   |--- feature_13 >  11.63
|   |   |   |   |   |   |   |--- class: negative
|   |   |   |   |--- feature_8 >  96158944.00
|   |   |   |   |   |--- feature_16 <= 1.50
|   |   |   |   |   |   |--- class: positive
|   |   |   |   |   |--- feature_16 >  1.50
|   |   |   |   |   |   |--- feature_18 <= 23.50
|   |   |   |   |   |   |   |--- feature_12 <= 12.48
|   |   |   |   |   |   |   |   |--- class: positive
|   |   |   |   |   |   |   |--- feature_12 >  12.48
|   |   |   |   |   |   |   |   |--- class: negative
|   |   |   |   |   |   |--- feature_18 >  23.50
|   |   |   |   |   |   |   |--- feature_7 <= 42311534.00
|   |   |   |   |   |   |   |   |--- feature_1 <= 7170.00
|   |   |   |   |   |   |   |   |   |--- feature_9 <= 22.50
|   |   |   |   |   |   |   |   |   |   |--- feature_14 <= 27.45
|   |   |   |   |   |   |   |   |   |   |   |--- truncated branch of depth 4
|   |   |   |   |   |   |   |   |   |   |--- feature_14 >  27.45
|   |   |   |   |   |   |   |   |   |   |   |--- class: negative
|   |   |   |   |   |   |   |   |   |--- feature_9 >  22.50
|   |   |   |   |   |   |   |   |   |   |--- feature_7 <= 42205900.00
|   |   |   |   |   |   |   |   |   |   |   |--- truncated branch of depth 3
|   |   |   |   |   |   |   |   |   |   |--- feature_7 >  42205900.00
|   |   |   |   |   |   |   |   |   |   |   |--- truncated branch of depth 2
|   |   |   |   |   |   |   |   |--- feature_1 >  7170.00
|   |   |   |   |   |   |   |   |   |--- feature_12 <= 12.95
|   |   |   |   |   |   |   |   |   |   |--- class: positive
|   |   |   |   |   |   |   |   |   |--- feature_12 >  12.95
|   |   |   |   |   |   |   |   |   |   |--- class: negative
|   |   |   |   |   |   |   |--- feature_7 >  42311534.00
|   |   |   |   |   |   |   |   |--- feature_7 <= 42320710.00
|   |   |   |   |   |   |   |   |   |--- feature_0 <= 1972.50
|   |   |   |   |   |   |   |   |   |   |--- class: positive
|   |   |   |   |   |   |   |   |   |--- feature_0 >  1972.50
|   |   |   |   |   |   |   |   |   |   |--- class: negative
|   |   |   |   |   |   |   |   |--- feature_7 >  42320710.00
|   |   |   |   |   |   |   |   |   |--- feature_0 <= 1971.50
|   |   |   |   |   |   |   |   |   |   |--- feature_14 <= 31.14
|   |   |   |   |   |   |   |   |   |   |   |--- class: positive
|   |   |   |   |   |   |   |   |   |   |--- feature_14 >  31.14
|   |   |   |   |   |   |   |   |   |   |   |--- class: negative
|   |   |   |   |   |   |   |   |   |--- feature_0 >  1971.50
|   |   |   |   |   |   |   |   |   |   |--- class: negative
|   |   |--- feature_0 >  1981.50
|   |   |   |--- feature_20 <= 1.50
|   |   |   |   |--- feature_4 <= 4.50
|   |   |   |   |   |--- feature_13 <= 8.48
|   |   |   |   |   |   |--- feature_1 <= 55.00
|   |   |   |   |   |   |   |--- class: negative
|   |   |   |   |   |   |--- feature_1 >  55.00
|   |   |   |   |   |   |   |--- class: positive
|   |   |   |   |   |--- feature_13 >  8.48
|   |   |   |   |   |   |--- feature_1 <= 569.50
|   |   |   |   |   |   |   |--- feature_16 <= 1.50
|   |   |   |   |   |   |   |   |--- class: positive
|   |   |   |   |   |   |   |--- feature_16 >  1.50
|   |   |   |   |   |   |   |   |--- class: negative
|   |   |   |   |   |   |--- feature_1 >  569.50
|   |   |   |   |   |   |   |--- feature_14 <= 72.15
|   |   |   |   |   |   |   |   |--- class: positive
|   |   |   |   |   |   |   |--- feature_14 >  72.15
|   |   |   |   |   |   |   |   |--- class: negative
|   |   |   |   |--- feature_4 >  4.50
|   |   |   |   |   |--- feature_0 <= 1988.50
|   |   |   |   |   |   |--- feature_7 <= 42109370.00
|   |   |   |   |   |   |   |--- feature_8 <= 96526200.00
|   |   |   |   |   |   |   |   |--- feature_8 <= 96469732.00
|   |   |   |   |   |   |   |   |   |--- class: negative
|   |   |   |   |   |   |   |   |--- feature_8 >  96469732.00
|   |   |   |   |   |   |   |   |   |--- class: positive
|   |   |   |   |   |   |   |--- feature_8 >  96526200.00
|   |   |   |   |   |   |   |   |--- class: negative
|   |   |   |   |   |   |--- feature_7 >  42109370.00
|   |   |   |   |   |   |   |--- feature_11 <= 11.06
|   |   |   |   |   |   |   |   |--- class: negative
|   |   |   |   |   |   |   |--- feature_11 >  11.06
|   |   |   |   |   |   |   |   |--- class: positive
|   |   |   |   |   |--- feature_0 >  1988.50
|   |   |   |   |   |   |--- feature_7 <= 41551500.00
|   |   |   |   |   |   |   |--- class: negative
|   |   |   |   |   |   |--- feature_7 >  41551500.00
|   |   |   |   |   |   |   |--- feature_9 <= 27.00
|   |   |   |   |   |   |   |   |--- feature_7 <= 41557100.00
|   |   |   |   |   |   |   |   |   |--- feature_12 <= 30.05
|   |   |   |   |   |   |   |   |   |   |--- class: negative
|   |   |   |   |   |   |   |   |   |--- feature_12 >  30.05
|   |   |   |   |   |   |   |   |   |   |--- class: positive
|   |   |   |   |   |   |   |   |--- feature_7 >  41557100.00
|   |   |   |   |   |   |   |   |   |--- class: negative
|   |   |   |   |   |   |   |--- feature_9 >  27.00
|   |   |   |   |   |   |   |   |--- feature_8 <= 97062208.00
|   |   |   |   |   |   |   |   |   |--- feature_11 <= 11.48
|   |   |   |   |   |   |   |   |   |   |--- class: negative
|   |   |   |   |   |   |   |   |   |--- feature_11 >  11.48
|   |   |   |   |   |   |   |   |   |   |--- class: positive
|   |   |   |   |   |   |   |   |--- feature_8 >  97062208.00
|   |   |   |   |   |   |   |   |   |--- class: negative
|   |   |   |--- feature_20 >  1.50
|   |   |   |   |--- feature_18 <= 18.00
|   |   |   |   |   |--- feature_4 <= 2.00
|   |   |   |   |   |   |--- class: positive
|   |   |   |   |   |--- feature_4 >  2.00
|   |   |   |   |   |   |--- class: negative
|   |   |   |   |--- feature_18 >  18.00
|   |   |   |   |   |--- feature_16 <= 3.00
|   |   |   |   |   |   |--- feature_7 <= 42471500.00
|   |   |   |   |   |   |   |--- feature_0 <= 1983.50
|   |   |   |   |   |   |   |   |--- feature_12 <= 27.85
|   |   |   |   |   |   |   |   |   |--- class: negative
|   |   |   |   |   |   |   |   |--- feature_12 >  27.85
|   |   |   |   |   |   |   |   |   |--- feature_12 <= 30.20
|   |   |   |   |   |   |   |   |   |   |--- feature_14 <= 52.20
|   |   |   |   |   |   |   |   |   |   |   |--- truncated branch of depth 2
|   |   |   |   |   |   |   |   |   |   |--- feature_14 >  52.20
|   |   |   |   |   |   |   |   |   |   |   |--- class: negative
|   |   |   |   |   |   |   |   |   |--- feature_12 >  30.20
|   |   |   |   |   |   |   |   |   |   |--- class: negative
|   |   |   |   |   |   |   |--- feature_0 >  1983.50
|   |   |   |   |   |   |   |   |--- class: negative
|   |   |   |   |   |   |--- feature_7 >  42471500.00
|   |   |   |   |   |   |   |--- feature_7 <= 42472700.00
|   |   |   |   |   |   |   |   |--- class: positive
|   |   |   |   |   |   |   |--- feature_7 >  42472700.00
|   |   |   |   |   |   |   |   |--- class: negative
|   |   |   |   |   |--- feature_16 >  3.00
|   |   |   |   |   |   |--- feature_13 <= 13.60
|   |   |   |   |   |   |   |--- class: positive
|   |   |   |   |   |   |--- feature_13 >  13.60
|   |   |   |   |   |   |   |--- class: negative
|   |--- feature_19 >  1.00
|   |   |--- feature_0 <= 1983.50
|   |   |   |--- feature_19 <= 8.99
|   |   |   |   |--- feature_1 <= 30.50
|   |   |   |   |   |--- feature_7 <= 42119280.00
|   |   |   |   |   |   |--- feature_4 <= 0.50
|   |   |   |   |   |   |   |--- feature_11 <= 18.02
|   |   |   |   |   |   |   |   |--- class: negative
|   |   |   |   |   |   |   |--- feature_11 >  18.02
|   |   |   |   |   |   |   |   |--- class: positive
|   |   |   |   |   |   |--- feature_4 >  0.50
|   |   |   |   |   |   |   |--- feature_13 <= 7.47
|   |   |   |   |   |   |   |   |--- feature_10 <= 2.50
|   |   |   |   |   |   |   |   |   |--- class: positive
|   |   |   |   |   |   |   |   |--- feature_10 >  2.50
|   |   |   |   |   |   |   |   |   |--- class: negative
|   |   |   |   |   |   |   |--- feature_13 >  7.47
|   |   |   |   |   |   |   |   |--- class: negative
|   |   |   |   |   |--- feature_7 >  42119280.00
|   |   |   |   |   |   |--- feature_8 <= 99317272.00
|   |   |   |   |   |   |   |--- feature_13 <= 5.24
|   |   |   |   |   |   |   |   |--- class: negative
|   |   |   |   |   |   |   |--- feature_13 >  5.24
|   |   |   |   |   |   |   |   |--- class: positive
|   |   |   |   |   |   |--- feature_8 >  99317272.00
|   |   |   |   |   |   |   |--- class: negative
|   |   |   |   |--- feature_1 >  30.50
|   |   |   |   |   |--- feature_3 <= 4.50
|   |   |   |   |   |   |--- feature_12 <= 7.75
|   |   |   |   |   |   |   |--- class: negative
|   |   |   |   |   |   |--- feature_12 >  7.75
|   |   |   |   |   |   |   |--- feature_3 <= 1.50
|   |   |   |   |   |   |   |   |--- feature_14 <= 23.40
|   |   |   |   |   |   |   |   |   |--- feature_11 <= 8.22
|   |   |   |   |   |   |   |   |   |   |--- class: positive
|   |   |   |   |   |   |   |   |   |--- feature_11 >  8.22
|   |   |   |   |   |   |   |   |   |   |--- class: negative
|   |   |   |   |   |   |   |   |--- feature_14 >  23.40
|   |   |   |   |   |   |   |   |   |--- class: negative
|   |   |   |   |   |   |   |--- feature_3 >  1.50
|   |   |   |   |   |   |   |   |--- feature_13 <= 5.92
|   |   |   |   |   |   |   |   |   |--- class: negative
|   |   |   |   |   |   |   |   |--- feature_13 >  5.92
|   |   |   |   |   |   |   |   |   |--- feature_1 <= 12260.00
|   |   |   |   |   |   |   |   |   |   |--- feature_7 <= 42474888.00
|   |   |   |   |   |   |   |   |   |   |   |--- truncated branch of depth 5
|   |   |   |   |   |   |   |   |   |   |--- feature_7 >  42474888.00
|   |   |   |   |   |   |   |   |   |   |   |--- class: negative
|   |   |   |   |   |   |   |   |   |--- feature_1 >  12260.00
|   |   |   |   |   |   |   |   |   |   |--- class: negative
|   |   |   |   |   |--- feature_3 >  4.50
|   |   |   |   |   |   |--- feature_7 <= 41293200.00
|   |   |   |   |   |   |   |--- feature_18 <= 23.00
|   |   |   |   |   |   |   |   |--- class: positive
|   |   |   |   |   |   |   |--- feature_18 >  23.00
|   |   |   |   |   |   |   |   |--- feature_1 <= 34.00
|   |   |   |   |   |   |   |   |   |--- class: positive
|   |   |   |   |   |   |   |   |--- feature_1 >  34.00
|   |   |   |   |   |   |   |   |   |--- feature_20 <= 1.50
|   |   |   |   |   |   |   |   |   |   |--- class: positive
|   |   |   |   |   |   |   |   |   |--- feature_20 >  1.50
|   |   |   |   |   |   |   |   |   |   |--- feature_20 <= 4.50
|   |   |   |   |   |   |   |   |   |   |   |--- truncated branch of depth 3
|   |   |   |   |   |   |   |   |   |   |--- feature_20 >  4.50
|   |   |   |   |   |   |   |   |   |   |   |--- truncated branch of depth 2
|   |   |   |   |   |   |--- feature_7 >  41293200.00
|   |   |   |   |   |   |   |--- feature_8 <= 99637276.00
|   |   |   |   |   |   |   |   |--- feature_14 <= 5.37
|   |   |   |   |   |   |   |   |   |--- class: negative
|   |   |   |   |   |   |   |   |--- feature_14 >  5.37
|   |   |   |   |   |   |   |   |   |--- class: positive
|   |   |   |   |   |   |   |--- feature_8 >  99637276.00
|   |   |   |   |   |   |   |   |--- class: negative
|   |   |   |--- feature_19 >  8.99
|   |   |   |   |--- feature_13 <= 6.30
|   |   |   |   |   |--- feature_1 <= 39.00
|   |   |   |   |   |   |--- class: negative
|   |   |   |   |   |--- feature_1 >  39.00
|   |   |   |   |   |   |--- class: positive
|   |   |   |   |--- feature_13 >  6.30
|   |   |   |   |   |--- feature_1 <= 18.00
|   |   |   |   |   |   |--- feature_15 <= 6.50
|   |   |   |   |   |   |   |--- feature_11 <= 20.85
|   |   |   |   |   |   |   |   |--- class: positive
|   |   |   |   |   |   |   |--- feature_11 >  20.85
|   |   |   |   |   |   |   |   |--- class: negative
|   |   |   |   |   |   |--- feature_15 >  6.50
|   |   |   |   |   |   |   |--- class: negative
|   |   |   |   |   |--- feature_1 >  18.00
|   |   |   |   |   |   |--- feature_14 <= 17.80
|   |   |   |   |   |   |   |--- feature_15 <= 6.40
|   |   |   |   |   |   |   |   |--- class: positive
|   |   |   |   |   |   |   |--- feature_15 >  6.40
|   |   |   |   |   |   |   |   |--- class: negative
|   |   |   |   |   |   |--- feature_14 >  17.80
|   |   |   |   |   |   |   |--- feature_7 <= 40026500.00
|   |   |   |   |   |   |   |   |--- feature_14 <= 39.60
|   |   |   |   |   |   |   |   |   |--- class: negative
|   |   |   |   |   |   |   |   |--- feature_14 >  39.60
|   |   |   |   |   |   |   |   |   |--- class: positive
|   |   |   |   |   |   |   |--- feature_7 >  40026500.00
|   |   |   |   |   |   |   |   |--- class: negative
|   |   |--- feature_0 >  1983.50
|   |   |   |--- feature_8 <= 96118116.00
|   |   |   |   |--- feature_7 <= 41125654.00
|   |   |   |   |   |--- class: negative
|   |   |   |   |--- feature_7 >  41125654.00
|   |   |   |   |   |--- class: positive
|   |   |   |--- feature_8 >  96118116.00
|   |   |   |   |--- feature_19 <= 1.91
|   |   |   |   |   |--- class: positive
|   |   |   |   |--- feature_19 >  1.91
|   |   |   |   |   |--- feature_13 <= 8.48
|   |   |   |   |   |   |--- feature_1 <= 62.50
|   |   |   |   |   |   |   |--- feature_13 <= 8.41
|   |   |   |   |   |   |   |   |--- feature_7 <= 42403324.00
|   |   |   |   |   |   |   |   |   |--- feature_14 <= 8.42
|   |   |   |   |   |   |   |   |   |   |--- feature_4 <= 0.50
|   |   |   |   |   |   |   |   |   |   |   |--- class: negative
|   |   |   |   |   |   |   |   |   |   |--- feature_4 >  0.50
|   |   |   |   |   |   |   |   |   |   |   |--- class: positive
|   |   |   |   |   |   |   |   |   |--- feature_14 >  8.42
|   |   |   |   |   |   |   |   |   |   |--- feature_20 <= 2.50
|   |   |   |   |   |   |   |   |   |   |   |--- truncated branch of depth 3
|   |   |   |   |   |   |   |   |   |   |--- feature_20 >  2.50
|   |   |   |   |   |   |   |   |   |   |   |--- truncated branch of depth 3
|   |   |   |   |   |   |   |   |--- feature_7 >  42403324.00
|   |   |   |   |   |   |   |   |   |--- feature_11 <= 8.82
|   |   |   |   |   |   |   |   |   |   |--- feature_8 <= 98307400.00
|   |   |   |   |   |   |   |   |   |   |   |--- class: positive
|   |   |   |   |   |   |   |   |   |   |--- feature_8 >  98307400.00
|   |   |   |   |   |   |   |   |   |   |   |--- class: negative
|   |   |   |   |   |   |   |   |   |--- feature_11 >  8.82
|   |   |   |   |   |   |   |   |   |   |--- class: positive
|   |   |   |   |   |   |   |--- feature_13 >  8.41
|   |   |   |   |   |   |   |   |--- class: positive
|   |   |   |   |   |   |--- feature_1 >  62.50
|   |   |   |   |   |   |   |--- feature_12 <= 10.51
|   |   |   |   |   |   |   |   |--- feature_8 <= 101046800.00
|   |   |   |   |   |   |   |   |   |--- class: negative
|   |   |   |   |   |   |   |   |--- feature_8 >  101046800.00
|   |   |   |   |   |   |   |   |   |--- class: positive
|   |   |   |   |   |   |   |--- feature_12 >  10.51
|   |   |   |   |   |   |   |   |--- feature_15 <= 6.03
|   |   |   |   |   |   |   |   |   |--- class: negative
|   |   |   |   |   |   |   |   |--- feature_15 >  6.03
|   |   |   |   |   |   |   |   |   |--- feature_19 <= 6.45
|   |   |   |   |   |   |   |   |   |   |--- class: positive
|   |   |   |   |   |   |   |   |   |--- feature_19 >  6.45
|   |   |   |   |   |   |   |   |   |   |--- class: negative
|   |   |   |   |   |--- feature_13 >  8.48
|   |   |   |   |   |   |--- feature_14 <= 20.25
|   |   |   |   |   |   |   |--- class: positive
|   |   |   |   |   |   |--- feature_14 >  20.25
|   |   |   |   |   |   |   |--- feature_1 <= 131.00
|   |   |   |   |   |   |   |   |--- class: negative
|   |   |   |   |   |   |   |--- feature_1 >  131.00
|   |   |   |   |   |   |   |   |--- feature_14 <= 71.61
|   |   |   |   |   |   |   |   |   |--- class: negative
|   |   |   |   |   |   |   |   |--- feature_14 >  71.61
|   |   |   |   |   |   |   |   |   |--- feature_8 <= 98836200.00
|   |   |   |   |   |   |   |   |   |   |--- class: negative
|   |   |   |   |   |   |   |   |   |--- feature_8 >  98836200.00
|   |   |   |   |   |   |   |   |   |   |--- class: positive
