|--- feature_3 <= 0.67
|   |--- feature_17 <= 0.31
|   |   |--- feature_10 <= 1.00
|   |   |   |--- feature_12 <= 0.00
|   |   |   |   |--- feature_2 <= 0.67
|   |   |   |   |   |--- class: Good
|   |   |   |   |--- feature_2 >  0.67
|   |   |   |   |   |--- feature_2 <= 0.77
|   |   |   |   |   |   |--- class: Bad
|   |   |   |   |   |--- feature_2 >  0.77
|   |   |   |   |   |   |--- feature_4 <= 0.00
|   |   |   |   |   |   |   |--- class: Good
|   |   |   |   |   |   |--- feature_4 >  0.00
|   |   |   |   |   |   |   |--- feature_10 <= 0.91
|   |   |   |   |   |   |   |   |--- class: Good
|   |   |   |   |   |   |   |--- feature_10 >  0.91
|   |   |   |   |   |   |   |   |--- class: Bad
|   |   |   |--- feature_12 >  0.00
|   |   |   |   |--- feature_4 <= 0.00
|   |   |   |   |   |--- feature_3 <= 0.66
|   |   |   |   |   |   |--- feature_2 <= 0.61
|   |   |   |   |   |   |   |--- class: Good
|   |   |   |   |   |   |--- feature_2 >  0.61
|   |   |   |   |   |   |   |--- feature_11 <= 0.91
|   |   |   |   |   |   |   |   |--- class: Good
|   |   |   |   |   |   |   |--- feature_11 >  0.91
|   |   |   |   |   |   |   |   |--- feature_4 <= 0.00
|   |   |   |   |   |   |   |   |   |--- class: Good
|   |   |   |   |   |   |   |   |--- feature_4 >  0.00
|   |   |   |   |   |   |   |   |   |--- feature_11 <= 0.95
|   |   |   |   |   |   |   |   |   |   |--- feature_5 <= 0.31
|   |   |   |   |   |   |   |   |   |   |   |--- truncated branch of depth 3
|   |   |   |   |   |   |   |   |   |   |--- feature_5 >  0.31
|   |   |   |   |   |   |   |   |   |   |   |--- class: Good
|   |   |   |   |   |   |   |   |   |--- feature_11 >  0.95
|   |   |   |   |   |   |   |   |   |   |--- class: Good
|   |   |   |   |   |--- feature_3 >  0.66
|   |   |   |   |   |   |--- class: Good
|   |   |   |   |--- feature_4 >  0.00
|   |   |   |   |   |--- class: Good
|   |   |--- feature_10 >  1.00
|   |   |   |--- feature_3 <= 0.56
|   |   |   |   |--- class: Good
|   |   |   |--- feature_3 >  0.56
|   |   |   |   |--- feature_0 <= 0.77
|   |   |   |   |   |--- class: Bad
|   |   |   |   |--- feature_0 >  0.77
|   |   |   |   |   |--- class: Good
|   |--- feature_17 >  0.31
|   |   |--- feature_3 <= 0.39
|   |   |   |--- feature_14 <= 0.03
|   |   |   |   |--- class: Bad
|   |   |   |--- feature_14 >  0.03
|   |   |   |   |--- class: Good
|   |   |--- feature_3 >  0.39
|   |   |   |--- feature_18 <= 0.53
|   |   |   |   |--- feature_18 <= 0.48
|   |   |   |   |   |--- class: Good
|   |   |   |   |--- feature_18 >  0.48
|   |   |   |   |   |--- class: Bad
|   |   |   |--- feature_18 >  0.53
|   |   |   |   |--- class: Good
|--- feature_3 >  0.67
|   |--- feature_11 <= 0.94
|   |   |--- feature_14 <= 0.06
|   |   |   |--- feature_11 <= 0.93
|   |   |   |   |--- class: Good
|   |   |   |--- feature_11 >  0.93
|   |   |   |   |--- feature_15 <= 0.01
|   |   |   |   |   |--- class: Good
|   |   |   |   |--- feature_15 >  0.01
|   |   |   |   |   |--- feature_2 <= 0.79
|   |   |   |   |   |   |--- class: Good
|   |   |   |   |   |--- feature_2 >  0.79
|   |   |   |   |   |   |--- class: Bad
|   |   |--- feature_14 >  0.06
|   |   |   |--- feature_12 <= 0.08
|   |   |   |   |--- feature_4 <= 0.03
|   |   |   |   |   |--- class: Bad
|   |   |   |   |--- feature_4 >  0.03
|   |   |   |   |   |--- class: Good
|   |   |   |--- feature_12 >  0.08
|   |   |   |   |--- class: Good
|   |--- feature_11 >  0.94
|   |   |--- feature_11 <= 0.95
|   |   |   |--- feature_10 <= 0.95
|   |   |   |   |--- feature_16 <= 0.10
|   |   |   |   |   |--- feature_3 <= 0.76
|   |   |   |   |   |   |--- class: Bad
|   |   |   |   |   |--- feature_3 >  0.76
|   |   |   |   |   |   |--- class: Good
|   |   |   |   |--- feature_16 >  0.10
|   |   |   |   |   |--- feature_4 <= 0.00
|   |   |   |   |   |   |--- class: Good
|   |   |   |   |   |--- feature_4 >  0.00
|   |   |   |   |   |   |--- feature_14 <= 0.02
|   |   |   |   |   |   |   |--- class: Good
|   |   |   |   |   |   |--- feature_14 >  0.02
|   |   |   |   |   |   |   |--- class: Bad
|   |   |   |--- feature_10 >  0.95
|   |   |   |   |--- feature_17 <= 1.00
|   |   |   |   |   |--- feature_14 <= 0.07
|   |   |   |   |   |   |--- feature_0 <= 1.00
|   |   |   |   |   |   |   |--- feature_15 <= 0.00
|   |   |   |   |   |   |   |   |--- feature_1 <= 0.52
|   |   |   |   |   |   |   |   |   |--- class: Bad
|   |   |   |   |   |   |   |   |--- feature_1 >  0.52
|   |   |   |   |   |   |   |   |   |--- class: Good
|   |   |   |   |   |   |   |--- feature_15 >  0.00
|   |   |   |   |   |   |   |   |--- feature_2 <= 0.56
|   |   |   |   |   |   |   |   |   |--- class: Good
|   |   |   |   |   |   |   |   |--- feature_2 >  0.56
|   |   |   |   |   |   |   |   |   |--- feature_16 <= 0.24
|   |   |   |   |   |   |   |   |   |   |--- feature_23 <= 1.50
|   |   |   |   |   |   |   |   |   |   |   |--- class: Good
|   |   |   |   |   |   |   |   |   |   |--- feature_23 >  1.50
|   |   |   |   |   |   |   |   |   |   |   |--- truncated branch of depth 4
|   |   |   |   |   |   |   |   |   |--- feature_16 >  0.24
|   |   |   |   |   |   |   |   |   |   |--- class: Good
|   |   |   |   |   |   |--- feature_0 >  1.00
|   |   |   |   |   |   |   |--- feature_1 <= 0.97
|   |   |   |   |   |   |   |   |--- class: Good
|   |   |   |   |   |   |   |--- feature_1 >  0.97
|   |   |   |   |   |   |   |   |--- class: Bad
|   |   |   |   |   |--- feature_14 >  0.07
|   |   |   |   |   |   |--- class: Good
|   |   |   |   |--- feature_17 >  1.00
|   |   |   |   |   |--- feature_4 <= 0.00
|   |   |   |   |   |   |--- class: Good
|   |   |   |   |   |--- feature_4 >  0.00
|   |   |   |   |   |   |--- class: Bad
|   |   |--- feature_11 >  0.95
|   |   |   |--- class: Good
